#
# There is insufficient memory for the Java Runtime Environment to continue.
# Native memory allocation (malloc) failed to allocate 1048576 bytes for AllocateHeap
# Possible reasons:
#   The system is out of physical RAM or swap space
#   The process is running with CompressedOops enabled, and the Java Heap may be blocking the growth of the native heap
# Possible solutions:
#   Reduce memory load on the system
#   Increase physical memory or swap space
#   Check if swap backing store is full
#   Decrease Java heap size (-Xmx/-Xms)
#   Decrease number of Java threads
#   Decrease Java thread stack sizes (-Xss)
#   Set larger code cache with -XX:ReservedCodeCacheSize=
#   JVM is running with Unscaled Compressed Oops mode in which the Java heap is
#     placed in the first 4GB address space. The Java Heap base address is the
#     maximum limit for the native heap growth. Please use -XX:HeapBaseMinAddress
#     to set the Java Heap base and to place the Java Heap above 4GB virtual address.
# This output file may be truncated or incomplete.
#
#  Out of Memory Error (allocation.cpp:44), pid=39408, tid=28572
#
# JRE version: OpenJDK Runtime Environment Temurin-17.0.7+7 (17.0.7+7) (build 17.0.7+7)
# Java VM: OpenJDK 64-Bit Server VM Temurin-17.0.7+7 (17.0.7+7, mixed mode, emulated-client, tiered, compressed oops, compressed class ptrs, g1 gc, windows-amd64)
# No core dump will be written. Minidumps are not enabled by default on client versions of Windows
#

---------------  S U M M A R Y ------------

Command Line: -XX:+HeapDumpOnOutOfMemoryError -Xmx1024m -Dsts.lsp.client=vscode -Dsts.log.file=/dev/null -XX:TieredStopAtLevel=1 -Xlog:jni+resolve=off -Dspring.config.location=file:c:\Users\Administrator\.vscode\extensions\vmware.vscode-spring-boot-1.47.0\language-server\BOOT-INF\classes\application.properties org.springframework.ide.vscode.boot.app.BootLanguageServerBootApp

Host: Intel(R) Core(TM) i5-9400F CPU @ 2.90GHz, 6 cores, 31G,  Windows 10 , 64 bit Build 19041 (10.0.19041.3031)
Time: Wed Jun 28 18:41:51 2023  Windows 10 , 64 bit Build 19041 (10.0.19041.3031) elapsed time: 26467.732956 seconds (0d 7h 21m 7s)

---------------  T H R E A D  ---------------

Current thread (0x0000025fcb727260):  VMThread "VM Thread" [stack: 0x000000be35000000,0x000000be35100000] [id=28572]

Stack: [0x000000be35000000,0x000000be35100000]
Native frames: (J=compiled Java code, j=interpreted, Vv=VM code, C=native code)
V  [jvm.dll+0x67754a]
V  [jvm.dll+0x834304]
V  [jvm.dll+0x835aae]
V  [jvm.dll+0x836113]
V  [jvm.dll+0x24696f]
V  [jvm.dll+0xa681f]
V  [jvm.dll+0x2f73f3]
V  [jvm.dll+0x2f30f0]
V  [jvm.dll+0x2db6c7]
V  [jvm.dll+0x31e777]
V  [jvm.dll+0x83a5bb]
V  [jvm.dll+0x83b2f4]
V  [jvm.dll+0x83b80c]
V  [jvm.dll+0x83bbe4]
V  [jvm.dll+0x83bcb0]
V  [jvm.dll+0x7e4e7a]
V  [jvm.dll+0x676395]
C  [ucrtbase.dll+0x21bb2]
C  [KERNEL32.DLL+0x17614]
C  [ntdll.dll+0x526f1]

VM_Operation (0x000000be363fe930): G1CollectFull, mode: safepoint, requested by thread 0x0000025fd1372d20


---------------  P R O C E S S  ---------------

Threads class SMR info:
_java_thread_list=0x0000025fdb6772b0, length=27, elements={
0x0000025fcb73f740, 0x0000025fcb7412d0, 0x0000025fcb774810, 0x0000025fcb7750d0,
0x0000025fcb775990, 0x0000025fcb74ff20, 0x0000025fcb7507e0, 0x0000025fcb7510e0,
0x0000025fcb9901f0, 0x0000025fcb9a8490, 0x0000025fd068dc70, 0x0000025fd1345030,
0x0000025fd1372d20, 0x0000025fd12b9860, 0x0000025fbec8ea80, 0x0000025fd13ee830,
0x0000025fd13f8d30, 0x0000025fd0840090, 0x0000025fd0841d70, 0x0000025fd0840560,
0x0000025fd147f3c0, 0x0000025fd0843580, 0x0000025fd0843a50, 0x0000025fd147ea20,
0x0000025fd1bf7d10, 0x0000025fd1bf81e0, 0x0000025fdb3c0e30
}

Java Threads: ( => current thread )
  0x0000025fcb73f740 JavaThread "Reference Handler" daemon [_thread_blocked, id=46632, stack(0x000000be35100000,0x000000be35200000)]
  0x0000025fcb7412d0 JavaThread "Finalizer" daemon [_thread_blocked, id=11324, stack(0x000000be35200000,0x000000be35300000)]
  0x0000025fcb774810 JavaThread "Signal Dispatcher" daemon [_thread_blocked, id=4612, stack(0x000000be35300000,0x000000be35400000)]
  0x0000025fcb7750d0 JavaThread "Attach Listener" daemon [_thread_blocked, id=17748, stack(0x000000be35400000,0x000000be35500000)]
  0x0000025fcb775990 JavaThread "Service Thread" daemon [_thread_blocked, id=35188, stack(0x000000be35500000,0x000000be35600000)]
  0x0000025fcb74ff20 JavaThread "Monitor Deflation Thread" daemon [_thread_blocked, id=10412, stack(0x000000be35600000,0x000000be35700000)]
  0x0000025fcb7507e0 JavaThread "C1 CompilerThread0" daemon [_thread_blocked, id=40312, stack(0x000000be35700000,0x000000be35800000)]
  0x0000025fcb7510e0 JavaThread "Sweeper thread" daemon [_thread_blocked, id=20380, stack(0x000000be35800000,0x000000be35900000)]
  0x0000025fcb9901f0 JavaThread "Notification Thread" daemon [_thread_blocked, id=22140, stack(0x000000be35a00000,0x000000be35b00000)]
  0x0000025fcb9a8490 JavaThread "Common-Cleaner" daemon [_thread_blocked, id=14796, stack(0x000000be35c00000,0x000000be35d00000)]
  0x0000025fd068dc70 JavaThread "boundedElastic-evictor-1" daemon [_thread_blocked, id=11344, stack(0x000000be35900000,0x000000be35a00000)]
  0x0000025fd1345030 JavaThread "boundedElastic-evictor-2" daemon [_thread_blocked, id=32212, stack(0x000000be36200000,0x000000be36300000)]
  0x0000025fd1372d20 JavaThread "pool-10-thread-1" [_thread_blocked, id=49696, stack(0x000000be36300000,0x000000be36400000)]
  0x0000025fd12b9860 JavaThread "LanguageServerApp-lifecycle" [_thread_blocked, id=26244, stack(0x000000be36500000,0x000000be36600000)]
  0x0000025fbec8ea80 JavaThread "DestroyJavaVM" [_thread_blocked, id=40360, stack(0x000000be34a00000,0x000000be34b00000)]
  0x0000025fd13ee830 JavaThread "pool-11-thread-1" [_thread_in_native, id=38040, stack(0x000000be36600000,0x000000be36700000)]
  0x0000025fd13f8d30 JavaThread "Simple-Language-Server main thread" daemon [_thread_blocked, id=19008, stack(0x000000be36700000,0x000000be36800000)]
  0x0000025fd0840090 JavaThread "parallel-1" daemon [_thread_blocked, id=21532, stack(0x000000be37b00000,0x000000be37c00000)]
  0x0000025fd0841d70 JavaThread "pool-4-thread-1" [_thread_blocked, id=28136, stack(0x000000be37c00000,0x000000be37d00000)]
  0x0000025fd0840560 JavaThread "parallel-2" daemon [_thread_blocked, id=48776, stack(0x000000be37d00000,0x000000be37e00000)]
  0x0000025fd147f3c0 JavaThread "parallel-3" daemon [_thread_blocked, id=19840, stack(0x000000be37000000,0x000000be37100000)]
  0x0000025fd0843580 JavaThread "parallel-4" daemon [_thread_blocked, id=35228, stack(0x000000be36800000,0x000000be36900000)]
  0x0000025fd0843a50 JavaThread "parallel-5" daemon [_thread_blocked, id=8032, stack(0x000000be36900000,0x000000be36a00000)]
  0x0000025fd147ea20 JavaThread "parallel-6" daemon [_thread_blocked, id=26000, stack(0x000000be36a00000,0x000000be36b00000)]
  0x0000025fd1bf7d10 JavaThread "pool-6-thread-1" [_thread_blocked, id=46488, stack(0x000000be34800000,0x000000be34900000)]
  0x0000025fd1bf81e0 JavaThread "Reconciler-1" daemon [_thread_blocked, id=17944, stack(0x000000be36b00000,0x000000be36c00000)]
  0x0000025fdb3c0e30 JavaThread "pool-3-thread-105" [_thread_blocked, id=26432, stack(0x000000be34900000,0x000000be34a00000)]

Other Threads:
=>0x0000025fcb727260 VMThread "VM Thread" [stack: 0x000000be35000000,0x000000be35100000] [id=28572]
  0x0000025fcb710e80 WatcherThread [stack: 0x000000be35b00000,0x000000be35c00000] [id=21304]
  0x0000025fbed09040 GCTaskThread "GC Thread#0" [stack: 0x000000be34b00000,0x000000be34c00000] [id=49756]
  0x0000025fd09ac440 GCTaskThread "GC Thread#1" [stack: 0x000000be35d00000,0x000000be35e00000] [id=50964]
  0x0000025fd09b78d0 GCTaskThread "GC Thread#2" [stack: 0x000000be35e00000,0x000000be35f00000] [id=27188]
  0x0000025fd09b7b80 GCTaskThread "GC Thread#3" [stack: 0x000000be35f00000,0x000000be36000000] [id=14908]
  0x0000025fd09b7e30 GCTaskThread "GC Thread#4" [stack: 0x000000be36000000,0x000000be36100000] [id=47708]
  0x0000025fd09b80e0 GCTaskThread "GC Thread#5" [stack: 0x000000be36100000,0x000000be36200000] [id=41380]
  0x0000025fbed11e90 ConcurrentGCThread "G1 Main Marker" [stack: 0x000000be34c00000,0x000000be34d00000] [id=36340]
  0x0000025fbed127b0 ConcurrentGCThread "G1 Conc#0" [stack: 0x000000be34d00000,0x000000be34e00000] [id=42076]
  0x0000025fd0d7c160 ConcurrentGCThread "G1 Conc#1" [stack: 0x000000be36400000,0x000000be36500000] [id=28468]
  0x0000025fcb58f5e0 ConcurrentGCThread "G1 Refine#0" [stack: 0x000000be34e00000,0x000000be34f00000] [id=49144]
  0x0000025fd1e2f290 ConcurrentGCThread "G1 Refine#1" [stack: 0x000000be37e00000,0x000000be37f00000] [id=19332]
  0x0000025fd22be840 ConcurrentGCThread "G1 Refine#2" [stack: 0x000000be37f00000,0x000000be38000000] [id=6568]
  0x0000025fd22beb20 ConcurrentGCThread "G1 Refine#3" [stack: 0x000000be38000000,0x000000be38100000] [id=38076]
  0x0000025fcb963a30 ConcurrentGCThread "G1 Refine#4" [stack: 0x000000be38100000,0x000000be38200000] [id=41788]
  0x0000025fd25c0900 ConcurrentGCThread "G1 Refine#5" [stack: 0x000000be38800000,0x000000be38900000] [id=41848]
  0x0000025fcb58fcb0 ConcurrentGCThread "G1 Service" [stack: 0x000000be34f00000,0x000000be35000000] [id=48256]

Threads with active compile tasks:

VM state: at safepoint (normal execution)

VM Mutex/Monitor currently owned by a thread:  ([mutex/lock_event])
[0x0000025fbebd06a0] Threads_lock - owner thread: 0x0000025fcb727260
[0x0000025fbecbaff0] Heap_lock - owner thread: 0x0000025fd1372d20

Heap address: 0x00000000c0000000, size: 1024 MB, Compressed Oops mode: 32-bit

CDS archive(s) not mapped
Compressed class space mapped at: 0x0000000100000000-0x0000000140000000, reserved size: 1073741824
Narrow klass base: 0x0000000000000000, Narrow klass shift: 3, Narrow klass range: 0x140000000

GC Precious Log:
 CPUs: 6 total, 6 available
 Memory: 32712M
 Large Page Support: Disabled
 NUMA Support: Disabled
 Compressed Oops: Enabled (32-bit)
 Heap Region Size: 1M
 Heap Min Capacity: 8M
 Heap Initial Capacity: 512M
 Heap Max Capacity: 1G
 Pre-touch: Disabled
 Parallel Workers: 6
 Concurrent Workers: 2
 Concurrent Refinement Workers: 6
 Periodic GC: Disabled

Heap:
 garbage-first heap   total 321536K, used 96099K [0x00000000c0000000, 0x0000000100000000)
  region size 1024K, 1 young (1024K), 0 survivors (0K)
 Metaspace       used 77759K, committed 78400K, reserved 1179648K
  class space    used 10704K, committed 10944K, reserved 1048576K

Heap Regions: E=young(eden), S=young(survivor), O=old, HS=humongous(starts), HC=humongous(continues), CS=collection set, F=free, OA=open archive, CA=closed archive, TAMS=top-at-mark-start (previous, next)
|   0|0x00000000c0000000, 0x00000000c0100000, 0x00000000c0100000|100%|HS|  |TAMS 0x00000000c0100000, 0x00000000c0000000| Untracked 
|   1|0x00000000c0100000, 0x00000000c01ffff0, 0x00000000c0200000| 99%| O|  |TAMS 0x00000000c01ffff0, 0x00000000c0100000| Untracked 
|   2|0x00000000c0200000, 0x00000000c02ffff0, 0x00000000c0300000| 99%| O|  |TAMS 0x00000000c02ffff0, 0x00000000c0200000| Untracked 
|   3|0x00000000c0300000, 0x00000000c0400000, 0x00000000c0400000|100%| O|  |TAMS 0x00000000c0400000, 0x00000000c0300000| Untracked 
|   4|0x00000000c0400000, 0x00000000c0500000, 0x00000000c0500000|100%| O|  |TAMS 0x00000000c0500000, 0x00000000c0400000| Untracked 
|   5|0x00000000c0500000, 0x00000000c05fff98, 0x00000000c0600000| 99%| O|  |TAMS 0x00000000c05fff98, 0x00000000c0500000| Untracked 
|   6|0x00000000c0600000, 0x00000000c06ffff0, 0x00000000c0700000| 99%| O|  |TAMS 0x00000000c06ffff0, 0x00000000c0600000| Untracked 
|   7|0x00000000c0700000, 0x00000000c07fffe0, 0x00000000c0800000| 99%| O|  |TAMS 0x00000000c07fffe0, 0x00000000c0700000| Untracked 
|   8|0x00000000c0800000, 0x00000000c0900000, 0x00000000c0900000|100%| O|  |TAMS 0x00000000c0900000, 0x00000000c0800000| Untracked 
|   9|0x00000000c0900000, 0x00000000c0a00000, 0x00000000c0a00000|100%| O|  |TAMS 0x00000000c0a00000, 0x00000000c0900000| Untracked 
|  10|0x00000000c0a00000, 0x00000000c0affff0, 0x00000000c0b00000| 99%| O|  |TAMS 0x00000000c0affff0, 0x00000000c0a00000| Untracked 
|  11|0x00000000c0b00000, 0x00000000c0bfffd8, 0x00000000c0c00000| 99%| O|  |TAMS 0x00000000c0bfffd8, 0x00000000c0b00000| Untracked 
|  12|0x00000000c0c00000, 0x00000000c0cffff0, 0x00000000c0d00000| 99%| O|  |TAMS 0x00000000c0cffff0, 0x00000000c0c00000| Untracked 
|  13|0x00000000c0d00000, 0x00000000c0dff4c0, 0x00000000c0e00000| 99%| O|  |TAMS 0x00000000c0dff4c0, 0x00000000c0d00000| Untracked 
|  14|0x00000000c0e00000, 0x00000000c0effff0, 0x00000000c0f00000| 99%| O|  |TAMS 0x00000000c0effff0, 0x00000000c0e00000| Untracked 
|  15|0x00000000c0f00000, 0x00000000c0fff540, 0x00000000c1000000| 99%| O|  |TAMS 0x00000000c0fff540, 0x00000000c0f00000| Untracked 
|  16|0x00000000c1000000, 0x00000000c10fffd0, 0x00000000c1100000| 99%| O|  |TAMS 0x00000000c10fffd0, 0x00000000c1000000| Untracked 
|  17|0x00000000c1100000, 0x00000000c1200000, 0x00000000c1200000|100%| O|  |TAMS 0x00000000c1200000, 0x00000000c1100000| Untracked 
|  18|0x00000000c1200000, 0x00000000c12fffc0, 0x00000000c1300000| 99%| O|  |TAMS 0x00000000c12fffc0, 0x00000000c1200000| Untracked 
|  19|0x00000000c1300000, 0x00000000c13ffff8, 0x00000000c1400000| 99%| O|  |TAMS 0x00000000c13ffff8, 0x00000000c1300000| Untracked 
|  20|0x00000000c1400000, 0x00000000c1500000, 0x00000000c1500000|100%| O|  |TAMS 0x00000000c1500000, 0x00000000c1400000| Untracked 
|  21|0x00000000c1500000, 0x00000000c15fff98, 0x00000000c1600000| 99%| O|  |TAMS 0x00000000c15fff98, 0x00000000c1500000| Untracked 
|  22|0x00000000c1600000, 0x00000000c16fffd8, 0x00000000c1700000| 99%| O|  |TAMS 0x00000000c16fffd8, 0x00000000c1600000| Untracked 
|  23|0x00000000c1700000, 0x00000000c1800000, 0x00000000c1800000|100%| O|  |TAMS 0x00000000c1800000, 0x00000000c1700000| Untracked 
|  24|0x00000000c1800000, 0x00000000c18ffff8, 0x00000000c1900000| 99%| O|  |TAMS 0x00000000c18ffff8, 0x00000000c1800000| Untracked 
|  25|0x00000000c1900000, 0x00000000c19ff2a0, 0x00000000c1a00000| 99%| O|  |TAMS 0x00000000c19ff2a0, 0x00000000c1900000| Untracked 
|  26|0x00000000c1a00000, 0x00000000c1affff0, 0x00000000c1b00000| 99%| O|  |TAMS 0x00000000c1affff0, 0x00000000c1a00000| Untracked 
|  27|0x00000000c1b00000, 0x00000000c1c00000, 0x00000000c1c00000|100%| O|  |TAMS 0x00000000c1c00000, 0x00000000c1b00000| Untracked 
|  28|0x00000000c1c00000, 0x00000000c1cffff8, 0x00000000c1d00000| 99%| O|  |TAMS 0x00000000c1cffff8, 0x00000000c1c00000| Untracked 
|  29|0x00000000c1d00000, 0x00000000c1e00000, 0x00000000c1e00000|100%| O|  |TAMS 0x00000000c1e00000, 0x00000000c1d00000| Untracked 
|  30|0x00000000c1e00000, 0x00000000c1effff8, 0x00000000c1f00000| 99%| O|  |TAMS 0x00000000c1effff8, 0x00000000c1e00000| Untracked 
|  31|0x00000000c1f00000, 0x00000000c1ffffe8, 0x00000000c2000000| 99%| O|  |TAMS 0x00000000c1ffffe8, 0x00000000c1f00000| Untracked 
|  32|0x00000000c2000000, 0x00000000c2100000, 0x00000000c2100000|100%| O|  |TAMS 0x00000000c2100000, 0x00000000c2000000| Untracked 
|  33|0x00000000c2100000, 0x00000000c2200000, 0x00000000c2200000|100%| O|  |TAMS 0x00000000c2200000, 0x00000000c2100000| Untracked 
|  34|0x00000000c2200000, 0x00000000c22ffff8, 0x00000000c2300000| 99%| O|  |TAMS 0x00000000c22ffff8, 0x00000000c2200000| Untracked 
|  35|0x00000000c2300000, 0x00000000c23ffff8, 0x00000000c2400000| 99%| O|  |TAMS 0x00000000c23ffff8, 0x00000000c2300000| Untracked 
|  36|0x00000000c2400000, 0x00000000c24ffff0, 0x00000000c2500000| 99%| O|  |TAMS 0x00000000c24ffff0, 0x00000000c2400000| Untracked 
|  37|0x00000000c2500000, 0x00000000c25fffe8, 0x00000000c2600000| 99%| O|  |TAMS 0x00000000c25fffe8, 0x00000000c2500000| Untracked 
|  38|0x00000000c2600000, 0x00000000c26ffff0, 0x00000000c2700000| 99%| O|  |TAMS 0x00000000c26ffff0, 0x00000000c2600000| Untracked 
|  39|0x00000000c2700000, 0x00000000c27ffff8, 0x00000000c2800000| 99%| O|  |TAMS 0x00000000c27ffff8, 0x00000000c2700000| Untracked 
|  40|0x00000000c2800000, 0x00000000c28ffff0, 0x00000000c2900000| 99%| O|  |TAMS 0x00000000c28ffff0, 0x00000000c2800000| Untracked 
|  41|0x00000000c2900000, 0x00000000c29ffff0, 0x00000000c2a00000| 99%| O|  |TAMS 0x00000000c29ffff0, 0x00000000c2900000| Untracked 
|  42|0x00000000c2a00000, 0x00000000c2affff0, 0x00000000c2b00000| 99%| O|  |TAMS 0x00000000c2affff0, 0x00000000c2a00000| Untracked 
|  43|0x00000000c2b00000, 0x00000000c2bffff8, 0x00000000c2c00000| 99%| O|  |TAMS 0x00000000c2bffff8, 0x00000000c2b00000| Untracked 
|  44|0x00000000c2c00000, 0x00000000c2cfffe0, 0x00000000c2d00000| 99%| O|  |TAMS 0x00000000c2cfffe0, 0x00000000c2c00000| Untracked 
|  45|0x00000000c2d00000, 0x00000000c2dfffe8, 0x00000000c2e00000| 99%| O|  |TAMS 0x00000000c2dfffe8, 0x00000000c2d00000| Untracked 
|  46|0x00000000c2e00000, 0x00000000c2efffe8, 0x00000000c2f00000| 99%| O|  |TAMS 0x00000000c2efffe8, 0x00000000c2e00000| Untracked 
|  47|0x00000000c2f00000, 0x00000000c2fffff8, 0x00000000c3000000| 99%| O|  |TAMS 0x00000000c2fffff8, 0x00000000c2f00000| Untracked 
|  48|0x00000000c3000000, 0x00000000c30ffff8, 0x00000000c3100000| 99%| O|  |TAMS 0x00000000c30ffff8, 0x00000000c3000000| Untracked 
|  49|0x00000000c3100000, 0x00000000c31fffe8, 0x00000000c3200000| 99%| O|  |TAMS 0x00000000c31fffe8, 0x00000000c3100000| Untracked 
|  50|0x00000000c3200000, 0x00000000c32fffc0, 0x00000000c3300000| 99%| O|  |TAMS 0x00000000c32fffc0, 0x00000000c3200000| Untracked 
|  51|0x00000000c3300000, 0x00000000c33ffff8, 0x00000000c3400000| 99%| O|  |TAMS 0x00000000c33ffff8, 0x00000000c3300000| Untracked 
|  52|0x00000000c3400000, 0x00000000c34ff408, 0x00000000c3500000| 99%| O|  |TAMS 0x00000000c34ff408, 0x00000000c3400000| Untracked 
|  53|0x00000000c3500000, 0x00000000c35ffff0, 0x00000000c3600000| 99%| O|  |TAMS 0x00000000c35ffff0, 0x00000000c3500000| Untracked 
|  54|0x00000000c3600000, 0x00000000c36ffff0, 0x00000000c3700000| 99%| O|  |TAMS 0x00000000c36ffff0, 0x00000000c3600000| Untracked 
|  55|0x00000000c3700000, 0x00000000c37fffe8, 0x00000000c3800000| 99%| O|  |TAMS 0x00000000c37fffe8, 0x00000000c3700000| Untracked 
|  56|0x00000000c3800000, 0x00000000c38fffe8, 0x00000000c3900000| 99%| O|  |TAMS 0x00000000c38fffe8, 0x00000000c3800000| Untracked 
|  57|0x00000000c3900000, 0x00000000c3a00000, 0x00000000c3a00000|100%| O|  |TAMS 0x00000000c3a00000, 0x00000000c3900000| Untracked 
|  58|0x00000000c3a00000, 0x00000000c3b00000, 0x00000000c3b00000|100%| O|  |TAMS 0x00000000c3b00000, 0x00000000c3a00000| Untracked 
|  59|0x00000000c3b00000, 0x00000000c3bffff8, 0x00000000c3c00000| 99%| O|  |TAMS 0x00000000c3bffff8, 0x00000000c3b00000| Untracked 
|  60|0x00000000c3c00000, 0x00000000c3cfffd8, 0x00000000c3d00000| 99%| O|  |TAMS 0x00000000c3cfffd8, 0x00000000c3c00000| Untracked 
|  61|0x00000000c3d00000, 0x00000000c3dfffe8, 0x00000000c3e00000| 99%| O|  |TAMS 0x00000000c3dfffe8, 0x00000000c3d00000| Untracked 
|  62|0x00000000c3e00000, 0x00000000c3eff548, 0x00000000c3f00000| 99%| O|  |TAMS 0x00000000c3eff548, 0x00000000c3e00000| Untracked 
|  63|0x00000000c3f00000, 0x00000000c3ffffd0, 0x00000000c4000000| 99%| O|  |TAMS 0x00000000c3ffffd0, 0x00000000c3f00000| Untracked 
|  64|0x00000000c4000000, 0x00000000c40fffe0, 0x00000000c4100000| 99%| O|  |TAMS 0x00000000c40fffe0, 0x00000000c4000000| Untracked 
|  65|0x00000000c4100000, 0x00000000c41fffe8, 0x00000000c4200000| 99%| O|  |TAMS 0x00000000c41fffe8, 0x00000000c4100000| Untracked 
|  66|0x00000000c4200000, 0x00000000c42ffff0, 0x00000000c4300000| 99%| O|  |TAMS 0x00000000c42ffff0, 0x00000000c4200000| Untracked 
|  67|0x00000000c4300000, 0x00000000c4400000, 0x00000000c4400000|100%| O|  |TAMS 0x00000000c4400000, 0x00000000c4300000| Untracked 
|  68|0x00000000c4400000, 0x00000000c44fffd8, 0x00000000c4500000| 99%| O|  |TAMS 0x00000000c44fffd8, 0x00000000c4400000| Untracked 
|  69|0x00000000c4500000, 0x00000000c45ffff8, 0x00000000c4600000| 99%| O|  |TAMS 0x00000000c45ffff8, 0x00000000c4500000| Untracked 
|  70|0x00000000c4600000, 0x00000000c46fe798, 0x00000000c4700000| 99%| O|  |TAMS 0x00000000c46fe798, 0x00000000c4600000| Untracked 
|  71|0x00000000c4700000, 0x00000000c47f57d0, 0x00000000c4800000| 95%| O|  |TAMS 0x00000000c47f57d0, 0x00000000c4700000| Untracked 
|  72|0x00000000c4800000, 0x00000000c48ffff0, 0x00000000c4900000| 99%| O|  |TAMS 0x00000000c48ffff0, 0x00000000c4800000| Untracked 
|  73|0x00000000c4900000, 0x00000000c4a00000, 0x00000000c4a00000|100%| O|  |TAMS 0x00000000c4a00000, 0x00000000c4900000| Untracked 
|  74|0x00000000c4a00000, 0x00000000c4affff8, 0x00000000c4b00000| 99%| O|  |TAMS 0x00000000c4affff8, 0x00000000c4a00000| Untracked 
|  75|0x00000000c4b00000, 0x00000000c4bfffa8, 0x00000000c4c00000| 99%| O|  |TAMS 0x00000000c4bfffa8, 0x00000000c4b00000| Untracked 
|  76|0x00000000c4c00000, 0x00000000c4cffff0, 0x00000000c4d00000| 99%| O|  |TAMS 0x00000000c4cffff0, 0x00000000c4c00000| Untracked 
|  77|0x00000000c4d00000, 0x00000000c4da7508, 0x00000000c4e00000| 65%| O|  |TAMS 0x00000000c4d00000, 0x00000000c4d00000| Untracked 
|  78|0x00000000c4e00000, 0x00000000c4effff0, 0x00000000c4f00000| 99%| O|  |TAMS 0x00000000c4effff0, 0x00000000c4e00000| Untracked 
|  79|0x00000000c4f00000, 0x00000000c4f41688, 0x00000000c5000000| 25%| O|  |TAMS 0x00000000c4f00000, 0x00000000c4f00000| Untracked 
|  80|0x00000000c5000000, 0x00000000c50ffff8, 0x00000000c5100000| 99%| O|  |TAMS 0x00000000c50ffff8, 0x00000000c5000000| Untracked 
|  81|0x00000000c5100000, 0x00000000c51002d0, 0x00000000c5200000|  0%| O|  |TAMS 0x00000000c5100000, 0x00000000c5100000| Untracked 
|  82|0x00000000c5200000, 0x00000000c52ffff0, 0x00000000c5300000| 99%| O|  |TAMS 0x00000000c52ffff0, 0x00000000c5200000| Untracked 
|  83|0x00000000c5300000, 0x00000000c5300000, 0x00000000c5400000|  0%| F|  |TAMS 0x00000000c5300000, 0x00000000c5300000| Untracked 
|  84|0x00000000c5400000, 0x00000000c5400000, 0x00000000c5500000|  0%| F|  |TAMS 0x00000000c5400000, 0x00000000c5400000| Untracked 
|  85|0x00000000c5500000, 0x00000000c5500000, 0x00000000c5600000|  0%| F|  |TAMS 0x00000000c5500000, 0x00000000c5500000| Untracked 
|  86|0x00000000c5600000, 0x00000000c5700000, 0x00000000c5700000|100%| O|  |TAMS 0x00000000c5700000, 0x00000000c5600000| Untracked 
|  87|0x00000000c5700000, 0x00000000c5700000, 0x00000000c5800000|  0%| F|  |TAMS 0x00000000c5700000, 0x00000000c5700000| Untracked 
|  88|0x00000000c5800000, 0x00000000c58fffb0, 0x00000000c5900000| 99%| O|  |TAMS 0x00000000c58fffb0, 0x00000000c5800000| Untracked 
|  89|0x00000000c5900000, 0x00000000c5900000, 0x00000000c5a00000|  0%| F|  |TAMS 0x00000000c5900000, 0x00000000c5900000| Untracked 
|  90|0x00000000c5a00000, 0x00000000c5a00000, 0x00000000c5b00000|  0%| F|  |TAMS 0x00000000c5a00000, 0x00000000c5a00000| Untracked 
|  91|0x00000000c5b00000, 0x00000000c5c00000, 0x00000000c5c00000|100%| O|  |TAMS 0x00000000c5c00000, 0x00000000c5b00000| Untracked 
|  92|0x00000000c5c00000, 0x00000000c5c00000, 0x00000000c5d00000|  0%| F|  |TAMS 0x00000000c5c00000, 0x00000000c5c00000| Untracked 
|  93|0x00000000c5d00000, 0x00000000c5dffff0, 0x00000000c5e00000| 99%| O|  |TAMS 0x00000000c5dffff0, 0x00000000c5d00000| Untracked 
|  94|0x00000000c5e00000, 0x00000000c5e00000, 0x00000000c5f00000|  0%| F|  |TAMS 0x00000000c5e00000, 0x00000000c5e00000| Untracked 
|  95|0x00000000c5f00000, 0x00000000c5f00000, 0x00000000c6000000|  0%| F|  |TAMS 0x00000000c5f00000, 0x00000000c5f00000| Untracked 
|  96|0x00000000c6000000, 0x00000000c60fffc0, 0x00000000c6100000| 99%| O|  |TAMS 0x00000000c60fffc0, 0x00000000c6000000| Untracked 
|  97|0x00000000c6100000, 0x00000000c6100000, 0x00000000c6200000|  0%| F|  |TAMS 0x00000000c6100000, 0x00000000c6100000| Untracked 
|  98|0x00000000c6200000, 0x00000000c6300000, 0x00000000c6300000|100%| O|  |TAMS 0x00000000c6300000, 0x00000000c6200000| Untracked 
|  99|0x00000000c6300000, 0x00000000c63ffff8, 0x00000000c6400000| 99%| O|  |TAMS 0x00000000c63ffff8, 0x00000000c6300000| Untracked 
| 100|0x00000000c6400000, 0x00000000c6500000, 0x00000000c6500000|100%| O|  |TAMS 0x00000000c6500000, 0x00000000c6400000| Untracked 
| 101|0x00000000c6500000, 0x00000000c6500000, 0x00000000c6600000|  0%| F|  |TAMS 0x00000000c6500000, 0x00000000c6500000| Untracked 
| 102|0x00000000c6600000, 0x00000000c6600000, 0x00000000c6700000|  0%| F|  |TAMS 0x00000000c6600000, 0x00000000c6600000| Untracked 
| 103|0x00000000c6700000, 0x00000000c6700000, 0x00000000c6800000|  0%| F|  |TAMS 0x00000000c6700000, 0x00000000c6700000| Untracked 
| 104|0x00000000c6800000, 0x00000000c6800000, 0x00000000c6900000|  0%| F|  |TAMS 0x00000000c6800000, 0x00000000c6800000| Untracked 
| 105|0x00000000c6900000, 0x00000000c6900000, 0x00000000c6a00000|  0%| F|  |TAMS 0x00000000c6900000, 0x00000000c6900000| Untracked 
| 106|0x00000000c6a00000, 0x00000000c6a00000, 0x00000000c6b00000|  0%| F|  |TAMS 0x00000000c6a00000, 0x00000000c6a00000| Untracked 
| 107|0x00000000c6b00000, 0x00000000c6b00000, 0x00000000c6c00000|  0%| F|  |TAMS 0x00000000c6b00000, 0x00000000c6b00000| Untracked 
| 108|0x00000000c6c00000, 0x00000000c6c00000, 0x00000000c6d00000|  0%| F|  |TAMS 0x00000000c6c00000, 0x00000000c6c00000| Untracked 
| 109|0x00000000c6d00000, 0x00000000c6d00000, 0x00000000c6e00000|  0%| F|  |TAMS 0x00000000c6d00000, 0x00000000c6d00000| Untracked 
| 110|0x00000000c6e00000, 0x00000000c6e00000, 0x00000000c6f00000|  0%| F|  |TAMS 0x00000000c6e00000, 0x00000000c6e00000| Untracked 
| 111|0x00000000c6f00000, 0x00000000c6f00000, 0x00000000c7000000|  0%| F|  |TAMS 0x00000000c6f00000, 0x00000000c6f00000| Untracked 
| 112|0x00000000c7000000, 0x00000000c7000000, 0x00000000c7100000|  0%| F|  |TAMS 0x00000000c7000000, 0x00000000c7000000| Untracked 
| 113|0x00000000c7100000, 0x00000000c7100000, 0x00000000c7200000|  0%| F|  |TAMS 0x00000000c7100000, 0x00000000c7100000| Untracked 
| 114|0x00000000c7200000, 0x00000000c7200000, 0x00000000c7300000|  0%| F|  |TAMS 0x00000000c7200000, 0x00000000c7200000| Untracked 
| 115|0x00000000c7300000, 0x00000000c7300000, 0x00000000c7400000|  0%| F|  |TAMS 0x00000000c7300000, 0x00000000c7300000| Untracked 
| 116|0x00000000c7400000, 0x00000000c7400000, 0x00000000c7500000|  0%| F|  |TAMS 0x00000000c7400000, 0x00000000c7400000| Untracked 
| 117|0x00000000c7500000, 0x00000000c7500000, 0x00000000c7600000|  0%| F|  |TAMS 0x00000000c7500000, 0x00000000c7500000| Untracked 
| 118|0x00000000c7600000, 0x00000000c7600000, 0x00000000c7700000|  0%| F|  |TAMS 0x00000000c7600000, 0x00000000c7600000| Untracked 
| 119|0x00000000c7700000, 0x00000000c7700000, 0x00000000c7800000|  0%| F|  |TAMS 0x00000000c7700000, 0x00000000c7700000| Untracked 
| 120|0x00000000c7800000, 0x00000000c7800000, 0x00000000c7900000|  0%| F|  |TAMS 0x00000000c7800000, 0x00000000c7800000| Untracked 
| 121|0x00000000c7900000, 0x00000000c7900000, 0x00000000c7a00000|  0%| F|  |TAMS 0x00000000c7900000, 0x00000000c7900000| Untracked 
| 122|0x00000000c7a00000, 0x00000000c7a00000, 0x00000000c7b00000|  0%| F|  |TAMS 0x00000000c7a00000, 0x00000000c7a00000| Untracked 
| 123|0x00000000c7b00000, 0x00000000c7b00000, 0x00000000c7c00000|  0%| F|  |TAMS 0x00000000c7b00000, 0x00000000c7b00000| Untracked 
| 124|0x00000000c7c00000, 0x00000000c7c00000, 0x00000000c7d00000|  0%| F|  |TAMS 0x00000000c7c00000, 0x00000000c7c00000| Untracked 
| 125|0x00000000c7d00000, 0x00000000c7d00000, 0x00000000c7e00000|  0%| F|  |TAMS 0x00000000c7d00000, 0x00000000c7d00000| Untracked 
| 126|0x00000000c7e00000, 0x00000000c7e00000, 0x00000000c7f00000|  0%| F|  |TAMS 0x00000000c7e00000, 0x00000000c7e00000| Untracked 
| 127|0x00000000c7f00000, 0x00000000c7f00000, 0x00000000c8000000|  0%| F|  |TAMS 0x00000000c7f00000, 0x00000000c7f00000| Untracked 
| 128|0x00000000c8000000, 0x00000000c8100000, 0x00000000c8100000|100%|HS|  |TAMS 0x00000000c8100000, 0x00000000c8000000| Untracked 
| 129|0x00000000c8100000, 0x00000000c8200000, 0x00000000c8200000|100%|HC|  |TAMS 0x00000000c8200000, 0x00000000c8100000| Untracked 
| 130|0x00000000c8200000, 0x00000000c8300000, 0x00000000c8300000|100%|HC|  |TAMS 0x00000000c8300000, 0x00000000c8200000| Untracked 
| 131|0x00000000c8300000, 0x00000000c8300000, 0x00000000c8400000|  0%| F|  |TAMS 0x00000000c8300000, 0x00000000c8300000| Untracked 
| 132|0x00000000c8400000, 0x00000000c8400000, 0x00000000c8500000|  0%| F|  |TAMS 0x00000000c8400000, 0x00000000c8400000| Untracked 
| 133|0x00000000c8500000, 0x00000000c8500000, 0x00000000c8600000|  0%| F|  |TAMS 0x00000000c8500000, 0x00000000c8500000| Untracked 
| 134|0x00000000c8600000, 0x00000000c8600000, 0x00000000c8700000|  0%| F|  |TAMS 0x00000000c8600000, 0x00000000c8600000| Untracked 
| 135|0x00000000c8700000, 0x00000000c8700000, 0x00000000c8800000|  0%| F|  |TAMS 0x00000000c8700000, 0x00000000c8700000| Untracked 
| 136|0x00000000c8800000, 0x00000000c8800000, 0x00000000c8900000|  0%| F|  |TAMS 0x00000000c8800000, 0x00000000c8800000| Untracked 
| 137|0x00000000c8900000, 0x00000000c8900000, 0x00000000c8a00000|  0%| F|  |TAMS 0x00000000c8900000, 0x00000000c8900000| Untracked 
| 138|0x00000000c8a00000, 0x00000000c8a00000, 0x00000000c8b00000|  0%| F|  |TAMS 0x00000000c8a00000, 0x00000000c8a00000| Untracked 
| 139|0x00000000c8b00000, 0x00000000c8c00000, 0x00000000c8c00000|100%| O|  |TAMS 0x00000000c8c00000, 0x00000000c8b00000| Untracked 
| 140|0x00000000c8c00000, 0x00000000c8c00000, 0x00000000c8d00000|  0%| F|  |TAMS 0x00000000c8c00000, 0x00000000c8c00000| Untracked 
| 141|0x00000000c8d00000, 0x00000000c8d00000, 0x00000000c8e00000|  0%| F|  |TAMS 0x00000000c8d00000, 0x00000000c8d00000| Untracked 
| 142|0x00000000c8e00000, 0x00000000c8e00000, 0x00000000c8f00000|  0%| F|  |TAMS 0x00000000c8e00000, 0x00000000c8e00000| Untracked 
| 143|0x00000000c8f00000, 0x00000000c8f00000, 0x00000000c9000000|  0%| F|  |TAMS 0x00000000c8f00000, 0x00000000c8f00000| Untracked 
| 144|0x00000000c9000000, 0x00000000c9000000, 0x00000000c9100000|  0%| F|  |TAMS 0x00000000c9000000, 0x00000000c9000000| Untracked 
| 145|0x00000000c9100000, 0x00000000c9100000, 0x00000000c9200000|  0%| F|  |TAMS 0x00000000c9100000, 0x00000000c9100000| Untracked 
| 146|0x00000000c9200000, 0x00000000c9200000, 0x00000000c9300000|  0%| F|  |TAMS 0x00000000c9200000, 0x00000000c9200000| Untracked 
| 147|0x00000000c9300000, 0x00000000c9300000, 0x00000000c9400000|  0%| F|  |TAMS 0x00000000c9300000, 0x00000000c9300000| Untracked 
| 148|0x00000000c9400000, 0x00000000c9400000, 0x00000000c9500000|  0%| F|  |TAMS 0x00000000c9400000, 0x00000000c9400000| Untracked 
| 149|0x00000000c9500000, 0x00000000c9500000, 0x00000000c9600000|  0%| F|  |TAMS 0x00000000c9500000, 0x00000000c9500000| Untracked 
| 150|0x00000000c9600000, 0x00000000c9600000, 0x00000000c9700000|  0%| F|  |TAMS 0x00000000c9600000, 0x00000000c9600000| Untracked 
| 151|0x00000000c9700000, 0x00000000c9700000, 0x00000000c9800000|  0%| F|  |TAMS 0x00000000c9700000, 0x00000000c9700000| Untracked 
| 152|0x00000000c9800000, 0x00000000c9800000, 0x00000000c9900000|  0%| F|  |TAMS 0x00000000c9800000, 0x00000000c9800000| Untracked 
| 153|0x00000000c9900000, 0x00000000c9900000, 0x00000000c9a00000|  0%| F|  |TAMS 0x00000000c9900000, 0x00000000c9900000| Untracked 
| 154|0x00000000c9a00000, 0x00000000c9a00000, 0x00000000c9b00000|  0%| F|  |TAMS 0x00000000c9a00000, 0x00000000c9a00000| Untracked 
| 155|0x00000000c9b00000, 0x00000000c9b00000, 0x00000000c9c00000|  0%| F|  |TAMS 0x00000000c9b00000, 0x00000000c9b00000| Untracked 
| 156|0x00000000c9c00000, 0x00000000c9c00000, 0x00000000c9d00000|  0%| F|  |TAMS 0x00000000c9c00000, 0x00000000c9c00000| Untracked 
| 157|0x00000000c9d00000, 0x00000000c9d00000, 0x00000000c9e00000|  0%| F|  |TAMS 0x00000000c9d00000, 0x00000000c9d00000| Untracked 
| 158|0x00000000c9e00000, 0x00000000c9e00000, 0x00000000c9f00000|  0%| F|  |TAMS 0x00000000c9e00000, 0x00000000c9e00000| Untracked 
| 159|0x00000000c9f00000, 0x00000000c9f00000, 0x00000000ca000000|  0%| F|  |TAMS 0x00000000c9f00000, 0x00000000c9f00000| Untracked 
| 160|0x00000000ca000000, 0x00000000ca000000, 0x00000000ca100000|  0%| F|  |TAMS 0x00000000ca000000, 0x00000000ca000000| Untracked 
| 161|0x00000000ca100000, 0x00000000ca100000, 0x00000000ca200000|  0%| F|  |TAMS 0x00000000ca100000, 0x00000000ca100000| Untracked 
| 162|0x00000000ca200000, 0x00000000ca200000, 0x00000000ca300000|  0%| F|  |TAMS 0x00000000ca200000, 0x00000000ca200000| Untracked 
| 163|0x00000000ca300000, 0x00000000ca300000, 0x00000000ca400000|  0%| F|  |TAMS 0x00000000ca300000, 0x00000000ca300000| Untracked 
| 164|0x00000000ca400000, 0x00000000ca400000, 0x00000000ca500000|  0%| F|  |TAMS 0x00000000ca400000, 0x00000000ca400000| Untracked 
| 165|0x00000000ca500000, 0x00000000ca500000, 0x00000000ca600000|  0%| F|  |TAMS 0x00000000ca500000, 0x00000000ca500000| Untracked 
| 166|0x00000000ca600000, 0x00000000ca600000, 0x00000000ca700000|  0%| F|  |TAMS 0x00000000ca600000, 0x00000000ca600000| Untracked 
| 167|0x00000000ca700000, 0x00000000ca700000, 0x00000000ca800000|  0%| F|  |TAMS 0x00000000ca700000, 0x00000000ca700000| Untracked 
| 168|0x00000000ca800000, 0x00000000ca800000, 0x00000000ca900000|  0%| F|  |TAMS 0x00000000ca800000, 0x00000000ca800000| Untracked 
| 169|0x00000000ca900000, 0x00000000ca900000, 0x00000000caa00000|  0%| F|  |TAMS 0x00000000ca900000, 0x00000000ca900000| Untracked 
| 170|0x00000000caa00000, 0x00000000caa00000, 0x00000000cab00000|  0%| F|  |TAMS 0x00000000caa00000, 0x00000000caa00000| Untracked 
| 171|0x00000000cab00000, 0x00000000cab00000, 0x00000000cac00000|  0%| F|  |TAMS 0x00000000cab00000, 0x00000000cab00000| Untracked 
| 172|0x00000000cac00000, 0x00000000cac00000, 0x00000000cad00000|  0%| F|  |TAMS 0x00000000cac00000, 0x00000000cac00000| Untracked 
| 173|0x00000000cad00000, 0x00000000cad00000, 0x00000000cae00000|  0%| F|  |TAMS 0x00000000cad00000, 0x00000000cad00000| Untracked 
| 174|0x00000000cae00000, 0x00000000cae00000, 0x00000000caf00000|  0%| F|  |TAMS 0x00000000cae00000, 0x00000000cae00000| Untracked 
| 175|0x00000000caf00000, 0x00000000caf00000, 0x00000000cb000000|  0%| F|  |TAMS 0x00000000caf00000, 0x00000000caf00000| Untracked 
| 176|0x00000000cb000000, 0x00000000cb000000, 0x00000000cb100000|  0%| F|  |TAMS 0x00000000cb000000, 0x00000000cb000000| Untracked 
| 177|0x00000000cb100000, 0x00000000cb100000, 0x00000000cb200000|  0%| F|  |TAMS 0x00000000cb100000, 0x00000000cb100000| Untracked 
| 178|0x00000000cb200000, 0x00000000cb200000, 0x00000000cb300000|  0%| F|  |TAMS 0x00000000cb200000, 0x00000000cb200000| Untracked 
| 179|0x00000000cb300000, 0x00000000cb300000, 0x00000000cb400000|  0%| F|  |TAMS 0x00000000cb300000, 0x00000000cb300000| Untracked 
| 180|0x00000000cb400000, 0x00000000cb400000, 0x00000000cb500000|  0%| F|  |TAMS 0x00000000cb400000, 0x00000000cb400000| Untracked 
| 181|0x00000000cb500000, 0x00000000cb500000, 0x00000000cb600000|  0%| F|  |TAMS 0x00000000cb500000, 0x00000000cb500000| Untracked 
| 182|0x00000000cb600000, 0x00000000cb600000, 0x00000000cb700000|  0%| F|  |TAMS 0x00000000cb600000, 0x00000000cb600000| Untracked 
| 183|0x00000000cb700000, 0x00000000cb700000, 0x00000000cb800000|  0%| F|  |TAMS 0x00000000cb700000, 0x00000000cb700000| Untracked 
| 184|0x00000000cb800000, 0x00000000cb800000, 0x00000000cb900000|  0%| F|  |TAMS 0x00000000cb800000, 0x00000000cb800000| Untracked 
| 185|0x00000000cb900000, 0x00000000cb900000, 0x00000000cba00000|  0%| F|  |TAMS 0x00000000cb900000, 0x00000000cb900000| Untracked 
| 186|0x00000000cba00000, 0x00000000cba00000, 0x00000000cbb00000|  0%| F|  |TAMS 0x00000000cba00000, 0x00000000cba00000| Untracked 
| 187|0x00000000cbb00000, 0x00000000cbb00000, 0x00000000cbc00000|  0%| F|  |TAMS 0x00000000cbb00000, 0x00000000cbb00000| Untracked 
| 188|0x00000000cbc00000, 0x00000000cbc00000, 0x00000000cbd00000|  0%| F|  |TAMS 0x00000000cbc00000, 0x00000000cbc00000| Untracked 
| 189|0x00000000cbd00000, 0x00000000cbd00000, 0x00000000cbe00000|  0%| F|  |TAMS 0x00000000cbd00000, 0x00000000cbd00000| Untracked 
| 190|0x00000000cbe00000, 0x00000000cbe00000, 0x00000000cbf00000|  0%| F|  |TAMS 0x00000000cbe00000, 0x00000000cbe00000| Untracked 
| 191|0x00000000cbf00000, 0x00000000cbf00000, 0x00000000cc000000|  0%| F|  |TAMS 0x00000000cbf00000, 0x00000000cbf00000| Untracked 
| 192|0x00000000cc000000, 0x00000000cc000000, 0x00000000cc100000|  0%| F|  |TAMS 0x00000000cc000000, 0x00000000cc000000| Untracked 
| 193|0x00000000cc100000, 0x00000000cc100000, 0x00000000cc200000|  0%| F|  |TAMS 0x00000000cc100000, 0x00000000cc100000| Untracked 
| 194|0x00000000cc200000, 0x00000000cc200000, 0x00000000cc300000|  0%| F|  |TAMS 0x00000000cc200000, 0x00000000cc200000| Untracked 
| 195|0x00000000cc300000, 0x00000000cc300000, 0x00000000cc400000|  0%| F|  |TAMS 0x00000000cc300000, 0x00000000cc300000| Untracked 
| 196|0x00000000cc400000, 0x00000000cc400000, 0x00000000cc500000|  0%| F|  |TAMS 0x00000000cc400000, 0x00000000cc400000| Untracked 
| 197|0x00000000cc500000, 0x00000000cc500000, 0x00000000cc600000|  0%| F|  |TAMS 0x00000000cc500000, 0x00000000cc500000| Untracked 
| 198|0x00000000cc600000, 0x00000000cc600000, 0x00000000cc700000|  0%| F|  |TAMS 0x00000000cc600000, 0x00000000cc600000| Untracked 
| 199|0x00000000cc700000, 0x00000000cc700000, 0x00000000cc800000|  0%| F|  |TAMS 0x00000000cc700000, 0x00000000cc700000| Untracked 
| 200|0x00000000cc800000, 0x00000000cc800000, 0x00000000cc900000|  0%| F|  |TAMS 0x00000000cc800000, 0x00000000cc800000| Untracked 
| 201|0x00000000cc900000, 0x00000000cc900000, 0x00000000cca00000|  0%| F|  |TAMS 0x00000000cc900000, 0x00000000cc900000| Untracked 
| 202|0x00000000cca00000, 0x00000000cca00000, 0x00000000ccb00000|  0%| F|  |TAMS 0x00000000cca00000, 0x00000000cca00000| Untracked 
| 203|0x00000000ccb00000, 0x00000000ccb00000, 0x00000000ccc00000|  0%| F|  |TAMS 0x00000000ccb00000, 0x00000000ccb00000| Untracked 
| 204|0x00000000ccc00000, 0x00000000ccc00000, 0x00000000ccd00000|  0%| F|  |TAMS 0x00000000ccc00000, 0x00000000ccc00000| Untracked 
| 205|0x00000000ccd00000, 0x00000000ccd00000, 0x00000000cce00000|  0%| F|  |TAMS 0x00000000ccd00000, 0x00000000ccd00000| Untracked 
| 206|0x00000000cce00000, 0x00000000cce00000, 0x00000000ccf00000|  0%| F|  |TAMS 0x00000000cce00000, 0x00000000cce00000| Untracked 
| 207|0x00000000ccf00000, 0x00000000ccf00000, 0x00000000cd000000|  0%| F|  |TAMS 0x00000000ccf00000, 0x00000000ccf00000| Untracked 
| 208|0x00000000cd000000, 0x00000000cd000000, 0x00000000cd100000|  0%| F|  |TAMS 0x00000000cd000000, 0x00000000cd000000| Untracked 
| 209|0x00000000cd100000, 0x00000000cd100000, 0x00000000cd200000|  0%| F|  |TAMS 0x00000000cd100000, 0x00000000cd100000| Untracked 
| 210|0x00000000cd200000, 0x00000000cd200000, 0x00000000cd300000|  0%| F|  |TAMS 0x00000000cd200000, 0x00000000cd200000| Untracked 
| 211|0x00000000cd300000, 0x00000000cd300000, 0x00000000cd400000|  0%| F|  |TAMS 0x00000000cd300000, 0x00000000cd300000| Untracked 
| 212|0x00000000cd400000, 0x00000000cd400000, 0x00000000cd500000|  0%| F|  |TAMS 0x00000000cd400000, 0x00000000cd400000| Untracked 
| 213|0x00000000cd500000, 0x00000000cd500000, 0x00000000cd600000|  0%| F|  |TAMS 0x00000000cd500000, 0x00000000cd500000| Untracked 
| 214|0x00000000cd600000, 0x00000000cd600000, 0x00000000cd700000|  0%| F|  |TAMS 0x00000000cd600000, 0x00000000cd600000| Untracked 
| 215|0x00000000cd700000, 0x00000000cd700000, 0x00000000cd800000|  0%| F|  |TAMS 0x00000000cd700000, 0x00000000cd700000| Untracked 
| 216|0x00000000cd800000, 0x00000000cd800000, 0x00000000cd900000|  0%| F|  |TAMS 0x00000000cd800000, 0x00000000cd800000| Untracked 
| 217|0x00000000cd900000, 0x00000000cd900000, 0x00000000cda00000|  0%| F|  |TAMS 0x00000000cd900000, 0x00000000cd900000| Untracked 
| 218|0x00000000cda00000, 0x00000000cda00000, 0x00000000cdb00000|  0%| F|  |TAMS 0x00000000cda00000, 0x00000000cda00000| Untracked 
| 219|0x00000000cdb00000, 0x00000000cdb00000, 0x00000000cdc00000|  0%| F|  |TAMS 0x00000000cdb00000, 0x00000000cdb00000| Untracked 
| 220|0x00000000cdc00000, 0x00000000cdc00000, 0x00000000cdd00000|  0%| F|  |TAMS 0x00000000cdc00000, 0x00000000cdc00000| Untracked 
| 221|0x00000000cdd00000, 0x00000000cdd00000, 0x00000000cde00000|  0%| F|  |TAMS 0x00000000cdd00000, 0x00000000cdd00000| Untracked 
| 222|0x00000000cde00000, 0x00000000cde00000, 0x00000000cdf00000|  0%| F|  |TAMS 0x00000000cde00000, 0x00000000cde00000| Untracked 
| 223|0x00000000cdf00000, 0x00000000cdf00000, 0x00000000ce000000|  0%| F|  |TAMS 0x00000000cdf00000, 0x00000000cdf00000| Untracked 
| 224|0x00000000ce000000, 0x00000000ce000000, 0x00000000ce100000|  0%| F|  |TAMS 0x00000000ce000000, 0x00000000ce000000| Untracked 
| 225|0x00000000ce100000, 0x00000000ce100000, 0x00000000ce200000|  0%| F|  |TAMS 0x00000000ce100000, 0x00000000ce100000| Untracked 
| 226|0x00000000ce200000, 0x00000000ce200000, 0x00000000ce300000|  0%| F|  |TAMS 0x00000000ce200000, 0x00000000ce200000| Untracked 
| 227|0x00000000ce300000, 0x00000000ce300000, 0x00000000ce400000|  0%| F|  |TAMS 0x00000000ce300000, 0x00000000ce300000| Untracked 
| 228|0x00000000ce400000, 0x00000000ce400000, 0x00000000ce500000|  0%| F|  |TAMS 0x00000000ce400000, 0x00000000ce400000| Untracked 
| 229|0x00000000ce500000, 0x00000000ce500000, 0x00000000ce600000|  0%| F|  |TAMS 0x00000000ce500000, 0x00000000ce500000| Untracked 
| 230|0x00000000ce600000, 0x00000000ce600000, 0x00000000ce700000|  0%| F|  |TAMS 0x00000000ce600000, 0x00000000ce600000| Untracked 
| 231|0x00000000ce700000, 0x00000000ce700000, 0x00000000ce800000|  0%| F|  |TAMS 0x00000000ce700000, 0x00000000ce700000| Untracked 
| 232|0x00000000ce800000, 0x00000000ce800000, 0x00000000ce900000|  0%| F|  |TAMS 0x00000000ce800000, 0x00000000ce800000| Untracked 
| 233|0x00000000ce900000, 0x00000000ce900000, 0x00000000cea00000|  0%| F|  |TAMS 0x00000000ce900000, 0x00000000ce900000| Untracked 
| 234|0x00000000cea00000, 0x00000000cea00000, 0x00000000ceb00000|  0%| F|  |TAMS 0x00000000cea00000, 0x00000000cea00000| Untracked 
| 235|0x00000000ceb00000, 0x00000000ceb00000, 0x00000000cec00000|  0%| F|  |TAMS 0x00000000ceb00000, 0x00000000ceb00000| Untracked 
| 236|0x00000000cec00000, 0x00000000cec00000, 0x00000000ced00000|  0%| F|  |TAMS 0x00000000cec00000, 0x00000000cec00000| Untracked 
| 237|0x00000000ced00000, 0x00000000ced00000, 0x00000000cee00000|  0%| F|  |TAMS 0x00000000ced00000, 0x00000000ced00000| Untracked 
| 238|0x00000000cee00000, 0x00000000cee00000, 0x00000000cef00000|  0%| F|  |TAMS 0x00000000cee00000, 0x00000000cee00000| Untracked 
| 239|0x00000000cef00000, 0x00000000cef00000, 0x00000000cf000000|  0%| F|  |TAMS 0x00000000cef00000, 0x00000000cef00000| Untracked 
| 240|0x00000000cf000000, 0x00000000cf000000, 0x00000000cf100000|  0%| F|  |TAMS 0x00000000cf000000, 0x00000000cf000000| Untracked 
| 241|0x00000000cf100000, 0x00000000cf100000, 0x00000000cf200000|  0%| F|  |TAMS 0x00000000cf100000, 0x00000000cf100000| Untracked 
| 242|0x00000000cf200000, 0x00000000cf200000, 0x00000000cf300000|  0%| F|  |TAMS 0x00000000cf200000, 0x00000000cf200000| Untracked 
| 243|0x00000000cf300000, 0x00000000cf300000, 0x00000000cf400000|  0%| F|  |TAMS 0x00000000cf300000, 0x00000000cf300000| Untracked 
| 244|0x00000000cf400000, 0x00000000cf400000, 0x00000000cf500000|  0%| F|  |TAMS 0x00000000cf400000, 0x00000000cf400000| Untracked 
| 245|0x00000000cf500000, 0x00000000cf500000, 0x00000000cf600000|  0%| F|  |TAMS 0x00000000cf500000, 0x00000000cf500000| Untracked 
| 246|0x00000000cf600000, 0x00000000cf600000, 0x00000000cf700000|  0%| F|  |TAMS 0x00000000cf600000, 0x00000000cf600000| Untracked 
| 247|0x00000000cf700000, 0x00000000cf700000, 0x00000000cf800000|  0%| F|  |TAMS 0x00000000cf700000, 0x00000000cf700000| Untracked 
| 248|0x00000000cf800000, 0x00000000cf800000, 0x00000000cf900000|  0%| F|  |TAMS 0x00000000cf800000, 0x00000000cf800000| Untracked 
| 249|0x00000000cf900000, 0x00000000cf900000, 0x00000000cfa00000|  0%| F|  |TAMS 0x00000000cf900000, 0x00000000cf900000| Untracked 
| 250|0x00000000cfa00000, 0x00000000cfa00000, 0x00000000cfb00000|  0%| F|  |TAMS 0x00000000cfa00000, 0x00000000cfa00000| Untracked 
| 251|0x00000000cfb00000, 0x00000000cfb00000, 0x00000000cfc00000|  0%| F|  |TAMS 0x00000000cfb00000, 0x00000000cfb00000| Untracked 
| 252|0x00000000cfc00000, 0x00000000cfc00000, 0x00000000cfd00000|  0%| F|  |TAMS 0x00000000cfc00000, 0x00000000cfc00000| Untracked 
| 253|0x00000000cfd00000, 0x00000000cfd00000, 0x00000000cfe00000|  0%| F|  |TAMS 0x00000000cfd00000, 0x00000000cfd00000| Untracked 
| 254|0x00000000cfe00000, 0x00000000cfe00000, 0x00000000cff00000|  0%| F|  |TAMS 0x00000000cfe00000, 0x00000000cfe00000| Untracked 
| 255|0x00000000cff00000, 0x00000000cff00000, 0x00000000d0000000|  0%| F|  |TAMS 0x00000000cff00000, 0x00000000cff00000| Untracked 
| 256|0x00000000d0000000, 0x00000000d0000000, 0x00000000d0100000|  0%| F|  |TAMS 0x00000000d0000000, 0x00000000d0000000| Untracked 
| 257|0x00000000d0100000, 0x00000000d0100000, 0x00000000d0200000|  0%| F|  |TAMS 0x00000000d0100000, 0x00000000d0100000| Untracked 
| 258|0x00000000d0200000, 0x00000000d0200000, 0x00000000d0300000|  0%| F|  |TAMS 0x00000000d0200000, 0x00000000d0200000| Untracked 
| 259|0x00000000d0300000, 0x00000000d0300000, 0x00000000d0400000|  0%| F|  |TAMS 0x00000000d0300000, 0x00000000d0300000| Untracked 
| 260|0x00000000d0400000, 0x00000000d0400000, 0x00000000d0500000|  0%| F|  |TAMS 0x00000000d0400000, 0x00000000d0400000| Untracked 
| 261|0x00000000d0500000, 0x00000000d0500000, 0x00000000d0600000|  0%| F|  |TAMS 0x00000000d0500000, 0x00000000d0500000| Untracked 
| 262|0x00000000d0600000, 0x00000000d0600000, 0x00000000d0700000|  0%| F|  |TAMS 0x00000000d0600000, 0x00000000d0600000| Untracked 
| 263|0x00000000d0700000, 0x00000000d0700000, 0x00000000d0800000|  0%| F|  |TAMS 0x00000000d0700000, 0x00000000d0700000| Untracked 
| 264|0x00000000d0800000, 0x00000000d0800000, 0x00000000d0900000|  0%| F|  |TAMS 0x00000000d0800000, 0x00000000d0800000| Untracked 
| 265|0x00000000d0900000, 0x00000000d0900000, 0x00000000d0a00000|  0%| F|  |TAMS 0x00000000d0900000, 0x00000000d0900000| Untracked 
| 266|0x00000000d0a00000, 0x00000000d0a00000, 0x00000000d0b00000|  0%| F|  |TAMS 0x00000000d0a00000, 0x00000000d0a00000| Untracked 
| 267|0x00000000d0b00000, 0x00000000d0b00000, 0x00000000d0c00000|  0%| F|  |TAMS 0x00000000d0b00000, 0x00000000d0b00000| Untracked 
| 268|0x00000000d0c00000, 0x00000000d0c00000, 0x00000000d0d00000|  0%| F|  |TAMS 0x00000000d0c00000, 0x00000000d0c00000| Untracked 
| 269|0x00000000d0d00000, 0x00000000d0d00000, 0x00000000d0e00000|  0%| F|  |TAMS 0x00000000d0d00000, 0x00000000d0d00000| Untracked 
| 270|0x00000000d0e00000, 0x00000000d0e00000, 0x00000000d0f00000|  0%| F|  |TAMS 0x00000000d0e00000, 0x00000000d0e00000| Untracked 
| 271|0x00000000d0f00000, 0x00000000d0f00000, 0x00000000d1000000|  0%| F|  |TAMS 0x00000000d0f00000, 0x00000000d0f00000| Untracked 
| 272|0x00000000d1000000, 0x00000000d1000000, 0x00000000d1100000|  0%| F|  |TAMS 0x00000000d1000000, 0x00000000d1000000| Untracked 
| 273|0x00000000d1100000, 0x00000000d1100000, 0x00000000d1200000|  0%| F|  |TAMS 0x00000000d1100000, 0x00000000d1100000| Untracked 
| 274|0x00000000d1200000, 0x00000000d1200000, 0x00000000d1300000|  0%| F|  |TAMS 0x00000000d1200000, 0x00000000d1200000| Untracked 
| 275|0x00000000d1300000, 0x00000000d1300000, 0x00000000d1400000|  0%| F|  |TAMS 0x00000000d1300000, 0x00000000d1300000| Untracked 
| 276|0x00000000d1400000, 0x00000000d1400000, 0x00000000d1500000|  0%| F|  |TAMS 0x00000000d1400000, 0x00000000d1400000| Untracked 
| 277|0x00000000d1500000, 0x00000000d1500000, 0x00000000d1600000|  0%| F|  |TAMS 0x00000000d1500000, 0x00000000d1500000| Untracked 
| 278|0x00000000d1600000, 0x00000000d1600000, 0x00000000d1700000|  0%| F|  |TAMS 0x00000000d1600000, 0x00000000d1600000| Untracked 
| 279|0x00000000d1700000, 0x00000000d1700000, 0x00000000d1800000|  0%| F|  |TAMS 0x00000000d1700000, 0x00000000d1700000| Untracked 
| 280|0x00000000d1800000, 0x00000000d1800000, 0x00000000d1900000|  0%| F|  |TAMS 0x00000000d1800000, 0x00000000d1800000| Untracked 
| 281|0x00000000d1900000, 0x00000000d1900000, 0x00000000d1a00000|  0%| F|  |TAMS 0x00000000d1900000, 0x00000000d1900000| Untracked 
| 282|0x00000000d1a00000, 0x00000000d1a00000, 0x00000000d1b00000|  0%| F|  |TAMS 0x00000000d1a00000, 0x00000000d1a00000| Untracked 
| 283|0x00000000d1b00000, 0x00000000d1b00000, 0x00000000d1c00000|  0%| F|  |TAMS 0x00000000d1b00000, 0x00000000d1b00000| Untracked 
| 284|0x00000000d1c00000, 0x00000000d1c00000, 0x00000000d1d00000|  0%| F|  |TAMS 0x00000000d1c00000, 0x00000000d1c00000| Untracked 
| 285|0x00000000d1d00000, 0x00000000d1d00000, 0x00000000d1e00000|  0%| F|  |TAMS 0x00000000d1d00000, 0x00000000d1d00000| Untracked 
| 286|0x00000000d1e00000, 0x00000000d1e00000, 0x00000000d1f00000|  0%| F|  |TAMS 0x00000000d1e00000, 0x00000000d1e00000| Untracked 
| 287|0x00000000d1f00000, 0x00000000d1f00000, 0x00000000d2000000|  0%| F|  |TAMS 0x00000000d1f00000, 0x00000000d1f00000| Untracked 
| 288|0x00000000d2000000, 0x00000000d2000000, 0x00000000d2100000|  0%| F|  |TAMS 0x00000000d2000000, 0x00000000d2000000| Untracked 
| 289|0x00000000d2100000, 0x00000000d2100000, 0x00000000d2200000|  0%| F|  |TAMS 0x00000000d2100000, 0x00000000d2100000| Untracked 
| 290|0x00000000d2200000, 0x00000000d2200000, 0x00000000d2300000|  0%| F|  |TAMS 0x00000000d2200000, 0x00000000d2200000| Untracked 
| 291|0x00000000d2300000, 0x00000000d2300000, 0x00000000d2400000|  0%| F|  |TAMS 0x00000000d2300000, 0x00000000d2300000| Untracked 
| 292|0x00000000d2400000, 0x00000000d2400000, 0x00000000d2500000|  0%| F|  |TAMS 0x00000000d2400000, 0x00000000d2400000| Untracked 
| 293|0x00000000d2500000, 0x00000000d2500000, 0x00000000d2600000|  0%| F|  |TAMS 0x00000000d2500000, 0x00000000d2500000| Untracked 
| 294|0x00000000d2600000, 0x00000000d2600000, 0x00000000d2700000|  0%| F|  |TAMS 0x00000000d2600000, 0x00000000d2600000| Untracked 
| 295|0x00000000d2700000, 0x00000000d2700000, 0x00000000d2800000|  0%| F|  |TAMS 0x00000000d2700000, 0x00000000d2700000| Untracked 
| 296|0x00000000d2800000, 0x00000000d2800000, 0x00000000d2900000|  0%| F|  |TAMS 0x00000000d2800000, 0x00000000d2800000| Untracked 
| 297|0x00000000d2900000, 0x00000000d2900000, 0x00000000d2a00000|  0%| F|  |TAMS 0x00000000d2900000, 0x00000000d2900000| Untracked 
| 298|0x00000000d2a00000, 0x00000000d2a00000, 0x00000000d2b00000|  0%| F|  |TAMS 0x00000000d2a00000, 0x00000000d2a00000| Untracked 
| 299|0x00000000d2b00000, 0x00000000d2b00000, 0x00000000d2c00000|  0%| F|  |TAMS 0x00000000d2b00000, 0x00000000d2b00000| Untracked 
| 300|0x00000000d2c00000, 0x00000000d2c00000, 0x00000000d2d00000|  0%| F|  |TAMS 0x00000000d2c00000, 0x00000000d2c00000| Untracked 
| 301|0x00000000d2d00000, 0x00000000d2d00000, 0x00000000d2e00000|  0%| F|  |TAMS 0x00000000d2d00000, 0x00000000d2d00000| Untracked 
| 302|0x00000000d2e00000, 0x00000000d2e00000, 0x00000000d2f00000|  0%| F|  |TAMS 0x00000000d2e00000, 0x00000000d2e00000| Untracked 
| 303|0x00000000d2f00000, 0x00000000d2f00000, 0x00000000d3000000|  0%| F|  |TAMS 0x00000000d2f00000, 0x00000000d2f00000| Untracked 
| 304|0x00000000d3000000, 0x00000000d3000000, 0x00000000d3100000|  0%| F|  |TAMS 0x00000000d3000000, 0x00000000d3000000| Untracked 
| 305|0x00000000d3100000, 0x00000000d3100000, 0x00000000d3200000|  0%| F|  |TAMS 0x00000000d3100000, 0x00000000d3100000| Untracked 
| 306|0x00000000d3200000, 0x00000000d3200000, 0x00000000d3300000|  0%| F|  |TAMS 0x00000000d3200000, 0x00000000d3200000| Untracked 
| 307|0x00000000d3300000, 0x00000000d3300000, 0x00000000d3400000|  0%| F|  |TAMS 0x00000000d3300000, 0x00000000d3300000| Untracked 
| 308|0x00000000d3400000, 0x00000000d3400000, 0x00000000d3500000|  0%| F|  |TAMS 0x00000000d3400000, 0x00000000d3400000| Untracked 
| 309|0x00000000d3500000, 0x00000000d3500000, 0x00000000d3600000|  0%| F|  |TAMS 0x00000000d3500000, 0x00000000d3500000| Untracked 
| 310|0x00000000d3600000, 0x00000000d3600000, 0x00000000d3700000|  0%| F|  |TAMS 0x00000000d3600000, 0x00000000d3600000| Untracked 
| 311|0x00000000d3700000, 0x00000000d3700000, 0x00000000d3800000|  0%| F|  |TAMS 0x00000000d3700000, 0x00000000d3700000| Untracked 
| 312|0x00000000d3800000, 0x00000000d38060d0, 0x00000000d3900000|  2%| E|  |TAMS 0x00000000d3800000, 0x00000000d3800000| Complete 
| 626|0x00000000e7200000, 0x00000000e7300000, 0x00000000e7300000|100%| O|  |TAMS 0x00000000e7300000, 0x00000000e7200000| Untracked 

Card table byte_map: [0x0000025fc69d0000,0x0000025fc6bd0000] _byte_map_base: 0x0000025fc63d0000

Marking Bits (Prev, Next): (CMBitMap*) 0x0000025fbed095a0, (CMBitMap*) 0x0000025fbed09560
 Prev Bits: [0x0000025fc7dd0000, 0x0000025fc8dd0000)
 Next Bits: [0x0000025fc6dd0000, 0x0000025fc7dd0000)

Polling page: 0x0000025fbeb70000

Metaspace:

Usage:
  Non-class:     65.48 MB used.
      Class:     10.45 MB used.
       Both:     75.94 MB used.

Virtual space:
  Non-class space:      128.00 MB reserved,      65.88 MB ( 51%) committed,  2 nodes.
      Class space:        1.00 GB reserved,      10.69 MB (  1%) committed,  1 nodes.
             Both:        1.12 GB reserved,      76.56 MB (  7%) committed. 

Chunk freelists:
   Non-Class:  13.92 MB
       Class:  5.16 MB
        Both:  19.09 MB

MaxMetaspaceSize: unlimited
CompressedClassSpaceSize: 1.00 GB
Initial GC threshold: 21.00 MB
Current GC threshold: 127.50 MB
CDS: off
MetaspaceReclaimPolicy: balanced
 - commit_granule_bytes: 65536.
 - commit_granule_words: 8192.
 - virtual_space_node_default_size: 8388608.
 - enlarge_chunks_in_place: 1.
 - new_chunks_are_fully_committed: 0.
 - uncommit_free_chunks: 1.
 - use_allocation_guard: 0.
 - handle_deallocations: 1.


Internal statistics:

num_allocs_failed_limit: 6.
num_arena_births: 1306.
num_arena_deaths: 618.
num_vsnodes_births: 3.
num_vsnodes_deaths: 0.
num_space_committed: 1225.
num_space_uncommitted: 0.
num_chunks_returned_to_freelist: 830.
num_chunks_taken_from_freelist: 4265.
num_chunk_merges: 239.
num_chunk_splits: 2630.
num_chunks_enlarged: 1828.
num_inconsistent_stats: 0.

CodeCache: size=49152Kb used=39569Kb max_used=40282Kb free=9582Kb
 bounds [0x0000025fc3160000, 0x0000025fc58e0000, 0x0000025fc6160000]
 total_blobs=21102 nmethods=20389 adapters=636
 compilation: enabled
              stopped_count=0, restarted_count=0
 full_count=0

Compilation events (20 events):
Event: 23556.022 Thread 0x0000025fcb7507e0 20816       1       java.lang.StringUTF16::replace (168 bytes)
Event: 23556.022 Thread 0x0000025fcb7507e0 nmethod 20816 0x0000025fc5087490 code [0x0000025fc5087660, 0x0000025fc5087b68]
Event: 23556.023 Thread 0x0000025fcb7507e0 20817   !   1       org.eclipse.jdt.internal.compiler.ClassFile::addFieldAttributes (354 bytes)
Event: 23556.024 Thread 0x0000025fcb7507e0 nmethod 20817 0x0000025fc4dffb10 code [0x0000025fc4dffda0, 0x0000025fc4e00818]
Event: 23556.024 Thread 0x0000025fcb7507e0 20818       1       org.eclipse.jdt.internal.compiler.lookup.FieldBinding::isDeprecated (15 bytes)
Event: 23556.024 Thread 0x0000025fcb7507e0 nmethod 20818 0x0000025fc4dff790 code [0x0000025fc4dff920, 0x0000025fc4dffa38]
Event: 23556.024 Thread 0x0000025fcb7507e0 20819       1       org.eclipse.jdt.internal.compiler.lookup.FieldBinding::genericSignature (21 bytes)
Event: 23556.024 Thread 0x0000025fcb7507e0 nmethod 20819 0x0000025fc5759190 code [0x0000025fc5759340, 0x0000025fc5759468]
Event: 23556.024 Thread 0x0000025fcb7507e0 20820       1       org.eclipse.jdt.internal.compiler.ClassFile$$Lambda$1391/0x0000000100a4b3d8::<init> (10 bytes)
Event: 23556.024 Thread 0x0000025fcb7507e0 nmethod 20820 0x0000025fc578d990 code [0x0000025fc578db20, 0x0000025fc578dbf8]
Event: 23556.024 Thread 0x0000025fcb7507e0 20821       1       org.eclipse.jdt.internal.compiler.ClassFile$$Lambda$1392/0x0000000100a4b620::<init> (10 bytes)
Event: 23556.024 Thread 0x0000025fcb7507e0 nmethod 20821 0x0000025fc578d690 code [0x0000025fc578d820, 0x0000025fc578d938]
Event: 23556.472 Thread 0x0000025fcb7507e0 20822   !   1       org.eclipse.jdt.internal.compiler.ast.FieldDeclaration::resolve (971 bytes)
Event: 23556.475 Thread 0x0000025fcb7507e0 nmethod 20822 0x0000025fc588c210 code [0x0000025fc588c6e0, 0x0000025fc588e4d8]
Event: 23557.323 Thread 0x0000025fcb7507e0 20823       1       org.eclipse.jdt.internal.compiler.ast.FieldDeclaration::generateCode (108 bytes)
Event: 23557.324 Thread 0x0000025fcb7507e0 nmethod 20823 0x0000025fc45f6d90 code [0x0000025fc45f6f80, 0x0000025fc45f7278]
Event: 23666.850 Thread 0x0000025fcb7507e0 20824       1       org.eclipse.jdt.internal.compiler.ast.ParameterizedSingleTypeReference::traverse (178 bytes)
Event: 23666.851 Thread 0x0000025fcb7507e0 nmethod 20824 0x0000025fc5796090 code [0x0000025fc5796280, 0x0000025fc5796668]
Event: 23666.851 Thread 0x0000025fcb7507e0 20825       1       org.eclipse.jdt.internal.compiler.ASTVisitor::endVisit (1 bytes)
Event: 23666.851 Thread 0x0000025fcb7507e0 nmethod 20825 0x0000025fc45f6810 code [0x0000025fc45f69a0, 0x0000025fc45f6a58]

GC Heap History (20 events):
Event: 26325.410 GC heap before
{Heap before GC invocations=5924 (full 1375):
 garbage-first heap   total 321536K, used 96098K [0x00000000c0000000, 0x0000000100000000)
  region size 1024K, 1 young (1024K), 0 survivors (0K)
 Metaspace       used 77759K, committed 78400K, reserved 1179648K
  class space    used 10704K, committed 10944K, reserved 1048576K
}
Event: 26325.461 GC heap after
{Heap after GC invocations=5925 (full 1376):
 garbage-first heap   total 321536K, used 96098K [0x00000000c0000000, 0x0000000100000000)
  region size 1024K, 0 young (0K), 0 survivors (0K)
 Metaspace       used 77759K, committed 78400K, reserved 1179648K
  class space    used 10704K, committed 10944K, reserved 1048576K
}
Event: 26335.618 GC heap before
{Heap before GC invocations=5925 (full 1376):
 garbage-first heap   total 321536K, used 96098K [0x00000000c0000000, 0x0000000100000000)
  region size 1024K, 1 young (1024K), 0 survivors (0K)
 Metaspace       used 77759K, committed 78400K, reserved 1179648K
  class space    used 10704K, committed 10944K, reserved 1048576K
}
Event: 26335.669 GC heap after
{Heap after GC invocations=5926 (full 1377):
 garbage-first heap   total 321536K, used 96098K [0x00000000c0000000, 0x0000000100000000)
  region size 1024K, 0 young (0K), 0 survivors (0K)
 Metaspace       used 77759K, committed 78400K, reserved 1179648K
  class space    used 10704K, committed 10944K, reserved 1048576K
}
Event: 26345.834 GC heap before
{Heap before GC invocations=5926 (full 1377):
 garbage-first heap   total 321536K, used 96098K [0x00000000c0000000, 0x0000000100000000)
  region size 1024K, 1 young (1024K), 0 survivors (0K)
 Metaspace       used 77759K, committed 78400K, reserved 1179648K
  class space    used 10704K, committed 10944K, reserved 1048576K
}
Event: 26345.887 GC heap after
{Heap after GC invocations=5927 (full 1378):
 garbage-first heap   total 321536K, used 96098K [0x00000000c0000000, 0x0000000100000000)
  region size 1024K, 0 young (0K), 0 survivors (0K)
 Metaspace       used 77759K, committed 78400K, reserved 1179648K
  class space    used 10704K, committed 10944K, reserved 1048576K
}
Event: 26356.043 GC heap before
{Heap before GC invocations=5927 (full 1378):
 garbage-first heap   total 321536K, used 96098K [0x00000000c0000000, 0x0000000100000000)
  region size 1024K, 1 young (1024K), 0 survivors (0K)
 Metaspace       used 77759K, committed 78400K, reserved 1179648K
  class space    used 10704K, committed 10944K, reserved 1048576K
}
Event: 26356.095 GC heap after
{Heap after GC invocations=5928 (full 1379):
 garbage-first heap   total 321536K, used 96098K [0x00000000c0000000, 0x0000000100000000)
  region size 1024K, 0 young (0K), 0 survivors (0K)
 Metaspace       used 77759K, committed 78400K, reserved 1179648K
  class space    used 10704K, committed 10944K, reserved 1048576K
}
Event: 26366.267 GC heap before
{Heap before GC invocations=5928 (full 1379):
 garbage-first heap   total 321536K, used 96098K [0x00000000c0000000, 0x0000000100000000)
  region size 1024K, 1 young (1024K), 0 survivors (0K)
 Metaspace       used 77759K, committed 78400K, reserved 1179648K
  class space    used 10704K, committed 10944K, reserved 1048576K
}
Event: 26366.314 GC heap after
{Heap after GC invocations=5929 (full 1380):
 garbage-first heap   total 321536K, used 96098K [0x00000000c0000000, 0x0000000100000000)
  region size 1024K, 0 young (0K), 0 survivors (0K)
 Metaspace       used 77759K, committed 78400K, reserved 1179648K
  class space    used 10704K, committed 10944K, reserved 1048576K
}
Event: 26376.506 GC heap before
{Heap before GC invocations=5929 (full 1380):
 garbage-first heap   total 321536K, used 96098K [0x00000000c0000000, 0x0000000100000000)
  region size 1024K, 1 young (1024K), 0 survivors (0K)
 Metaspace       used 77759K, committed 78400K, reserved 1179648K
  class space    used 10704K, committed 10944K, reserved 1048576K
}
Event: 26376.553 GC heap after
{Heap after GC invocations=5930 (full 1381):
 garbage-first heap   total 321536K, used 96098K [0x00000000c0000000, 0x0000000100000000)
  region size 1024K, 0 young (0K), 0 survivors (0K)
 Metaspace       used 77759K, committed 78400K, reserved 1179648K
  class space    used 10704K, committed 10944K, reserved 1048576K
}
Event: 26386.733 GC heap before
{Heap before GC invocations=5930 (full 1381):
 garbage-first heap   total 321536K, used 96098K [0x00000000c0000000, 0x0000000100000000)
  region size 1024K, 1 young (1024K), 0 survivors (0K)
 Metaspace       used 77759K, committed 78400K, reserved 1179648K
  class space    used 10704K, committed 10944K, reserved 1048576K
}
Event: 26386.778 GC heap after
{Heap after GC invocations=5931 (full 1382):
 garbage-first heap   total 321536K, used 96098K [0x00000000c0000000, 0x0000000100000000)
  region size 1024K, 0 young (0K), 0 survivors (0K)
 Metaspace       used 77759K, committed 78400K, reserved 1179648K
  class space    used 10704K, committed 10944K, reserved 1048576K
}
Event: 26396.975 GC heap before
{Heap before GC invocations=5931 (full 1382):
 garbage-first heap   total 321536K, used 96098K [0x00000000c0000000, 0x0000000100000000)
  region size 1024K, 1 young (1024K), 0 survivors (0K)
 Metaspace       used 77759K, committed 78400K, reserved 1179648K
  class space    used 10704K, committed 10944K, reserved 1048576K
}
Event: 26397.022 GC heap after
{Heap after GC invocations=5932 (full 1383):
 garbage-first heap   total 321536K, used 96098K [0x00000000c0000000, 0x0000000100000000)
  region size 1024K, 0 young (0K), 0 survivors (0K)
 Metaspace       used 77759K, committed 78400K, reserved 1179648K
  class space    used 10704K, committed 10944K, reserved 1048576K
}
Event: 26407.193 GC heap before
{Heap before GC invocations=5932 (full 1383):
 garbage-first heap   total 321536K, used 96098K [0x00000000c0000000, 0x0000000100000000)
  region size 1024K, 1 young (1024K), 0 survivors (0K)
 Metaspace       used 77759K, committed 78400K, reserved 1179648K
  class space    used 10704K, committed 10944K, reserved 1048576K
}
Event: 26407.241 GC heap after
{Heap after GC invocations=5933 (full 1384):
 garbage-first heap   total 321536K, used 96098K [0x00000000c0000000, 0x0000000100000000)
  region size 1024K, 0 young (0K), 0 survivors (0K)
 Metaspace       used 77759K, committed 78400K, reserved 1179648K
  class space    used 10704K, committed 10944K, reserved 1048576K
}
Event: 26457.479 GC heap before
{Heap before GC invocations=5933 (full 1384):
 garbage-first heap   total 321536K, used 96098K [0x00000000c0000000, 0x0000000100000000)
  region size 1024K, 1 young (1024K), 0 survivors (0K)
 Metaspace       used 77759K, committed 78400K, reserved 1179648K
  class space    used 10704K, committed 10944K, reserved 1048576K
}
Event: 26457.531 GC heap after
{Heap after GC invocations=5934 (full 1385):
 garbage-first heap   total 321536K, used 96099K [0x00000000c0000000, 0x0000000100000000)
  region size 1024K, 0 young (0K), 0 survivors (0K)
 Metaspace       used 77759K, committed 78400K, reserved 1179648K
  class space    used 10704K, committed 10944K, reserved 1048576K
}

Dll operation events (10 events):
Event: 0.010 Loaded shared library c:\Users\Administrator\.vscode\extensions\redhat.java-1.19.0-win32-x64\jre\17.0.7-win32-x86_64\bin\java.dll
Event: 0.217 Loaded shared library C:\Users\Administrator\.vscode\extensions\redhat.java-1.19.0-win32-x64\jre\17.0.7-win32-x86_64\bin\net.dll
Event: 0.220 Loaded shared library C:\Users\Administrator\.vscode\extensions\redhat.java-1.19.0-win32-x64\jre\17.0.7-win32-x86_64\bin\nio.dll
Event: 0.484 Loaded shared library C:\Users\Administrator\.vscode\extensions\redhat.java-1.19.0-win32-x64\jre\17.0.7-win32-x86_64\bin\zip.dll
Event: 6.532 Loaded shared library C:\Users\Administrator\.vscode\extensions\redhat.java-1.19.0-win32-x64\jre\17.0.7-win32-x86_64\bin\jimage.dll
Event: 11.976 Loaded shared library C:\Users\Administrator\.vscode\extensions\redhat.java-1.19.0-win32-x64\jre\17.0.7-win32-x86_64\bin\management.dll
Event: 11.978 Loaded shared library C:\Users\Administrator\.vscode\extensions\redhat.java-1.19.0-win32-x64\jre\17.0.7-win32-x86_64\bin\management_ext.dll
Event: 15.363 Loaded shared library C:\Users\Administrator\.vscode\extensions\redhat.java-1.19.0-win32-x64\jre\17.0.7-win32-x86_64\bin\sunmscapi.dll
Event: 22.016 Loaded shared library c:\Users\Administrator\.vscode\extensions\redhat.java-1.19.0-win32-x64\jre\17.0.7-win32-x86_64\bin\verify.dll
Event: 26.271 Loaded shared library C:\Users\Administrator\AppData\Local\Temp\snappy-1.1.8-2d501973-8f8a-47ac-bf48-bc387e920e08-snappyjava.dll

Deoptimization events (20 events):
Event: 4374.695 Thread 0x0000025fd13ee830 DEOPT PACKING pc=0x0000025fc42431bc sp=0x000000be366fbdd0
Event: 4374.695 Thread 0x0000025fd13ee830 DEOPT UNPACKING pc=0x0000025fc31b7143 sp=0x000000be366fb3b8 mode 0
Event: 4374.696 Thread 0x0000025fd13ee830 DEOPT PACKING pc=0x0000025fc42431bc sp=0x000000be366fc4d0
Event: 4374.696 Thread 0x0000025fd13ee830 DEOPT UNPACKING pc=0x0000025fc31b7143 sp=0x000000be366fbad0 mode 0
Event: 4374.696 Thread 0x0000025fd13ee830 DEOPT PACKING pc=0x0000025fc452e08c sp=0x000000be366fc7d0
Event: 4374.696 Thread 0x0000025fd13ee830 DEOPT UNPACKING pc=0x0000025fc31b7143 sp=0x000000be366fbd98 mode 0
Event: 4374.696 Thread 0x0000025fd13ee830 DEOPT PACKING pc=0x0000025fc42431bc sp=0x000000be366fca60
Event: 4374.696 Thread 0x0000025fd13ee830 DEOPT UNPACKING pc=0x0000025fc31b7143 sp=0x000000be366fc060 mode 0
Event: 4374.696 Thread 0x0000025fd13ee830 DEOPT PACKING pc=0x0000025fc42431bc sp=0x000000be366fd0d0
Event: 4374.696 Thread 0x0000025fd13ee830 DEOPT UNPACKING pc=0x0000025fc31b7143 sp=0x000000be366fc6d0 mode 0
Event: 4429.838 Thread 0x0000025fdb3c2640 DEOPT PACKING pc=0x0000025fc3b2bab6 sp=0x000000be372fd4e0
Event: 4429.838 Thread 0x0000025fdb3c2640 DEOPT UNPACKING pc=0x0000025fc31b7143 sp=0x000000be372fca00 mode 3
Event: 4587.247 Thread 0x0000025fdb468da0 DEOPT PACKING pc=0x0000025fc53e85cc sp=0x000000be36ffe270
Event: 4587.247 Thread 0x0000025fdb468da0 DEOPT UNPACKING pc=0x0000025fc31b7143 sp=0x000000be36ffd768 mode 0
Event: 5248.105 Thread 0x0000025fd1bf81e0 DEOPT PACKING pc=0x0000025fc53d9ebd sp=0x000000be36bfd250
Event: 5248.105 Thread 0x0000025fd1bf81e0 DEOPT UNPACKING pc=0x0000025fc31b7143 sp=0x000000be36bfc7b8 mode 3
Event: 21629.592 Thread 0x0000025fdb771560 DEOPT PACKING pc=0x0000025fc4fd59d4 sp=0x000000be387fdde0
Event: 21629.592 Thread 0x0000025fdb771560 DEOPT UNPACKING pc=0x0000025fc31b7143 sp=0x000000be387fd318 mode 0
Event: 21629.592 Thread 0x0000025fdb771560 DEOPT PACKING pc=0x0000025fc4fd95fc sp=0x000000be387fdf20
Event: 21629.592 Thread 0x0000025fdb771560 DEOPT UNPACKING pc=0x0000025fc31b7143 sp=0x000000be387fd4c8 mode 0

Classes unloaded (20 events):
Event: 22752.884 Thread 0x0000025fcb727260 Unloading class 0x0000000100ac0800 'jdk/internal/reflect/GeneratedConstructorAccessor164'
Event: 22752.884 Thread 0x0000025fcb727260 Unloading class 0x0000000100ad4400 'jdk/internal/reflect/GeneratedConstructorAccessor163'
Event: 22752.884 Thread 0x0000025fcb727260 Unloading class 0x0000000100ad8000 'jdk/internal/reflect/GeneratedConstructorAccessor162'
Event: 22752.884 Thread 0x0000025fcb727260 Unloading class 0x0000000100a42000 'jdk/internal/reflect/GeneratedMethodAccessor102'
Event: 22752.884 Thread 0x0000025fcb727260 Unloading class 0x0000000100394400 'jdk/internal/reflect/GeneratedConstructorAccessor161'
Event: 22763.089 Thread 0x0000025fcb727260 Unloading class 0x0000000100abd400 'jdk/internal/reflect/GeneratedMethodAccessor103'
Event: 22865.367 Thread 0x0000025fcb727260 Unloading class 0x0000000100ac2000 'jdk/internal/reflect/GeneratedMethodAccessor108'
Event: 22865.367 Thread 0x0000025fcb727260 Unloading class 0x0000000100a49400 'jdk/internal/reflect/GeneratedConstructorAccessor168'
Event: 22865.367 Thread 0x0000025fcb727260 Unloading class 0x0000000100a49000 'jdk/internal/reflect/GeneratedMethodAccessor107'
Event: 22865.367 Thread 0x0000025fcb727260 Unloading class 0x00000001006a4000 'jdk/internal/reflect/GeneratedConstructorAccessor167'
Event: 22865.367 Thread 0x0000025fcb727260 Unloading class 0x0000000100ad9c00 'jdk/internal/reflect/GeneratedMethodAccessor106'
Event: 22865.367 Thread 0x0000025fcb727260 Unloading class 0x0000000100539c00 'jdk/internal/reflect/GeneratedMethodAccessor105'
Event: 22865.367 Thread 0x0000025fcb727260 Unloading class 0x0000000100a6d400 'jdk/internal/reflect/GeneratedMethodAccessor104'
Event: 24269.447 Thread 0x0000025fcb727260 Unloading class 0x0000000100a6d800 'jdk/internal/reflect/GeneratedMethodAccessor113'
Event: 24269.447 Thread 0x0000025fcb727260 Unloading class 0x0000000100ad5c00 'jdk/internal/reflect/GeneratedConstructorAccessor170'
Event: 24269.447 Thread 0x0000025fcb727260 Unloading class 0x0000000100abd400 'jdk/internal/reflect/GeneratedMethodAccessor112'
Event: 24269.447 Thread 0x0000025fcb727260 Unloading class 0x0000000100a6d400 'jdk/internal/reflect/GeneratedConstructorAccessor169'
Event: 24269.447 Thread 0x0000025fcb727260 Unloading class 0x0000000100539c00 'jdk/internal/reflect/GeneratedMethodAccessor111'
Event: 24269.447 Thread 0x0000025fcb727260 Unloading class 0x0000000100ad9c00 'jdk/internal/reflect/GeneratedMethodAccessor110'
Event: 24269.447 Thread 0x0000025fcb727260 Unloading class 0x00000001006a4000 'jdk/internal/reflect/GeneratedMethodAccessor109'

Classes redefined (0 events):
No events

Internal exceptions (20 events):
Event: 23668.340 Thread 0x0000025fdbaba4d0 Exception <a 'sun/nio/fs/WindowsException'{0x00000000cee5dbb0}> (0x00000000cee5dbb0) 
thrown [s\src\hotspot\share\prims\jni.cpp, line 516]
Event: 23668.342 Thread 0x0000025fdbaba4d0 Exception <a 'sun/nio/fs/WindowsException'{0x00000000cee5e988}> (0x00000000cee5e988) 
thrown [s\src\hotspot\share\prims\jni.cpp, line 516]
Event: 23668.428 Thread 0x0000025fdbaba4d0 Exception <a 'sun/nio/fs/WindowsException'{0x00000000cdfe7ed8}> (0x00000000cdfe7ed8) 
thrown [s\src\hotspot\share\prims\jni.cpp, line 516]
Event: 23668.428 Thread 0x0000025fdbaba4d0 Exception <a 'sun/nio/fs/WindowsException'{0x00000000cdfe8140}> (0x00000000cdfe8140) 
thrown [s\src\hotspot\share\prims\jni.cpp, line 516]
Event: 23668.428 Thread 0x0000025fdbaba4d0 Exception <a 'sun/nio/fs/WindowsException'{0x00000000cdfe8f98}> (0x00000000cdfe8f98) 
thrown [s\src\hotspot\share\prims\jni.cpp, line 516]
Event: 23668.428 Thread 0x0000025fdbaba4d0 Exception <a 'sun/nio/fs/WindowsException'{0x00000000cdfe9220}> (0x00000000cdfe9220) 
thrown [s\src\hotspot\share\prims\jni.cpp, line 516]
Event: 23669.637 Thread 0x0000025fdbe2f400 Exception <a 'sun/nio/fs/WindowsException'{0x00000000ce3ef740}> (0x00000000ce3ef740) 
thrown [s\src\hotspot\share\prims\jni.cpp, line 516]
Event: 23669.640 Thread 0x0000025fdbe2f400 Exception <a 'sun/nio/fs/WindowsException'{0x00000000ce3f0518}> (0x00000000ce3f0518) 
thrown [s\src\hotspot\share\prims\jni.cpp, line 516]
Event: 23670.624 Thread 0x0000025fdbe2f400 Exception <a 'sun/nio/fs/WindowsException'{0x00000000d2c57d98}> (0x00000000d2c57d98) 
thrown [s\src\hotspot\share\prims\jni.cpp, line 516]
Event: 23670.625 Thread 0x0000025fdbe2f400 Exception <a 'sun/nio/fs/WindowsException'{0x00000000d2c58b70}> (0x00000000d2c58b70) 
thrown [s\src\hotspot\share\prims\jni.cpp, line 516]
Event: 23679.120 Thread 0x0000025fdbe2f400 Exception <a 'sun/nio/fs/WindowsException'{0x00000000d192e950}> (0x00000000d192e950) 
thrown [s\src\hotspot\share\prims\jni.cpp, line 516]
Event: 23679.120 Thread 0x0000025fdbe2f400 Exception <a 'sun/nio/fs/WindowsException'{0x00000000d192f728}> (0x00000000d192f728) 
thrown [s\src\hotspot\share\prims\jni.cpp, line 516]
Event: 23679.395 Thread 0x0000025fdbe2f400 Exception <a 'sun/nio/fs/WindowsException'{0x00000000d10d9720}> (0x00000000d10d9720) 
thrown [s\src\hotspot\share\prims\jni.cpp, line 516]
Event: 23679.396 Thread 0x0000025fdbe2f400 Exception <a 'sun/nio/fs/WindowsException'{0x00000000d10da4f8}> (0x00000000d10da4f8) 
thrown [s\src\hotspot\share\prims\jni.cpp, line 516]
Event: 23680.729 Thread 0x0000025fdbe2f400 Exception <a 'sun/nio/fs/WindowsException'{0x00000000d09840d8}> (0x00000000d09840d8) 
thrown [s\src\hotspot\share\prims\jni.cpp, line 516]
Event: 23680.729 Thread 0x0000025fdbe2f400 Exception <a 'sun/nio/fs/WindowsException'{0x00000000d0984eb0}> (0x00000000d0984eb0) 
thrown [s\src\hotspot\share\prims\jni.cpp, line 516]
Event: 23681.216 Thread 0x0000025fdbe2f400 Exception <a 'sun/nio/fs/WindowsException'{0x00000000cf65ca80}> (0x00000000cf65ca80) 
thrown [s\src\hotspot\share\prims\jni.cpp, line 516]
Event: 23681.217 Thread 0x0000025fdbe2f400 Exception <a 'sun/nio/fs/WindowsException'{0x00000000cf65d858}> (0x00000000cf65d858) 
thrown [s\src\hotspot\share\prims\jni.cpp, line 516]
Event: 23686.112 Thread 0x0000025fdbe2f400 Exception <a 'sun/nio/fs/WindowsException'{0x00000000cef34d40}> (0x00000000cef34d40) 
thrown [s\src\hotspot\share\prims\jni.cpp, line 516]
Event: 23686.112 Thread 0x0000025fdbe2f400 Exception <a 'sun/nio/fs/WindowsException'{0x00000000cef35b18}> (0x00000000cef35b18) 
thrown [s\src\hotspot\share\prims\jni.cpp, line 516]

VM Operations (20 events):
Event: 26325.461 Executing VM operation: G1CollectFull done
Event: 26335.618 Executing VM operation: G1CollectFull
Event: 26335.669 Executing VM operation: G1CollectFull done
Event: 26345.834 Executing VM operation: G1CollectFull
Event: 26345.887 Executing VM operation: G1CollectFull done
Event: 26356.043 Executing VM operation: G1CollectFull
Event: 26356.095 Executing VM operation: G1CollectFull done
Event: 26366.267 Executing VM operation: G1CollectFull
Event: 26366.314 Executing VM operation: G1CollectFull done
Event: 26376.506 Executing VM operation: G1CollectFull
Event: 26376.553 Executing VM operation: G1CollectFull done
Event: 26386.733 Executing VM operation: G1CollectFull
Event: 26386.778 Executing VM operation: G1CollectFull done
Event: 26396.975 Executing VM operation: G1CollectFull
Event: 26397.022 Executing VM operation: G1CollectFull done
Event: 26407.193 Executing VM operation: G1CollectFull
Event: 26407.241 Executing VM operation: G1CollectFull done
Event: 26457.479 Executing VM operation: G1CollectFull
Event: 26457.531 Executing VM operation: G1CollectFull done
Event: 26467.729 Executing VM operation: G1CollectFull

Events (20 events):
Event: 23749.324 Thread 0x0000025fdbe2f400 Thread exited: 0x0000025fdbe2f400
Event: 23749.324 Thread 0x0000025fdb3c2640 Thread exited: 0x0000025fdb3c2640
Event: 23788.108 Thread 0x0000025fdbaba000 Thread added: 0x0000025fdbaba000
Event: 23788.108 Thread 0x0000025fdbaba9a0 Thread added: 0x0000025fdbaba9a0
Event: 23848.122 Thread 0x0000025fdbaba9a0 Thread exited: 0x0000025fdbaba9a0
Event: 23848.122 Thread 0x0000025fdbaba4d0 Thread exited: 0x0000025fdbaba4d0
Event: 23848.122 Thread 0x0000025fdbaba000 Thread exited: 0x0000025fdbaba000
Event: 23972.144 Thread 0x0000025fdba884a0 Thread added: 0x0000025fdba884a0
Event: 23972.144 Thread 0x0000025fdba88970 Thread added: 0x0000025fdba88970
Event: 23972.145 Thread 0x0000025fdb468da0 Thread added: 0x0000025fdb468da0
Event: 24032.170 Thread 0x0000025fdb468da0 Thread exited: 0x0000025fdb468da0
Event: 24032.170 Thread 0x0000025fdba88970 Thread exited: 0x0000025fdba88970
Event: 24032.170 Thread 0x0000025fdba884a0 Thread exited: 0x0000025fdba884a0
Event: 24036.298 Thread 0x0000025fdb468da0 Thread added: 0x0000025fdb468da0
Event: 24036.300 Thread 0x0000025fdba88970 Thread added: 0x0000025fdba88970
Event: 24036.308 Thread 0x0000025fdb46c290 Thread added: 0x0000025fdb46c290
Event: 24096.312 Thread 0x0000025fdb468da0 Thread exited: 0x0000025fdb468da0
Event: 24096.615 Thread 0x0000025fdba88970 Thread exited: 0x0000025fdba88970
Event: 24101.564 Thread 0x0000025fdb46c290 Thread exited: 0x0000025fdb46c290
Event: 26414.931 Thread 0x0000025fdb3c0e30 Thread added: 0x0000025fdb3c0e30


Dynamic libraries:
0x00007ff61ef20000 - 0x00007ff61ef2e000 	c:\Users\Administrator\.vscode\extensions\redhat.java-1.19.0-win32-x64\jre\17.0.7-win32-x86_64\bin\java.exe
0x00007ffc4ae50000 - 0x00007ffc4b048000 	C:\WINDOWS\SYSTEM32\ntdll.dll
0x00007ffc49ce0000 - 0x00007ffc49d9f000 	C:\WINDOWS\System32\KERNEL32.DLL
0x00007ffc48560000 - 0x00007ffc48856000 	C:\WINDOWS\System32\KERNELBASE.dll
0x00007ffc48a30000 - 0x00007ffc48b30000 	C:\WINDOWS\System32\ucrtbase.dll
0x00007ffc237d0000 - 0x00007ffc237e7000 	c:\Users\Administrator\.vscode\extensions\redhat.java-1.19.0-win32-x64\jre\17.0.7-win32-x86_64\bin\jli.dll
0x00007ffc4a690000 - 0x00007ffc4a82d000 	C:\WINDOWS\System32\USER32.dll
0x00007ffc48b30000 - 0x00007ffc48b52000 	C:\WINDOWS\System32\win32u.dll
0x00007ffc4ade0000 - 0x00007ffc4ae0c000 	C:\WINDOWS\System32\GDI32.dll
0x00007ffc48ce0000 - 0x00007ffc48df5000 	C:\WINDOWS\System32\gdi32full.dll
0x00007ffc48bb0000 - 0x00007ffc48c4d000 	C:\WINDOWS\System32\msvcp_win.dll
0x00007ffc1fe20000 - 0x00007ffc1fe39000 	c:\Users\Administrator\.vscode\extensions\redhat.java-1.19.0-win32-x64\jre\17.0.7-win32-x86_64\bin\VCRUNTIME140.dll
0x00007ffc3b140000 - 0x00007ffc3b3da000 	C:\WINDOWS\WinSxS\amd64_microsoft.windows.common-controls_6595b64144ccf1df_6.0.19041.1110_none_60b5254171f9507e\COMCTL32.dll
0x00007ffc49820000 - 0x00007ffc498be000 	C:\WINDOWS\System32\msvcrt.dll
0x00007ffc4a900000 - 0x00007ffc4a930000 	C:\WINDOWS\System32\IMM32.DLL
0x00007ffc25c00000 - 0x00007ffc25c0c000 	c:\Users\Administrator\.vscode\extensions\redhat.java-1.19.0-win32-x64\jre\17.0.7-win32-x86_64\bin\vcruntime140_1.dll
0x00007ffbed920000 - 0x00007ffbed9b1000 	c:\Users\Administrator\.vscode\extensions\redhat.java-1.19.0-win32-x64\jre\17.0.7-win32-x86_64\bin\msvcp140.dll
0x00007ffba15d0000 - 0x00007ffba2218000 	c:\Users\Administrator\.vscode\extensions\redhat.java-1.19.0-win32-x64\jre\17.0.7-win32-x86_64\bin\server\jvm.dll
0x00007ffc4ad30000 - 0x00007ffc4addf000 	C:\WINDOWS\System32\ADVAPI32.dll
0x00007ffc4a5d0000 - 0x00007ffc4a66c000 	C:\WINDOWS\System32\sechost.dll
0x00007ffc4ab50000 - 0x00007ffc4ac76000 	C:\WINDOWS\System32\RPCRT4.dll
0x00007ffc3de20000 - 0x00007ffc3de29000 	C:\WINDOWS\SYSTEM32\WSOCK32.dll
0x00007ffc4aae0000 - 0x00007ffc4ab4b000 	C:\WINDOWS\System32\WS2_32.dll
0x00007ffc3ca20000 - 0x00007ffc3ca47000 	C:\WINDOWS\SYSTEM32\WINMM.dll
0x00007ffc42380000 - 0x00007ffc4238a000 	C:\WINDOWS\SYSTEM32\VERSION.dll
0x00007ffc462e0000 - 0x00007ffc462f2000 	C:\WINDOWS\SYSTEM32\kernel.appcore.dll
0x00007ffc23830000 - 0x00007ffc2383a000 	c:\Users\Administrator\.vscode\extensions\redhat.java-1.19.0-win32-x64\jre\17.0.7-win32-x86_64\bin\jimage.dll
0x00007ffc412a0000 - 0x00007ffc41484000 	C:\WINDOWS\SYSTEM32\DBGHELP.DLL
0x00007ffc411d0000 - 0x00007ffc41204000 	C:\WINDOWS\SYSTEM32\dbgcore.DLL
0x00007ffc48c50000 - 0x00007ffc48cd2000 	C:\WINDOWS\System32\bcryptPrimitives.dll
0x00007ffc12bc0000 - 0x00007ffc12be5000 	c:\Users\Administrator\.vscode\extensions\redhat.java-1.19.0-win32-x64\jre\17.0.7-win32-x86_64\bin\java.dll
0x00007ffc0d320000 - 0x00007ffc0d338000 	c:\Users\Administrator\.vscode\extensions\redhat.java-1.19.0-win32-x64\jre\17.0.7-win32-x86_64\bin\zip.dll
0x00007ffc48eb0000 - 0x00007ffc495f4000 	C:\WINDOWS\System32\SHELL32.dll
0x00007ffc465c0000 - 0x00007ffc46d53000 	C:\WINDOWS\SYSTEM32\windows.storage.dll
0x00007ffc49980000 - 0x00007ffc49cd4000 	C:\WINDOWS\System32\combase.dll
0x00007ffc47dc0000 - 0x00007ffc47dee000 	C:\WINDOWS\SYSTEM32\Wldp.dll
0x00007ffc498c0000 - 0x00007ffc4996d000 	C:\WINDOWS\System32\SHCORE.dll
0x00007ffc49e00000 - 0x00007ffc49e55000 	C:\WINDOWS\System32\shlwapi.dll
0x00007ffc48470000 - 0x00007ffc4848f000 	C:\WINDOWS\SYSTEM32\profapi.dll
0x00007ffc00760000 - 0x00007ffc00779000 	C:\Users\Administrator\.vscode\extensions\redhat.java-1.19.0-win32-x64\jre\17.0.7-win32-x86_64\bin\net.dll
0x00007ffc42f50000 - 0x00007ffc4305a000 	C:\WINDOWS\SYSTEM32\WINHTTP.dll
0x00007ffc47ba0000 - 0x00007ffc47c0a000 	C:\WINDOWS\system32\mswsock.dll
0x00007ffbfef90000 - 0x00007ffbfefa5000 	C:\Users\Administrator\.vscode\extensions\redhat.java-1.19.0-win32-x64\jre\17.0.7-win32-x86_64\bin\nio.dll
0x00007ffc47ee0000 - 0x00007ffc47ef8000 	C:\WINDOWS\SYSTEM32\CRYPTSP.dll
0x00007ffc474e0000 - 0x00007ffc47514000 	C:\WINDOWS\system32\rsaenh.dll
0x00007ffc48530000 - 0x00007ffc48557000 	C:\WINDOWS\System32\bcrypt.dll
0x00007ffc483f0000 - 0x00007ffc4841e000 	C:\WINDOWS\SYSTEM32\USERENV.dll
0x00007ffc47d30000 - 0x00007ffc47d3c000 	C:\WINDOWS\SYSTEM32\CRYPTBASE.dll
0x00007ffc478b0000 - 0x00007ffc478ec000 	C:\WINDOWS\SYSTEM32\IPHLPAPI.DLL
0x00007ffc49970000 - 0x00007ffc49978000 	C:\WINDOWS\System32\NSI.dll
0x00007ffc43830000 - 0x00007ffc43847000 	C:\WINDOWS\SYSTEM32\dhcpcsvc6.DLL
0x00007ffc43800000 - 0x00007ffc4381d000 	C:\WINDOWS\SYSTEM32\dhcpcsvc.DLL
0x00007ffc478f0000 - 0x00007ffc479ba000 	C:\WINDOWS\SYSTEM32\DNSAPI.dll
0x00007ffc1fe10000 - 0x00007ffc1fe19000 	C:\Users\Administrator\.vscode\extensions\redhat.java-1.19.0-win32-x64\jre\17.0.7-win32-x86_64\bin\management.dll
0x00007ffc1fd30000 - 0x00007ffc1fd3b000 	C:\Users\Administrator\.vscode\extensions\redhat.java-1.19.0-win32-x64\jre\17.0.7-win32-x86_64\bin\management_ext.dll
0x00007ffc49600000 - 0x00007ffc49608000 	C:\WINDOWS\System32\PSAPI.DLL
0x00007ffc27760000 - 0x00007ffc2776e000 	C:\Users\Administrator\.vscode\extensions\redhat.java-1.19.0-win32-x64\jre\17.0.7-win32-x86_64\bin\sunmscapi.dll
0x00007ffc488d0000 - 0x00007ffc48a2e000 	C:\WINDOWS\System32\CRYPT32.dll
0x00007ffc47eb0000 - 0x00007ffc47ed8000 	C:\WINDOWS\SYSTEM32\ncrypt.dll
0x00007ffc47e60000 - 0x00007ffc47e9b000 	C:\WINDOWS\SYSTEM32\NTASN1.dll
0x00007ffc424c0000 - 0x00007ffc424ca000 	C:\Windows\System32\rasadhlp.dll
0x00007ffc429f0000 - 0x00007ffc42a72000 	C:\WINDOWS\System32\fwpuclnt.dll
0x00007ffc20580000 - 0x00007ffc20590000 	c:\Users\Administrator\.vscode\extensions\redhat.java-1.19.0-win32-x64\jre\17.0.7-win32-x86_64\bin\verify.dll
0x000000006c500000 - 0x000000006c5c7000 	C:\Users\Administrator\AppData\Local\Temp\snappy-1.1.8-2d501973-8f8a-47ac-bf48-bc387e920e08-snappyjava.dll

dbghelp: loaded successfully - version: 4.0.5 - missing functions: none
symbol engine: initialized successfully - sym options: 0x614 - pdb path: .;c:\Users\Administrator\.vscode\extensions\redhat.java-1.19.0-win32-x64\jre\17.0.7-win32-x86_64\bin;C:\WINDOWS\SYSTEM32;C:\WINDOWS\WinSxS\amd64_microsoft.windows.common-controls_6595b64144ccf1df_6.0.19041.1110_none_60b5254171f9507e;c:\Users\Administrator\.vscode\extensions\redhat.java-1.19.0-win32-x64\jre\17.0.7-win32-x86_64\bin\server;C:\Users\Administrator\AppData\Local\Temp

VM Arguments:
jvm_args: -XX:+HeapDumpOnOutOfMemoryError -Xmx1024m -Dsts.lsp.client=vscode -Dsts.log.file=/dev/null -XX:TieredStopAtLevel=1 -Xlog:jni+resolve=off -Dspring.config.location=file:c:\Users\Administrator\.vscode\extensions\vmware.vscode-spring-boot-1.47.0\language-server\BOOT-INF\classes\application.properties 
java_command: org.springframework.ide.vscode.boot.app.BootLanguageServerBootApp
java_class_path (initial): c:\Users\Administrator\.vscode\extensions\vmware.vscode-spring-boot-1.47.0\language-server\BOOT-INF\classes;c:\Users\Administrator\.vscode\extensions\vmware.vscode-spring-boot-1.47.0\language-server\BOOT-INF\lib\annotations-24.0.1.jar;c:\Users\Administrator\.vscode\extensions\vmware.vscode-spring-boot-1.47.0\language-server\BOOT-INF\lib\antlr-runtime-3.5.3.jar;c:\Users\Administrator\.vscode\extensions\vmware.vscode-spring-boot-1.47.0\language-server\BOOT-INF\lib\antlr4-4.11.1.jar;c:\Users\Administrator\.vscode\extensions\vmware.vscode-spring-boot-1.47.0\language-server\BOOT-INF\lib\antlr4-runtime-4.11.1.jar;c:\Users\Administrator\.vscode\extensions\vmware.vscode-spring-boot-1.47.0\language-server\BOOT-INF\lib\aopalliance-1.0.jar;c:\Users\Administrator\.vscode\extensions\vmware.vscode-spring-boot-1.47.0\language-server\BOOT-INF\lib\asm-9.5.jar;c:\Users\Administrator\.vscode\extensions\vmware.vscode-spring-boot-1.47.0\language-server\BOOT-INF\lib\asm-analysis-9.5.jar;c:\Users\Administrator\.vscode\extensions\vmware.vscode-spring-boot-1.47.0\language-server\BOOT-INF\lib\asm-tree-9.5.jar;c:\Users\Administrator\.vscode\extensions\vmware.vscode-spring-boot-1.47.0\language-server\BOOT-INF\lib\asm-util-9.5.jar;c:\Users\Administrator\.vscode\extensions\vmware.vscode-spring-boot-1.47.0\language-server\BOOT-INF\lib\auto-common-1.2.1.jar;c:\Users\Administrator\.vscode\extensions\vmware.vscode-spring-boot-1.47.0\language-server\BOOT-INF\lib\auto-value-annotations-1.9.jar;c:\Users\Administrator\.vscode\extensions\vmware.vscode-spring-boot-1.47.0\language-server\BOOT-INF\lib\caffeine-3.1.2.jar;c:\Users\Administrator\.vscode\extensions\vmware.vscode-spring-boot-1.47.0\language-server\BOOT-INF\lib\checker-qual-3.12.0.jar;c:\Users\Administrator\.vscode\extensions\vmware.vscode-spring-boot-1.47.0\language-server\BOOT-INF\lib\classgraph-4.8.149.jar;c:\Users\Administrator\.vscode\extensions\vmware.vscode-spring-boot-1.47.0\language-server\BOOT-INF\lib\common
Launcher Type: SUN_STANDARD

[Global flags]
     intx CICompilerCount                          = 3                                         {product} {ergonomic}
     uint ConcGCThreads                            = 2                                         {product} {ergonomic}
     uint G1ConcRefinementThreads                  = 6                                         {product} {ergonomic}
   size_t G1HeapRegionSize                         = 1048576                                   {product} {ergonomic}
    uintx GCDrainStackTargetSize                   = 64                                        {product} {ergonomic}
     bool HeapDumpOnOutOfMemoryError               = true                                   {manageable} {command line}
   size_t InitialHeapSize                          = 536870912                                 {product} {ergonomic}
   size_t MarkStackSize                            = 4194304                                   {product} {ergonomic}
   size_t MaxHeapSize                              = 1073741824                                {product} {command line}
   size_t MaxNewSize                               = 643825664                                 {product} {ergonomic}
   size_t MinHeapDeltaBytes                        = 1048576                                   {product} {ergonomic}
   size_t MinHeapSize                              = 8388608                                   {product} {ergonomic}
    uintx NonProfiledCodeHeapSize                  = 0                                      {pd product} {ergonomic}
     bool ProfileInterpreter                       = false                                  {pd product} {command line}
    uintx ProfiledCodeHeapSize                     = 0                                      {pd product} {ergonomic}
   size_t SoftMaxHeapSize                          = 1073741824                             {manageable} {ergonomic}
     intx TieredStopAtLevel                        = 1                                         {product} {command line}
     bool UseCompressedClassPointers               = true                           {product lp64_product} {ergonomic}
     bool UseCompressedOops                        = true                           {product lp64_product} {ergonomic}
     bool UseG1GC                                  = true                                      {product} {ergonomic}
     bool UseLargePagesIndividualAllocation        = false                                  {pd product} {ergonomic}

Logging:
Log output configuration:
 #0: stdout all=warning,jni+resolve=off uptime,level,tags
 #1: stderr all=off uptime,level,tags

Environment Variables:
JAVA_HOME=C:\Program Files\Amazon Corretto\jdk11.0.18_10
PATH=C:\Users\Administrator\AppData\Local\cloud-code\installer\google-cloud-sdk\bin;C:\Program Files\Amazon Corretto\jdk11.0.18_10\bin;D:\app\hankuk1_006\product\11.2.0\dbhome_1\bin;D:\app\1_006\product\11.2.0\dbhome_4\bin;D:;app\1_006\product\11.2.0\dbhome_3\bin;C:;Program Files (x86)\Common Files\Oracle\Java\javapath;C:\WINDOWS\system32;C:\WINDOWS;C:\WINDOWS\System32\Wbem;C:\WINDOWS\System32\WindowsPowerShell\v1.0\;C:\WINDOWS\System32\OpenSSH\;C:\Program Files\Bandizip\;C:\Program Files\Docker\Docker\resources\bin;C:\Program Files\Git\cmd;C:\Program Files\Git LFS;C:\Program Files\dotnet\;C:\Program Files\Oracle\instantclient-basic-windows.x64-11.2.0.4.0\instantclient_11_2;C:\jdk18\bin;C:\Users\Administrator\AppData\Local\Microsoft\WindowsApps;C:\Users\Administrator\AppData\Local\Programs\Microsoft VS Code\bin;C:\Program Files\Oracle\instantclient-basic-windows.x64-11.2.0.4.0\instantclient_11_2;C:\jdk18\bin;C:\Users\Administrator\AppData\Local\GitHubDesktop\bin;C:\Program Files\JetBrains\IntelliJ IDEA 2023.1.2\bin;;C:\Users\Administrator\AppData\Local\Google\Cloud SDK\google-cloud-sdk\bin;C:\Program Files (x86)\Google\Cloud SDK\google-cloud-sdk\bin;C:\Program Files\Google\Cloud SDK\google-cloud-sdk\bin
USERNAME=Administrator
OS=Windows_NT
PROCESSOR_IDENTIFIER=Intel64 Family 6 Model 158 Stepping 10, GenuineIntel
TMP=C:\Users\ADMINI~1\AppData\Local\Temp
TEMP=C:\Users\ADMINI~1\AppData\Local\Temp



---------------  S Y S T E M  ---------------

OS:
 Windows 10 , 64 bit Build 19041 (10.0.19041.3031)
OS uptime: 13 days 14:08 hours
Hyper-V role detected

CPU: total 6 (initial active 6) (6 cores per cpu, 1 threads per core) family 6 model 158 stepping 10 microcode 0xb4, cx8, cmov, fxsr, mmx, 3dnowpref, sse, sse2, sse3, ssse3, sse4.1, sse4.2, popcnt, lzcnt, tsc, tscinvbit, avx, avx2, aes, erms, clmul, bmi1, bmi2, adx, fma, vzeroupper, clflush, clflushopt, hv

Memory: 4k page, system-wide physical 32712M (11782M free)
TotalPageFile size 34760M (AvailPageFile size 0M)
current process WorkingSet (physical memory assigned to process): 346M, peak: 1274M
current process commit charge ("private bytes"): 563M, peak: 1268M

vm_info: OpenJDK 64-Bit Server VM (17.0.7+7) for windows-amd64 JRE (17.0.7+7), built on Apr 18 2023 22:10:42 by "temurin" with MS VC++ 16.7 (VS2019)

END.
