#
# There is insufficient memory for the Java Runtime Environment to continue.
# Native memory allocation (malloc) failed to allocate 1048576 bytes for AllocateHeap
# Possible reasons:
#   The system is out of physical RAM or swap space
#   The process is running with CompressedOops enabled, and the Java Heap may be blocking the growth of the native heap
# Possible solutions:
#   Reduce memory load on the system
#   Increase physical memory or swap space
#   Check if swap backing store is full
#   Decrease Java heap size (-Xmx/-Xms)
#   Decrease number of Java threads
#   Decrease Java thread stack sizes (-Xss)
#   Set larger code cache with -XX:ReservedCodeCacheSize=
#   JVM is running with Unscaled Compressed Oops mode in which the Java heap is
#     placed in the first 4GB address space. The Java Heap base address is the
#     maximum limit for the native heap growth. Please use -XX:HeapBaseMinAddress
#     to set the Java Heap base and to place the Java Heap above 4GB virtual address.
# This output file may be truncated or incomplete.
#
#  Out of Memory Error (allocation.cpp:44), pid=24260, tid=30064
#
# JRE version: OpenJDK Runtime Environment Temurin-17.0.7+7 (17.0.7+7) (build 17.0.7+7)
# Java VM: OpenJDK 64-Bit Server VM Temurin-17.0.7+7 (17.0.7+7, mixed mode, emulated-client, tiered, compressed oops, compressed class ptrs, g1 gc, windows-amd64)
# No core dump will be written. Minidumps are not enabled by default on client versions of Windows
#

---------------  S U M M A R Y ------------

Command Line: -XX:+HeapDumpOnOutOfMemoryError -Xmx1024m -Dsts.lsp.client=vscode -Dsts.log.file=/dev/null -XX:TieredStopAtLevel=1 -Xlog:jni+resolve=off -Dspring.config.location=file:c:\Users\Administrator\.vscode\extensions\vmware.vscode-spring-boot-1.47.0\language-server\BOOT-INF\classes\application.properties org.springframework.ide.vscode.boot.app.BootLanguageServerBootApp

Host: Intel(R) Core(TM) i5-9400F CPU @ 2.90GHz, 6 cores, 31G,  Windows 10 , 64 bit Build 19041 (10.0.19041.3031)
Time: Thu Jun 29 16:45:33 2023  Windows 10 , 64 bit Build 19041 (10.0.19041.3031) elapsed time: 79256.184604 seconds (0d 22h 0m 56s)

---------------  T H R E A D  ---------------

Current thread (0x000001eee784b120):  VMThread "VM Thread" [stack: 0x0000007190500000,0x0000007190600000] [id=30064]

Stack: [0x0000007190500000,0x0000007190600000]
Native frames: (J=compiled Java code, j=interpreted, Vv=VM code, C=native code)
V  [jvm.dll+0x67754a]
V  [jvm.dll+0x834304]
V  [jvm.dll+0x835aae]
V  [jvm.dll+0x836113]
V  [jvm.dll+0x24696f]
V  [jvm.dll+0xa681f]
V  [jvm.dll+0x2f73f3]
V  [jvm.dll+0x2f30f0]
V  [jvm.dll+0x2db6c7]
V  [jvm.dll+0x31e777]
V  [jvm.dll+0x83a5bb]
V  [jvm.dll+0x83b2f4]
V  [jvm.dll+0x83b80c]
V  [jvm.dll+0x83bbe4]
V  [jvm.dll+0x83bcb0]
V  [jvm.dll+0x7e4e7a]
V  [jvm.dll+0x676395]
C  [ucrtbase.dll+0x21bb2]
C  [KERNEL32.DLL+0x17614]
C  [ntdll.dll+0x526f1]

VM_Operation (0x0000007191cfee80): G1CollectFull, mode: safepoint, requested by thread 0x000001eeed30bf90


---------------  P R O C E S S  ---------------

Threads class SMR info:
_java_thread_list=0x000001ee803b1cb0, length=26, elements={
0x000001eee77ac560, 0x000001eee77ae0f0, 0x000001eee78b3010, 0x000001eee78b38d0,
0x000001eee78b4190, 0x000001eee78b4a50, 0x000001eee7886720, 0x000001eee788c6f0,
0x000001eee7aac660, 0x000001eee7abf860, 0x000001eeed395040, 0x000001eeed30bac0,
0x000001eeed30bf90, 0x000001eeed30c460, 0x000001eedccca960, 0x000001eeed1ff1e0,
0x000001eeed513e60, 0x000001eeed530f20, 0x000001eeed52fbe0, 0x000001eeed530580,
0x000001eeed6b4760, 0x000001eeed6aebf0, 0x000001eeed6b0da0, 0x000001eeed6b1270,
0x000001eeed6af0c0, 0x000001eeed6af590
}

Java Threads: ( => current thread )
  0x000001eee77ac560 JavaThread "Reference Handler" daemon [_thread_blocked, id=36432, stack(0x0000007190600000,0x0000007190700000)]
  0x000001eee77ae0f0 JavaThread "Finalizer" daemon [_thread_blocked, id=50124, stack(0x0000007190700000,0x0000007190800000)]
  0x000001eee78b3010 JavaThread "Signal Dispatcher" daemon [_thread_blocked, id=32636, stack(0x0000007190800000,0x0000007190900000)]
  0x000001eee78b38d0 JavaThread "Attach Listener" daemon [_thread_blocked, id=32788, stack(0x0000007190900000,0x0000007190a00000)]
  0x000001eee78b4190 JavaThread "Service Thread" daemon [_thread_blocked, id=34216, stack(0x0000007190a00000,0x0000007190b00000)]
  0x000001eee78b4a50 JavaThread "Monitor Deflation Thread" daemon [_thread_blocked, id=35284, stack(0x0000007190b00000,0x0000007190c00000)]
  0x000001eee7886720 JavaThread "C1 CompilerThread0" daemon [_thread_blocked, id=30244, stack(0x0000007190c00000,0x0000007190d00000)]
  0x000001eee788c6f0 JavaThread "Sweeper thread" daemon [_thread_blocked, id=45404, stack(0x0000007190d00000,0x0000007190e00000)]
  0x000001eee7aac660 JavaThread "Notification Thread" daemon [_thread_blocked, id=35548, stack(0x0000007190f00000,0x0000007191000000)]
  0x000001eee7abf860 JavaThread "Common-Cleaner" daemon [_thread_blocked, id=45324, stack(0x0000007191100000,0x0000007191200000)]
  0x000001eeed395040 JavaThread "boundedElastic-evictor-1" daemon [_thread_blocked, id=28988, stack(0x0000007191800000,0x0000007191900000)]
  0x000001eeed30bac0 JavaThread "boundedElastic-evictor-2" daemon [_thread_blocked, id=9596, stack(0x0000007191b00000,0x0000007191c00000)]
  0x000001eeed30bf90 JavaThread "pool-10-thread-1" [_thread_blocked, id=17276, stack(0x0000007191c00000,0x0000007191d00000)]
  0x000001eeed30c460 JavaThread "LanguageServerApp-lifecycle" [_thread_blocked, id=24112, stack(0x0000007191d00000,0x0000007191e00000)]
  0x000001eedccca960 JavaThread "DestroyJavaVM" [_thread_blocked, id=24784, stack(0x000000718fe00000,0x000000718ff00000)]
  0x000001eeed1ff1e0 JavaThread "pool-11-thread-1" [_thread_in_native, id=30556, stack(0x0000007191e00000,0x0000007191f00000)]
  0x000001eeed513e60 JavaThread "Simple-Language-Server main thread" daemon [_thread_blocked, id=44816, stack(0x0000007191f00000,0x0000007192000000)]
  0x000001eeed530f20 JavaThread "pool-6-thread-1" [_thread_blocked, id=36596, stack(0x0000007192300000,0x0000007192400000)]
  0x000001eeed52fbe0 JavaThread "parallel-1" daemon [_thread_blocked, id=41220, stack(0x0000007192800000,0x0000007192900000)]
  0x000001eeed530580 JavaThread "pool-4-thread-1" [_thread_blocked, id=3548, stack(0x0000007192a00000,0x0000007192b00000)]
  0x000001eeed6b4760 JavaThread "parallel-2" daemon [_thread_blocked, id=35164, stack(0x0000007193600000,0x0000007193700000)]
  0x000001eeed6aebf0 JavaThread "parallel-3" daemon [_thread_blocked, id=48124, stack(0x0000007192900000,0x0000007192a00000)]
  0x000001eeed6b0da0 JavaThread "parallel-4" daemon [_thread_blocked, id=40644, stack(0x0000007192b00000,0x0000007192c00000)]
  0x000001eeed6b1270 JavaThread "Reconciler-1" daemon [_thread_blocked, id=36492, stack(0x0000007192c00000,0x0000007192d00000)]
  0x000001eeed6af0c0 JavaThread "parallel-5" daemon [_thread_blocked, id=24296, stack(0x0000007190e00000,0x0000007190f00000)]
  0x000001eeed6af590 JavaThread "parallel-6" daemon [_thread_blocked, id=21696, stack(0x0000007192000000,0x0000007192100000)]

Other Threads:
=>0x000001eee784b120 VMThread "VM Thread" [stack: 0x0000007190500000,0x0000007190600000] [id=30064]
  0x000001eee7ab0b50 WatcherThread [stack: 0x0000007191000000,0x0000007191100000] [id=35500]
  0x000001eedcd096d0 GCTaskThread "GC Thread#0" [stack: 0x0000007190000000,0x0000007190100000] [id=32084]
  0x000001eeec9b2050 GCTaskThread "GC Thread#1" [stack: 0x0000007191200000,0x0000007191300000] [id=49504]
  0x000001eeec9b2300 GCTaskThread "GC Thread#2" [stack: 0x0000007191300000,0x0000007191400000] [id=18636]
  0x000001eeec9b25b0 GCTaskThread "GC Thread#3" [stack: 0x0000007191400000,0x0000007191500000] [id=35004]
  0x000001eeec9b2860 GCTaskThread "GC Thread#4" [stack: 0x0000007191500000,0x0000007191600000] [id=11328]
  0x000001eeec9b2b10 GCTaskThread "GC Thread#5" [stack: 0x0000007191600000,0x0000007191700000] [id=24948]
  0x000001eedcd12510 ConcurrentGCThread "G1 Main Marker" [stack: 0x0000007190100000,0x0000007190200000] [id=8560]
  0x000001eedcd12e20 ConcurrentGCThread "G1 Conc#0" [stack: 0x0000007190200000,0x0000007190300000] [id=5456]
  0x000001eeecdd45a0 ConcurrentGCThread "G1 Conc#1" [stack: 0x0000007191a00000,0x0000007191b00000] [id=14744]
  0x000001eee76b05e0 ConcurrentGCThread "G1 Refine#0" [stack: 0x0000007190300000,0x0000007190400000] [id=5504]
  0x000001eeec9dd020 ConcurrentGCThread "G1 Refine#1" [stack: 0x0000007191700000,0x0000007191800000] [id=17204]
  0x000001eeee426080 ConcurrentGCThread "G1 Refine#2" [stack: 0x0000007193900000,0x0000007193a00000] [id=16516]
  0x000001eeec7c3370 ConcurrentGCThread "G1 Refine#3" [stack: 0x0000007193b00000,0x0000007193c00000] [id=10536]
  0x000001eeed761420 ConcurrentGCThread "G1 Refine#4" [stack: 0x0000007193d00000,0x0000007193e00000] [id=500]
  0x000001eeec7f7a30 ConcurrentGCThread "G1 Refine#5" [stack: 0x0000007193e00000,0x0000007193f00000] [id=13568]
  0x000001eee76b1cc0 ConcurrentGCThread "G1 Service" [stack: 0x0000007190400000,0x0000007190500000] [id=33364]

Threads with active compile tasks:

VM state: at safepoint (normal execution)

VM Mutex/Monitor currently owned by a thread:  ([mutex/lock_event])
[0x000001eedabb0b70] Threads_lock - owner thread: 0x000001eee784b120
[0x000001eedac6bdd0] Heap_lock - owner thread: 0x000001eeed30bf90

Heap address: 0x00000000c0000000, size: 1024 MB, Compressed Oops mode: 32-bit

CDS archive(s) not mapped
Compressed class space mapped at: 0x0000000100000000-0x0000000140000000, reserved size: 1073741824
Narrow klass base: 0x0000000000000000, Narrow klass shift: 3, Narrow klass range: 0x140000000

GC Precious Log:
 CPUs: 6 total, 6 available
 Memory: 32712M
 Large Page Support: Disabled
 NUMA Support: Disabled
 Compressed Oops: Enabled (32-bit)
 Heap Region Size: 1M
 Heap Min Capacity: 8M
 Heap Initial Capacity: 512M
 Heap Max Capacity: 1G
 Pre-touch: Disabled
 Parallel Workers: 6
 Concurrent Workers: 2
 Concurrent Refinement Workers: 6
 Periodic GC: Disabled

Heap:
 garbage-first heap   total 293888K, used 87170K [0x00000000c0000000, 0x0000000100000000)
  region size 1024K, 1 young (1024K), 0 survivors (0K)
 Metaspace       used 75315K, committed 75904K, reserved 1179648K
  class space    used 10299K, committed 10560K, reserved 1048576K

Heap Regions: E=young(eden), S=young(survivor), O=old, HS=humongous(starts), HC=humongous(continues), CS=collection set, F=free, OA=open archive, CA=closed archive, TAMS=top-at-mark-start (previous, next)
|   0|0x00000000c0000000, 0x00000000c0100000, 0x00000000c0100000|100%|HS|  |TAMS 0x00000000c0100000, 0x00000000c0000000| Untracked 
|   1|0x00000000c0100000, 0x00000000c0200000, 0x00000000c0200000|100%| O|  |TAMS 0x00000000c0200000, 0x00000000c0100000| Untracked 
|   2|0x00000000c0200000, 0x00000000c0300000, 0x00000000c0300000|100%| O|  |TAMS 0x00000000c0300000, 0x00000000c0200000| Untracked 
|   3|0x00000000c0300000, 0x00000000c03ff7d0, 0x00000000c0400000| 99%| O|  |TAMS 0x00000000c03ff7d0, 0x00000000c0300000| Untracked 
|   4|0x00000000c0400000, 0x00000000c04ffff0, 0x00000000c0500000| 99%| O|  |TAMS 0x00000000c04ffff0, 0x00000000c0400000| Untracked 
|   5|0x00000000c0500000, 0x00000000c0600000, 0x00000000c0600000|100%| O|  |TAMS 0x00000000c0600000, 0x00000000c0500000| Untracked 
|   6|0x00000000c0600000, 0x00000000c0700000, 0x00000000c0700000|100%| O|  |TAMS 0x00000000c0700000, 0x00000000c0600000| Untracked 
|   7|0x00000000c0700000, 0x00000000c0800000, 0x00000000c0800000|100%| O|  |TAMS 0x00000000c0800000, 0x00000000c0700000| Untracked 
|   8|0x00000000c0800000, 0x00000000c08fe0f8, 0x00000000c0900000| 99%| O|  |TAMS 0x00000000c08fe0f8, 0x00000000c0800000| Untracked 
|   9|0x00000000c0900000, 0x00000000c09ffff8, 0x00000000c0a00000| 99%| O|  |TAMS 0x00000000c09ffff8, 0x00000000c0900000| Untracked 
|  10|0x00000000c0a00000, 0x00000000c0afffe8, 0x00000000c0b00000| 99%| O|  |TAMS 0x00000000c0afffe8, 0x00000000c0a00000| Untracked 
|  11|0x00000000c0b00000, 0x00000000c0bffff0, 0x00000000c0c00000| 99%| O|  |TAMS 0x00000000c0bffff0, 0x00000000c0b00000| Untracked 
|  12|0x00000000c0c00000, 0x00000000c0d00000, 0x00000000c0d00000|100%| O|  |TAMS 0x00000000c0d00000, 0x00000000c0c00000| Untracked 
|  13|0x00000000c0d00000, 0x00000000c0dfffe8, 0x00000000c0e00000| 99%| O|  |TAMS 0x00000000c0dfffe8, 0x00000000c0d00000| Untracked 
|  14|0x00000000c0e00000, 0x00000000c0effff8, 0x00000000c0f00000| 99%| O|  |TAMS 0x00000000c0effff8, 0x00000000c0e00000| Untracked 
|  15|0x00000000c0f00000, 0x00000000c0ffffe0, 0x00000000c1000000| 99%| O|  |TAMS 0x00000000c0ffffe0, 0x00000000c0f00000| Untracked 
|  16|0x00000000c1000000, 0x00000000c10fff60, 0x00000000c1100000| 99%| O|  |TAMS 0x00000000c10fff60, 0x00000000c1000000| Untracked 
|  17|0x00000000c1100000, 0x00000000c11fffb8, 0x00000000c1200000| 99%| O|  |TAMS 0x00000000c11fffb8, 0x00000000c1100000| Untracked 
|  18|0x00000000c1200000, 0x00000000c12fff98, 0x00000000c1300000| 99%| O|  |TAMS 0x00000000c12fff98, 0x00000000c1200000| Untracked 
|  19|0x00000000c1300000, 0x00000000c13fffe8, 0x00000000c1400000| 99%| O|  |TAMS 0x00000000c13fffe8, 0x00000000c1300000| Untracked 
|  20|0x00000000c1400000, 0x00000000c14fffb8, 0x00000000c1500000| 99%| O|  |TAMS 0x00000000c14fffb8, 0x00000000c1400000| Untracked 
|  21|0x00000000c1500000, 0x00000000c15ffff8, 0x00000000c1600000| 99%| O|  |TAMS 0x00000000c15ffff8, 0x00000000c1500000| Untracked 
|  22|0x00000000c1600000, 0x00000000c1700000, 0x00000000c1700000|100%| O|  |TAMS 0x00000000c1700000, 0x00000000c1600000| Untracked 
|  23|0x00000000c1700000, 0x00000000c17fffc0, 0x00000000c1800000| 99%| O|  |TAMS 0x00000000c17fffc0, 0x00000000c1700000| Untracked 
|  24|0x00000000c1800000, 0x00000000c18ffff0, 0x00000000c1900000| 99%| O|  |TAMS 0x00000000c18ffff0, 0x00000000c1800000| Untracked 
|  25|0x00000000c1900000, 0x00000000c19fffe8, 0x00000000c1a00000| 99%| O|  |TAMS 0x00000000c19fffe8, 0x00000000c1900000| Untracked 
|  26|0x00000000c1a00000, 0x00000000c1b00000, 0x00000000c1b00000|100%| O|  |TAMS 0x00000000c1b00000, 0x00000000c1a00000| Untracked 
|  27|0x00000000c1b00000, 0x00000000c1bffff0, 0x00000000c1c00000| 99%| O|  |TAMS 0x00000000c1bffff0, 0x00000000c1b00000| Untracked 
|  28|0x00000000c1c00000, 0x00000000c1cffff8, 0x00000000c1d00000| 99%| O|  |TAMS 0x00000000c1cffff8, 0x00000000c1c00000| Untracked 
|  29|0x00000000c1d00000, 0x00000000c1e00000, 0x00000000c1e00000|100%| O|  |TAMS 0x00000000c1e00000, 0x00000000c1d00000| Untracked 
|  30|0x00000000c1e00000, 0x00000000c1efffe8, 0x00000000c1f00000| 99%| O|  |TAMS 0x00000000c1efffe8, 0x00000000c1e00000| Untracked 
|  31|0x00000000c1f00000, 0x00000000c1ffffe8, 0x00000000c2000000| 99%| O|  |TAMS 0x00000000c1ffffe8, 0x00000000c1f00000| Untracked 
|  32|0x00000000c2000000, 0x00000000c2100000, 0x00000000c2100000|100%| O|  |TAMS 0x00000000c2100000, 0x00000000c2000000| Untracked 
|  33|0x00000000c2100000, 0x00000000c21fffe0, 0x00000000c2200000| 99%| O|  |TAMS 0x00000000c21fffe0, 0x00000000c2100000| Untracked 
|  34|0x00000000c2200000, 0x00000000c22ffff8, 0x00000000c2300000| 99%| O|  |TAMS 0x00000000c22ffff8, 0x00000000c2200000| Untracked 
|  35|0x00000000c2300000, 0x00000000c23fffe0, 0x00000000c2400000| 99%| O|  |TAMS 0x00000000c23fffe0, 0x00000000c2300000| Untracked 
|  36|0x00000000c2400000, 0x00000000c24ffff0, 0x00000000c2500000| 99%| O|  |TAMS 0x00000000c24ffff0, 0x00000000c2400000| Untracked 
|  37|0x00000000c2500000, 0x00000000c25fffd8, 0x00000000c2600000| 99%| O|  |TAMS 0x00000000c25fffd8, 0x00000000c2500000| Untracked 
|  38|0x00000000c2600000, 0x00000000c26f5690, 0x00000000c2700000| 95%| O|  |TAMS 0x00000000c26f5690, 0x00000000c2600000| Untracked 
|  39|0x00000000c2700000, 0x00000000c2800000, 0x00000000c2800000|100%| O|  |TAMS 0x00000000c2800000, 0x00000000c2700000| Untracked 
|  40|0x00000000c2800000, 0x00000000c28fffe0, 0x00000000c2900000| 99%| O|  |TAMS 0x00000000c28fffe0, 0x00000000c2800000| Untracked 
|  41|0x00000000c2900000, 0x00000000c2a00000, 0x00000000c2a00000|100%| O|  |TAMS 0x00000000c2a00000, 0x00000000c2900000| Untracked 
|  42|0x00000000c2a00000, 0x00000000c2affff8, 0x00000000c2b00000| 99%| O|  |TAMS 0x00000000c2affff8, 0x00000000c2a00000| Untracked 
|  43|0x00000000c2b00000, 0x00000000c2bfb878, 0x00000000c2c00000| 98%| O|  |TAMS 0x00000000c2bfb878, 0x00000000c2b00000| Untracked 
|  44|0x00000000c2c00000, 0x00000000c2cffff8, 0x00000000c2d00000| 99%| O|  |TAMS 0x00000000c2cffff8, 0x00000000c2c00000| Untracked 
|  45|0x00000000c2d00000, 0x00000000c2dffff8, 0x00000000c2e00000| 99%| O|  |TAMS 0x00000000c2dffff8, 0x00000000c2d00000| Untracked 
|  46|0x00000000c2e00000, 0x00000000c2f00000, 0x00000000c2f00000|100%| O|  |TAMS 0x00000000c2f00000, 0x00000000c2e00000| Untracked 
|  47|0x00000000c2f00000, 0x00000000c2fffff0, 0x00000000c3000000| 99%| O|  |TAMS 0x00000000c2fffff0, 0x00000000c2f00000| Untracked 
|  48|0x00000000c3000000, 0x00000000c3100000, 0x00000000c3100000|100%| O|  |TAMS 0x00000000c3100000, 0x00000000c3000000| Untracked 
|  49|0x00000000c3100000, 0x00000000c31fffd8, 0x00000000c3200000| 99%| O|  |TAMS 0x00000000c31fffd8, 0x00000000c3100000| Untracked 
|  50|0x00000000c3200000, 0x00000000c32ff4d0, 0x00000000c3300000| 99%| O|  |TAMS 0x00000000c32ff4d0, 0x00000000c3200000| Untracked 
|  51|0x00000000c3300000, 0x00000000c33ffff8, 0x00000000c3400000| 99%| O|  |TAMS 0x00000000c33ffff8, 0x00000000c3300000| Untracked 
|  52|0x00000000c3400000, 0x00000000c3500000, 0x00000000c3500000|100%| O|  |TAMS 0x00000000c3500000, 0x00000000c3400000| Untracked 
|  53|0x00000000c3500000, 0x00000000c35fffe0, 0x00000000c3600000| 99%| O|  |TAMS 0x00000000c35fffe0, 0x00000000c3500000| Untracked 
|  54|0x00000000c3600000, 0x00000000c36fffe8, 0x00000000c3700000| 99%| O|  |TAMS 0x00000000c36fffe8, 0x00000000c3600000| Untracked 
|  55|0x00000000c3700000, 0x00000000c3800000, 0x00000000c3800000|100%| O|  |TAMS 0x00000000c3800000, 0x00000000c3700000| Untracked 
|  56|0x00000000c3800000, 0x00000000c38fffd8, 0x00000000c3900000| 99%| O|  |TAMS 0x00000000c38fffd8, 0x00000000c3800000| Untracked 
|  57|0x00000000c3900000, 0x00000000c3a00000, 0x00000000c3a00000|100%| O|  |TAMS 0x00000000c3a00000, 0x00000000c3900000| Untracked 
|  58|0x00000000c3a00000, 0x00000000c3afffe8, 0x00000000c3b00000| 99%| O|  |TAMS 0x00000000c3afffe8, 0x00000000c3a00000| Untracked 
|  59|0x00000000c3b00000, 0x00000000c3bfffc8, 0x00000000c3c00000| 99%| O|  |TAMS 0x00000000c3bfffc8, 0x00000000c3b00000| Untracked 
|  60|0x00000000c3c00000, 0x00000000c3cffff8, 0x00000000c3d00000| 99%| O|  |TAMS 0x00000000c3cffff8, 0x00000000c3c00000| Untracked 
|  61|0x00000000c3d00000, 0x00000000c3e00000, 0x00000000c3e00000|100%| O|  |TAMS 0x00000000c3e00000, 0x00000000c3d00000| Untracked 
|  62|0x00000000c3e00000, 0x00000000c3efffd8, 0x00000000c3f00000| 99%| O|  |TAMS 0x00000000c3efffd8, 0x00000000c3e00000| Untracked 
|  63|0x00000000c3f00000, 0x00000000c4000000, 0x00000000c4000000|100%| O|  |TAMS 0x00000000c4000000, 0x00000000c3f00000| Untracked 
|  64|0x00000000c4000000, 0x00000000c40f68d0, 0x00000000c4100000| 96%| O|  |TAMS 0x00000000c40f68d0, 0x00000000c4000000| Untracked 
|  65|0x00000000c4100000, 0x00000000c41fffe0, 0x00000000c4200000| 99%| O|  |TAMS 0x00000000c41fffe0, 0x00000000c4100000| Untracked 
|  66|0x00000000c4200000, 0x00000000c42fffe0, 0x00000000c4300000| 99%| O|  |TAMS 0x00000000c42fffe0, 0x00000000c4200000| Untracked 
|  67|0x00000000c4300000, 0x00000000c43eace8, 0x00000000c4400000| 91%| O|  |TAMS 0x00000000c4300000, 0x00000000c4300000| Untracked 
|  68|0x00000000c4400000, 0x00000000c44e5e38, 0x00000000c4500000| 89%| O|  |TAMS 0x00000000c4400000, 0x00000000c4400000| Untracked 
|  69|0x00000000c4500000, 0x00000000c45fff10, 0x00000000c4600000| 99%| O|  |TAMS 0x00000000c45fff10, 0x00000000c4500000| Untracked 
|  70|0x00000000c4600000, 0x00000000c466bbb8, 0x00000000c4700000| 42%| O|  |TAMS 0x00000000c4600000, 0x00000000c4600000| Untracked 
|  71|0x00000000c4700000, 0x00000000c4700000, 0x00000000c4800000|  0%| F|  |TAMS 0x00000000c4700000, 0x00000000c4700000| Untracked 
|  72|0x00000000c4800000, 0x00000000c4800000, 0x00000000c4900000|  0%| F|  |TAMS 0x00000000c4800000, 0x00000000c4800000| Untracked 
|  73|0x00000000c4900000, 0x00000000c4900000, 0x00000000c4a00000|  0%| F|  |TAMS 0x00000000c4900000, 0x00000000c4900000| Untracked 
|  74|0x00000000c4a00000, 0x00000000c4afffe8, 0x00000000c4b00000| 99%| O|  |TAMS 0x00000000c4afffe8, 0x00000000c4a00000| Untracked 
|  75|0x00000000c4b00000, 0x00000000c4bffff8, 0x00000000c4c00000| 99%| O|  |TAMS 0x00000000c4bffff8, 0x00000000c4b00000| Untracked 
|  76|0x00000000c4c00000, 0x00000000c4c00000, 0x00000000c4d00000|  0%| F|  |TAMS 0x00000000c4c00000, 0x00000000c4c00000| Untracked 
|  77|0x00000000c4d00000, 0x00000000c4d00000, 0x00000000c4e00000|  0%| F|  |TAMS 0x00000000c4d00000, 0x00000000c4d00000| Untracked 
|  78|0x00000000c4e00000, 0x00000000c4e00000, 0x00000000c4f00000|  0%| F|  |TAMS 0x00000000c4e00000, 0x00000000c4e00000| Untracked 
|  79|0x00000000c4f00000, 0x00000000c4f00000, 0x00000000c5000000|  0%| F|  |TAMS 0x00000000c4f00000, 0x00000000c4f00000| Untracked 
|  80|0x00000000c5000000, 0x00000000c5000000, 0x00000000c5100000|  0%| F|  |TAMS 0x00000000c5000000, 0x00000000c5000000| Untracked 
|  81|0x00000000c5100000, 0x00000000c5100000, 0x00000000c5200000|  0%| F|  |TAMS 0x00000000c5100000, 0x00000000c5100000| Untracked 
|  82|0x00000000c5200000, 0x00000000c52ffff8, 0x00000000c5300000| 99%| O|  |TAMS 0x00000000c52ffff8, 0x00000000c5200000| Untracked 
|  83|0x00000000c5300000, 0x00000000c5300000, 0x00000000c5400000|  0%| F|  |TAMS 0x00000000c5300000, 0x00000000c5300000| Untracked 
|  84|0x00000000c5400000, 0x00000000c5400000, 0x00000000c5500000|  0%| F|  |TAMS 0x00000000c5400000, 0x00000000c5400000| Untracked 
|  85|0x00000000c5500000, 0x00000000c5500000, 0x00000000c5600000|  0%| F|  |TAMS 0x00000000c5500000, 0x00000000c5500000| Untracked 
|  86|0x00000000c5600000, 0x00000000c5600000, 0x00000000c5700000|  0%| F|  |TAMS 0x00000000c5600000, 0x00000000c5600000| Untracked 
|  87|0x00000000c5700000, 0x00000000c5700000, 0x00000000c5800000|  0%| F|  |TAMS 0x00000000c5700000, 0x00000000c5700000| Untracked 
|  88|0x00000000c5800000, 0x00000000c5800000, 0x00000000c5900000|  0%| F|  |TAMS 0x00000000c5800000, 0x00000000c5800000| Untracked 
|  89|0x00000000c5900000, 0x00000000c5900000, 0x00000000c5a00000|  0%| F|  |TAMS 0x00000000c5900000, 0x00000000c5900000| Untracked 
|  90|0x00000000c5a00000, 0x00000000c5a00000, 0x00000000c5b00000|  0%| F|  |TAMS 0x00000000c5a00000, 0x00000000c5a00000| Untracked 
|  91|0x00000000c5b00000, 0x00000000c5b00000, 0x00000000c5c00000|  0%| F|  |TAMS 0x00000000c5b00000, 0x00000000c5b00000| Untracked 
|  92|0x00000000c5c00000, 0x00000000c5cfffc8, 0x00000000c5d00000| 99%| O|  |TAMS 0x00000000c5cfffc8, 0x00000000c5c00000| Untracked 
|  93|0x00000000c5d00000, 0x00000000c5d00000, 0x00000000c5e00000|  0%| F|  |TAMS 0x00000000c5d00000, 0x00000000c5d00000| Untracked 
|  94|0x00000000c5e00000, 0x00000000c5e00000, 0x00000000c5f00000|  0%| F|  |TAMS 0x00000000c5e00000, 0x00000000c5e00000| Untracked 
|  95|0x00000000c5f00000, 0x00000000c5f00000, 0x00000000c6000000|  0%| F|  |TAMS 0x00000000c5f00000, 0x00000000c5f00000| Untracked 
|  96|0x00000000c6000000, 0x00000000c6000000, 0x00000000c6100000|  0%| F|  |TAMS 0x00000000c6000000, 0x00000000c6000000| Untracked 
|  97|0x00000000c6100000, 0x00000000c6100000, 0x00000000c6200000|  0%| F|  |TAMS 0x00000000c6100000, 0x00000000c6100000| Untracked 
|  98|0x00000000c6200000, 0x00000000c6200000, 0x00000000c6300000|  0%| F|  |TAMS 0x00000000c6200000, 0x00000000c6200000| Untracked 
|  99|0x00000000c6300000, 0x00000000c6300000, 0x00000000c6400000|  0%| F|  |TAMS 0x00000000c6300000, 0x00000000c6300000| Untracked 
| 100|0x00000000c6400000, 0x00000000c6400000, 0x00000000c6500000|  0%| F|  |TAMS 0x00000000c6400000, 0x00000000c6400000| Untracked 
| 101|0x00000000c6500000, 0x00000000c6500000, 0x00000000c6600000|  0%| F|  |TAMS 0x00000000c6500000, 0x00000000c6500000| Untracked 
| 102|0x00000000c6600000, 0x00000000c6600000, 0x00000000c6700000|  0%| F|  |TAMS 0x00000000c6600000, 0x00000000c6600000| Untracked 
| 103|0x00000000c6700000, 0x00000000c6700000, 0x00000000c6800000|  0%| F|  |TAMS 0x00000000c6700000, 0x00000000c6700000| Untracked 
| 104|0x00000000c6800000, 0x00000000c6800000, 0x00000000c6900000|  0%| F|  |TAMS 0x00000000c6800000, 0x00000000c6800000| Untracked 
| 105|0x00000000c6900000, 0x00000000c6900000, 0x00000000c6a00000|  0%| F|  |TAMS 0x00000000c6900000, 0x00000000c6900000| Untracked 
| 106|0x00000000c6a00000, 0x00000000c6a00000, 0x00000000c6b00000|  0%| F|  |TAMS 0x00000000c6a00000, 0x00000000c6a00000| Untracked 
| 107|0x00000000c6b00000, 0x00000000c6b00000, 0x00000000c6c00000|  0%| F|  |TAMS 0x00000000c6b00000, 0x00000000c6b00000| Untracked 
| 108|0x00000000c6c00000, 0x00000000c6c00000, 0x00000000c6d00000|  0%| F|  |TAMS 0x00000000c6c00000, 0x00000000c6c00000| Untracked 
| 109|0x00000000c6d00000, 0x00000000c6d00000, 0x00000000c6e00000|  0%| F|  |TAMS 0x00000000c6d00000, 0x00000000c6d00000| Untracked 
| 110|0x00000000c6e00000, 0x00000000c6e00000, 0x00000000c6f00000|  0%| F|  |TAMS 0x00000000c6e00000, 0x00000000c6e00000| Untracked 
| 111|0x00000000c6f00000, 0x00000000c6f00000, 0x00000000c7000000|  0%| F|  |TAMS 0x00000000c6f00000, 0x00000000c6f00000| Untracked 
| 112|0x00000000c7000000, 0x00000000c7000000, 0x00000000c7100000|  0%| F|  |TAMS 0x00000000c7000000, 0x00000000c7000000| Untracked 
| 113|0x00000000c7100000, 0x00000000c7200000, 0x00000000c7200000|100%|HS|  |TAMS 0x00000000c7200000, 0x00000000c7100000| Untracked 
| 114|0x00000000c7200000, 0x00000000c7300000, 0x00000000c7300000|100%|HC|  |TAMS 0x00000000c7300000, 0x00000000c7200000| Untracked 
| 115|0x00000000c7300000, 0x00000000c7400000, 0x00000000c7400000|100%|HC|  |TAMS 0x00000000c7400000, 0x00000000c7300000| Untracked 
| 116|0x00000000c7400000, 0x00000000c7400000, 0x00000000c7500000|  0%| F|  |TAMS 0x00000000c7400000, 0x00000000c7400000| Untracked 
| 117|0x00000000c7500000, 0x00000000c7500000, 0x00000000c7600000|  0%| F|  |TAMS 0x00000000c7500000, 0x00000000c7500000| Untracked 
| 118|0x00000000c7600000, 0x00000000c7600000, 0x00000000c7700000|  0%| F|  |TAMS 0x00000000c7600000, 0x00000000c7600000| Untracked 
| 119|0x00000000c7700000, 0x00000000c7700000, 0x00000000c7800000|  0%| F|  |TAMS 0x00000000c7700000, 0x00000000c7700000| Untracked 
| 120|0x00000000c7800000, 0x00000000c7800000, 0x00000000c7900000|  0%| F|  |TAMS 0x00000000c7800000, 0x00000000c7800000| Untracked 
| 121|0x00000000c7900000, 0x00000000c7900000, 0x00000000c7a00000|  0%| F|  |TAMS 0x00000000c7900000, 0x00000000c7900000| Untracked 
| 122|0x00000000c7a00000, 0x00000000c7a00000, 0x00000000c7b00000|  0%| F|  |TAMS 0x00000000c7a00000, 0x00000000c7a00000| Untracked 
| 123|0x00000000c7b00000, 0x00000000c7b00000, 0x00000000c7c00000|  0%| F|  |TAMS 0x00000000c7b00000, 0x00000000c7b00000| Untracked 
| 124|0x00000000c7c00000, 0x00000000c7c00000, 0x00000000c7d00000|  0%| F|  |TAMS 0x00000000c7c00000, 0x00000000c7c00000| Untracked 
| 125|0x00000000c7d00000, 0x00000000c7d00000, 0x00000000c7e00000|  0%| F|  |TAMS 0x00000000c7d00000, 0x00000000c7d00000| Untracked 
| 126|0x00000000c7e00000, 0x00000000c7e00000, 0x00000000c7f00000|  0%| F|  |TAMS 0x00000000c7e00000, 0x00000000c7e00000| Untracked 
| 127|0x00000000c7f00000, 0x00000000c7f00000, 0x00000000c8000000|  0%| F|  |TAMS 0x00000000c7f00000, 0x00000000c7f00000| Untracked 
| 128|0x00000000c8000000, 0x00000000c8000000, 0x00000000c8100000|  0%| F|  |TAMS 0x00000000c8000000, 0x00000000c8000000| Untracked 
| 129|0x00000000c8100000, 0x00000000c8100000, 0x00000000c8200000|  0%| F|  |TAMS 0x00000000c8100000, 0x00000000c8100000| Untracked 
| 130|0x00000000c8200000, 0x00000000c8200000, 0x00000000c8300000|  0%| F|  |TAMS 0x00000000c8200000, 0x00000000c8200000| Untracked 
| 131|0x00000000c8300000, 0x00000000c8300000, 0x00000000c8400000|  0%| F|  |TAMS 0x00000000c8300000, 0x00000000c8300000| Untracked 
| 132|0x00000000c8400000, 0x00000000c8400000, 0x00000000c8500000|  0%| F|  |TAMS 0x00000000c8400000, 0x00000000c8400000| Untracked 
| 133|0x00000000c8500000, 0x00000000c8500000, 0x00000000c8600000|  0%| F|  |TAMS 0x00000000c8500000, 0x00000000c8500000| Untracked 
| 134|0x00000000c8600000, 0x00000000c8600000, 0x00000000c8700000|  0%| F|  |TAMS 0x00000000c8600000, 0x00000000c8600000| Untracked 
| 135|0x00000000c8700000, 0x00000000c8700000, 0x00000000c8800000|  0%| F|  |TAMS 0x00000000c8700000, 0x00000000c8700000| Untracked 
| 136|0x00000000c8800000, 0x00000000c8800000, 0x00000000c8900000|  0%| F|  |TAMS 0x00000000c8800000, 0x00000000c8800000| Untracked 
| 137|0x00000000c8900000, 0x00000000c8900000, 0x00000000c8a00000|  0%| F|  |TAMS 0x00000000c8900000, 0x00000000c8900000| Untracked 
| 138|0x00000000c8a00000, 0x00000000c8a00000, 0x00000000c8b00000|  0%| F|  |TAMS 0x00000000c8a00000, 0x00000000c8a00000| Untracked 
| 139|0x00000000c8b00000, 0x00000000c8b00000, 0x00000000c8c00000|  0%| F|  |TAMS 0x00000000c8b00000, 0x00000000c8b00000| Untracked 
| 140|0x00000000c8c00000, 0x00000000c8c00000, 0x00000000c8d00000|  0%| F|  |TAMS 0x00000000c8c00000, 0x00000000c8c00000| Untracked 
| 141|0x00000000c8d00000, 0x00000000c8d00000, 0x00000000c8e00000|  0%| F|  |TAMS 0x00000000c8d00000, 0x00000000c8d00000| Untracked 
| 142|0x00000000c8e00000, 0x00000000c8e00000, 0x00000000c8f00000|  0%| F|  |TAMS 0x00000000c8e00000, 0x00000000c8e00000| Untracked 
| 143|0x00000000c8f00000, 0x00000000c8f00000, 0x00000000c9000000|  0%| F|  |TAMS 0x00000000c8f00000, 0x00000000c8f00000| Untracked 
| 144|0x00000000c9000000, 0x00000000c9000000, 0x00000000c9100000|  0%| F|  |TAMS 0x00000000c9000000, 0x00000000c9000000| Untracked 
| 145|0x00000000c9100000, 0x00000000c9100000, 0x00000000c9200000|  0%| F|  |TAMS 0x00000000c9100000, 0x00000000c9100000| Untracked 
| 146|0x00000000c9200000, 0x00000000c9200000, 0x00000000c9300000|  0%| F|  |TAMS 0x00000000c9200000, 0x00000000c9200000| Untracked 
| 147|0x00000000c9300000, 0x00000000c9300000, 0x00000000c9400000|  0%| F|  |TAMS 0x00000000c9300000, 0x00000000c9300000| Untracked 
| 148|0x00000000c9400000, 0x00000000c9400000, 0x00000000c9500000|  0%| F|  |TAMS 0x00000000c9400000, 0x00000000c9400000| Untracked 
| 149|0x00000000c9500000, 0x00000000c9500000, 0x00000000c9600000|  0%| F|  |TAMS 0x00000000c9500000, 0x00000000c9500000| Untracked 
| 150|0x00000000c9600000, 0x00000000c9600000, 0x00000000c9700000|  0%| F|  |TAMS 0x00000000c9600000, 0x00000000c9600000| Untracked 
| 151|0x00000000c9700000, 0x00000000c9700000, 0x00000000c9800000|  0%| F|  |TAMS 0x00000000c9700000, 0x00000000c9700000| Untracked 
| 152|0x00000000c9800000, 0x00000000c9800000, 0x00000000c9900000|  0%| F|  |TAMS 0x00000000c9800000, 0x00000000c9800000| Untracked 
| 153|0x00000000c9900000, 0x00000000c9900000, 0x00000000c9a00000|  0%| F|  |TAMS 0x00000000c9900000, 0x00000000c9900000| Untracked 
| 154|0x00000000c9a00000, 0x00000000c9a00000, 0x00000000c9b00000|  0%| F|  |TAMS 0x00000000c9a00000, 0x00000000c9a00000| Untracked 
| 155|0x00000000c9b00000, 0x00000000c9b00000, 0x00000000c9c00000|  0%| F|  |TAMS 0x00000000c9b00000, 0x00000000c9b00000| Untracked 
| 156|0x00000000c9c00000, 0x00000000c9c00000, 0x00000000c9d00000|  0%| F|  |TAMS 0x00000000c9c00000, 0x00000000c9c00000| Untracked 
| 157|0x00000000c9d00000, 0x00000000c9d00000, 0x00000000c9e00000|  0%| F|  |TAMS 0x00000000c9d00000, 0x00000000c9d00000| Untracked 
| 158|0x00000000c9e00000, 0x00000000c9e00000, 0x00000000c9f00000|  0%| F|  |TAMS 0x00000000c9e00000, 0x00000000c9e00000| Untracked 
| 159|0x00000000c9f00000, 0x00000000c9f00000, 0x00000000ca000000|  0%| F|  |TAMS 0x00000000c9f00000, 0x00000000c9f00000| Untracked 
| 160|0x00000000ca000000, 0x00000000ca000000, 0x00000000ca100000|  0%| F|  |TAMS 0x00000000ca000000, 0x00000000ca000000| Untracked 
| 161|0x00000000ca100000, 0x00000000ca200000, 0x00000000ca200000|100%| O|  |TAMS 0x00000000ca200000, 0x00000000ca100000| Untracked 
| 162|0x00000000ca200000, 0x00000000ca300000, 0x00000000ca300000|100%| O|  |TAMS 0x00000000ca300000, 0x00000000ca200000| Untracked 
| 163|0x00000000ca300000, 0x00000000ca300308, 0x00000000ca400000|  0%| O|  |TAMS 0x00000000ca300000, 0x00000000ca300000| Untracked 
| 164|0x00000000ca400000, 0x00000000ca400000, 0x00000000ca500000|  0%| F|  |TAMS 0x00000000ca400000, 0x00000000ca400000| Untracked 
| 165|0x00000000ca500000, 0x00000000ca500000, 0x00000000ca600000|  0%| F|  |TAMS 0x00000000ca500000, 0x00000000ca500000| Untracked 
| 166|0x00000000ca600000, 0x00000000ca600000, 0x00000000ca700000|  0%| F|  |TAMS 0x00000000ca600000, 0x00000000ca600000| Untracked 
| 167|0x00000000ca700000, 0x00000000ca700000, 0x00000000ca800000|  0%| F|  |TAMS 0x00000000ca700000, 0x00000000ca700000| Untracked 
| 168|0x00000000ca800000, 0x00000000ca800000, 0x00000000ca900000|  0%| F|  |TAMS 0x00000000ca800000, 0x00000000ca800000| Untracked 
| 169|0x00000000ca900000, 0x00000000ca900000, 0x00000000caa00000|  0%| F|  |TAMS 0x00000000ca900000, 0x00000000ca900000| Untracked 
| 170|0x00000000caa00000, 0x00000000caa00000, 0x00000000cab00000|  0%| F|  |TAMS 0x00000000caa00000, 0x00000000caa00000| Untracked 
| 171|0x00000000cab00000, 0x00000000cab00000, 0x00000000cac00000|  0%| F|  |TAMS 0x00000000cab00000, 0x00000000cab00000| Untracked 
| 172|0x00000000cac00000, 0x00000000cac00000, 0x00000000cad00000|  0%| F|  |TAMS 0x00000000cac00000, 0x00000000cac00000| Untracked 
| 173|0x00000000cad00000, 0x00000000cad00000, 0x00000000cae00000|  0%| F|  |TAMS 0x00000000cad00000, 0x00000000cad00000| Untracked 
| 174|0x00000000cae00000, 0x00000000cae00000, 0x00000000caf00000|  0%| F|  |TAMS 0x00000000cae00000, 0x00000000cae00000| Untracked 
| 175|0x00000000caf00000, 0x00000000caf00000, 0x00000000cb000000|  0%| F|  |TAMS 0x00000000caf00000, 0x00000000caf00000| Untracked 
| 176|0x00000000cb000000, 0x00000000cb000000, 0x00000000cb100000|  0%| F|  |TAMS 0x00000000cb000000, 0x00000000cb000000| Untracked 
| 177|0x00000000cb100000, 0x00000000cb100000, 0x00000000cb200000|  0%| F|  |TAMS 0x00000000cb100000, 0x00000000cb100000| Untracked 
| 178|0x00000000cb200000, 0x00000000cb200000, 0x00000000cb300000|  0%| F|  |TAMS 0x00000000cb200000, 0x00000000cb200000| Untracked 
| 179|0x00000000cb300000, 0x00000000cb300000, 0x00000000cb400000|  0%| F|  |TAMS 0x00000000cb300000, 0x00000000cb300000| Untracked 
| 180|0x00000000cb400000, 0x00000000cb400000, 0x00000000cb500000|  0%| F|  |TAMS 0x00000000cb400000, 0x00000000cb400000| Untracked 
| 181|0x00000000cb500000, 0x00000000cb500000, 0x00000000cb600000|  0%| F|  |TAMS 0x00000000cb500000, 0x00000000cb500000| Untracked 
| 182|0x00000000cb600000, 0x00000000cb600000, 0x00000000cb700000|  0%| F|  |TAMS 0x00000000cb600000, 0x00000000cb600000| Untracked 
| 183|0x00000000cb700000, 0x00000000cb800000, 0x00000000cb800000|100%| O|  |TAMS 0x00000000cb800000, 0x00000000cb700000| Untracked 
| 184|0x00000000cb800000, 0x00000000cb800000, 0x00000000cb900000|  0%| F|  |TAMS 0x00000000cb800000, 0x00000000cb800000| Untracked 
| 185|0x00000000cb900000, 0x00000000cba00000, 0x00000000cba00000|100%| O|  |TAMS 0x00000000cba00000, 0x00000000cb900000| Untracked 
| 186|0x00000000cba00000, 0x00000000cba00000, 0x00000000cbb00000|  0%| F|  |TAMS 0x00000000cba00000, 0x00000000cba00000| Untracked 
| 187|0x00000000cbb00000, 0x00000000cbb00000, 0x00000000cbc00000|  0%| F|  |TAMS 0x00000000cbb00000, 0x00000000cbb00000| Untracked 
| 188|0x00000000cbc00000, 0x00000000cbd00000, 0x00000000cbd00000|100%| O|  |TAMS 0x00000000cbd00000, 0x00000000cbc00000| Untracked 
| 189|0x00000000cbd00000, 0x00000000cbd00000, 0x00000000cbe00000|  0%| F|  |TAMS 0x00000000cbd00000, 0x00000000cbd00000| Untracked 
| 190|0x00000000cbe00000, 0x00000000cbf00000, 0x00000000cbf00000|100%| O|  |TAMS 0x00000000cbf00000, 0x00000000cbe00000| Untracked 
| 191|0x00000000cbf00000, 0x00000000cbf00000, 0x00000000cc000000|  0%| F|  |TAMS 0x00000000cbf00000, 0x00000000cbf00000| Untracked 
| 192|0x00000000cc000000, 0x00000000cc100000, 0x00000000cc100000|100%| O|  |TAMS 0x00000000cc100000, 0x00000000cc000000| Untracked 
| 193|0x00000000cc100000, 0x00000000cc100000, 0x00000000cc200000|  0%| F|  |TAMS 0x00000000cc100000, 0x00000000cc100000| Untracked 
| 194|0x00000000cc200000, 0x00000000cc200000, 0x00000000cc300000|  0%| F|  |TAMS 0x00000000cc200000, 0x00000000cc200000| Untracked 
| 195|0x00000000cc300000, 0x00000000cc300000, 0x00000000cc400000|  0%| F|  |TAMS 0x00000000cc300000, 0x00000000cc300000| Untracked 
| 196|0x00000000cc400000, 0x00000000cc400000, 0x00000000cc500000|  0%| F|  |TAMS 0x00000000cc400000, 0x00000000cc400000| Untracked 
| 197|0x00000000cc500000, 0x00000000cc600000, 0x00000000cc600000|100%| O|  |TAMS 0x00000000cc600000, 0x00000000cc500000| Untracked 
| 198|0x00000000cc600000, 0x00000000cc600000, 0x00000000cc700000|  0%| F|  |TAMS 0x00000000cc600000, 0x00000000cc600000| Untracked 
| 199|0x00000000cc700000, 0x00000000cc700000, 0x00000000cc800000|  0%| F|  |TAMS 0x00000000cc700000, 0x00000000cc700000| Untracked 
| 200|0x00000000cc800000, 0x00000000cc800000, 0x00000000cc900000|  0%| F|  |TAMS 0x00000000cc800000, 0x00000000cc800000| Untracked 
| 201|0x00000000cc900000, 0x00000000cc900000, 0x00000000cca00000|  0%| F|  |TAMS 0x00000000cc900000, 0x00000000cc900000| Untracked 
| 202|0x00000000cca00000, 0x00000000cca00000, 0x00000000ccb00000|  0%| F|  |TAMS 0x00000000cca00000, 0x00000000cca00000| Untracked 
| 203|0x00000000ccb00000, 0x00000000ccb00000, 0x00000000ccc00000|  0%| F|  |TAMS 0x00000000ccb00000, 0x00000000ccb00000| Untracked 
| 204|0x00000000ccc00000, 0x00000000ccc00000, 0x00000000ccd00000|  0%| F|  |TAMS 0x00000000ccc00000, 0x00000000ccc00000| Untracked 
| 205|0x00000000ccd00000, 0x00000000ccd00000, 0x00000000cce00000|  0%| F|  |TAMS 0x00000000ccd00000, 0x00000000ccd00000| Untracked 
| 206|0x00000000cce00000, 0x00000000cce00000, 0x00000000ccf00000|  0%| F|  |TAMS 0x00000000cce00000, 0x00000000cce00000| Untracked 
| 207|0x00000000ccf00000, 0x00000000ccf00000, 0x00000000cd000000|  0%| F|  |TAMS 0x00000000ccf00000, 0x00000000ccf00000| Untracked 
| 208|0x00000000cd000000, 0x00000000cd000000, 0x00000000cd100000|  0%| F|  |TAMS 0x00000000cd000000, 0x00000000cd000000| Untracked 
| 209|0x00000000cd100000, 0x00000000cd100000, 0x00000000cd200000|  0%| F|  |TAMS 0x00000000cd100000, 0x00000000cd100000| Untracked 
| 210|0x00000000cd200000, 0x00000000cd200000, 0x00000000cd300000|  0%| F|  |TAMS 0x00000000cd200000, 0x00000000cd200000| Untracked 
| 211|0x00000000cd300000, 0x00000000cd300000, 0x00000000cd400000|  0%| F|  |TAMS 0x00000000cd300000, 0x00000000cd300000| Untracked 
| 212|0x00000000cd400000, 0x00000000cd400000, 0x00000000cd500000|  0%| F|  |TAMS 0x00000000cd400000, 0x00000000cd400000| Untracked 
| 213|0x00000000cd500000, 0x00000000cd500000, 0x00000000cd600000|  0%| F|  |TAMS 0x00000000cd500000, 0x00000000cd500000| Untracked 
| 214|0x00000000cd600000, 0x00000000cd600000, 0x00000000cd700000|  0%| F|  |TAMS 0x00000000cd600000, 0x00000000cd600000| Untracked 
| 215|0x00000000cd700000, 0x00000000cd700000, 0x00000000cd800000|  0%| F|  |TAMS 0x00000000cd700000, 0x00000000cd700000| Untracked 
| 216|0x00000000cd800000, 0x00000000cd800000, 0x00000000cd900000|  0%| F|  |TAMS 0x00000000cd800000, 0x00000000cd800000| Untracked 
| 217|0x00000000cd900000, 0x00000000cd900000, 0x00000000cda00000|  0%| F|  |TAMS 0x00000000cd900000, 0x00000000cd900000| Untracked 
| 218|0x00000000cda00000, 0x00000000cda00000, 0x00000000cdb00000|  0%| F|  |TAMS 0x00000000cda00000, 0x00000000cda00000| Untracked 
| 219|0x00000000cdb00000, 0x00000000cdb00000, 0x00000000cdc00000|  0%| F|  |TAMS 0x00000000cdb00000, 0x00000000cdb00000| Untracked 
| 220|0x00000000cdc00000, 0x00000000cdc00000, 0x00000000cdd00000|  0%| F|  |TAMS 0x00000000cdc00000, 0x00000000cdc00000| Untracked 
| 221|0x00000000cdd00000, 0x00000000cdd00000, 0x00000000cde00000|  0%| F|  |TAMS 0x00000000cdd00000, 0x00000000cdd00000| Untracked 
| 222|0x00000000cde00000, 0x00000000cde00000, 0x00000000cdf00000|  0%| F|  |TAMS 0x00000000cde00000, 0x00000000cde00000| Untracked 
| 223|0x00000000cdf00000, 0x00000000cdf00000, 0x00000000ce000000|  0%| F|  |TAMS 0x00000000cdf00000, 0x00000000cdf00000| Untracked 
| 224|0x00000000ce000000, 0x00000000ce000000, 0x00000000ce100000|  0%| F|  |TAMS 0x00000000ce000000, 0x00000000ce000000| Untracked 
| 225|0x00000000ce100000, 0x00000000ce100000, 0x00000000ce200000|  0%| F|  |TAMS 0x00000000ce100000, 0x00000000ce100000| Untracked 
| 226|0x00000000ce200000, 0x00000000ce200000, 0x00000000ce300000|  0%| F|  |TAMS 0x00000000ce200000, 0x00000000ce200000| Untracked 
| 227|0x00000000ce300000, 0x00000000ce300000, 0x00000000ce400000|  0%| F|  |TAMS 0x00000000ce300000, 0x00000000ce300000| Untracked 
| 228|0x00000000ce400000, 0x00000000ce400000, 0x00000000ce500000|  0%| F|  |TAMS 0x00000000ce400000, 0x00000000ce400000| Untracked 
| 229|0x00000000ce500000, 0x00000000ce500000, 0x00000000ce600000|  0%| F|  |TAMS 0x00000000ce500000, 0x00000000ce500000| Untracked 
| 230|0x00000000ce600000, 0x00000000ce600000, 0x00000000ce700000|  0%| F|  |TAMS 0x00000000ce600000, 0x00000000ce600000| Untracked 
| 231|0x00000000ce700000, 0x00000000ce700000, 0x00000000ce800000|  0%| F|  |TAMS 0x00000000ce700000, 0x00000000ce700000| Untracked 
| 232|0x00000000ce800000, 0x00000000ce800000, 0x00000000ce900000|  0%| F|  |TAMS 0x00000000ce800000, 0x00000000ce800000| Untracked 
| 233|0x00000000ce900000, 0x00000000ce900000, 0x00000000cea00000|  0%| F|  |TAMS 0x00000000ce900000, 0x00000000ce900000| Untracked 
| 234|0x00000000cea00000, 0x00000000cea00000, 0x00000000ceb00000|  0%| F|  |TAMS 0x00000000cea00000, 0x00000000cea00000| Untracked 
| 235|0x00000000ceb00000, 0x00000000ceb00000, 0x00000000cec00000|  0%| F|  |TAMS 0x00000000ceb00000, 0x00000000ceb00000| Untracked 
| 236|0x00000000cec00000, 0x00000000cec00000, 0x00000000ced00000|  0%| F|  |TAMS 0x00000000cec00000, 0x00000000cec00000| Untracked 
| 237|0x00000000ced00000, 0x00000000ced00000, 0x00000000cee00000|  0%| F|  |TAMS 0x00000000ced00000, 0x00000000ced00000| Untracked 
| 238|0x00000000cee00000, 0x00000000cee00000, 0x00000000cef00000|  0%| F|  |TAMS 0x00000000cee00000, 0x00000000cee00000| Untracked 
| 239|0x00000000cef00000, 0x00000000cef00000, 0x00000000cf000000|  0%| F|  |TAMS 0x00000000cef00000, 0x00000000cef00000| Untracked 
| 240|0x00000000cf000000, 0x00000000cf000000, 0x00000000cf100000|  0%| F|  |TAMS 0x00000000cf000000, 0x00000000cf000000| Untracked 
| 241|0x00000000cf100000, 0x00000000cf100000, 0x00000000cf200000|  0%| F|  |TAMS 0x00000000cf100000, 0x00000000cf100000| Untracked 
| 242|0x00000000cf200000, 0x00000000cf200000, 0x00000000cf300000|  0%| F|  |TAMS 0x00000000cf200000, 0x00000000cf200000| Untracked 
| 243|0x00000000cf300000, 0x00000000cf300000, 0x00000000cf400000|  0%| F|  |TAMS 0x00000000cf300000, 0x00000000cf300000| Untracked 
| 244|0x00000000cf400000, 0x00000000cf400000, 0x00000000cf500000|  0%| F|  |TAMS 0x00000000cf400000, 0x00000000cf400000| Untracked 
| 245|0x00000000cf500000, 0x00000000cf500000, 0x00000000cf600000|  0%| F|  |TAMS 0x00000000cf500000, 0x00000000cf500000| Untracked 
| 246|0x00000000cf600000, 0x00000000cf600000, 0x00000000cf700000|  0%| F|  |TAMS 0x00000000cf600000, 0x00000000cf600000| Untracked 
| 247|0x00000000cf700000, 0x00000000cf700000, 0x00000000cf800000|  0%| F|  |TAMS 0x00000000cf700000, 0x00000000cf700000| Untracked 
| 248|0x00000000cf800000, 0x00000000cf800000, 0x00000000cf900000|  0%| F|  |TAMS 0x00000000cf800000, 0x00000000cf800000| Untracked 
| 249|0x00000000cf900000, 0x00000000cf900000, 0x00000000cfa00000|  0%| F|  |TAMS 0x00000000cf900000, 0x00000000cf900000| Untracked 
| 250|0x00000000cfa00000, 0x00000000cfa00000, 0x00000000cfb00000|  0%| F|  |TAMS 0x00000000cfa00000, 0x00000000cfa00000| Untracked 
| 251|0x00000000cfb00000, 0x00000000cfb00000, 0x00000000cfc00000|  0%| F|  |TAMS 0x00000000cfb00000, 0x00000000cfb00000| Untracked 
| 252|0x00000000cfc00000, 0x00000000cfc00000, 0x00000000cfd00000|  0%| F|  |TAMS 0x00000000cfc00000, 0x00000000cfc00000| Untracked 
| 253|0x00000000cfd00000, 0x00000000cfd00000, 0x00000000cfe00000|  0%| F|  |TAMS 0x00000000cfd00000, 0x00000000cfd00000| Untracked 
| 254|0x00000000cfe00000, 0x00000000cfe00000, 0x00000000cff00000|  0%| F|  |TAMS 0x00000000cfe00000, 0x00000000cfe00000| Untracked 
| 255|0x00000000cff00000, 0x00000000cff00000, 0x00000000d0000000|  0%| F|  |TAMS 0x00000000cff00000, 0x00000000cff00000| Untracked 
| 256|0x00000000d0000000, 0x00000000d0000000, 0x00000000d0100000|  0%| F|  |TAMS 0x00000000d0000000, 0x00000000d0000000| Untracked 
| 257|0x00000000d0100000, 0x00000000d0100000, 0x00000000d0200000|  0%| F|  |TAMS 0x00000000d0100000, 0x00000000d0100000| Untracked 
| 258|0x00000000d0200000, 0x00000000d0200000, 0x00000000d0300000|  0%| F|  |TAMS 0x00000000d0200000, 0x00000000d0200000| Untracked 
| 259|0x00000000d0300000, 0x00000000d0300000, 0x00000000d0400000|  0%| F|  |TAMS 0x00000000d0300000, 0x00000000d0300000| Untracked 
| 260|0x00000000d0400000, 0x00000000d0400000, 0x00000000d0500000|  0%| F|  |TAMS 0x00000000d0400000, 0x00000000d0400000| Untracked 
| 261|0x00000000d0500000, 0x00000000d0500000, 0x00000000d0600000|  0%| F|  |TAMS 0x00000000d0500000, 0x00000000d0500000| Untracked 
| 262|0x00000000d0600000, 0x00000000d0600000, 0x00000000d0700000|  0%| F|  |TAMS 0x00000000d0600000, 0x00000000d0600000| Untracked 
| 263|0x00000000d0700000, 0x00000000d0700000, 0x00000000d0800000|  0%| F|  |TAMS 0x00000000d0700000, 0x00000000d0700000| Untracked 
| 264|0x00000000d0800000, 0x00000000d0800000, 0x00000000d0900000|  0%| F|  |TAMS 0x00000000d0800000, 0x00000000d0800000| Untracked 
| 265|0x00000000d0900000, 0x00000000d0900000, 0x00000000d0a00000|  0%| F|  |TAMS 0x00000000d0900000, 0x00000000d0900000| Untracked 
| 266|0x00000000d0a00000, 0x00000000d0a00000, 0x00000000d0b00000|  0%| F|  |TAMS 0x00000000d0a00000, 0x00000000d0a00000| Untracked 
| 267|0x00000000d0b00000, 0x00000000d0b00000, 0x00000000d0c00000|  0%| F|  |TAMS 0x00000000d0b00000, 0x00000000d0b00000| Untracked 
| 268|0x00000000d0c00000, 0x00000000d0c00000, 0x00000000d0d00000|  0%| F|  |TAMS 0x00000000d0c00000, 0x00000000d0c00000| Untracked 
| 269|0x00000000d0d00000, 0x00000000d0d00000, 0x00000000d0e00000|  0%| F|  |TAMS 0x00000000d0d00000, 0x00000000d0d00000| Untracked 
| 270|0x00000000d0e00000, 0x00000000d0e00000, 0x00000000d0f00000|  0%| F|  |TAMS 0x00000000d0e00000, 0x00000000d0e00000| Untracked 
| 271|0x00000000d0f00000, 0x00000000d0f00000, 0x00000000d1000000|  0%| F|  |TAMS 0x00000000d0f00000, 0x00000000d0f00000| Untracked 
| 272|0x00000000d1000000, 0x00000000d1000000, 0x00000000d1100000|  0%| F|  |TAMS 0x00000000d1000000, 0x00000000d1000000| Untracked 
| 273|0x00000000d1100000, 0x00000000d1100000, 0x00000000d1200000|  0%| F|  |TAMS 0x00000000d1100000, 0x00000000d1100000| Untracked 
| 274|0x00000000d1200000, 0x00000000d1200000, 0x00000000d1300000|  0%| F|  |TAMS 0x00000000d1200000, 0x00000000d1200000| Untracked 
| 275|0x00000000d1300000, 0x00000000d1300000, 0x00000000d1400000|  0%| F|  |TAMS 0x00000000d1300000, 0x00000000d1300000| Untracked 
| 276|0x00000000d1400000, 0x00000000d1400000, 0x00000000d1500000|  0%| F|  |TAMS 0x00000000d1400000, 0x00000000d1400000| Untracked 
| 277|0x00000000d1500000, 0x00000000d1500000, 0x00000000d1600000|  0%| F|  |TAMS 0x00000000d1500000, 0x00000000d1500000| Untracked 
| 278|0x00000000d1600000, 0x00000000d1600000, 0x00000000d1700000|  0%| F|  |TAMS 0x00000000d1600000, 0x00000000d1600000| Untracked 
| 279|0x00000000d1700000, 0x00000000d1700000, 0x00000000d1800000|  0%| F|  |TAMS 0x00000000d1700000, 0x00000000d1700000| Untracked 
| 280|0x00000000d1800000, 0x00000000d1800000, 0x00000000d1900000|  0%| F|  |TAMS 0x00000000d1800000, 0x00000000d1800000| Untracked 
| 281|0x00000000d1900000, 0x00000000d1900000, 0x00000000d1a00000|  0%| F|  |TAMS 0x00000000d1900000, 0x00000000d1900000| Untracked 
| 282|0x00000000d1a00000, 0x00000000d1a00000, 0x00000000d1b00000|  0%| F|  |TAMS 0x00000000d1a00000, 0x00000000d1a00000| Untracked 
| 283|0x00000000d1b00000, 0x00000000d1b00000, 0x00000000d1c00000|  0%| F|  |TAMS 0x00000000d1b00000, 0x00000000d1b00000| Untracked 
| 284|0x00000000d1c00000, 0x00000000d1c00000, 0x00000000d1d00000|  0%| F|  |TAMS 0x00000000d1c00000, 0x00000000d1c00000| Untracked 
| 285|0x00000000d1d00000, 0x00000000d1d00000, 0x00000000d1e00000|  0%| F|  |TAMS 0x00000000d1d00000, 0x00000000d1d00000| Untracked 
| 286|0x00000000d1e00000, 0x00000000d1e060d0, 0x00000000d1f00000|  2%| E|  |TAMS 0x00000000d1e00000, 0x00000000d1e00000| Complete 

Card table byte_map: [0x000001eee2b50000,0x000001eee2d50000] _byte_map_base: 0x000001eee2550000

Marking Bits (Prev, Next): (CMBitMap*) 0x000001eedcd09be0, (CMBitMap*) 0x000001eedcd09c20
 Prev Bits: [0x000001eee2f50000, 0x000001eee3f50000)
 Next Bits: [0x000001eee3f50000, 0x000001eee4f50000)

Polling page: 0x000001eedc490000

Metaspace:

Usage:
  Non-class:     63.49 MB used.
      Class:     10.06 MB used.
       Both:     73.55 MB used.

Virtual space:
  Non-class space:      128.00 MB reserved,      63.81 MB ( 50%) committed,  2 nodes.
      Class space:        1.00 GB reserved,      10.31 MB (  1%) committed,  1 nodes.
             Both:        1.12 GB reserved,      74.12 MB (  6%) committed. 

Chunk freelists:
   Non-Class:  15.97 MB
       Class:  5.56 MB
        Both:  21.53 MB

MaxMetaspaceSize: unlimited
CompressedClassSpaceSize: 1.00 GB
Initial GC threshold: 21.00 MB
Current GC threshold: 123.38 MB
CDS: off
MetaspaceReclaimPolicy: balanced
 - commit_granule_bytes: 65536.
 - commit_granule_words: 8192.
 - virtual_space_node_default_size: 8388608.
 - enlarge_chunks_in_place: 1.
 - new_chunks_are_fully_committed: 0.
 - uncommit_free_chunks: 1.
 - use_allocation_guard: 0.
 - handle_deallocations: 1.


Internal statistics:

num_allocs_failed_limit: 20.
num_arena_births: 988.
num_arena_deaths: 374.
num_vsnodes_births: 3.
num_vsnodes_deaths: 0.
num_space_committed: 1186.
num_space_uncommitted: 0.
num_chunks_returned_to_freelist: 502.
num_chunks_taken_from_freelist: 3679.
num_chunk_merges: 149.
num_chunk_splits: 2382.
num_chunks_enlarged: 1721.
num_inconsistent_stats: 0.

CodeCache: size=49152Kb used=29215Kb max_used=29636Kb free=19937Kb
 bounds [0x000001eedf950000, 0x000001eee1690000, 0x000001eee2950000]
 total_blobs=15985 nmethods=15287 adapters=623
 compilation: enabled
              stopped_count=0, restarted_count=0
 full_count=0

Compilation events (20 events):
Event: 4190.622 Thread 0x000001eee7886720 15466   !   1       java.io.FilterOutputStream::close (183 bytes)
Event: 4190.662 Thread 0x000001eee7886720 nmethod 15466 0x000001eee158c810 code [0x000001eee158ca20, 0x000001eee158cef8]
Event: 4190.662 Thread 0x000001eee7886720 15468       1       java.lang.ProcessImpl$$Lambda$1361/0x00000001009c1e48::run (8 bytes)
Event: 4190.662 Thread 0x000001eee7886720 nmethod 15468 0x000001eee158c510 code [0x000001eee158c6a0, 0x000001eee158c788]
Event: 4190.662 Thread 0x000001eee7886720 15469       1       java.lang.ProcessImpl::lambda$new$0 (6 bytes)
Event: 4190.662 Thread 0x000001eee7886720 nmethod 15469 0x000001eee158c210 code [0x000001eee158c3a0, 0x000001eee158c468]
Event: 78946.836 Thread 0x000001eee7886720 15471       1       org.openrewrite.marker.Markers::build (64 bytes)
Event: 78946.838 Thread 0x000001eee7886720 nmethod 15471 0x000001eee158ba90 code [0x000001eee158bc80, 0x000001eee158c088]
Event: 78946.838 Thread 0x000001eee7886720 15472       1       org.openrewrite.java.isolated.ReloadableJava17ParserVisitor::convertAll (59 bytes)
Event: 78946.839 Thread 0x000001eee7886720 nmethod 15472 0x000001eee158b190 code [0x000001eee158b3a0, 0x000001eee158b7a8]
Event: 78948.073 Thread 0x000001eee7886720 15473       1       com.sun.tools.javac.file.Locations$ModuleSourcePathLocationHandler::isSet (13 bytes)
Event: 78948.073 Thread 0x000001eee7886720 nmethod 15473 0x000001eee158ae90 code [0x000001eee158b020, 0x000001eee158b0f8]
Event: 78948.078 Thread 0x000001eee7886720 15474       1       org.openrewrite.Parser$Input::getRelativePath (22 bytes)
Event: 78948.078 Thread 0x000001eee7886720 nmethod 15474 0x000001eee158ab90 code [0x000001eee158ad20, 0x000001eee158ae28]
Event: 78958.147 Thread 0x000001eee7886720 15475       1       com.sun.tools.javac.util.Warner::<init> (6 bytes)
Event: 78958.147 Thread 0x000001eee7886720 nmethod 15475 0x000001eee158a890 code [0x000001eee158aa20, 0x000001eee158ab08]
Event: 78958.323 Thread 0x000001eee7886720 15476       1       org.eclipse.jdt.internal.compiler.lookup.ArrayBinding::problemId (8 bytes)
Event: 78958.323 Thread 0x000001eee7886720 nmethod 15476 0x000001eee158a590 code [0x000001eee158a720, 0x000001eee158a808]
Event: 78959.700 Thread 0x000001eee7886720 15477       1       org.eclipse.jdt.core.dom.PrimitiveType::getNodeType0 (3 bytes)
Event: 78959.700 Thread 0x000001eee7886720 nmethod 15477 0x000001eee158a290 code [0x000001eee158a420, 0x000001eee158a4f8]

GC Heap History (20 events):
Event: 79142.542 GC heap before
{Heap before GC invocations=7815 (full 7555):
 garbage-first heap   total 296960K, used 87178K [0x00000000c0000000, 0x0000000100000000)
  region size 1024K, 1 young (1024K), 0 survivors (0K)
 Metaspace       used 75315K, committed 75904K, reserved 1179648K
  class space    used 10299K, committed 10560K, reserved 1048576K
}
Event: 79142.583 GC heap after
{Heap after GC invocations=7816 (full 7556):
 garbage-first heap   total 293888K, used 87178K [0x00000000c0000000, 0x0000000100000000)
  region size 1024K, 0 young (0K), 0 survivors (0K)
 Metaspace       used 75315K, committed 75904K, reserved 1179648K
  class space    used 10299K, committed 10560K, reserved 1048576K
}
Event: 79152.763 GC heap before
{Heap before GC invocations=7816 (full 7556):
 garbage-first heap   total 293888K, used 87178K [0x00000000c0000000, 0x0000000100000000)
  region size 1024K, 1 young (1024K), 0 survivors (0K)
 Metaspace       used 75315K, committed 75904K, reserved 1179648K
  class space    used 10299K, committed 10560K, reserved 1048576K
}
Event: 79152.799 GC heap after
{Heap after GC invocations=7817 (full 7557):
 garbage-first heap   total 293888K, used 87169K [0x00000000c0000000, 0x0000000100000000)
  region size 1024K, 0 young (0K), 0 survivors (0K)
 Metaspace       used 75315K, committed 75904K, reserved 1179648K
  class space    used 10299K, committed 10560K, reserved 1048576K
}
Event: 79162.989 GC heap before
{Heap before GC invocations=7817 (full 7557):
 garbage-first heap   total 293888K, used 87169K [0x00000000c0000000, 0x0000000100000000)
  region size 1024K, 1 young (1024K), 0 survivors (0K)
 Metaspace       used 75315K, committed 75904K, reserved 1179648K
  class space    used 10299K, committed 10560K, reserved 1048576K
}
Event: 79163.034 GC heap after
{Heap after GC invocations=7818 (full 7558):
 garbage-first heap   total 293888K, used 87169K [0x00000000c0000000, 0x0000000100000000)
  region size 1024K, 0 young (0K), 0 survivors (0K)
 Metaspace       used 75315K, committed 75904K, reserved 1179648K
  class space    used 10299K, committed 10560K, reserved 1048576K
}
Event: 79173.216 GC heap before
{Heap before GC invocations=7818 (full 7558):
 garbage-first heap   total 293888K, used 87169K [0x00000000c0000000, 0x0000000100000000)
  region size 1024K, 1 young (1024K), 0 survivors (0K)
 Metaspace       used 75315K, committed 75904K, reserved 1179648K
  class space    used 10299K, committed 10560K, reserved 1048576K
}
Event: 79173.251 GC heap after
{Heap after GC invocations=7819 (full 7559):
 garbage-first heap   total 293888K, used 87169K [0x00000000c0000000, 0x0000000100000000)
  region size 1024K, 0 young (0K), 0 survivors (0K)
 Metaspace       used 75315K, committed 75904K, reserved 1179648K
  class space    used 10299K, committed 10560K, reserved 1048576K
}
Event: 79183.487 GC heap before
{Heap before GC invocations=7819 (full 7559):
 garbage-first heap   total 293888K, used 87169K [0x00000000c0000000, 0x0000000100000000)
  region size 1024K, 1 young (1024K), 0 survivors (0K)
 Metaspace       used 75315K, committed 75904K, reserved 1179648K
  class space    used 10299K, committed 10560K, reserved 1048576K
}
Event: 79183.540 GC heap after
{Heap after GC invocations=7820 (full 7560):
 garbage-first heap   total 293888K, used 87169K [0x00000000c0000000, 0x0000000100000000)
  region size 1024K, 0 young (0K), 0 survivors (0K)
 Metaspace       used 75315K, committed 75904K, reserved 1179648K
  class space    used 10299K, committed 10560K, reserved 1048576K
}
Event: 79195.032 GC heap before
{Heap before GC invocations=7820 (full 7560):
 garbage-first heap   total 293888K, used 87169K [0x00000000c0000000, 0x0000000100000000)
  region size 1024K, 1 young (1024K), 0 survivors (0K)
 Metaspace       used 75315K, committed 75904K, reserved 1179648K
  class space    used 10299K, committed 10560K, reserved 1048576K
}
Event: 79195.088 GC heap after
{Heap after GC invocations=7821 (full 7561):
 garbage-first heap   total 293888K, used 87169K [0x00000000c0000000, 0x0000000100000000)
  region size 1024K, 0 young (0K), 0 survivors (0K)
 Metaspace       used 75315K, committed 75904K, reserved 1179648K
  class space    used 10299K, committed 10560K, reserved 1048576K
}
Event: 79205.265 GC heap before
{Heap before GC invocations=7821 (full 7561):
 garbage-first heap   total 293888K, used 87169K [0x00000000c0000000, 0x0000000100000000)
  region size 1024K, 1 young (1024K), 0 survivors (0K)
 Metaspace       used 75315K, committed 75904K, reserved 1179648K
  class space    used 10299K, committed 10560K, reserved 1048576K
}
Event: 79205.305 GC heap after
{Heap after GC invocations=7822 (full 7562):
 garbage-first heap   total 293888K, used 87169K [0x00000000c0000000, 0x0000000100000000)
  region size 1024K, 0 young (0K), 0 survivors (0K)
 Metaspace       used 75315K, committed 75904K, reserved 1179648K
  class space    used 10299K, committed 10560K, reserved 1048576K
}
Event: 79215.485 GC heap before
{Heap before GC invocations=7822 (full 7562):
 garbage-first heap   total 293888K, used 87169K [0x00000000c0000000, 0x0000000100000000)
  region size 1024K, 1 young (1024K), 0 survivors (0K)
 Metaspace       used 75315K, committed 75904K, reserved 1179648K
  class space    used 10299K, committed 10560K, reserved 1048576K
}
Event: 79215.524 GC heap after
{Heap after GC invocations=7823 (full 7563):
 garbage-first heap   total 293888K, used 87169K [0x00000000c0000000, 0x0000000100000000)
  region size 1024K, 0 young (0K), 0 survivors (0K)
 Metaspace       used 75315K, committed 75904K, reserved 1179648K
  class space    used 10299K, committed 10560K, reserved 1048576K
}
Event: 79225.698 GC heap before
{Heap before GC invocations=7823 (full 7563):
 garbage-first heap   total 293888K, used 87169K [0x00000000c0000000, 0x0000000100000000)
  region size 1024K, 1 young (1024K), 0 survivors (0K)
 Metaspace       used 75315K, committed 75904K, reserved 1179648K
  class space    used 10299K, committed 10560K, reserved 1048576K
}
Event: 79225.735 GC heap after
{Heap after GC invocations=7824 (full 7564):
 garbage-first heap   total 293888K, used 87169K [0x00000000c0000000, 0x0000000100000000)
  region size 1024K, 0 young (0K), 0 survivors (0K)
 Metaspace       used 75315K, committed 75904K, reserved 1179648K
  class space    used 10299K, committed 10560K, reserved 1048576K
}
Event: 79245.948 GC heap before
{Heap before GC invocations=7824 (full 7564):
 garbage-first heap   total 293888K, used 87169K [0x00000000c0000000, 0x0000000100000000)
  region size 1024K, 1 young (1024K), 0 survivors (0K)
 Metaspace       used 75315K, committed 75904K, reserved 1179648K
  class space    used 10299K, committed 10560K, reserved 1048576K
}
Event: 79245.986 GC heap after
{Heap after GC invocations=7825 (full 7565):
 garbage-first heap   total 293888K, used 87170K [0x00000000c0000000, 0x0000000100000000)
  region size 1024K, 0 young (0K), 0 survivors (0K)
 Metaspace       used 75315K, committed 75904K, reserved 1179648K
  class space    used 10299K, committed 10560K, reserved 1048576K
}

Dll operation events (10 events):
Event: 0.009 Loaded shared library c:\Users\Administrator\.vscode\extensions\redhat.java-1.19.0-win32-x64\jre\17.0.7-win32-x86_64\bin\java.dll
Event: 0.542 Loaded shared library C:\Users\Administrator\.vscode\extensions\redhat.java-1.19.0-win32-x64\jre\17.0.7-win32-x86_64\bin\net.dll
Event: 0.545 Loaded shared library C:\Users\Administrator\.vscode\extensions\redhat.java-1.19.0-win32-x64\jre\17.0.7-win32-x86_64\bin\nio.dll
Event: 0.552 Loaded shared library C:\Users\Administrator\.vscode\extensions\redhat.java-1.19.0-win32-x64\jre\17.0.7-win32-x86_64\bin\zip.dll
Event: 0.904 Loaded shared library C:\Users\Administrator\.vscode\extensions\redhat.java-1.19.0-win32-x64\jre\17.0.7-win32-x86_64\bin\jimage.dll
Event: 3.677 Loaded shared library C:\Users\Administrator\.vscode\extensions\redhat.java-1.19.0-win32-x64\jre\17.0.7-win32-x86_64\bin\management.dll
Event: 3.679 Loaded shared library C:\Users\Administrator\.vscode\extensions\redhat.java-1.19.0-win32-x64\jre\17.0.7-win32-x86_64\bin\management_ext.dll
Event: 5.171 Loaded shared library C:\Users\Administrator\.vscode\extensions\redhat.java-1.19.0-win32-x64\jre\17.0.7-win32-x86_64\bin\sunmscapi.dll
Event: 13.953 Loaded shared library c:\Users\Administrator\.vscode\extensions\redhat.java-1.19.0-win32-x64\jre\17.0.7-win32-x86_64\bin\verify.dll
Event: 17.076 Loaded shared library C:\Users\Administrator\AppData\Local\Temp\snappy-1.1.8-28fb539c-dd48-4830-937e-7c818673df63-snappyjava.dll

Deoptimization events (20 events):
Event: 1655.985 Thread 0x000001eeed6ad8b0 DEOPT PACKING pc=0x000001eee02deb54 sp=0x00000071919fe540
Event: 1655.985 Thread 0x000001eeed6ad8b0 DEOPT UNPACKING pc=0x000001eedf9a7143 sp=0x00000071919fda68 mode 0
Event: 1656.308 Thread 0x000001eeed6ad8b0 DEOPT PACKING pc=0x000001eedfeb87cc sp=0x00000071919fe1e0
Event: 1656.308 Thread 0x000001eeed6ad8b0 DEOPT UNPACKING pc=0x000001eedf9a7143 sp=0x00000071919fd768 mode 0
Event: 1766.306 Thread 0x000001eeed6aff30 DEOPT PACKING pc=0x000001eee1159ae6 sp=0x00000071922fe520
Event: 1766.306 Thread 0x000001eeed6aff30 DEOPT UNPACKING pc=0x000001eedf9a7143 sp=0x00000071922fd9e0 mode 3
Event: 1785.110 Thread 0x000001eeed6ad8b0 DEOPT PACKING pc=0x000001eee0bb5626 sp=0x00000071919fdef0
Event: 1785.110 Thread 0x000001eeed6ad8b0 DEOPT UNPACKING pc=0x000001eedf9a7143 sp=0x00000071919fd478 mode 0
Event: 1875.410 Thread 0x000001eeed6aff30 DEOPT PACKING pc=0x000001eee136202b sp=0x00000071922fe520
Event: 1875.410 Thread 0x000001eeed6aff30 DEOPT UNPACKING pc=0x000001eedf9a7143 sp=0x00000071922fda20 mode 3
Event: 1879.221 Thread 0x000001eeed6add80 DEOPT PACKING pc=0x000001eee1328c98 sp=0x00000071925fe260
Event: 1879.221 Thread 0x000001eeed6add80 DEOPT UNPACKING pc=0x000001eedf9a7143 sp=0x00000071925fd750 mode 3
Event: 1879.275 Thread 0x000001eeed6b25b0 DEOPT PACKING pc=0x000001eee14ca21b sp=0x00000071924fe380
Event: 1879.275 Thread 0x000001eeed6b25b0 DEOPT UNPACKING pc=0x000001eedf9a7143 sp=0x00000071924fd8b0 mode 3
Event: 1940.594 Thread 0x000001eeed6aff30 DEOPT PACKING pc=0x000001eee12f80b3 sp=0x00000071922fe7a0
Event: 1940.594 Thread 0x000001eeed6aff30 DEOPT UNPACKING pc=0x000001eedf9a7143 sp=0x00000071922fdc60 mode 3
Event: 2528.824 Thread 0x000001eeed530580 DEOPT PACKING pc=0x000001eee1415c0f sp=0x0000007192afd3a0
Event: 2528.824 Thread 0x000001eeed530580 DEOPT UNPACKING pc=0x000001eedf9a7143 sp=0x0000007192afc898 mode 3
Event: 2919.774 Thread 0x000001ee8010c840 DEOPT PACKING pc=0x000001eee15ced9d sp=0x00000071922fd7f0
Event: 2919.774 Thread 0x000001ee8010c840 DEOPT UNPACKING pc=0x000001eedf9a7143 sp=0x00000071922fcd20 mode 3

Classes unloaded (20 events):
Event: 2751.535 Thread 0x000001eee784b120 Unloading class 0x0000000100541c00 'jdk/internal/reflect/GeneratedConstructorAccessor86'
Event: 2751.535 Thread 0x000001eee784b120 Unloading class 0x0000000100a4d400 'jdk/internal/reflect/GeneratedConstructorAccessor85'
Event: 2751.535 Thread 0x000001eee784b120 Unloading class 0x0000000100a4e000 'jdk/internal/reflect/GeneratedConstructorAccessor84'
Event: 2751.535 Thread 0x000001eee784b120 Unloading class 0x0000000100a54400 'jdk/internal/reflect/GeneratedMethodAccessor71'
Event: 2751.535 Thread 0x000001eee784b120 Unloading class 0x0000000100a54800 'jdk/internal/reflect/GeneratedConstructorAccessor83'
Event: 2761.767 Thread 0x000001eee784b120 Unloading class 0x000000010008b400 'jdk/internal/reflect/GeneratedMethodAccessor81'
Event: 2761.767 Thread 0x000001eee784b120 Unloading class 0x000000010008b000 'jdk/internal/reflect/GeneratedConstructorAccessor91'
Event: 2761.767 Thread 0x000001eee784b120 Unloading class 0x0000000100a4dc00 'jdk/internal/reflect/GeneratedMethodAccessor80'
Event: 2761.767 Thread 0x000001eee784b120 Unloading class 0x0000000100a4d800 'jdk/internal/reflect/GeneratedConstructorAccessor90'
Event: 2761.767 Thread 0x000001eee784b120 Unloading class 0x00000001003b8400 'jdk/internal/reflect/GeneratedMethodAccessor79'
Event: 2761.767 Thread 0x000001eee784b120 Unloading class 0x0000000100422000 'jdk/internal/reflect/GeneratedMethodAccessor78'
Event: 2761.767 Thread 0x000001eee784b120 Unloading class 0x00000001004fc400 'jdk/internal/reflect/GeneratedMethodAccessor77'
Event: 2761.767 Thread 0x000001eee784b120 Unloading class 0x0000000100600800 'jdk/internal/reflect/GeneratedMethodAccessor72'
Event: 3147.876 Thread 0x000001eee784b120 Unloading class 0x0000000100541c00 'jdk/internal/reflect/GeneratedMethodAccessor86'
Event: 3147.876 Thread 0x000001eee784b120 Unloading class 0x0000000100538000 'jdk/internal/reflect/GeneratedConstructorAccessor93'
Event: 3147.876 Thread 0x000001eee784b120 Unloading class 0x0000000100514000 'jdk/internal/reflect/GeneratedMethodAccessor85'
Event: 3147.876 Thread 0x000001eee784b120 Unloading class 0x0000000100600800 'jdk/internal/reflect/GeneratedConstructorAccessor92'
Event: 3147.876 Thread 0x000001eee784b120 Unloading class 0x00000001004fc400 'jdk/internal/reflect/GeneratedMethodAccessor84'
Event: 3147.876 Thread 0x000001eee784b120 Unloading class 0x0000000100422000 'jdk/internal/reflect/GeneratedMethodAccessor83'
Event: 3147.876 Thread 0x000001eee784b120 Unloading class 0x00000001003b8400 'jdk/internal/reflect/GeneratedMethodAccessor82'

Classes redefined (0 events):
No events

Internal exceptions (20 events):
Event: 2919.617 Thread 0x000001eeed6aff30 Exception <a 'sun/nio/fs/WindowsException'{0x00000000caa66bd0}> (0x00000000caa66bd0) 
thrown [s\src\hotspot\share\prims\jni.cpp, line 516]
Event: 2919.617 Thread 0x000001eeed6aff30 Exception <a 'sun/nio/fs/WindowsException'{0x00000000caa67ab8}> (0x00000000caa67ab8) 
thrown [s\src\hotspot\share\prims\jni.cpp, line 516]
Event: 2919.774 Thread 0x000001ee8010c840 Implicit null exception at 0x000001eee15ce9d1 to 0x000001eee15ced98
Event: 2923.795 Thread 0x000001eeed6aff30 Exception <a 'sun/nio/fs/WindowsException'{0x00000000d081b3f8}> (0x00000000d081b3f8) 
thrown [s\src\hotspot\share\prims\jni.cpp, line 516]
Event: 2923.795 Thread 0x000001eeed6aff30 Exception <a 'sun/nio/fs/WindowsException'{0x00000000d081c2e0}> (0x00000000d081c2e0) 
thrown [s\src\hotspot\share\prims\jni.cpp, line 516]
Event: 2924.117 Thread 0x000001eeed6aff30 Exception <a 'sun/nio/fs/WindowsException'{0x00000000cfb19b38}> (0x00000000cfb19b38) 
thrown [s\src\hotspot\share\prims\jni.cpp, line 516]
Event: 2924.117 Thread 0x000001eeed6aff30 Exception <a 'sun/nio/fs/WindowsException'{0x00000000cfb1aa20}> (0x00000000cfb1aa20) 
thrown [s\src\hotspot\share\prims\jni.cpp, line 516]
Event: 2924.523 Thread 0x000001eeed6aff30 Exception <a 'sun/nio/fs/WindowsException'{0x00000000cf710b60}> (0x00000000cf710b60) 
thrown [s\src\hotspot\share\prims\jni.cpp, line 516]
Event: 2924.523 Thread 0x000001eeed6aff30 Exception <a 'sun/nio/fs/WindowsException'{0x00000000cf711a48}> (0x00000000cf711a48) 
thrown [s\src\hotspot\share\prims\jni.cpp, line 516]
Event: 2925.643 Thread 0x000001eeed6aff30 Exception <a 'sun/nio/fs/WindowsException'{0x00000000cf31c878}> (0x00000000cf31c878) 
thrown [s\src\hotspot\share\prims\jni.cpp, line 516]
Event: 2925.643 Thread 0x000001eeed6aff30 Exception <a 'sun/nio/fs/WindowsException'{0x00000000cf31d760}> (0x00000000cf31d760) 
thrown [s\src\hotspot\share\prims\jni.cpp, line 516]
Event: 2926.700 Thread 0x000001eeed6aff30 Exception <a 'sun/nio/fs/WindowsException'{0x00000000cef04b88}> (0x00000000cef04b88) 
thrown [s\src\hotspot\share\prims\jni.cpp, line 516]
Event: 2926.700 Thread 0x000001eeed6aff30 Exception <a 'sun/nio/fs/WindowsException'{0x00000000cef05a70}> (0x00000000cef05a70) 
thrown [s\src\hotspot\share\prims\jni.cpp, line 516]
Event: 78944.719 Thread 0x000001eeed6b3dc0 Exception <a 'sun/nio/fs/WindowsException'{0x00000000d288c888}> (0x00000000d288c888) 
thrown [s\src\hotspot\share\prims\jni.cpp, line 516]
Event: 78944.720 Thread 0x000001eeed6b3dc0 Exception <a 'sun/nio/fs/WindowsException'{0x00000000d288d770}> (0x00000000d288d770) 
thrown [s\src\hotspot\share\prims\jni.cpp, line 516]
Event: 78947.951 Thread 0x000001eeed6b3dc0 Exception <a 'sun/nio/fs/WindowsException'{0x00000000d2221340}> (0x00000000d2221340) 
thrown [s\src\hotspot\share\prims\jni.cpp, line 516]
Event: 78947.952 Thread 0x000001eeed6b3dc0 Exception <a 'sun/nio/fs/WindowsException'{0x00000000d2222228}> (0x00000000d2222228) 
thrown [s\src\hotspot\share\prims\jni.cpp, line 516]
Event: 78958.053 Thread 0x000001eeed6b3dc0 Exception <a 'sun/nio/fs/WindowsException'{0x00000000d159d3c8}> (0x00000000d159d3c8) 
thrown [s\src\hotspot\share\prims\jni.cpp, line 516]
Event: 78958.053 Thread 0x000001eeed6b3dc0 Exception <a 'sun/nio/fs/WindowsException'{0x00000000d159e2b0}> (0x00000000d159e2b0) 
thrown [s\src\hotspot\share\prims\jni.cpp, line 516]
Event: 79235.745 Thread 0x000001eeed30bf90 Exception <a 'java/io/IOException'{0x00000000d1e00640}: CreateProcess error=1455,        > (0x00000000d1e00640) 
thrown [s\src\hotspot\share\prims\jni.cpp, line 535]

VM Operations (20 events):
Event: 79142.583 Executing VM operation: G1CollectFull done
Event: 79152.763 Executing VM operation: G1CollectFull
Event: 79152.799 Executing VM operation: G1CollectFull done
Event: 79162.989 Executing VM operation: G1CollectFull
Event: 79163.034 Executing VM operation: G1CollectFull done
Event: 79173.216 Executing VM operation: G1CollectFull
Event: 79173.252 Executing VM operation: G1CollectFull done
Event: 79183.486 Executing VM operation: G1CollectFull
Event: 79183.541 Executing VM operation: G1CollectFull done
Event: 79195.030 Executing VM operation: G1CollectFull
Event: 79195.088 Executing VM operation: G1CollectFull done
Event: 79205.264 Executing VM operation: G1CollectFull
Event: 79205.305 Executing VM operation: G1CollectFull done
Event: 79215.485 Executing VM operation: G1CollectFull
Event: 79215.525 Executing VM operation: G1CollectFull done
Event: 79225.698 Executing VM operation: G1CollectFull
Event: 79225.735 Executing VM operation: G1CollectFull done
Event: 79245.947 Executing VM operation: G1CollectFull
Event: 79245.986 Executing VM operation: G1CollectFull done
Event: 79256.182 Executing VM operation: G1CollectFull

Events (20 events):
Event: 2918.038 Thread 0x000001ee801e1680 Thread added: 0x000001ee801e1680
Event: 2919.737 Thread 0x000001ee801e1680 Thread exited: 0x000001ee801e1680
Event: 2920.509 Thread 0x000001eeee22a110 Thread added: 0x000001eeee22a110
Event: 2987.279 Thread 0x000001ee8010e050 Thread exited: 0x000001ee8010e050
Event: 2987.279 Thread 0x000001ee8010c840 Thread exited: 0x000001ee8010c840
Event: 2987.279 Thread 0x000001eeed6aff30 Thread exited: 0x000001eeed6aff30
Event: 2988.242 Thread 0x000001eeee22a110 Thread exited: 0x000001eeee22a110
Event: 3047.292 Thread 0x000001eeed6b2a80 Thread exited: 0x000001eeed6b2a80
Event: 78887.325 Thread 0x000001ee8010e050 Thread added: 0x000001ee8010e050
Event: 78887.331 Thread 0x000001eeed6b3dc0 Thread added: 0x000001eeed6b3dc0
Event: 78941.879 Thread 0x000001eeed6ae720 Thread added: 0x000001eeed6ae720
Event: 78944.964 Thread 0x000001eeed6acf10 Thread added: 0x000001eeed6acf10
Event: 78944.964 Thread 0x000001ee8006d820 Thread added: 0x000001ee8006d820
Event: 78944.983 Thread 0x000001eeed6b25b0 Thread added: 0x000001eeed6b25b0
Event: 79006.362 Thread 0x000001eeed6b25b0 Thread exited: 0x000001eeed6b25b0
Event: 79008.086 Thread 0x000001ee8010e050 Thread exited: 0x000001ee8010e050
Event: 79018.325 Thread 0x000001eeed6b3dc0 Thread exited: 0x000001eeed6b3dc0
Event: 79019.645 Thread 0x000001ee8006d820 Thread exited: 0x000001ee8006d820
Event: 79020.252 Thread 0x000001eeed6ae720 Thread exited: 0x000001eeed6ae720
Event: 79078.333 Thread 0x000001eeed6acf10 Thread exited: 0x000001eeed6acf10


Dynamic libraries:
0x00007ff61ef20000 - 0x00007ff61ef2e000 	c:\Users\Administrator\.vscode\extensions\redhat.java-1.19.0-win32-x64\jre\17.0.7-win32-x86_64\bin\java.exe
0x00007ffc4ae50000 - 0x00007ffc4b048000 	C:\WINDOWS\SYSTEM32\ntdll.dll
0x00007ffc49ce0000 - 0x00007ffc49d9f000 	C:\WINDOWS\System32\KERNEL32.DLL
0x00007ffc48560000 - 0x00007ffc48856000 	C:\WINDOWS\System32\KERNELBASE.dll
0x00007ffc48a30000 - 0x00007ffc48b30000 	C:\WINDOWS\System32\ucrtbase.dll
0x00007ffbfe9e0000 - 0x00007ffbfe9f7000 	c:\Users\Administrator\.vscode\extensions\redhat.java-1.19.0-win32-x64\jre\17.0.7-win32-x86_64\bin\jli.dll
0x00007ffc4a690000 - 0x00007ffc4a82d000 	C:\WINDOWS\System32\USER32.dll
0x00007ffc48b30000 - 0x00007ffc48b52000 	C:\WINDOWS\System32\win32u.dll
0x00007ffc4ade0000 - 0x00007ffc4ae0c000 	C:\WINDOWS\System32\GDI32.dll
0x00007ffc48ce0000 - 0x00007ffc48df5000 	C:\WINDOWS\System32\gdi32full.dll
0x00007ffc48bb0000 - 0x00007ffc48c4d000 	C:\WINDOWS\System32\msvcp_win.dll
0x00007ffbedbf0000 - 0x00007ffbedc09000 	c:\Users\Administrator\.vscode\extensions\redhat.java-1.19.0-win32-x64\jre\17.0.7-win32-x86_64\bin\VCRUNTIME140.dll
0x00007ffc3b140000 - 0x00007ffc3b3da000 	C:\WINDOWS\WinSxS\amd64_microsoft.windows.common-controls_6595b64144ccf1df_6.0.19041.1110_none_60b5254171f9507e\COMCTL32.dll
0x00007ffc49820000 - 0x00007ffc498be000 	C:\WINDOWS\System32\msvcrt.dll
0x00007ffc4a900000 - 0x00007ffc4a930000 	C:\WINDOWS\System32\IMM32.DLL
0x00007ffc206f0000 - 0x00007ffc206fc000 	c:\Users\Administrator\.vscode\extensions\redhat.java-1.19.0-win32-x64\jre\17.0.7-win32-x86_64\bin\vcruntime140_1.dll
0x00007ffbc2700000 - 0x00007ffbc2791000 	c:\Users\Administrator\.vscode\extensions\redhat.java-1.19.0-win32-x64\jre\17.0.7-win32-x86_64\bin\msvcp140.dll
0x00007ffb9a950000 - 0x00007ffb9b598000 	c:\Users\Administrator\.vscode\extensions\redhat.java-1.19.0-win32-x64\jre\17.0.7-win32-x86_64\bin\server\jvm.dll
0x00007ffc4ad30000 - 0x00007ffc4addf000 	C:\WINDOWS\System32\ADVAPI32.dll
0x00007ffc4a5d0000 - 0x00007ffc4a66c000 	C:\WINDOWS\System32\sechost.dll
0x00007ffc4ab50000 - 0x00007ffc4ac76000 	C:\WINDOWS\System32\RPCRT4.dll
0x00007ffc3de20000 - 0x00007ffc3de29000 	C:\WINDOWS\SYSTEM32\WSOCK32.dll
0x00007ffc4aae0000 - 0x00007ffc4ab4b000 	C:\WINDOWS\System32\WS2_32.dll
0x00007ffc3ca20000 - 0x00007ffc3ca47000 	C:\WINDOWS\SYSTEM32\WINMM.dll
0x00007ffc42380000 - 0x00007ffc4238a000 	C:\WINDOWS\SYSTEM32\VERSION.dll
0x00007ffc462e0000 - 0x00007ffc462f2000 	C:\WINDOWS\SYSTEM32\kernel.appcore.dll
0x00007ffc205f0000 - 0x00007ffc205fa000 	c:\Users\Administrator\.vscode\extensions\redhat.java-1.19.0-win32-x64\jre\17.0.7-win32-x86_64\bin\jimage.dll
0x00007ffc412a0000 - 0x00007ffc41484000 	C:\WINDOWS\SYSTEM32\DBGHELP.DLL
0x00007ffc411d0000 - 0x00007ffc41204000 	C:\WINDOWS\SYSTEM32\dbgcore.DLL
0x00007ffc48c50000 - 0x00007ffc48cd2000 	C:\WINDOWS\System32\bcryptPrimitives.dll
0x00007ffbc3150000 - 0x00007ffbc3175000 	c:\Users\Administrator\.vscode\extensions\redhat.java-1.19.0-win32-x64\jre\17.0.7-win32-x86_64\bin\java.dll
0x00007ffbc4840000 - 0x00007ffbc4858000 	c:\Users\Administrator\.vscode\extensions\redhat.java-1.19.0-win32-x64\jre\17.0.7-win32-x86_64\bin\zip.dll
0x00007ffc48eb0000 - 0x00007ffc495f4000 	C:\WINDOWS\System32\SHELL32.dll
0x00007ffc465c0000 - 0x00007ffc46d53000 	C:\WINDOWS\SYSTEM32\windows.storage.dll
0x00007ffc49980000 - 0x00007ffc49cd4000 	C:\WINDOWS\System32\combase.dll
0x00007ffc47dc0000 - 0x00007ffc47dee000 	C:\WINDOWS\SYSTEM32\Wldp.dll
0x00007ffc498c0000 - 0x00007ffc4996d000 	C:\WINDOWS\System32\SHCORE.dll
0x00007ffc49e00000 - 0x00007ffc49e55000 	C:\WINDOWS\System32\shlwapi.dll
0x00007ffc48470000 - 0x00007ffc4848f000 	C:\WINDOWS\SYSTEM32\profapi.dll
0x00007ffbc40c0000 - 0x00007ffbc40d9000 	C:\Users\Administrator\.vscode\extensions\redhat.java-1.19.0-win32-x64\jre\17.0.7-win32-x86_64\bin\net.dll
0x00007ffc42f50000 - 0x00007ffc4305a000 	C:\WINDOWS\SYSTEM32\WINHTTP.dll
0x00007ffc47ba0000 - 0x00007ffc47c0a000 	C:\WINDOWS\system32\mswsock.dll
0x00007ffbc3ee0000 - 0x00007ffbc3ef5000 	C:\Users\Administrator\.vscode\extensions\redhat.java-1.19.0-win32-x64\jre\17.0.7-win32-x86_64\bin\nio.dll
0x00007ffc47ee0000 - 0x00007ffc47ef8000 	C:\WINDOWS\SYSTEM32\CRYPTSP.dll
0x00007ffc474e0000 - 0x00007ffc47514000 	C:\WINDOWS\system32\rsaenh.dll
0x00007ffc48530000 - 0x00007ffc48557000 	C:\WINDOWS\System32\bcrypt.dll
0x00007ffc483f0000 - 0x00007ffc4841e000 	C:\WINDOWS\SYSTEM32\USERENV.dll
0x00007ffc47d30000 - 0x00007ffc47d3c000 	C:\WINDOWS\SYSTEM32\CRYPTBASE.dll
0x00007ffc478b0000 - 0x00007ffc478ec000 	C:\WINDOWS\SYSTEM32\IPHLPAPI.DLL
0x00007ffc49970000 - 0x00007ffc49978000 	C:\WINDOWS\System32\NSI.dll
0x00007ffc43830000 - 0x00007ffc43847000 	C:\WINDOWS\SYSTEM32\dhcpcsvc6.DLL
0x00007ffc43800000 - 0x00007ffc4381d000 	C:\WINDOWS\SYSTEM32\dhcpcsvc.DLL
0x00007ffc478f0000 - 0x00007ffc479ba000 	C:\WINDOWS\SYSTEM32\DNSAPI.dll
0x00007ffc29c40000 - 0x00007ffc29c49000 	C:\Users\Administrator\.vscode\extensions\redhat.java-1.19.0-win32-x64\jre\17.0.7-win32-x86_64\bin\management.dll
0x00007ffc27760000 - 0x00007ffc2776b000 	C:\Users\Administrator\.vscode\extensions\redhat.java-1.19.0-win32-x64\jre\17.0.7-win32-x86_64\bin\management_ext.dll
0x00007ffc49600000 - 0x00007ffc49608000 	C:\WINDOWS\System32\PSAPI.DLL
0x00007ffc1b5b0000 - 0x00007ffc1b5be000 	C:\Users\Administrator\.vscode\extensions\redhat.java-1.19.0-win32-x64\jre\17.0.7-win32-x86_64\bin\sunmscapi.dll
0x00007ffc488d0000 - 0x00007ffc48a2e000 	C:\WINDOWS\System32\CRYPT32.dll
0x00007ffc47eb0000 - 0x00007ffc47ed8000 	C:\WINDOWS\SYSTEM32\ncrypt.dll
0x00007ffc47e60000 - 0x00007ffc47e9b000 	C:\WINDOWS\SYSTEM32\NTASN1.dll
0x00007ffc424c0000 - 0x00007ffc424ca000 	C:\Windows\System32\rasadhlp.dll
0x00007ffc429f0000 - 0x00007ffc42a72000 	C:\WINDOWS\System32\fwpuclnt.dll
0x00007ffc1fe10000 - 0x00007ffc1fe20000 	c:\Users\Administrator\.vscode\extensions\redhat.java-1.19.0-win32-x64\jre\17.0.7-win32-x86_64\bin\verify.dll
0x000000006c500000 - 0x000000006c5c7000 	C:\Users\Administrator\AppData\Local\Temp\snappy-1.1.8-28fb539c-dd48-4830-937e-7c818673df63-snappyjava.dll

dbghelp: loaded successfully - version: 4.0.5 - missing functions: none
symbol engine: initialized successfully - sym options: 0x614 - pdb path: .;c:\Users\Administrator\.vscode\extensions\redhat.java-1.19.0-win32-x64\jre\17.0.7-win32-x86_64\bin;C:\WINDOWS\SYSTEM32;C:\WINDOWS\WinSxS\amd64_microsoft.windows.common-controls_6595b64144ccf1df_6.0.19041.1110_none_60b5254171f9507e;c:\Users\Administrator\.vscode\extensions\redhat.java-1.19.0-win32-x64\jre\17.0.7-win32-x86_64\bin\server;C:\Users\Administrator\AppData\Local\Temp

VM Arguments:
jvm_args: -XX:+HeapDumpOnOutOfMemoryError -Xmx1024m -Dsts.lsp.client=vscode -Dsts.log.file=/dev/null -XX:TieredStopAtLevel=1 -Xlog:jni+resolve=off -Dspring.config.location=file:c:\Users\Administrator\.vscode\extensions\vmware.vscode-spring-boot-1.47.0\language-server\BOOT-INF\classes\application.properties 
java_command: org.springframework.ide.vscode.boot.app.BootLanguageServerBootApp
java_class_path (initial): c:\Users\Administrator\.vscode\extensions\vmware.vscode-spring-boot-1.47.0\language-server\BOOT-INF\classes;c:\Users\Administrator\.vscode\extensions\vmware.vscode-spring-boot-1.47.0\language-server\BOOT-INF\lib\annotations-24.0.1.jar;c:\Users\Administrator\.vscode\extensions\vmware.vscode-spring-boot-1.47.0\language-server\BOOT-INF\lib\antlr-runtime-3.5.3.jar;c:\Users\Administrator\.vscode\extensions\vmware.vscode-spring-boot-1.47.0\language-server\BOOT-INF\lib\antlr4-4.11.1.jar;c:\Users\Administrator\.vscode\extensions\vmware.vscode-spring-boot-1.47.0\language-server\BOOT-INF\lib\antlr4-runtime-4.11.1.jar;c:\Users\Administrator\.vscode\extensions\vmware.vscode-spring-boot-1.47.0\language-server\BOOT-INF\lib\aopalliance-1.0.jar;c:\Users\Administrator\.vscode\extensions\vmware.vscode-spring-boot-1.47.0\language-server\BOOT-INF\lib\asm-9.5.jar;c:\Users\Administrator\.vscode\extensions\vmware.vscode-spring-boot-1.47.0\language-server\BOOT-INF\lib\asm-analysis-9.5.jar;c:\Users\Administrator\.vscode\extensions\vmware.vscode-spring-boot-1.47.0\language-server\BOOT-INF\lib\asm-tree-9.5.jar;c:\Users\Administrator\.vscode\extensions\vmware.vscode-spring-boot-1.47.0\language-server\BOOT-INF\lib\asm-util-9.5.jar;c:\Users\Administrator\.vscode\extensions\vmware.vscode-spring-boot-1.47.0\language-server\BOOT-INF\lib\auto-common-1.2.1.jar;c:\Users\Administrator\.vscode\extensions\vmware.vscode-spring-boot-1.47.0\language-server\BOOT-INF\lib\auto-value-annotations-1.9.jar;c:\Users\Administrator\.vscode\extensions\vmware.vscode-spring-boot-1.47.0\language-server\BOOT-INF\lib\caffeine-3.1.2.jar;c:\Users\Administrator\.vscode\extensions\vmware.vscode-spring-boot-1.47.0\language-server\BOOT-INF\lib\checker-qual-3.12.0.jar;c:\Users\Administrator\.vscode\extensions\vmware.vscode-spring-boot-1.47.0\language-server\BOOT-INF\lib\classgraph-4.8.149.jar;c:\Users\Administrator\.vscode\extensions\vmware.vscode-spring-boot-1.47.0\language-server\BOOT-INF\lib\common
Launcher Type: SUN_STANDARD

[Global flags]
     intx CICompilerCount                          = 3                                         {product} {ergonomic}
     uint ConcGCThreads                            = 2                                         {product} {ergonomic}
     uint G1ConcRefinementThreads                  = 6                                         {product} {ergonomic}
   size_t G1HeapRegionSize                         = 1048576                                   {product} {ergonomic}
    uintx GCDrainStackTargetSize                   = 64                                        {product} {ergonomic}
     bool HeapDumpOnOutOfMemoryError               = true                                   {manageable} {command line}
   size_t InitialHeapSize                          = 536870912                                 {product} {ergonomic}
   size_t MarkStackSize                            = 4194304                                   {product} {ergonomic}
   size_t MaxHeapSize                              = 1073741824                                {product} {command line}
   size_t MaxNewSize                               = 643825664                                 {product} {ergonomic}
   size_t MinHeapDeltaBytes                        = 1048576                                   {product} {ergonomic}
   size_t MinHeapSize                              = 8388608                                   {product} {ergonomic}
    uintx NonProfiledCodeHeapSize                  = 0                                      {pd product} {ergonomic}
     bool ProfileInterpreter                       = false                                  {pd product} {command line}
    uintx ProfiledCodeHeapSize                     = 0                                      {pd product} {ergonomic}
   size_t SoftMaxHeapSize                          = 1073741824                             {manageable} {ergonomic}
     intx TieredStopAtLevel                        = 1                                         {product} {command line}
     bool UseCompressedClassPointers               = true                           {product lp64_product} {ergonomic}
     bool UseCompressedOops                        = true                           {product lp64_product} {ergonomic}
     bool UseG1GC                                  = true                                      {product} {ergonomic}
     bool UseLargePagesIndividualAllocation        = false                                  {pd product} {ergonomic}

Logging:
Log output configuration:
 #0: stdout all=warning,jni+resolve=off uptime,level,tags
 #1: stderr all=off uptime,level,tags

Environment Variables:
JAVA_HOME=C:\Program Files\Amazon Corretto\jdk11.0.18_10
PATH=C:\Users\Administrator\AppData\Local\cloud-code\installer\google-cloud-sdk\bin;C:\Program Files\Amazon Corretto\jdk11.0.18_10\bin;D:\app\hankuk1_006\product\11.2.0\dbhome_1\bin;D:\app\1_006\product\11.2.0\dbhome_4\bin;D:;app\1_006\product\11.2.0\dbhome_3\bin;C:;Program Files (x86)\Common Files\Oracle\Java\javapath;C:\WINDOWS\system32;C:\WINDOWS;C:\WINDOWS\System32\Wbem;C:\WINDOWS\System32\WindowsPowerShell\v1.0\;C:\WINDOWS\System32\OpenSSH\;C:\Program Files\Bandizip\;C:\Program Files\Docker\Docker\resources\bin;C:\Program Files\Git\cmd;C:\Program Files\Git LFS;C:\Program Files\dotnet\;C:\Program Files\Oracle\instantclient-basic-windows.x64-11.2.0.4.0\instantclient_11_2;C:\jdk18\bin;C:\Users\Administrator\AppData\Local\Microsoft\WindowsApps;C:\Users\Administrator\AppData\Local\Programs\Microsoft VS Code\bin;C:\Program Files\Oracle\instantclient-basic-windows.x64-11.2.0.4.0\instantclient_11_2;C:\jdk18\bin;C:\Users\Administrator\AppData\Local\GitHubDesktop\bin;C:\Program Files\JetBrains\IntelliJ IDEA 2023.1.2\bin;;C:\Users\Administrator\AppData\Local\Google\Cloud SDK\google-cloud-sdk\bin;C:\Program Files (x86)\Google\Cloud SDK\google-cloud-sdk\bin;C:\Program Files\Google\Cloud SDK\google-cloud-sdk\bin
USERNAME=Administrator
OS=Windows_NT
PROCESSOR_IDENTIFIER=Intel64 Family 6 Model 158 Stepping 10, GenuineIntel
TMP=C:\Users\ADMINI~1\AppData\Local\Temp
TEMP=C:\Users\ADMINI~1\AppData\Local\Temp



---------------  S Y S T E M  ---------------

OS:
 Windows 10 , 64 bit Build 19041 (10.0.19041.3031)
OS uptime: 14 days 12:11 hours
Hyper-V role detected

CPU: total 6 (initial active 6) (6 cores per cpu, 1 threads per core) family 6 model 158 stepping 10 microcode 0xb4, cx8, cmov, fxsr, mmx, 3dnowpref, sse, sse2, sse3, ssse3, sse4.1, sse4.2, popcnt, lzcnt, tsc, tscinvbit, avx, avx2, aes, erms, clmul, bmi1, bmi2, adx, fma, vzeroupper, clflush, clflushopt, hv

Memory: 4k page, system-wide physical 32712M (13113M free)
TotalPageFile size 34760M (AvailPageFile size 10M)
current process WorkingSet (physical memory assigned to process): 276M, peak: 1175M
current process commit charge ("private bytes"): 520M, peak: 1166M

vm_info: OpenJDK 64-Bit Server VM (17.0.7+7) for windows-amd64 JRE (17.0.7+7), built on Apr 18 2023 22:10:42 by "temurin" with MS VC++ 16.7 (VS2019)

END.
