#
# There is insufficient memory for the Java Runtime Environment to continue.
# Native memory allocation (malloc) failed to allocate 2097152 bytes for AllocateHeap
# Possible reasons:
#   The system is out of physical RAM or swap space
#   The process is running with CompressedOops enabled, and the Java Heap may be blocking the growth of the native heap
# Possible solutions:
#   Reduce memory load on the system
#   Increase physical memory or swap space
#   Check if swap backing store is full
#   Decrease Java heap size (-Xmx/-Xms)
#   Decrease number of Java threads
#   Decrease Java thread stack sizes (-Xss)
#   Set larger code cache with -XX:ReservedCodeCacheSize=
#   JVM is running with Unscaled Compressed Oops mode in which the Java heap is
#     placed in the first 4GB address space. The Java Heap base address is the
#     maximum limit for the native heap growth. Please use -XX:HeapBaseMinAddress
#     to set the Java Heap base and to place the Java Heap above 4GB virtual address.
# This output file may be truncated or incomplete.
#
#  Out of Memory Error (allocation.cpp:44), pid=41968, tid=28508
#
# JRE version: OpenJDK Runtime Environment Temurin-17.0.7+7 (17.0.7+7) (build 17.0.7+7)
# Java VM: OpenJDK 64-Bit Server VM Temurin-17.0.7+7 (17.0.7+7, mixed mode, emulated-client, tiered, compressed oops, compressed class ptrs, g1 gc, windows-amd64)
# No core dump will be written. Minidumps are not enabled by default on client versions of Windows
#

---------------  S U M M A R Y ------------

Command Line: -XX:+HeapDumpOnOutOfMemoryError -Xmx1024m -Dsts.lsp.client=vscode -Dsts.log.file=/dev/null -XX:TieredStopAtLevel=1 -Xlog:jni+resolve=off -Dspring.config.location=file:c:\Users\Administrator\.vscode\extensions\vmware.vscode-spring-boot-1.47.0\language-server\BOOT-INF\classes\application.properties org.springframework.ide.vscode.boot.app.BootLanguageServerBootApp

Host: Intel(R) Core(TM) i5-9400F CPU @ 2.90GHz, 6 cores, 31G,  Windows 10 , 64 bit Build 19041 (10.0.19041.3031)
Time: Mon Jun 26 17:35:11 2023  Windows 10 , 64 bit Build 19041 (10.0.19041.3031) elapsed time: 5790.358717 seconds (0d 1h 36m 30s)

---------------  T H R E A D  ---------------

Current thread (0x000002372b765dc0):  VMThread "VM Thread" [stack: 0x000000d690900000,0x000000d690a00000] [id=28508]

Stack: [0x000000d690900000,0x000000d690a00000]
Native frames: (J=compiled Java code, j=interpreted, Vv=VM code, C=native code)
V  [jvm.dll+0x67754a]
V  [jvm.dll+0x834304]
V  [jvm.dll+0x835aae]
V  [jvm.dll+0x836113]
V  [jvm.dll+0x24696f]
V  [jvm.dll+0xa681f]
V  [jvm.dll+0x2f7481]
V  [jvm.dll+0x2f30f0]
V  [jvm.dll+0x2db6c7]
V  [jvm.dll+0x31e777]
V  [jvm.dll+0x83a5bb]
V  [jvm.dll+0x83b2f4]
V  [jvm.dll+0x83b80c]
V  [jvm.dll+0x83bbe4]
V  [jvm.dll+0x83bcb0]
V  [jvm.dll+0x7e4e7a]
V  [jvm.dll+0x676395]
C  [ucrtbase.dll+0x21bb2]
C  [KERNEL32.DLL+0x17614]
C  [ntdll.dll+0x526f1]

VM_Operation (0x000000d691ffea60): G1CollectFull, mode: safepoint, requested by thread 0x000002373146d0a0


---------------  P R O C E S S  ---------------

Threads class SMR info:
_java_thread_list=0x000002373b0afa90, length=24, elements={
0x000002372b780380, 0x000002372b781990, 0x000002372b7901f0, 0x000002372b790ab0,
0x000002372b791460, 0x000002372b791e10, 0x000002372b7947d0, 0x000002372b7fc240,
0x000002372b9dc700, 0x000002372b9dcd80, 0x00000237313a04d0, 0x0000023730d59b60,
0x000002373146d0a0, 0x00000237313d6040, 0x0000023720cf6b30, 0x00000237310f1e00,
0x000002373154fca0, 0x00000237317ae1f0, 0x00000237317a99c0, 0x00000237317ac040,
0x00000237317afed0, 0x00000237317ac510, 0x00000237317b03a0, 0x00000237317add20
}

Java Threads: ( => current thread )
  0x000002372b780380 JavaThread "Reference Handler" daemon [_thread_blocked, id=38572, stack(0x000000d690a00000,0x000000d690b00000)]
  0x000002372b781990 JavaThread "Finalizer" daemon [_thread_blocked, id=9848, stack(0x000000d690b00000,0x000000d690c00000)]
  0x000002372b7901f0 JavaThread "Signal Dispatcher" daemon [_thread_blocked, id=20412, stack(0x000000d690c00000,0x000000d690d00000)]
  0x000002372b790ab0 JavaThread "Attach Listener" daemon [_thread_blocked, id=28956, stack(0x000000d690d00000,0x000000d690e00000)]
  0x000002372b791460 JavaThread "Service Thread" daemon [_thread_blocked, id=43528, stack(0x000000d690e00000,0x000000d690f00000)]
  0x000002372b791e10 JavaThread "Monitor Deflation Thread" daemon [_thread_blocked, id=32000, stack(0x000000d690f00000,0x000000d691000000)]
  0x000002372b7947d0 JavaThread "C1 CompilerThread0" daemon [_thread_blocked, id=39684, stack(0x000000d691000000,0x000000d691100000)]
  0x000002372b7fc240 JavaThread "Sweeper thread" daemon [_thread_blocked, id=13728, stack(0x000000d691100000,0x000000d691200000)]
  0x000002372b9dc700 JavaThread "Notification Thread" daemon [_thread_blocked, id=12368, stack(0x000000d691400000,0x000000d691500000)]
  0x000002372b9dcd80 JavaThread "Common-Cleaner" daemon [_thread_blocked, id=22820, stack(0x000000d691600000,0x000000d691700000)]
  0x00000237313a04d0 JavaThread "boundedElastic-evictor-1" daemon [_thread_blocked, id=28052, stack(0x000000d691c00000,0x000000d691d00000)]
  0x0000023730d59b60 JavaThread "boundedElastic-evictor-2" daemon [_thread_blocked, id=34048, stack(0x000000d691e00000,0x000000d691f00000)]
  0x000002373146d0a0 JavaThread "pool-10-thread-1" [_thread_blocked, id=38796, stack(0x000000d691f00000,0x000000d692000000)]
  0x00000237313d6040 JavaThread "LanguageServerApp-lifecycle" [_thread_blocked, id=25704, stack(0x000000d692000000,0x000000d692100000)]
  0x0000023720cf6b30 JavaThread "DestroyJavaVM" [_thread_blocked, id=10112, stack(0x000000d690300000,0x000000d690400000)]
  0x00000237310f1e00 JavaThread "pool-11-thread-1" [_thread_in_native, id=26452, stack(0x000000d692100000,0x000000d692200000)]
  0x000002373154fca0 JavaThread "Simple-Language-Server main thread" daemon [_thread_blocked, id=50976, stack(0x000000d692200000,0x000000d692300000)]
  0x00000237317ae1f0 JavaThread "parallel-1" daemon [_thread_blocked, id=1844, stack(0x000000d693200000,0x000000d693300000)]
  0x00000237317a99c0 JavaThread "pool-4-thread-1" [_thread_blocked, id=23156, stack(0x000000d693800000,0x000000d693900000)]
  0x00000237317ac040 JavaThread "parallel-2" daemon [_thread_blocked, id=25024, stack(0x000000d693900000,0x000000d693a00000)]
  0x00000237317afed0 JavaThread "parallel-3" daemon [_thread_blocked, id=32180, stack(0x000000d692600000,0x000000d692700000)]
  0x00000237317ac510 JavaThread "parallel-4" daemon [_thread_blocked, id=29880, stack(0x000000d692700000,0x000000d692800000)]
  0x00000237317b03a0 JavaThread "parallel-5" daemon [_thread_blocked, id=6220, stack(0x000000d692800000,0x000000d692900000)]
  0x00000237317add20 JavaThread "Reconciler-1" daemon [_thread_blocked, id=24156, stack(0x000000d692a00000,0x000000d692b00000)]

Other Threads:
=>0x000002372b765dc0 VMThread "VM Thread" [stack: 0x000000d690900000,0x000000d690a00000] [id=28508]
  0x0000023720d588f0 WatcherThread [stack: 0x000000d691500000,0x000000d691600000] [id=25460]
  0x0000023720d36df0 GCTaskThread "GC Thread#0" [stack: 0x000000d690400000,0x000000d690500000] [id=38432]
  0x0000023730920da0 GCTaskThread "GC Thread#1" [stack: 0x000000d691700000,0x000000d691800000] [id=40412]
  0x0000023730921050 GCTaskThread "GC Thread#2" [stack: 0x000000d691800000,0x000000d691900000] [id=46584]
  0x0000023730921300 GCTaskThread "GC Thread#3" [stack: 0x000000d691900000,0x000000d691a00000] [id=24108]
  0x00000237309215b0 GCTaskThread "GC Thread#4" [stack: 0x000000d691a00000,0x000000d691b00000] [id=46716]
  0x0000023730921860 GCTaskThread "GC Thread#5" [stack: 0x000000d691b00000,0x000000d691c00000] [id=37100]
  0x0000023720d3fd30 ConcurrentGCThread "G1 Main Marker" [stack: 0x000000d690500000,0x000000d690600000] [id=30596]
  0x0000023720d40740 ConcurrentGCThread "G1 Conc#0" [stack: 0x000000d690600000,0x000000d690700000] [id=26764]
  0x0000023730d49a20 ConcurrentGCThread "G1 Conc#1" [stack: 0x000000d691d00000,0x000000d691e00000] [id=48728]
  0x000002372b5d01e0 ConcurrentGCThread "G1 Refine#0" [stack: 0x000000d690700000,0x000000d690800000] [id=31572]
  0x00000237318fe270 ConcurrentGCThread "G1 Refine#1" [stack: 0x000000d693700000,0x000000d693800000] [id=36360]
  0x00000237321ca210 ConcurrentGCThread "G1 Refine#2" [stack: 0x000000d693a00000,0x000000d693b00000] [id=18732]
  0x00000237324c00f0 ConcurrentGCThread "G1 Refine#3" [stack: 0x000000d693c00000,0x000000d693d00000] [id=41412]
  0x000002373b055cc0 ConcurrentGCThread "G1 Refine#4" [stack: 0x000000d693d00000,0x000000d693e00000] [id=16772]
  0x000002372b5d1b20 ConcurrentGCThread "G1 Service" [stack: 0x000000d690800000,0x000000d690900000] [id=20464]

Threads with active compile tasks:

VM state: at safepoint (normal execution)

VM Mutex/Monitor currently owned by a thread:  ([mutex/lock_event])
[0x000002371ea8f620] Threads_lock - owner thread: 0x000002372b765dc0
[0x0000023720ce3d80] Heap_lock - owner thread: 0x000002373146d0a0

Heap address: 0x00000000c0000000, size: 1024 MB, Compressed Oops mode: 32-bit

CDS archive(s) not mapped
Compressed class space mapped at: 0x0000000100000000-0x0000000140000000, reserved size: 1073741824
Narrow klass base: 0x0000000000000000, Narrow klass shift: 3, Narrow klass range: 0x140000000

GC Precious Log:
 CPUs: 6 total, 6 available
 Memory: 32712M
 Large Page Support: Disabled
 NUMA Support: Disabled
 Compressed Oops: Enabled (32-bit)
 Heap Region Size: 1M
 Heap Min Capacity: 8M
 Heap Initial Capacity: 512M
 Heap Max Capacity: 1G
 Pre-touch: Disabled
 Parallel Workers: 6
 Concurrent Workers: 2
 Concurrent Refinement Workers: 6
 Periodic GC: Disabled

Heap:
 garbage-first heap   total 137216K, used 40123K [0x00000000c0000000, 0x0000000100000000)
  region size 1024K, 1 young (1024K), 0 survivors (0K)
 Metaspace       used 72792K, committed 73536K, reserved 1114112K
  class space    used 9882K, committed 10176K, reserved 1048576K

Heap Regions: E=young(eden), S=young(survivor), O=old, HS=humongous(starts), HC=humongous(continues), CS=collection set, F=free, OA=open archive, CA=closed archive, TAMS=top-at-mark-start (previous, next)
|   0|0x00000000c0000000, 0x00000000c0100000, 0x00000000c0100000|100%|HS|  |TAMS 0x00000000c0100000, 0x00000000c0000000| Untracked 
|   1|0x00000000c0100000, 0x00000000c0200000, 0x00000000c0200000|100%| O|  |TAMS 0x00000000c0200000, 0x00000000c0100000| Untracked 
|   2|0x00000000c0200000, 0x00000000c0300000, 0x00000000c0300000|100%| O|  |TAMS 0x00000000c0300000, 0x00000000c0200000| Untracked 
|   3|0x00000000c0300000, 0x00000000c03ffff0, 0x00000000c0400000| 99%| O|  |TAMS 0x00000000c03ffff0, 0x00000000c0300000| Untracked 
|   4|0x00000000c0400000, 0x00000000c0500000, 0x00000000c0500000|100%| O|  |TAMS 0x00000000c0500000, 0x00000000c0400000| Untracked 
|   5|0x00000000c0500000, 0x00000000c0600000, 0x00000000c0600000|100%| O|  |TAMS 0x00000000c0600000, 0x00000000c0500000| Untracked 
|   6|0x00000000c0600000, 0x00000000c0700000, 0x00000000c0700000|100%| O|  |TAMS 0x00000000c0700000, 0x00000000c0600000| Untracked 
|   7|0x00000000c0700000, 0x00000000c0800000, 0x00000000c0800000|100%| O|  |TAMS 0x00000000c0800000, 0x00000000c0700000| Untracked 
|   8|0x00000000c0800000, 0x00000000c0900000, 0x00000000c0900000|100%| O|  |TAMS 0x00000000c0900000, 0x00000000c0800000| Untracked 
|   9|0x00000000c0900000, 0x00000000c09ffff0, 0x00000000c0a00000| 99%| O|  |TAMS 0x00000000c09ffff0, 0x00000000c0900000| Untracked 
|  10|0x00000000c0a00000, 0x00000000c0afffe8, 0x00000000c0b00000| 99%| O|  |TAMS 0x00000000c0afffe8, 0x00000000c0a00000| Untracked 
|  11|0x00000000c0b00000, 0x00000000c0bffff8, 0x00000000c0c00000| 99%| O|  |TAMS 0x00000000c0bffff8, 0x00000000c0b00000| Untracked 
|  12|0x00000000c0c00000, 0x00000000c0cffff8, 0x00000000c0d00000| 99%| O|  |TAMS 0x00000000c0cffff8, 0x00000000c0c00000| Untracked 
|  13|0x00000000c0d00000, 0x00000000c0e00000, 0x00000000c0e00000|100%| O|  |TAMS 0x00000000c0e00000, 0x00000000c0d00000| Untracked 
|  14|0x00000000c0e00000, 0x00000000c0efffe0, 0x00000000c0f00000| 99%| O|  |TAMS 0x00000000c0efffe0, 0x00000000c0e00000| Untracked 
|  15|0x00000000c0f00000, 0x00000000c0fffff8, 0x00000000c1000000| 99%| O|  |TAMS 0x00000000c0fffff8, 0x00000000c0f00000| Untracked 
|  16|0x00000000c1000000, 0x00000000c1100000, 0x00000000c1100000|100%| O|  |TAMS 0x00000000c1100000, 0x00000000c1000000| Untracked 
|  17|0x00000000c1100000, 0x00000000c11fffd0, 0x00000000c1200000| 99%| O|  |TAMS 0x00000000c11fffd0, 0x00000000c1100000| Untracked 
|  18|0x00000000c1200000, 0x00000000c12fffe8, 0x00000000c1300000| 99%| O|  |TAMS 0x00000000c12fffe8, 0x00000000c1200000| Untracked 
|  19|0x00000000c1300000, 0x00000000c1400000, 0x00000000c1400000|100%| O|  |TAMS 0x00000000c1400000, 0x00000000c1300000| Untracked 
|  20|0x00000000c1400000, 0x00000000c14ffff0, 0x00000000c1500000| 99%| O|  |TAMS 0x00000000c14ffff0, 0x00000000c1400000| Untracked 
|  21|0x00000000c1500000, 0x00000000c15ffff8, 0x00000000c1600000| 99%| O|  |TAMS 0x00000000c15ffff8, 0x00000000c1500000| Untracked 
|  22|0x00000000c1600000, 0x00000000c1700000, 0x00000000c1700000|100%| O|  |TAMS 0x00000000c1700000, 0x00000000c1600000| Untracked 
|  23|0x00000000c1700000, 0x00000000c17fffc0, 0x00000000c1800000| 99%| O|  |TAMS 0x00000000c17fffc0, 0x00000000c1700000| Untracked 
|  24|0x00000000c1800000, 0x00000000c18fffd0, 0x00000000c1900000| 99%| O|  |TAMS 0x00000000c18fffd0, 0x00000000c1800000| Untracked 
|  25|0x00000000c1900000, 0x00000000c1a00000, 0x00000000c1a00000|100%| O|  |TAMS 0x00000000c1a00000, 0x00000000c1900000| Untracked 
|  26|0x00000000c1a00000, 0x00000000c1affff8, 0x00000000c1b00000| 99%| O|  |TAMS 0x00000000c1affff8, 0x00000000c1a00000| Untracked 
|  27|0x00000000c1b00000, 0x00000000c1bfffc0, 0x00000000c1c00000| 99%| O|  |TAMS 0x00000000c1bfffc0, 0x00000000c1b00000| Untracked 
|  28|0x00000000c1c00000, 0x00000000c1cffff0, 0x00000000c1d00000| 99%| O|  |TAMS 0x00000000c1cffff0, 0x00000000c1c00000| Untracked 
|  29|0x00000000c1d00000, 0x00000000c1dffff0, 0x00000000c1e00000| 99%| O|  |TAMS 0x00000000c1dffff0, 0x00000000c1d00000| Untracked 
|  30|0x00000000c1e00000, 0x00000000c1efffe8, 0x00000000c1f00000| 99%| O|  |TAMS 0x00000000c1efffe8, 0x00000000c1e00000| Untracked 
|  31|0x00000000c1f00000, 0x00000000c1fffff0, 0x00000000c2000000| 99%| O|  |TAMS 0x00000000c1fffff0, 0x00000000c1f00000| Untracked 
|  32|0x00000000c2000000, 0x00000000c20fffc8, 0x00000000c2100000| 99%| O|  |TAMS 0x00000000c20fffc8, 0x00000000c2000000| Untracked 
|  33|0x00000000c2100000, 0x00000000c21fffe0, 0x00000000c2200000| 99%| O|  |TAMS 0x00000000c21fffe0, 0x00000000c2100000| Untracked 
|  34|0x00000000c2200000, 0x00000000c22ffff8, 0x00000000c2300000| 99%| O|  |TAMS 0x00000000c22ffff8, 0x00000000c2200000| Untracked 
|  35|0x00000000c2300000, 0x00000000c23ffed0, 0x00000000c2400000| 99%| O|  |TAMS 0x00000000c23ffed0, 0x00000000c2300000| Untracked 
|  36|0x00000000c2400000, 0x00000000c24fffe8, 0x00000000c2500000| 99%| O|  |TAMS 0x00000000c24fffe8, 0x00000000c2400000| Untracked 
|  37|0x00000000c2500000, 0x00000000c25ffff0, 0x00000000c2600000| 99%| O|  |TAMS 0x00000000c25ffff0, 0x00000000c2500000| Untracked 
|  38|0x00000000c2600000, 0x00000000c26a80b8, 0x00000000c2700000| 65%| O|  |TAMS 0x00000000c2600000, 0x00000000c2600000| Untracked 
|  39|0x00000000c2700000, 0x00000000c2787110, 0x00000000c2800000| 52%| O|  |TAMS 0x00000000c2700000, 0x00000000c2700000| Untracked 
|  40|0x00000000c2800000, 0x00000000c2800088, 0x00000000c2900000|  0%| O|  |TAMS 0x00000000c2800000, 0x00000000c2800000| Untracked 
|  41|0x00000000c2900000, 0x00000000c2900000, 0x00000000c2a00000|  0%| F|  |TAMS 0x00000000c2900000, 0x00000000c2900000| Untracked 
|  42|0x00000000c2a00000, 0x00000000c2a00000, 0x00000000c2b00000|  0%| F|  |TAMS 0x00000000c2a00000, 0x00000000c2a00000| Untracked 
|  43|0x00000000c2b00000, 0x00000000c2b00000, 0x00000000c2c00000|  0%| F|  |TAMS 0x00000000c2b00000, 0x00000000c2b00000| Untracked 
|  44|0x00000000c2c00000, 0x00000000c2c00000, 0x00000000c2d00000|  0%| F|  |TAMS 0x00000000c2c00000, 0x00000000c2c00000| Untracked 
|  45|0x00000000c2d00000, 0x00000000c2d00000, 0x00000000c2e00000|  0%| F|  |TAMS 0x00000000c2d00000, 0x00000000c2d00000| Untracked 
|  46|0x00000000c2e00000, 0x00000000c2e00000, 0x00000000c2f00000|  0%| F|  |TAMS 0x00000000c2e00000, 0x00000000c2e00000| Untracked 
|  47|0x00000000c2f00000, 0x00000000c2f00000, 0x00000000c3000000|  0%| F|  |TAMS 0x00000000c2f00000, 0x00000000c2f00000| Untracked 
|  48|0x00000000c3000000, 0x00000000c3000000, 0x00000000c3100000|  0%| F|  |TAMS 0x00000000c3000000, 0x00000000c3000000| Untracked 
|  49|0x00000000c3100000, 0x00000000c3100000, 0x00000000c3200000|  0%| F|  |TAMS 0x00000000c3100000, 0x00000000c3100000| Untracked 
|  50|0x00000000c3200000, 0x00000000c3200000, 0x00000000c3300000|  0%| F|  |TAMS 0x00000000c3200000, 0x00000000c3200000| Untracked 
|  51|0x00000000c3300000, 0x00000000c3300000, 0x00000000c3400000|  0%| F|  |TAMS 0x00000000c3300000, 0x00000000c3300000| Untracked 
|  52|0x00000000c3400000, 0x00000000c3400000, 0x00000000c3500000|  0%| F|  |TAMS 0x00000000c3400000, 0x00000000c3400000| Untracked 
|  53|0x00000000c3500000, 0x00000000c3500000, 0x00000000c3600000|  0%| F|  |TAMS 0x00000000c3500000, 0x00000000c3500000| Untracked 
|  54|0x00000000c3600000, 0x00000000c3600000, 0x00000000c3700000|  0%| F|  |TAMS 0x00000000c3600000, 0x00000000c3600000| Untracked 
|  55|0x00000000c3700000, 0x00000000c3700000, 0x00000000c3800000|  0%| F|  |TAMS 0x00000000c3700000, 0x00000000c3700000| Untracked 
|  56|0x00000000c3800000, 0x00000000c3800000, 0x00000000c3900000|  0%| F|  |TAMS 0x00000000c3800000, 0x00000000c3800000| Untracked 
|  57|0x00000000c3900000, 0x00000000c3900000, 0x00000000c3a00000|  0%| F|  |TAMS 0x00000000c3900000, 0x00000000c3900000| Untracked 
|  58|0x00000000c3a00000, 0x00000000c3a00000, 0x00000000c3b00000|  0%| F|  |TAMS 0x00000000c3a00000, 0x00000000c3a00000| Untracked 
|  59|0x00000000c3b00000, 0x00000000c3b00000, 0x00000000c3c00000|  0%| F|  |TAMS 0x00000000c3b00000, 0x00000000c3b00000| Untracked 
|  60|0x00000000c3c00000, 0x00000000c3c00000, 0x00000000c3d00000|  0%| F|  |TAMS 0x00000000c3c00000, 0x00000000c3c00000| Untracked 
|  61|0x00000000c3d00000, 0x00000000c3d00000, 0x00000000c3e00000|  0%| F|  |TAMS 0x00000000c3d00000, 0x00000000c3d00000| Untracked 
|  62|0x00000000c3e00000, 0x00000000c3e00000, 0x00000000c3f00000|  0%| F|  |TAMS 0x00000000c3e00000, 0x00000000c3e00000| Untracked 
|  63|0x00000000c3f00000, 0x00000000c3f00000, 0x00000000c4000000|  0%| F|  |TAMS 0x00000000c3f00000, 0x00000000c3f00000| Untracked 
|  64|0x00000000c4000000, 0x00000000c4000000, 0x00000000c4100000|  0%| F|  |TAMS 0x00000000c4000000, 0x00000000c4000000| Untracked 
|  65|0x00000000c4100000, 0x00000000c4100000, 0x00000000c4200000|  0%| F|  |TAMS 0x00000000c4100000, 0x00000000c4100000| Untracked 
|  66|0x00000000c4200000, 0x00000000c4200000, 0x00000000c4300000|  0%| F|  |TAMS 0x00000000c4200000, 0x00000000c4200000| Untracked 
|  67|0x00000000c4300000, 0x00000000c4300000, 0x00000000c4400000|  0%| F|  |TAMS 0x00000000c4300000, 0x00000000c4300000| Untracked 
|  68|0x00000000c4400000, 0x00000000c4400000, 0x00000000c4500000|  0%| F|  |TAMS 0x00000000c4400000, 0x00000000c4400000| Untracked 
|  69|0x00000000c4500000, 0x00000000c4500000, 0x00000000c4600000|  0%| F|  |TAMS 0x00000000c4500000, 0x00000000c4500000| Untracked 
|  70|0x00000000c4600000, 0x00000000c4600000, 0x00000000c4700000|  0%| F|  |TAMS 0x00000000c4600000, 0x00000000c4600000| Untracked 
|  71|0x00000000c4700000, 0x00000000c4700000, 0x00000000c4800000|  0%| F|  |TAMS 0x00000000c4700000, 0x00000000c4700000| Untracked 
|  72|0x00000000c4800000, 0x00000000c4800000, 0x00000000c4900000|  0%| F|  |TAMS 0x00000000c4800000, 0x00000000c4800000| Untracked 
|  73|0x00000000c4900000, 0x00000000c4900000, 0x00000000c4a00000|  0%| F|  |TAMS 0x00000000c4900000, 0x00000000c4900000| Untracked 
|  74|0x00000000c4a00000, 0x00000000c4a00000, 0x00000000c4b00000|  0%| F|  |TAMS 0x00000000c4a00000, 0x00000000c4a00000| Untracked 
|  75|0x00000000c4b00000, 0x00000000c4b00000, 0x00000000c4c00000|  0%| F|  |TAMS 0x00000000c4b00000, 0x00000000c4b00000| Untracked 
|  76|0x00000000c4c00000, 0x00000000c4c00000, 0x00000000c4d00000|  0%| F|  |TAMS 0x00000000c4c00000, 0x00000000c4c00000| Untracked 
|  77|0x00000000c4d00000, 0x00000000c4d00000, 0x00000000c4e00000|  0%| F|  |TAMS 0x00000000c4d00000, 0x00000000c4d00000| Untracked 
|  78|0x00000000c4e00000, 0x00000000c4e00000, 0x00000000c4f00000|  0%| F|  |TAMS 0x00000000c4e00000, 0x00000000c4e00000| Untracked 
|  79|0x00000000c4f00000, 0x00000000c4f00000, 0x00000000c5000000|  0%| F|  |TAMS 0x00000000c4f00000, 0x00000000c4f00000| Untracked 
|  80|0x00000000c5000000, 0x00000000c5000000, 0x00000000c5100000|  0%| F|  |TAMS 0x00000000c5000000, 0x00000000c5000000| Untracked 
|  81|0x00000000c5100000, 0x00000000c5100000, 0x00000000c5200000|  0%| F|  |TAMS 0x00000000c5100000, 0x00000000c5100000| Untracked 
|  82|0x00000000c5200000, 0x00000000c5200000, 0x00000000c5300000|  0%| F|  |TAMS 0x00000000c5200000, 0x00000000c5200000| Untracked 
|  83|0x00000000c5300000, 0x00000000c5300000, 0x00000000c5400000|  0%| F|  |TAMS 0x00000000c5300000, 0x00000000c5300000| Untracked 
|  84|0x00000000c5400000, 0x00000000c5400000, 0x00000000c5500000|  0%| F|  |TAMS 0x00000000c5400000, 0x00000000c5400000| Untracked 
|  85|0x00000000c5500000, 0x00000000c5500000, 0x00000000c5600000|  0%| F|  |TAMS 0x00000000c5500000, 0x00000000c5500000| Untracked 
|  86|0x00000000c5600000, 0x00000000c5600000, 0x00000000c5700000|  0%| F|  |TAMS 0x00000000c5600000, 0x00000000c5600000| Untracked 
|  87|0x00000000c5700000, 0x00000000c5700000, 0x00000000c5800000|  0%| F|  |TAMS 0x00000000c5700000, 0x00000000c5700000| Untracked 
|  88|0x00000000c5800000, 0x00000000c5800000, 0x00000000c5900000|  0%| F|  |TAMS 0x00000000c5800000, 0x00000000c5800000| Untracked 
|  89|0x00000000c5900000, 0x00000000c5900000, 0x00000000c5a00000|  0%| F|  |TAMS 0x00000000c5900000, 0x00000000c5900000| Untracked 
|  90|0x00000000c5a00000, 0x00000000c5a00000, 0x00000000c5b00000|  0%| F|  |TAMS 0x00000000c5a00000, 0x00000000c5a00000| Untracked 
|  91|0x00000000c5b00000, 0x00000000c5b00000, 0x00000000c5c00000|  0%| F|  |TAMS 0x00000000c5b00000, 0x00000000c5b00000| Untracked 
|  92|0x00000000c5c00000, 0x00000000c5c00000, 0x00000000c5d00000|  0%| F|  |TAMS 0x00000000c5c00000, 0x00000000c5c00000| Untracked 
|  93|0x00000000c5d00000, 0x00000000c5d00000, 0x00000000c5e00000|  0%| F|  |TAMS 0x00000000c5d00000, 0x00000000c5d00000| Untracked 
|  94|0x00000000c5e00000, 0x00000000c5e00000, 0x00000000c5f00000|  0%| F|  |TAMS 0x00000000c5e00000, 0x00000000c5e00000| Untracked 
|  95|0x00000000c5f00000, 0x00000000c5f00000, 0x00000000c6000000|  0%| F|  |TAMS 0x00000000c5f00000, 0x00000000c5f00000| Untracked 
|  96|0x00000000c6000000, 0x00000000c6000000, 0x00000000c6100000|  0%| F|  |TAMS 0x00000000c6000000, 0x00000000c6000000| Untracked 
|  97|0x00000000c6100000, 0x00000000c6100000, 0x00000000c6200000|  0%| F|  |TAMS 0x00000000c6100000, 0x00000000c6100000| Untracked 
|  98|0x00000000c6200000, 0x00000000c6200000, 0x00000000c6300000|  0%| F|  |TAMS 0x00000000c6200000, 0x00000000c6200000| Untracked 
|  99|0x00000000c6300000, 0x00000000c6300000, 0x00000000c6400000|  0%| F|  |TAMS 0x00000000c6300000, 0x00000000c6300000| Untracked 
| 100|0x00000000c6400000, 0x00000000c6400000, 0x00000000c6500000|  0%| F|  |TAMS 0x00000000c6400000, 0x00000000c6400000| Untracked 
| 101|0x00000000c6500000, 0x00000000c6500000, 0x00000000c6600000|  0%| F|  |TAMS 0x00000000c6500000, 0x00000000c6500000| Untracked 
| 102|0x00000000c6600000, 0x00000000c6600000, 0x00000000c6700000|  0%| F|  |TAMS 0x00000000c6600000, 0x00000000c6600000| Untracked 
| 103|0x00000000c6700000, 0x00000000c6700000, 0x00000000c6800000|  0%| F|  |TAMS 0x00000000c6700000, 0x00000000c6700000| Untracked 
| 104|0x00000000c6800000, 0x00000000c6800000, 0x00000000c6900000|  0%| F|  |TAMS 0x00000000c6800000, 0x00000000c6800000| Untracked 
| 105|0x00000000c6900000, 0x00000000c6900000, 0x00000000c6a00000|  0%| F|  |TAMS 0x00000000c6900000, 0x00000000c6900000| Untracked 
| 106|0x00000000c6a00000, 0x00000000c6a00000, 0x00000000c6b00000|  0%| F|  |TAMS 0x00000000c6a00000, 0x00000000c6a00000| Untracked 
| 107|0x00000000c6b00000, 0x00000000c6b00000, 0x00000000c6c00000|  0%| F|  |TAMS 0x00000000c6b00000, 0x00000000c6b00000| Untracked 
| 108|0x00000000c6c00000, 0x00000000c6c00000, 0x00000000c6d00000|  0%| F|  |TAMS 0x00000000c6c00000, 0x00000000c6c00000| Untracked 
| 109|0x00000000c6d00000, 0x00000000c6d00000, 0x00000000c6e00000|  0%| F|  |TAMS 0x00000000c6d00000, 0x00000000c6d00000| Untracked 
| 110|0x00000000c6e00000, 0x00000000c6e00000, 0x00000000c6f00000|  0%| F|  |TAMS 0x00000000c6e00000, 0x00000000c6e00000| Untracked 
| 111|0x00000000c6f00000, 0x00000000c6f00000, 0x00000000c7000000|  0%| F|  |TAMS 0x00000000c6f00000, 0x00000000c6f00000| Untracked 
| 112|0x00000000c7000000, 0x00000000c7000000, 0x00000000c7100000|  0%| F|  |TAMS 0x00000000c7000000, 0x00000000c7000000| Untracked 
| 113|0x00000000c7100000, 0x00000000c7100000, 0x00000000c7200000|  0%| F|  |TAMS 0x00000000c7100000, 0x00000000c7100000| Untracked 
| 114|0x00000000c7200000, 0x00000000c7200000, 0x00000000c7300000|  0%| F|  |TAMS 0x00000000c7200000, 0x00000000c7200000| Untracked 
| 115|0x00000000c7300000, 0x00000000c7300000, 0x00000000c7400000|  0%| F|  |TAMS 0x00000000c7300000, 0x00000000c7300000| Untracked 
| 116|0x00000000c7400000, 0x00000000c7400000, 0x00000000c7500000|  0%| F|  |TAMS 0x00000000c7400000, 0x00000000c7400000| Untracked 
| 117|0x00000000c7500000, 0x00000000c7500000, 0x00000000c7600000|  0%| F|  |TAMS 0x00000000c7500000, 0x00000000c7500000| Untracked 
| 118|0x00000000c7600000, 0x00000000c7600000, 0x00000000c7700000|  0%| F|  |TAMS 0x00000000c7600000, 0x00000000c7600000| Untracked 
| 119|0x00000000c7700000, 0x00000000c7700000, 0x00000000c7800000|  0%| F|  |TAMS 0x00000000c7700000, 0x00000000c7700000| Untracked 
| 120|0x00000000c7800000, 0x00000000c7800000, 0x00000000c7900000|  0%| F|  |TAMS 0x00000000c7800000, 0x00000000c7800000| Untracked 
| 121|0x00000000c7900000, 0x00000000c7900000, 0x00000000c7a00000|  0%| F|  |TAMS 0x00000000c7900000, 0x00000000c7900000| Untracked 
| 122|0x00000000c7a00000, 0x00000000c7a00000, 0x00000000c7b00000|  0%| F|  |TAMS 0x00000000c7a00000, 0x00000000c7a00000| Untracked 
| 123|0x00000000c7b00000, 0x00000000c7b00000, 0x00000000c7c00000|  0%| F|  |TAMS 0x00000000c7b00000, 0x00000000c7b00000| Untracked 
| 124|0x00000000c7c00000, 0x00000000c7c00000, 0x00000000c7d00000|  0%| F|  |TAMS 0x00000000c7c00000, 0x00000000c7c00000| Untracked 
| 125|0x00000000c7d00000, 0x00000000c7d00000, 0x00000000c7e00000|  0%| F|  |TAMS 0x00000000c7d00000, 0x00000000c7d00000| Untracked 
| 126|0x00000000c7e00000, 0x00000000c7e00000, 0x00000000c7f00000|  0%| F|  |TAMS 0x00000000c7e00000, 0x00000000c7e00000| Untracked 
| 127|0x00000000c7f00000, 0x00000000c7f00000, 0x00000000c8000000|  0%| F|  |TAMS 0x00000000c7f00000, 0x00000000c7f00000| Untracked 
| 128|0x00000000c8000000, 0x00000000c8000000, 0x00000000c8100000|  0%| F|  |TAMS 0x00000000c8000000, 0x00000000c8000000| Untracked 
| 129|0x00000000c8100000, 0x00000000c8100000, 0x00000000c8200000|  0%| F|  |TAMS 0x00000000c8100000, 0x00000000c8100000| Untracked 
| 130|0x00000000c8200000, 0x00000000c8200000, 0x00000000c8300000|  0%| F|  |TAMS 0x00000000c8200000, 0x00000000c8200000| Untracked 
| 131|0x00000000c8300000, 0x00000000c8300000, 0x00000000c8400000|  0%| F|  |TAMS 0x00000000c8300000, 0x00000000c8300000| Untracked 
| 132|0x00000000c8400000, 0x00000000c8400000, 0x00000000c8500000|  0%| F|  |TAMS 0x00000000c8400000, 0x00000000c8400000| Untracked 
| 133|0x00000000c8500000, 0x00000000c852fe10, 0x00000000c8600000| 18%| E|  |TAMS 0x00000000c8500000, 0x00000000c8500000| Complete 

Card table byte_map: [0x0000023726b80000,0x0000023726d80000] _byte_map_base: 0x0000023726580000

Marking Bits (Prev, Next): (CMBitMap*) 0x0000023720d37440, (CMBitMap*) 0x0000023720d37400
 Prev Bits: [0x0000023727f80000, 0x0000023728f80000)
 Next Bits: [0x0000023726f80000, 0x0000023727f80000)

Polling page: 0x000002371eca0000

Metaspace:

Usage:
  Non-class:     61.43 MB used.
      Class:      9.65 MB used.
       Both:     71.09 MB used.

Virtual space:
  Non-class space:       64.00 MB reserved,      61.88 MB ( 97%) committed,  1 nodes.
      Class space:        1.00 GB reserved,       9.94 MB ( <1%) committed,  1 nodes.
             Both:        1.06 GB reserved,      71.81 MB (  7%) committed. 

Chunk freelists:
   Non-Class:  2.07 MB
       Class:  6.20 MB
        Both:  8.26 MB

MaxMetaspaceSize: unlimited
CompressedClassSpaceSize: 1.00 GB
Initial GC threshold: 21.00 MB
Current GC threshold: 119.69 MB
CDS: off
MetaspaceReclaimPolicy: balanced
 - commit_granule_bytes: 65536.
 - commit_granule_words: 8192.
 - virtual_space_node_default_size: 8388608.
 - enlarge_chunks_in_place: 1.
 - new_chunks_are_fully_committed: 0.
 - uncommit_free_chunks: 1.
 - use_allocation_guard: 0.
 - handle_deallocations: 1.


Internal statistics:

num_allocs_failed_limit: 6.
num_arena_births: 696.
num_arena_deaths: 234.
num_vsnodes_births: 2.
num_vsnodes_deaths: 0.
num_space_committed: 1149.
num_space_uncommitted: 0.
num_chunks_returned_to_freelist: 292.
num_chunks_taken_from_freelist: 3045.
num_chunk_merges: 97.
num_chunk_splits: 2167.
num_chunks_enlarged: 1677.
num_inconsistent_stats: 0.

CodeCache: size=49152Kb used=17283Kb max_used=18155Kb free=31868Kb
 bounds [0x0000023723980000, 0x0000023724b40000, 0x0000023726980000]
 total_blobs=10210 nmethods=9529 adapters=608
 compilation: enabled
              stopped_count=0, restarted_count=0
 full_count=0

Compilation events (20 events):
Event: 2777.258 Thread 0x000002372b7947d0 9689       1       java.lang.invoke.LambdaForm$DMH/0x00000001009e3000::newInvokeSpecial (23 bytes)
Event: 2777.258 Thread 0x000002372b7947d0 nmethod 9689 0x00000237245ef910 code [0x00000237245efac0, 0x00000237245efc48]
Event: 2777.258 Thread 0x000002372b7947d0 9690       1       java.lang.ProcessImpl$$Lambda$1262/0x00000001006fa6c8::<init> (10 bytes)
Event: 2777.258 Thread 0x000002372b7947d0 nmethod 9690 0x00000237245ef610 code [0x00000237245ef7a0, 0x00000237245ef878]
Event: 2777.258 Thread 0x000002372b7947d0 9692       1       java.lang.ProcessHandleImpl::getInternal (13 bytes)
Event: 2777.258 Thread 0x000002372b7947d0 nmethod 9692 0x00000237245ef290 code [0x00000237245ef420, 0x00000237245ef588]
Event: 2777.258 Thread 0x000002372b7947d0 9693       1       java.lang.ProcessImpl$2::<init> (20 bytes)
Event: 2777.259 Thread 0x000002372b7947d0 nmethod 9693 0x00000237245eef10 code [0x00000237245ef0a0, 0x00000237245ef218]
Event: 2777.259 Thread 0x000002372b7947d0 9694       1       java.lang.ProcessImpl$2::run (5 bytes)
Event: 2777.259 Thread 0x000002372b7947d0 nmethod 9694 0x00000237245eec10 code [0x00000237245eeda0, 0x00000237245eee88]
Event: 2777.259 Thread 0x000002372b7947d0 9695       1       java.lang.ProcessImpl$2::run (242 bytes)
Event: 2777.259 Thread 0x000002372b7947d0 nmethod 9695 0x00000237245ed590 code [0x00000237245ed840, 0x00000237245ee5d8]
Event: 2777.418 Thread 0x000002372b7947d0 9696   !   1       java.io.FilterOutputStream::close (183 bytes)
Event: 2777.444 Thread 0x000002372b7947d0 nmethod 9696 0x00000237245ec410 code [0x00000237245ec620, 0x00000237245ecaf8]
Event: 2777.444 Thread 0x000002372b7947d0 9698       1       java.lang.ProcessImpl$$Lambda$1262/0x00000001006fa6c8::run (8 bytes)
Event: 2777.444 Thread 0x000002372b7947d0 nmethod 9698 0x00000237245ec110 code [0x00000237245ec2a0, 0x00000237245ec388]
Event: 2777.444 Thread 0x000002372b7947d0 9699       1       java.lang.ProcessImpl::lambda$new$0 (6 bytes)
Event: 2777.444 Thread 0x000002372b7947d0 nmethod 9699 0x00000237245ebe10 code [0x00000237245ebfa0, 0x00000237245ec068]
Event: 4085.001 Thread 0x000002372b7947d0 9701       1       java.lang.ProcessImpl::waitFor (136 bytes)
Event: 4085.002 Thread 0x000002372b7947d0 nmethod 9701 0x00000237245eb190 code [0x00000237245eb3a0, 0x00000237245eb7b8]

GC Heap History (20 events):
Event: 5688.329 GC heap before
{Heap before GC invocations=603 (full 540):
 garbage-first heap   total 137216K, used 40123K [0x00000000c0000000, 0x0000000100000000)
  region size 1024K, 1 young (1024K), 0 survivors (0K)
 Metaspace       used 72792K, committed 73536K, reserved 1114112K
  class space    used 9882K, committed 10176K, reserved 1048576K
}
Event: 5688.358 GC heap after
{Heap after GC invocations=604 (full 541):
 garbage-first heap   total 137216K, used 40123K [0x00000000c0000000, 0x0000000100000000)
  region size 1024K, 0 young (0K), 0 survivors (0K)
 Metaspace       used 72792K, committed 73536K, reserved 1114112K
  class space    used 9882K, committed 10176K, reserved 1048576K
}
Event: 5698.577 GC heap before
{Heap before GC invocations=604 (full 541):
 garbage-first heap   total 137216K, used 40123K [0x00000000c0000000, 0x0000000100000000)
  region size 1024K, 1 young (1024K), 0 survivors (0K)
 Metaspace       used 72792K, committed 73536K, reserved 1114112K
  class space    used 9882K, committed 10176K, reserved 1048576K
}
Event: 5698.604 GC heap after
{Heap after GC invocations=605 (full 542):
 garbage-first heap   total 137216K, used 40123K [0x00000000c0000000, 0x0000000100000000)
  region size 1024K, 0 young (0K), 0 survivors (0K)
 Metaspace       used 72792K, committed 73536K, reserved 1114112K
  class space    used 9882K, committed 10176K, reserved 1048576K
}
Event: 5708.769 GC heap before
{Heap before GC invocations=605 (full 542):
 garbage-first heap   total 137216K, used 40123K [0x00000000c0000000, 0x0000000100000000)
  region size 1024K, 1 young (1024K), 0 survivors (0K)
 Metaspace       used 72792K, committed 73536K, reserved 1114112K
  class space    used 9882K, committed 10176K, reserved 1048576K
}
Event: 5708.795 GC heap after
{Heap after GC invocations=606 (full 543):
 garbage-first heap   total 137216K, used 40123K [0x00000000c0000000, 0x0000000100000000)
  region size 1024K, 0 young (0K), 0 survivors (0K)
 Metaspace       used 72792K, committed 73536K, reserved 1114112K
  class space    used 9882K, committed 10176K, reserved 1048576K
}
Event: 5718.964 GC heap before
{Heap before GC invocations=606 (full 543):
 garbage-first heap   total 137216K, used 40123K [0x00000000c0000000, 0x0000000100000000)
  region size 1024K, 1 young (1024K), 0 survivors (0K)
 Metaspace       used 72792K, committed 73536K, reserved 1114112K
  class space    used 9882K, committed 10176K, reserved 1048576K
}
Event: 5718.994 GC heap after
{Heap after GC invocations=607 (full 544):
 garbage-first heap   total 137216K, used 40123K [0x00000000c0000000, 0x0000000100000000)
  region size 1024K, 0 young (0K), 0 survivors (0K)
 Metaspace       used 72792K, committed 73536K, reserved 1114112K
  class space    used 9882K, committed 10176K, reserved 1048576K
}
Event: 5729.169 GC heap before
{Heap before GC invocations=607 (full 544):
 garbage-first heap   total 137216K, used 40123K [0x00000000c0000000, 0x0000000100000000)
  region size 1024K, 1 young (1024K), 0 survivors (0K)
 Metaspace       used 72792K, committed 73536K, reserved 1114112K
  class space    used 9882K, committed 10176K, reserved 1048576K
}
Event: 5729.193 GC heap after
{Heap after GC invocations=608 (full 545):
 garbage-first heap   total 137216K, used 40123K [0x00000000c0000000, 0x0000000100000000)
  region size 1024K, 0 young (0K), 0 survivors (0K)
 Metaspace       used 72792K, committed 73536K, reserved 1114112K
  class space    used 9882K, committed 10176K, reserved 1048576K
}
Event: 5739.362 GC heap before
{Heap before GC invocations=608 (full 545):
 garbage-first heap   total 137216K, used 40123K [0x00000000c0000000, 0x0000000100000000)
  region size 1024K, 1 young (1024K), 0 survivors (0K)
 Metaspace       used 72792K, committed 73536K, reserved 1114112K
  class space    used 9882K, committed 10176K, reserved 1048576K
}
Event: 5739.391 GC heap after
{Heap after GC invocations=609 (full 546):
 garbage-first heap   total 137216K, used 40123K [0x00000000c0000000, 0x0000000100000000)
  region size 1024K, 0 young (0K), 0 survivors (0K)
 Metaspace       used 72792K, committed 73536K, reserved 1114112K
  class space    used 9882K, committed 10176K, reserved 1048576K
}
Event: 5749.556 GC heap before
{Heap before GC invocations=609 (full 546):
 garbage-first heap   total 137216K, used 40123K [0x00000000c0000000, 0x0000000100000000)
  region size 1024K, 1 young (1024K), 0 survivors (0K)
 Metaspace       used 72792K, committed 73536K, reserved 1114112K
  class space    used 9882K, committed 10176K, reserved 1048576K
}
Event: 5749.581 GC heap after
{Heap after GC invocations=610 (full 547):
 garbage-first heap   total 137216K, used 40123K [0x00000000c0000000, 0x0000000100000000)
  region size 1024K, 0 young (0K), 0 survivors (0K)
 Metaspace       used 72792K, committed 73536K, reserved 1114112K
  class space    used 9882K, committed 10176K, reserved 1048576K
}
Event: 5759.755 GC heap before
{Heap before GC invocations=610 (full 547):
 garbage-first heap   total 137216K, used 40123K [0x00000000c0000000, 0x0000000100000000)
  region size 1024K, 1 young (1024K), 0 survivors (0K)
 Metaspace       used 72792K, committed 73536K, reserved 1114112K
  class space    used 9882K, committed 10176K, reserved 1048576K
}
Event: 5759.781 GC heap after
{Heap after GC invocations=611 (full 548):
 garbage-first heap   total 137216K, used 40123K [0x00000000c0000000, 0x0000000100000000)
  region size 1024K, 0 young (0K), 0 survivors (0K)
 Metaspace       used 72792K, committed 73536K, reserved 1114112K
  class space    used 9882K, committed 10176K, reserved 1048576K
}
Event: 5769.946 GC heap before
{Heap before GC invocations=611 (full 548):
 garbage-first heap   total 137216K, used 40123K [0x00000000c0000000, 0x0000000100000000)
  region size 1024K, 1 young (1024K), 0 survivors (0K)
 Metaspace       used 72792K, committed 73536K, reserved 1114112K
  class space    used 9882K, committed 10176K, reserved 1048576K
}
Event: 5769.975 GC heap after
{Heap after GC invocations=612 (full 549):
 garbage-first heap   total 137216K, used 40123K [0x00000000c0000000, 0x0000000100000000)
  region size 1024K, 0 young (0K), 0 survivors (0K)
 Metaspace       used 72792K, committed 73536K, reserved 1114112K
  class space    used 9882K, committed 10176K, reserved 1048576K
}
Event: 5780.149 GC heap before
{Heap before GC invocations=612 (full 549):
 garbage-first heap   total 137216K, used 40123K [0x00000000c0000000, 0x0000000100000000)
  region size 1024K, 1 young (1024K), 0 survivors (0K)
 Metaspace       used 72792K, committed 73536K, reserved 1114112K
  class space    used 9882K, committed 10176K, reserved 1048576K
}
Event: 5780.176 GC heap after
{Heap after GC invocations=613 (full 550):
 garbage-first heap   total 137216K, used 40123K [0x00000000c0000000, 0x0000000100000000)
  region size 1024K, 0 young (0K), 0 survivors (0K)
 Metaspace       used 72792K, committed 73536K, reserved 1114112K
  class space    used 9882K, committed 10176K, reserved 1048576K
}

Dll operation events (10 events):
Event: 0.010 Loaded shared library c:\Users\Administrator\.vscode\extensions\redhat.java-1.19.0-win32-x64\jre\17.0.7-win32-x86_64\bin\java.dll
Event: 0.237 Loaded shared library C:\Users\Administrator\.vscode\extensions\redhat.java-1.19.0-win32-x64\jre\17.0.7-win32-x86_64\bin\net.dll
Event: 0.240 Loaded shared library C:\Users\Administrator\.vscode\extensions\redhat.java-1.19.0-win32-x64\jre\17.0.7-win32-x86_64\bin\nio.dll
Event: 0.246 Loaded shared library C:\Users\Administrator\.vscode\extensions\redhat.java-1.19.0-win32-x64\jre\17.0.7-win32-x86_64\bin\zip.dll
Event: 0.571 Loaded shared library C:\Users\Administrator\.vscode\extensions\redhat.java-1.19.0-win32-x64\jre\17.0.7-win32-x86_64\bin\jimage.dll
Event: 2.683 Loaded shared library C:\Users\Administrator\.vscode\extensions\redhat.java-1.19.0-win32-x64\jre\17.0.7-win32-x86_64\bin\management.dll
Event: 2.685 Loaded shared library C:\Users\Administrator\.vscode\extensions\redhat.java-1.19.0-win32-x64\jre\17.0.7-win32-x86_64\bin\management_ext.dll
Event: 4.144 Loaded shared library C:\Users\Administrator\.vscode\extensions\redhat.java-1.19.0-win32-x64\jre\17.0.7-win32-x86_64\bin\sunmscapi.dll
Event: 10.341 Loaded shared library c:\Users\Administrator\.vscode\extensions\redhat.java-1.19.0-win32-x64\jre\17.0.7-win32-x86_64\bin\verify.dll
Event: 13.561 Loaded shared library C:\Users\Administrator\AppData\Local\Temp\snappy-1.1.8-1c523c33-ee7d-41a5-885a-5b1c5cc90f56-snappyjava.dll

Deoptimization events (20 events):
Event: 11.128 Thread 0x0000023731584460 DEOPT PACKING pc=0x000002372482a374 sp=0x000000d6925fdcf0
Event: 11.128 Thread 0x0000023731584460 DEOPT UNPACKING pc=0x00000237239d7143 sp=0x000000d6925fd1e8 mode 0
Event: 11.128 Thread 0x0000023731584460 DEOPT PACKING pc=0x00000237247fa1f4 sp=0x000000d6925fddc0
Event: 11.128 Thread 0x0000023731584460 DEOPT UNPACKING pc=0x00000237239d7143 sp=0x000000d6925fd298 mode 0
Event: 11.128 Thread 0x0000023731584460 DEOPT PACKING pc=0x00000237247f2224 sp=0x000000d6925fde70
Event: 11.128 Thread 0x0000023731584460 DEOPT UNPACKING pc=0x00000237239d7143 sp=0x000000d6925fd3f0 mode 0
Event: 11.128 Thread 0x0000023731584460 DEOPT PACKING pc=0x00000237248ac7ac sp=0x000000d6925fe190
Event: 11.128 Thread 0x0000023731584460 DEOPT UNPACKING pc=0x00000237239d7143 sp=0x000000d6925fd620 mode 0
Event: 11.145 Thread 0x0000023731584460 DEOPT PACKING pc=0x0000023723e7a0f3 sp=0x000000d6925fd5d0
Event: 11.145 Thread 0x0000023731584460 DEOPT UNPACKING pc=0x00000237239d7143 sp=0x000000d6925fcaf0 mode 3
Event: 13.017 Thread 0x00000237317abb70 DEOPT PACKING pc=0x0000023723be95ec sp=0x000000d6929fe320
Event: 13.017 Thread 0x00000237317abb70 DEOPT UNPACKING pc=0x00000237239d7143 sp=0x000000d6929fd888 mode 0
Event: 13.475 Thread 0x00000237317abb70 DEOPT PACKING pc=0x00000237249fa56c sp=0x000000d6929fe0c0
Event: 13.475 Thread 0x00000237317abb70 DEOPT UNPACKING pc=0x00000237239d7143 sp=0x000000d6929fd610 mode 0
Event: 13.475 Thread 0x00000237317abb70 DEOPT PACKING pc=0x00000237249fa56c sp=0x000000d6929fe3f0
Event: 13.475 Thread 0x00000237317abb70 DEOPT UNPACKING pc=0x00000237239d7143 sp=0x000000d6929fd940 mode 0
Event: 13.475 Thread 0x00000237317abb70 DEOPT PACKING pc=0x00000237249fa56c sp=0x000000d6929fe6f0
Event: 13.475 Thread 0x00000237317abb70 DEOPT UNPACKING pc=0x00000237239d7143 sp=0x000000d6929fdc40 mode 0
Event: 222.547 Thread 0x00000237310f1e00 DEOPT PACKING pc=0x0000023723f6aa54 sp=0x000000d6921ff170
Event: 222.547 Thread 0x00000237310f1e00 DEOPT UNPACKING pc=0x00000237239d7143 sp=0x000000d6921fe618 mode 0

Classes unloaded (20 events):
Event: 134.645 Thread 0x000002372b765dc0 Unloading class 0x0000000100091000 'java/lang/invoke/LambdaForm$MH+0x0000000100091000'
Event: 134.645 Thread 0x000002372b765dc0 Unloading class 0x0000000100090c00 'java/lang/invoke/LambdaForm$MH+0x0000000100090c00'
Event: 134.645 Thread 0x000002372b765dc0 Unloading class 0x0000000100090800 'java/lang/invoke/LambdaForm$MH+0x0000000100090800'
Event: 134.645 Thread 0x000002372b765dc0 Unloading class 0x0000000100090400 'java/lang/invoke/LambdaForm$MH+0x0000000100090400'
Event: 134.645 Thread 0x000002372b765dc0 Unloading class 0x0000000100090000 'java/lang/invoke/LambdaForm$MH+0x0000000100090000'
Event: 134.645 Thread 0x000002372b765dc0 Unloading class 0x000000010008b800 'java/lang/invoke/LambdaForm$MH+0x000000010008b800'
Event: 134.645 Thread 0x000002372b765dc0 Unloading class 0x000000010008b400 'java/lang/invoke/LambdaForm$MH+0x000000010008b400'
Event: 134.645 Thread 0x000002372b765dc0 Unloading class 0x000000010008b000 'java/lang/invoke/LambdaForm$MH+0x000000010008b000'
Event: 134.645 Thread 0x000002372b765dc0 Unloading class 0x000000010008ac00 'java/lang/invoke/LambdaForm$MH+0x000000010008ac00'
Event: 134.645 Thread 0x000002372b765dc0 Unloading class 0x000000010008a800 'java/lang/invoke/LambdaForm$MH+0x000000010008a800'
Event: 134.645 Thread 0x000002372b765dc0 Unloading class 0x000000010008a400 'java/lang/invoke/LambdaForm$MH+0x000000010008a400'
Event: 134.645 Thread 0x000002372b765dc0 Unloading class 0x0000000100089c00 'java/lang/invoke/LambdaForm$MH+0x0000000100089c00'
Event: 134.645 Thread 0x000002372b765dc0 Unloading class 0x0000000100089400 'java/lang/invoke/LambdaForm$MH+0x0000000100089400'
Event: 134.645 Thread 0x000002372b765dc0 Unloading class 0x0000000100088c00 'java/lang/invoke/LambdaForm$MH+0x0000000100088c00'
Event: 134.645 Thread 0x000002372b765dc0 Unloading class 0x0000000100088400 'java/lang/invoke/LambdaForm$MH+0x0000000100088400'
Event: 2154.151 Thread 0x000002372b765dc0 Unloading class 0x0000000100608800 'java/lang/invoke/LambdaForm$MH+0x0000000100608800'
Event: 2154.151 Thread 0x000002372b765dc0 Unloading class 0x00000001006ac800 'java/lang/invoke/LambdaForm$MH+0x00000001006ac800'
Event: 2205.182 Thread 0x000002372b765dc0 Unloading class 0x0000000100545400 'java/lang/invoke/LambdaForm$MH+0x0000000100545400'
Event: 2205.182 Thread 0x000002372b765dc0 Unloading class 0x0000000100609000 'java/lang/invoke/LambdaForm$MH+0x0000000100609000'
Event: 2205.182 Thread 0x000002372b765dc0 Unloading class 0x00000001008c0400 'java/lang/invoke/LambdaForm$MH+0x00000001008c0400'

Classes redefined (0 events):
No events

Internal exceptions (20 events):
Event: 14.178 Thread 0x00000237317abb70 Exception <a 'sun/nio/fs/WindowsException'{0x00000000df73b628}> (0x00000000df73b628) 
thrown [s\src\hotspot\share\prims\jni.cpp, line 516]
Event: 14.178 Thread 0x00000237317abb70 Exception <a 'sun/nio/fs/WindowsException'{0x00000000df73b948}> (0x00000000df73b948) 
thrown [s\src\hotspot\share\prims\jni.cpp, line 516]
Event: 14.179 Thread 0x00000237317abb70 Exception <a 'sun/nio/fs/WindowsException'{0x00000000df769b30}> (0x00000000df769b30) 
thrown [s\src\hotspot\share\prims\jni.cpp, line 516]
Event: 14.179 Thread 0x00000237317abb70 Exception <a 'sun/nio/fs/WindowsException'{0x00000000df769e18}> (0x00000000df769e18) 
thrown [s\src\hotspot\share\prims\jni.cpp, line 516]
Event: 14.179 Thread 0x00000237317abb70 Exception <a 'sun/nio/fs/WindowsException'{0x00000000df76acf8}> (0x00000000df76acf8) 
thrown [s\src\hotspot\share\prims\jni.cpp, line 516]
Event: 14.179 Thread 0x00000237317abb70 Exception <a 'sun/nio/fs/WindowsException'{0x00000000df76aff8}> (0x00000000df76aff8) 
thrown [s\src\hotspot\share\prims\jni.cpp, line 516]
Event: 14.179 Thread 0x00000237317abb70 Exception <a 'sun/nio/fs/WindowsException'{0x00000000df78af88}> (0x00000000df78af88) 
thrown [s\src\hotspot\share\prims\jni.cpp, line 516]
Event: 14.179 Thread 0x00000237317abb70 Exception <a 'sun/nio/fs/WindowsException'{0x00000000df78b268}> (0x00000000df78b268) 
thrown [s\src\hotspot\share\prims\jni.cpp, line 516]
Event: 14.179 Thread 0x00000237317abb70 Exception <a 'sun/nio/fs/WindowsException'{0x00000000df78c130}> (0x00000000df78c130) 
thrown [s\src\hotspot\share\prims\jni.cpp, line 516]
Event: 14.179 Thread 0x00000237317abb70 Exception <a 'sun/nio/fs/WindowsException'{0x00000000df78c430}> (0x00000000df78c430) 
thrown [s\src\hotspot\share\prims\jni.cpp, line 516]
Event: 14.181 Thread 0x00000237317abb70 Exception <a 'sun/nio/fs/WindowsException'{0x00000000df7bf0e0}> (0x00000000df7bf0e0) 
thrown [s\src\hotspot\share\prims\jni.cpp, line 516]
Event: 14.181 Thread 0x00000237317abb70 Exception <a 'sun/nio/fs/WindowsException'{0x00000000df7bf3e0}> (0x00000000df7bf3e0) 
thrown [s\src\hotspot\share\prims\jni.cpp, line 516]
Event: 14.181 Thread 0x00000237317abb70 Exception <a 'sun/nio/fs/WindowsException'{0x00000000df7c0828}> (0x00000000df7c0828) 
thrown [s\src\hotspot\share\prims\jni.cpp, line 516]
Event: 14.181 Thread 0x00000237317abb70 Exception <a 'sun/nio/fs/WindowsException'{0x00000000df7c0b48}> (0x00000000df7c0b48) 
thrown [s\src\hotspot\share\prims\jni.cpp, line 516]
Event: 14.182 Thread 0x00000237317abb70 Exception <a 'sun/nio/fs/WindowsException'{0x00000000df7e2cb0}> (0x00000000df7e2cb0) 
thrown [s\src\hotspot\share\prims\jni.cpp, line 516]
Event: 14.182 Thread 0x00000237317abb70 Exception <a 'sun/nio/fs/WindowsException'{0x00000000df7e2fa8}> (0x00000000df7e2fa8) 
thrown [s\src\hotspot\share\prims\jni.cpp, line 516]
Event: 14.182 Thread 0x00000237317abb70 Exception <a 'sun/nio/fs/WindowsException'{0x00000000df7e43e0}> (0x00000000df7e43e0) 
thrown [s\src\hotspot\share\prims\jni.cpp, line 516]
Event: 14.182 Thread 0x00000237317abb70 Exception <a 'sun/nio/fs/WindowsException'{0x00000000df7e46f8}> (0x00000000df7e46f8) 
thrown [s\src\hotspot\share\prims\jni.cpp, line 516]
Event: 52.724 Thread 0x000002373146d0a0 Exception <a 'java/lang/NoSuchMethodError'{0x00000000df48c540}: 'void java.lang.invoke.DirectMethodHandle$Holder.invokeStatic(java.lang.Object, long)'> (0x00000000df48c540) 
thrown [s\src\hotspot\share\interpreter\linkResolver.cpp, line 759]
Event: 52.725 Thread 0x000002373146d0a0 Exception <a 'java/lang/NoSuchMethodError'{0x00000000df4918f0}: 'java.lang.Object java.lang.invoke.DirectMethodHandle$Holder.newInvokeSpecial(java.lang.Object, long)'> (0x00000000df4918f0) 
thrown [s\src\hotspot\share\interpreter\linkResolver.cpp, line 759]

VM Operations (20 events):
Event: 5688.358 Executing VM operation: G1CollectFull done
Event: 5698.577 Executing VM operation: G1CollectFull
Event: 5698.604 Executing VM operation: G1CollectFull done
Event: 5708.769 Executing VM operation: G1CollectFull
Event: 5708.795 Executing VM operation: G1CollectFull done
Event: 5718.964 Executing VM operation: G1CollectFull
Event: 5718.994 Executing VM operation: G1CollectFull done
Event: 5729.169 Executing VM operation: G1CollectFull
Event: 5729.193 Executing VM operation: G1CollectFull done
Event: 5739.362 Executing VM operation: G1CollectFull
Event: 5739.391 Executing VM operation: G1CollectFull done
Event: 5749.556 Executing VM operation: G1CollectFull
Event: 5749.581 Executing VM operation: G1CollectFull done
Event: 5759.754 Executing VM operation: G1CollectFull
Event: 5759.781 Executing VM operation: G1CollectFull done
Event: 5769.946 Executing VM operation: G1CollectFull
Event: 5769.975 Executing VM operation: G1CollectFull done
Event: 5780.149 Executing VM operation: G1CollectFull
Event: 5780.176 Executing VM operation: G1CollectFull done
Event: 5790.356 Executing VM operation: G1CollectFull

Events (20 events):
Event: 63.040 Thread 0x00000237317ae6c0 Thread exited: 0x00000237317ae6c0
Event: 63.190 Thread 0x00000237317a94f0 Thread exited: 0x00000237317a94f0
Event: 65.066 Thread 0x0000023731550170 Thread exited: 0x0000023731550170
Event: 65.066 Thread 0x0000023731550640 Thread exited: 0x0000023731550640
Event: 71.485 Thread 0x0000023731584460 Thread exited: 0x0000023731584460
Event: 78.044 Thread 0x00000237317a9e90 Thread exited: 0x00000237317a9e90
Event: 131.489 Thread 0x00000237317aeb90 Thread exited: 0x00000237317aeb90
Event: 191.499 Thread 0x00000237317ab1d0 Thread exited: 0x00000237317ab1d0
Event: 222.548 Thread 0x00000237317ab1d0 Thread added: 0x00000237317ab1d0
Event: 283.544 Thread 0x00000237317ab1d0 Thread exited: 0x00000237317ab1d0
Event: 2102.478 Thread 0x00000237317a9e90 Thread added: 0x00000237317a9e90
Event: 2106.893 Thread 0x00000237317ab1d0 Thread added: 0x00000237317ab1d0
Event: 2118.909 Thread 0x00000237317aeb90 Thread added: 0x00000237317aeb90
Event: 2178.929 Thread 0x00000237317a9e90 Thread exited: 0x00000237317a9e90
Event: 2179.185 Thread 0x00000237317ab1d0 Thread exited: 0x00000237317ab1d0
Event: 2179.215 Thread 0x00000237317aeb90 Thread exited: 0x00000237317aeb90
Event: 2323.696 Thread 0x00000237317a94f0 Thread added: 0x00000237317a94f0
Event: 2333.429 Thread 0x00000237317afa00 Thread added: 0x00000237317afa00
Event: 2393.438 Thread 0x00000237317a94f0 Thread exited: 0x00000237317a94f0
Event: 2393.438 Thread 0x00000237317afa00 Thread exited: 0x00000237317afa00


Dynamic libraries:
0x00007ff61ef20000 - 0x00007ff61ef2e000 	c:\Users\Administrator\.vscode\extensions\redhat.java-1.19.0-win32-x64\jre\17.0.7-win32-x86_64\bin\java.exe
0x00007ffc4ae50000 - 0x00007ffc4b048000 	C:\WINDOWS\SYSTEM32\ntdll.dll
0x00007ffc49ce0000 - 0x00007ffc49d9f000 	C:\WINDOWS\System32\KERNEL32.DLL
0x00007ffc48560000 - 0x00007ffc48856000 	C:\WINDOWS\System32\KERNELBASE.dll
0x00007ffc48a30000 - 0x00007ffc48b30000 	C:\WINDOWS\System32\ucrtbase.dll
0x00007ffc08110000 - 0x00007ffc08127000 	c:\Users\Administrator\.vscode\extensions\redhat.java-1.19.0-win32-x64\jre\17.0.7-win32-x86_64\bin\jli.dll
0x00007ffc4a690000 - 0x00007ffc4a82d000 	C:\WINDOWS\System32\USER32.dll
0x00007ffc48b30000 - 0x00007ffc48b52000 	C:\WINDOWS\System32\win32u.dll
0x00007ffc4ade0000 - 0x00007ffc4ae0c000 	C:\WINDOWS\System32\GDI32.dll
0x00007ffc48ce0000 - 0x00007ffc48df5000 	C:\WINDOWS\System32\gdi32full.dll
0x00007ffc48bb0000 - 0x00007ffc48c4d000 	C:\WINDOWS\System32\msvcp_win.dll
0x00007ffbc2e10000 - 0x00007ffbc2e29000 	c:\Users\Administrator\.vscode\extensions\redhat.java-1.19.0-win32-x64\jre\17.0.7-win32-x86_64\bin\VCRUNTIME140.dll
0x00007ffc3b140000 - 0x00007ffc3b3da000 	C:\WINDOWS\WinSxS\amd64_microsoft.windows.common-controls_6595b64144ccf1df_6.0.19041.1110_none_60b5254171f9507e\COMCTL32.dll
0x00007ffc49820000 - 0x00007ffc498be000 	C:\WINDOWS\System32\msvcrt.dll
0x00007ffc4a900000 - 0x00007ffc4a930000 	C:\WINDOWS\System32\IMM32.DLL
0x00007ffc2ffe0000 - 0x00007ffc2ffec000 	c:\Users\Administrator\.vscode\extensions\redhat.java-1.19.0-win32-x64\jre\17.0.7-win32-x86_64\bin\vcruntime140_1.dll
0x00007ffbb6e80000 - 0x00007ffbb6f11000 	c:\Users\Administrator\.vscode\extensions\redhat.java-1.19.0-win32-x64\jre\17.0.7-win32-x86_64\bin\msvcp140.dll
0x00007ffbaf1d0000 - 0x00007ffbafe18000 	c:\Users\Administrator\.vscode\extensions\redhat.java-1.19.0-win32-x64\jre\17.0.7-win32-x86_64\bin\server\jvm.dll
0x00007ffc4ad30000 - 0x00007ffc4addf000 	C:\WINDOWS\System32\ADVAPI32.dll
0x00007ffc4a5d0000 - 0x00007ffc4a66c000 	C:\WINDOWS\System32\sechost.dll
0x00007ffc4ab50000 - 0x00007ffc4ac76000 	C:\WINDOWS\System32\RPCRT4.dll
0x00007ffc3de20000 - 0x00007ffc3de29000 	C:\WINDOWS\SYSTEM32\WSOCK32.dll
0x00007ffc3ca20000 - 0x00007ffc3ca47000 	C:\WINDOWS\SYSTEM32\WINMM.dll
0x00007ffc4aae0000 - 0x00007ffc4ab4b000 	C:\WINDOWS\System32\WS2_32.dll
0x00007ffc42380000 - 0x00007ffc4238a000 	C:\WINDOWS\SYSTEM32\VERSION.dll
0x00007ffc462e0000 - 0x00007ffc462f2000 	C:\WINDOWS\SYSTEM32\kernel.appcore.dll
0x00007ffc2f480000 - 0x00007ffc2f48a000 	c:\Users\Administrator\.vscode\extensions\redhat.java-1.19.0-win32-x64\jre\17.0.7-win32-x86_64\bin\jimage.dll
0x00007ffc412a0000 - 0x00007ffc41484000 	C:\WINDOWS\SYSTEM32\DBGHELP.DLL
0x00007ffc411d0000 - 0x00007ffc41204000 	C:\WINDOWS\SYSTEM32\dbgcore.DLL
0x00007ffc48c50000 - 0x00007ffc48cd2000 	C:\WINDOWS\System32\bcryptPrimitives.dll
0x00007ffbbee50000 - 0x00007ffbbee75000 	c:\Users\Administrator\.vscode\extensions\redhat.java-1.19.0-win32-x64\jre\17.0.7-win32-x86_64\bin\java.dll
0x00007ffbbee30000 - 0x00007ffbbee48000 	c:\Users\Administrator\.vscode\extensions\redhat.java-1.19.0-win32-x64\jre\17.0.7-win32-x86_64\bin\zip.dll
0x00007ffc48eb0000 - 0x00007ffc495f4000 	C:\WINDOWS\System32\SHELL32.dll
0x00007ffc465c0000 - 0x00007ffc46d53000 	C:\WINDOWS\SYSTEM32\windows.storage.dll
0x00007ffc49980000 - 0x00007ffc49cd4000 	C:\WINDOWS\System32\combase.dll
0x00007ffc47dc0000 - 0x00007ffc47dee000 	C:\WINDOWS\SYSTEM32\Wldp.dll
0x00007ffc498c0000 - 0x00007ffc4996d000 	C:\WINDOWS\System32\SHCORE.dll
0x00007ffc49e00000 - 0x00007ffc49e55000 	C:\WINDOWS\System32\shlwapi.dll
0x00007ffc48470000 - 0x00007ffc4848f000 	C:\WINDOWS\SYSTEM32\profapi.dll
0x00007ffbbcd30000 - 0x00007ffbbcd49000 	C:\Users\Administrator\.vscode\extensions\redhat.java-1.19.0-win32-x64\jre\17.0.7-win32-x86_64\bin\net.dll
0x00007ffc42f50000 - 0x00007ffc4305a000 	C:\WINDOWS\SYSTEM32\WINHTTP.dll
0x00007ffc47ba0000 - 0x00007ffc47c0a000 	C:\WINDOWS\system32\mswsock.dll
0x00007ffbb6e60000 - 0x00007ffbb6e75000 	C:\Users\Administrator\.vscode\extensions\redhat.java-1.19.0-win32-x64\jre\17.0.7-win32-x86_64\bin\nio.dll
0x00007ffc47ee0000 - 0x00007ffc47ef8000 	C:\WINDOWS\SYSTEM32\CRYPTSP.dll
0x00007ffc474e0000 - 0x00007ffc47514000 	C:\WINDOWS\system32\rsaenh.dll
0x00007ffc48530000 - 0x00007ffc48557000 	C:\WINDOWS\System32\bcrypt.dll
0x00007ffc483f0000 - 0x00007ffc4841e000 	C:\WINDOWS\SYSTEM32\USERENV.dll
0x00007ffc47d30000 - 0x00007ffc47d3c000 	C:\WINDOWS\SYSTEM32\CRYPTBASE.dll
0x00007ffc478b0000 - 0x00007ffc478ec000 	C:\WINDOWS\SYSTEM32\IPHLPAPI.DLL
0x00007ffc49970000 - 0x00007ffc49978000 	C:\WINDOWS\System32\NSI.dll
0x00007ffc43830000 - 0x00007ffc43847000 	C:\WINDOWS\SYSTEM32\dhcpcsvc6.DLL
0x00007ffc43800000 - 0x00007ffc4381d000 	C:\WINDOWS\SYSTEM32\dhcpcsvc.DLL
0x00007ffc478f0000 - 0x00007ffc479ba000 	C:\WINDOWS\SYSTEM32\DNSAPI.dll
0x00007ffc2e520000 - 0x00007ffc2e529000 	C:\Users\Administrator\.vscode\extensions\redhat.java-1.19.0-win32-x64\jre\17.0.7-win32-x86_64\bin\management.dll
0x00007ffc2e430000 - 0x00007ffc2e43b000 	C:\Users\Administrator\.vscode\extensions\redhat.java-1.19.0-win32-x64\jre\17.0.7-win32-x86_64\bin\management_ext.dll
0x00007ffc49600000 - 0x00007ffc49608000 	C:\WINDOWS\System32\PSAPI.DLL
0x00007ffc39060000 - 0x00007ffc3906e000 	C:\Users\Administrator\.vscode\extensions\redhat.java-1.19.0-win32-x64\jre\17.0.7-win32-x86_64\bin\sunmscapi.dll
0x00007ffc488d0000 - 0x00007ffc48a2e000 	C:\WINDOWS\System32\CRYPT32.dll
0x00007ffc47eb0000 - 0x00007ffc47ed8000 	C:\WINDOWS\SYSTEM32\ncrypt.dll
0x00007ffc47e60000 - 0x00007ffc47e9b000 	C:\WINDOWS\SYSTEM32\NTASN1.dll
0x00007ffc424c0000 - 0x00007ffc424ca000 	C:\Windows\System32\rasadhlp.dll
0x00007ffc429f0000 - 0x00007ffc42a72000 	C:\WINDOWS\System32\fwpuclnt.dll
0x00007ffc2ec60000 - 0x00007ffc2ec70000 	c:\Users\Administrator\.vscode\extensions\redhat.java-1.19.0-win32-x64\jre\17.0.7-win32-x86_64\bin\verify.dll
0x000000006c500000 - 0x000000006c5c7000 	C:\Users\Administrator\AppData\Local\Temp\snappy-1.1.8-1c523c33-ee7d-41a5-885a-5b1c5cc90f56-snappyjava.dll

dbghelp: loaded successfully - version: 4.0.5 - missing functions: none
symbol engine: initialized successfully - sym options: 0x614 - pdb path: .;c:\Users\Administrator\.vscode\extensions\redhat.java-1.19.0-win32-x64\jre\17.0.7-win32-x86_64\bin;C:\WINDOWS\SYSTEM32;C:\WINDOWS\WinSxS\amd64_microsoft.windows.common-controls_6595b64144ccf1df_6.0.19041.1110_none_60b5254171f9507e;c:\Users\Administrator\.vscode\extensions\redhat.java-1.19.0-win32-x64\jre\17.0.7-win32-x86_64\bin\server;C:\Users\Administrator\AppData\Local\Temp

VM Arguments:
jvm_args: -XX:+HeapDumpOnOutOfMemoryError -Xmx1024m -Dsts.lsp.client=vscode -Dsts.log.file=/dev/null -XX:TieredStopAtLevel=1 -Xlog:jni+resolve=off -Dspring.config.location=file:c:\Users\Administrator\.vscode\extensions\vmware.vscode-spring-boot-1.47.0\language-server\BOOT-INF\classes\application.properties 
java_command: org.springframework.ide.vscode.boot.app.BootLanguageServerBootApp
java_class_path (initial): c:\Users\Administrator\.vscode\extensions\vmware.vscode-spring-boot-1.47.0\language-server\BOOT-INF\classes;c:\Users\Administrator\.vscode\extensions\vmware.vscode-spring-boot-1.47.0\language-server\BOOT-INF\lib\annotations-24.0.1.jar;c:\Users\Administrator\.vscode\extensions\vmware.vscode-spring-boot-1.47.0\language-server\BOOT-INF\lib\antlr-runtime-3.5.3.jar;c:\Users\Administrator\.vscode\extensions\vmware.vscode-spring-boot-1.47.0\language-server\BOOT-INF\lib\antlr4-4.11.1.jar;c:\Users\Administrator\.vscode\extensions\vmware.vscode-spring-boot-1.47.0\language-server\BOOT-INF\lib\antlr4-runtime-4.11.1.jar;c:\Users\Administrator\.vscode\extensions\vmware.vscode-spring-boot-1.47.0\language-server\BOOT-INF\lib\aopalliance-1.0.jar;c:\Users\Administrator\.vscode\extensions\vmware.vscode-spring-boot-1.47.0\language-server\BOOT-INF\lib\asm-9.5.jar;c:\Users\Administrator\.vscode\extensions\vmware.vscode-spring-boot-1.47.0\language-server\BOOT-INF\lib\asm-analysis-9.5.jar;c:\Users\Administrator\.vscode\extensions\vmware.vscode-spring-boot-1.47.0\language-server\BOOT-INF\lib\asm-tree-9.5.jar;c:\Users\Administrator\.vscode\extensions\vmware.vscode-spring-boot-1.47.0\language-server\BOOT-INF\lib\asm-util-9.5.jar;c:\Users\Administrator\.vscode\extensions\vmware.vscode-spring-boot-1.47.0\language-server\BOOT-INF\lib\auto-common-1.2.1.jar;c:\Users\Administrator\.vscode\extensions\vmware.vscode-spring-boot-1.47.0\language-server\BOOT-INF\lib\auto-value-annotations-1.9.jar;c:\Users\Administrator\.vscode\extensions\vmware.vscode-spring-boot-1.47.0\language-server\BOOT-INF\lib\caffeine-3.1.2.jar;c:\Users\Administrator\.vscode\extensions\vmware.vscode-spring-boot-1.47.0\language-server\BOOT-INF\lib\checker-qual-3.12.0.jar;c:\Users\Administrator\.vscode\extensions\vmware.vscode-spring-boot-1.47.0\language-server\BOOT-INF\lib\classgraph-4.8.149.jar;c:\Users\Administrator\.vscode\extensions\vmware.vscode-spring-boot-1.47.0\language-server\BOOT-INF\lib\common
Launcher Type: SUN_STANDARD

[Global flags]
     intx CICompilerCount                          = 3                                         {product} {ergonomic}
     uint ConcGCThreads                            = 2                                         {product} {ergonomic}
     uint G1ConcRefinementThreads                  = 6                                         {product} {ergonomic}
   size_t G1HeapRegionSize                         = 1048576                                   {product} {ergonomic}
    uintx GCDrainStackTargetSize                   = 64                                        {product} {ergonomic}
     bool HeapDumpOnOutOfMemoryError               = true                                   {manageable} {command line}
   size_t InitialHeapSize                          = 536870912                                 {product} {ergonomic}
   size_t MarkStackSize                            = 4194304                                   {product} {ergonomic}
   size_t MaxHeapSize                              = 1073741824                                {product} {command line}
   size_t MaxNewSize                               = 643825664                                 {product} {ergonomic}
   size_t MinHeapDeltaBytes                        = 1048576                                   {product} {ergonomic}
   size_t MinHeapSize                              = 8388608                                   {product} {ergonomic}
    uintx NonProfiledCodeHeapSize                  = 0                                      {pd product} {ergonomic}
     bool ProfileInterpreter                       = false                                  {pd product} {command line}
    uintx ProfiledCodeHeapSize                     = 0                                      {pd product} {ergonomic}
   size_t SoftMaxHeapSize                          = 1073741824                             {manageable} {ergonomic}
     intx TieredStopAtLevel                        = 1                                         {product} {command line}
     bool UseCompressedClassPointers               = true                           {product lp64_product} {ergonomic}
     bool UseCompressedOops                        = true                           {product lp64_product} {ergonomic}
     bool UseG1GC                                  = true                                      {product} {ergonomic}
     bool UseLargePagesIndividualAllocation        = false                                  {pd product} {ergonomic}

Logging:
Log output configuration:
 #0: stdout all=warning,jni+resolve=off uptime,level,tags
 #1: stderr all=off uptime,level,tags

Environment Variables:
JAVA_HOME=C:\Program Files\Amazon Corretto\jdk11.0.18_10
PATH=C:\Users\Administrator\AppData\Local\cloud-code\installer\google-cloud-sdk\bin;C:\Program Files\Amazon Corretto\jdk11.0.18_10\bin;D:\app\hankuk1_006\product\11.2.0\dbhome_1\bin;D:\app\1_006\product\11.2.0\dbhome_4\bin;D:;app\1_006\product\11.2.0\dbhome_3\bin;C:;Program Files (x86)\Common Files\Oracle\Java\javapath;C:\WINDOWS\system32;C:\WINDOWS;C:\WINDOWS\System32\Wbem;C:\WINDOWS\System32\WindowsPowerShell\v1.0\;C:\WINDOWS\System32\OpenSSH\;C:\Program Files\Bandizip\;C:\Program Files\Docker\Docker\resources\bin;C:\Program Files\Git\cmd;C:\Program Files\Git LFS;C:\Program Files\dotnet\;C:\Program Files\Oracle\instantclient-basic-windows.x64-11.2.0.4.0\instantclient_11_2;C:\jdk18\bin;C:\Users\Administrator\AppData\Local\Microsoft\WindowsApps;C:\Users\Administrator\AppData\Local\Programs\Microsoft VS Code\bin;C:\Program Files\Oracle\instantclient-basic-windows.x64-11.2.0.4.0\instantclient_11_2;C:\jdk18\bin;C:\Users\Administrator\AppData\Local\GitHubDesktop\bin;C:\Program Files\JetBrains\IntelliJ IDEA 2023.1.2\bin;;C:\Users\Administrator\AppData\Local\Google\Cloud SDK\google-cloud-sdk\bin;C:\Program Files (x86)\Google\Cloud SDK\google-cloud-sdk\bin;C:\Program Files\Google\Cloud SDK\google-cloud-sdk\bin
USERNAME=Administrator
OS=Windows_NT
PROCESSOR_IDENTIFIER=Intel64 Family 6 Model 158 Stepping 10, GenuineIntel
TMP=C:\Users\ADMINI~1\AppData\Local\Temp
TEMP=C:\Users\ADMINI~1\AppData\Local\Temp



---------------  S Y S T E M  ---------------

OS:
 Windows 10 , 64 bit Build 19041 (10.0.19041.3031)
OS uptime: 11 days 13:01 hours
Hyper-V role detected

CPU: total 6 (initial active 6) (6 cores per cpu, 1 threads per core) family 6 model 158 stepping 10 microcode 0xb4, cx8, cmov, fxsr, mmx, 3dnowpref, sse, sse2, sse3, ssse3, sse4.1, sse4.2, popcnt, lzcnt, tsc, tscinvbit, avx, avx2, aes, erms, clmul, bmi1, bmi2, adx, fma, vzeroupper, clflush, clflushopt, hv

Memory: 4k page, system-wide physical 32712M (13153M free)
TotalPageFile size 34760M (AvailPageFile size 12M)
current process WorkingSet (physical memory assigned to process): 142M, peak: 1150M
current process commit charge ("private bytes"): 334M, peak: 1122M

vm_info: OpenJDK 64-Bit Server VM (17.0.7+7) for windows-amd64 JRE (17.0.7+7), built on Apr 18 2023 22:10:42 by "temurin" with MS VC++ 16.7 (VS2019)

END.
