#
# There is insufficient memory for the Java Runtime Environment to continue.
# Native memory allocation (malloc) failed to allocate 2097152 bytes for AllocateHeap
# Possible reasons:
#   The system is out of physical RAM or swap space
#   The process is running with CompressedOops enabled, and the Java Heap may be blocking the growth of the native heap
# Possible solutions:
#   Reduce memory load on the system
#   Increase physical memory or swap space
#   Check if swap backing store is full
#   Decrease Java heap size (-Xmx/-Xms)
#   Decrease number of Java threads
#   Decrease Java thread stack sizes (-Xss)
#   Set larger code cache with -XX:ReservedCodeCacheSize=
#   JVM is running with Unscaled Compressed Oops mode in which the Java heap is
#     placed in the first 4GB address space. The Java Heap base address is the
#     maximum limit for the native heap growth. Please use -XX:HeapBaseMinAddress
#     to set the Java Heap base and to place the Java Heap above 4GB virtual address.
# This output file may be truncated or incomplete.
#
#  Out of Memory Error (allocation.cpp:44), pid=42384, tid=50056
#
# JRE version: OpenJDK Runtime Environment Temurin-17.0.7+7 (17.0.7+7) (build 17.0.7+7)
# Java VM: OpenJDK 64-Bit Server VM Temurin-17.0.7+7 (17.0.7+7, mixed mode, emulated-client, tiered, compressed oops, compressed class ptrs, g1 gc, windows-amd64)
# No core dump will be written. Minidumps are not enabled by default on client versions of Windows
#

---------------  S U M M A R Y ------------

Command Line: -XX:+HeapDumpOnOutOfMemoryError -Xmx1024m -Dsts.lsp.client=vscode -Dsts.log.file=/dev/null -XX:TieredStopAtLevel=1 -Xlog:jni+resolve=off -Dspring.config.location=file:c:\Users\Administrator\.vscode\extensions\vmware.vscode-spring-boot-1.47.0\language-server\BOOT-INF\classes\application.properties org.springframework.ide.vscode.boot.app.BootLanguageServerBootApp

Host: Intel(R) Core(TM) i5-9400F CPU @ 2.90GHz, 6 cores, 31G,  Windows 10 , 64 bit Build 19041 (10.0.19041.3031)
Time: Mon Jun 26 15:52:40 2023  Windows 10 , 64 bit Build 19041 (10.0.19041.3031) elapsed time: 279726.866804 seconds (3d 5h 42m 6s)

---------------  T H R E A D  ---------------

Current thread (0x0000025bab4735a0):  VMThread "VM Thread" [stack: 0x0000009d40d00000,0x0000009d40e00000] [id=50056]

Stack: [0x0000009d40d00000,0x0000009d40e00000]
Native frames: (J=compiled Java code, j=interpreted, Vv=VM code, C=native code)
V  [jvm.dll+0x67754a]
V  [jvm.dll+0x834304]
V  [jvm.dll+0x835aae]
V  [jvm.dll+0x836113]
V  [jvm.dll+0x24696f]
V  [jvm.dll+0xa681f]
V  [jvm.dll+0x2f7481]
V  [jvm.dll+0x2f30f0]
V  [jvm.dll+0x2db6c7]
V  [jvm.dll+0x31e777]
V  [jvm.dll+0x83a5bb]
V  [jvm.dll+0x83b2f4]
V  [jvm.dll+0x83b80c]
V  [jvm.dll+0x83bbe4]
V  [jvm.dll+0x83bcb0]
V  [jvm.dll+0x7e4e7a]
V  [jvm.dll+0x676395]
C  [ucrtbase.dll+0x21bb2]
C  [KERNEL32.DLL+0x17614]
C  [ntdll.dll+0x526f1]

VM_Operation (0x0000009d424fef10): G1CollectFull, mode: safepoint, requested by thread 0x0000025bb0c29bf0


---------------  P R O C E S S  ---------------

Threads class SMR info:
_java_thread_list=0x0000025bc5410b20, length=26, elements={
0x0000025bab48d740, 0x0000025bab48f3c0, 0x0000025bab4b61c0, 0x0000025bab4b6a80,
0x0000025bab4b7340, 0x0000025bab4b9c10, 0x0000025bab4ba4d0, 0x0000025bab4badd0,
0x0000025bab6e7dd0, 0x0000025bab6f4eb0, 0x0000025bb0ceb610, 0x0000025bb0d20790,
0x0000025bb0c29bf0, 0x0000025bb0d94f40, 0x0000025ba08e61d0, 0x0000025bb09a2d50,
0x0000025bb0def790, 0x0000025bb0f26330, 0x0000025bb0f237e0, 0x0000025bb0f23cb0,
0x0000025bb0f24b20, 0x0000025bb0f25990, 0x0000025bb0f28e80, 0x0000025bb0f21b00,
0x0000025bb0f4f720, 0x0000025bb0f24180
}

Java Threads: ( => current thread )
  0x0000025bab48d740 JavaThread "Reference Handler" daemon [_thread_blocked, id=22364, stack(0x0000009d40e00000,0x0000009d40f00000)]
  0x0000025bab48f3c0 JavaThread "Finalizer" daemon [_thread_blocked, id=21076, stack(0x0000009d40f00000,0x0000009d41000000)]
  0x0000025bab4b61c0 JavaThread "Signal Dispatcher" daemon [_thread_blocked, id=21820, stack(0x0000009d41000000,0x0000009d41100000)]
  0x0000025bab4b6a80 JavaThread "Attach Listener" daemon [_thread_blocked, id=14200, stack(0x0000009d41100000,0x0000009d41200000)]
  0x0000025bab4b7340 JavaThread "Service Thread" daemon [_thread_blocked, id=49832, stack(0x0000009d41200000,0x0000009d41300000)]
  0x0000025bab4b9c10 JavaThread "Monitor Deflation Thread" daemon [_thread_blocked, id=38004, stack(0x0000009d41300000,0x0000009d41400000)]
  0x0000025bab4ba4d0 JavaThread "C1 CompilerThread0" daemon [_thread_blocked, id=25760, stack(0x0000009d41400000,0x0000009d41500000)]
  0x0000025bab4badd0 JavaThread "Sweeper thread" daemon [_thread_blocked, id=16032, stack(0x0000009d41500000,0x0000009d41600000)]
  0x0000025bab6e7dd0 JavaThread "Notification Thread" daemon [_thread_blocked, id=8432, stack(0x0000009d41600000,0x0000009d41700000)]
  0x0000025bab6f4eb0 JavaThread "Common-Cleaner" daemon [_thread_blocked, id=47304, stack(0x0000009d41800000,0x0000009d41900000)]
  0x0000025bb0ceb610 JavaThread "boundedElastic-evictor-1" daemon [_thread_blocked, id=34432, stack(0x0000009d42000000,0x0000009d42100000)]
  0x0000025bb0d20790 JavaThread "boundedElastic-evictor-2" daemon [_thread_blocked, id=43664, stack(0x0000009d42300000,0x0000009d42400000)]
  0x0000025bb0c29bf0 JavaThread "pool-10-thread-1" [_thread_blocked, id=9980, stack(0x0000009d42400000,0x0000009d42500000)]
  0x0000025bb0d94f40 JavaThread "LanguageServerApp-lifecycle" [_thread_blocked, id=23612, stack(0x0000009d42500000,0x0000009d42600000)]
  0x0000025ba08e61d0 JavaThread "DestroyJavaVM" [_thread_blocked, id=45632, stack(0x0000009d40600000,0x0000009d40700000)]
  0x0000025bb09a2d50 JavaThread "pool-11-thread-1" [_thread_in_native, id=33692, stack(0x0000009d42600000,0x0000009d42700000)]
  0x0000025bb0def790 JavaThread "Simple-Language-Server main thread" daemon [_thread_blocked, id=40264, stack(0x0000009d42700000,0x0000009d42800000)]
  0x0000025bb0f26330 JavaThread "parallel-1" daemon [_thread_blocked, id=46672, stack(0x0000009d43900000,0x0000009d43a00000)]
  0x0000025bb0f237e0 JavaThread "pool-4-thread-1" [_thread_blocked, id=49764, stack(0x0000009d43a00000,0x0000009d43b00000)]
  0x0000025bb0f23cb0 JavaThread "parallel-2" daemon [_thread_blocked, id=46928, stack(0x0000009d43b00000,0x0000009d43c00000)]
  0x0000025bb0f24b20 JavaThread "parallel-3" daemon [_thread_blocked, id=49184, stack(0x0000009d44500000,0x0000009d44600000)]
  0x0000025bb0f25990 JavaThread "parallel-4" daemon [_thread_blocked, id=26768, stack(0x0000009d42d00000,0x0000009d42e00000)]
  0x0000025bb0f28e80 JavaThread "parallel-5" daemon [_thread_blocked, id=32648, stack(0x0000009d42f00000,0x0000009d43000000)]
  0x0000025bb0f21b00 JavaThread "parallel-6" daemon [_thread_blocked, id=50664, stack(0x0000009d43000000,0x0000009d43100000)]
  0x0000025bb0f4f720 JavaThread "pool-6-thread-1" [_thread_blocked, id=25804, stack(0x0000009d40500000,0x0000009d40600000)]
  0x0000025bb0f24180 JavaThread "Reconciler-1" daemon [_thread_blocked, id=10820, stack(0x0000009d42200000,0x0000009d42300000)]

Other Threads:
=>0x0000025bab4735a0 VMThread "VM Thread" [stack: 0x0000009d40d00000,0x0000009d40e00000] [id=50056]
  0x0000025bab6e82a0 WatcherThread [stack: 0x0000009d41700000,0x0000009d41800000] [id=41332]
  0x0000025ba0926ba0 GCTaskThread "GC Thread#0" [stack: 0x0000009d40800000,0x0000009d40900000] [id=38284]
  0x0000025bb023f520 GCTaskThread "GC Thread#1" [stack: 0x0000009d41a00000,0x0000009d41b00000] [id=12036]
  0x0000025bb023f7d0 GCTaskThread "GC Thread#2" [stack: 0x0000009d41b00000,0x0000009d41c00000] [id=23104]
  0x0000025bb023fa80 GCTaskThread "GC Thread#3" [stack: 0x0000009d41c00000,0x0000009d41d00000] [id=47720]
  0x0000025bb023fd30 GCTaskThread "GC Thread#4" [stack: 0x0000009d41d00000,0x0000009d41e00000] [id=23960]
  0x0000025bb021da60 GCTaskThread "GC Thread#5" [stack: 0x0000009d41e00000,0x0000009d41f00000] [id=46048]
  0x0000025ba092fae0 ConcurrentGCThread "G1 Main Marker" [stack: 0x0000009d40900000,0x0000009d40a00000] [id=26980]
  0x0000025ba09304f0 ConcurrentGCThread "G1 Conc#0" [stack: 0x0000009d40a00000,0x0000009d40b00000] [id=18672]
  0x0000025bb0552860 ConcurrentGCThread "G1 Conc#1" [stack: 0x0000009d42100000,0x0000009d42200000] [id=49376]
  0x0000025ba09ad980 ConcurrentGCThread "G1 Refine#0" [stack: 0x0000009d40b00000,0x0000009d40c00000] [id=31272]
  0x0000025bb01fea00 ConcurrentGCThread "G1 Refine#1" [stack: 0x0000009d41f00000,0x0000009d42000000] [id=33468]
  0x0000025bb184fd30 ConcurrentGCThread "G1 Refine#2" [stack: 0x0000009d43f00000,0x0000009d44000000] [id=23208]
  0x0000025bb184e630 ConcurrentGCThread "G1 Refine#3" [stack: 0x0000009d44000000,0x0000009d44100000] [id=5560]
  0x0000025bb184f490 ConcurrentGCThread "G1 Refine#4" [stack: 0x0000009d44400000,0x0000009d44500000] [id=9272]
  0x0000025ba09ae3a0 ConcurrentGCThread "G1 Service" [stack: 0x0000009d40c00000,0x0000009d40d00000] [id=13560]

Threads with active compile tasks:

VM state: at safepoint (normal execution)

VM Mutex/Monitor currently owned by a thread:  ([mutex/lock_event])
[0x0000025b9e82e6d0] Threads_lock - owner thread: 0x0000025bab4735a0
[0x0000025ba08d3e10] Heap_lock - owner thread: 0x0000025bb0c29bf0

Heap address: 0x00000000c0000000, size: 1024 MB, Compressed Oops mode: 32-bit

CDS archive(s) not mapped
Compressed class space mapped at: 0x0000000100000000-0x0000000140000000, reserved size: 1073741824
Narrow klass base: 0x0000000000000000, Narrow klass shift: 3, Narrow klass range: 0x140000000

GC Precious Log:
 CPUs: 6 total, 6 available
 Memory: 32712M
 Large Page Support: Disabled
 NUMA Support: Disabled
 Compressed Oops: Enabled (32-bit)
 Heap Region Size: 1M
 Heap Min Capacity: 8M
 Heap Initial Capacity: 512M
 Heap Max Capacity: 1G
 Pre-touch: Disabled
 Parallel Workers: 6
 Concurrent Workers: 2
 Concurrent Refinement Workers: 6
 Periodic GC: Disabled

Heap:
 garbage-first heap   total 286720K, used 85551K [0x00000000c0000000, 0x0000000100000000)
  region size 1024K, 1 young (1024K), 0 survivors (0K)
 Metaspace       used 75370K, committed 75968K, reserved 1179648K
  class space    used 10308K, committed 10560K, reserved 1048576K

Heap Regions: E=young(eden), S=young(survivor), O=old, HS=humongous(starts), HC=humongous(continues), CS=collection set, F=free, OA=open archive, CA=closed archive, TAMS=top-at-mark-start (previous, next)
|   0|0x00000000c0000000, 0x00000000c0100000, 0x00000000c0100000|100%|HS|  |TAMS 0x00000000c0100000, 0x00000000c0000000| Untracked 
|   1|0x00000000c0100000, 0x00000000c0200000, 0x00000000c0200000|100%| O|  |TAMS 0x00000000c0200000, 0x00000000c0100000| Untracked 
|   2|0x00000000c0200000, 0x00000000c02fffc0, 0x00000000c0300000| 99%| O|  |TAMS 0x00000000c02fffc0, 0x00000000c0200000| Untracked 
|   3|0x00000000c0300000, 0x00000000c0400000, 0x00000000c0400000|100%| O|  |TAMS 0x00000000c0400000, 0x00000000c0300000| Untracked 
|   4|0x00000000c0400000, 0x00000000c0500000, 0x00000000c0500000|100%| O|  |TAMS 0x00000000c0500000, 0x00000000c0400000| Untracked 
|   5|0x00000000c0500000, 0x00000000c05fffb8, 0x00000000c0600000| 99%| O|  |TAMS 0x00000000c05fffb8, 0x00000000c0500000| Untracked 
|   6|0x00000000c0600000, 0x00000000c06fffb0, 0x00000000c0700000| 99%| O|  |TAMS 0x00000000c06fffb0, 0x00000000c0600000| Untracked 
|   7|0x00000000c0700000, 0x00000000c0800000, 0x00000000c0800000|100%| O|  |TAMS 0x00000000c0800000, 0x00000000c0700000| Untracked 
|   8|0x00000000c0800000, 0x00000000c0900000, 0x00000000c0900000|100%| O|  |TAMS 0x00000000c0900000, 0x00000000c0800000| Untracked 
|   9|0x00000000c0900000, 0x00000000c0a00000, 0x00000000c0a00000|100%| O|  |TAMS 0x00000000c0a00000, 0x00000000c0900000| Untracked 
|  10|0x00000000c0a00000, 0x00000000c0afe838, 0x00000000c0b00000| 99%| O|  |TAMS 0x00000000c0afe838, 0x00000000c0a00000| Untracked 
|  11|0x00000000c0b00000, 0x00000000c0bfff88, 0x00000000c0c00000| 99%| O|  |TAMS 0x00000000c0bfff88, 0x00000000c0b00000| Untracked 
|  12|0x00000000c0c00000, 0x00000000c0cfffa0, 0x00000000c0d00000| 99%| O|  |TAMS 0x00000000c0cfffa0, 0x00000000c0c00000| Untracked 
|  13|0x00000000c0d00000, 0x00000000c0dffff8, 0x00000000c0e00000| 99%| O|  |TAMS 0x00000000c0dffff8, 0x00000000c0d00000| Untracked 
|  14|0x00000000c0e00000, 0x00000000c0effff8, 0x00000000c0f00000| 99%| O|  |TAMS 0x00000000c0effff8, 0x00000000c0e00000| Untracked 
|  15|0x00000000c0f00000, 0x00000000c0ffffb8, 0x00000000c1000000| 99%| O|  |TAMS 0x00000000c0ffffb8, 0x00000000c0f00000| Untracked 
|  16|0x00000000c1000000, 0x00000000c10ffff8, 0x00000000c1100000| 99%| O|  |TAMS 0x00000000c10ffff8, 0x00000000c1000000| Untracked 
|  17|0x00000000c1100000, 0x00000000c11ffff8, 0x00000000c1200000| 99%| O|  |TAMS 0x00000000c11ffff8, 0x00000000c1100000| Untracked 
|  18|0x00000000c1200000, 0x00000000c12ffff0, 0x00000000c1300000| 99%| O|  |TAMS 0x00000000c12ffff0, 0x00000000c1200000| Untracked 
|  19|0x00000000c1300000, 0x00000000c13fffe8, 0x00000000c1400000| 99%| O|  |TAMS 0x00000000c13fffe8, 0x00000000c1300000| Untracked 
|  20|0x00000000c1400000, 0x00000000c14ffff8, 0x00000000c1500000| 99%| O|  |TAMS 0x00000000c14ffff8, 0x00000000c1400000| Untracked 
|  21|0x00000000c1500000, 0x00000000c15ffff8, 0x00000000c1600000| 99%| O|  |TAMS 0x00000000c15ffff8, 0x00000000c1500000| Untracked 
|  22|0x00000000c1600000, 0x00000000c16fffd8, 0x00000000c1700000| 99%| O|  |TAMS 0x00000000c16fffd8, 0x00000000c1600000| Untracked 
|  23|0x00000000c1700000, 0x00000000c17fffd0, 0x00000000c1800000| 99%| O|  |TAMS 0x00000000c17fffd0, 0x00000000c1700000| Untracked 
|  24|0x00000000c1800000, 0x00000000c18fffe8, 0x00000000c1900000| 99%| O|  |TAMS 0x00000000c18fffe8, 0x00000000c1800000| Untracked 
|  25|0x00000000c1900000, 0x00000000c1a00000, 0x00000000c1a00000|100%| O|  |TAMS 0x00000000c1a00000, 0x00000000c1900000| Untracked 
|  26|0x00000000c1a00000, 0x00000000c1b00000, 0x00000000c1b00000|100%| O|  |TAMS 0x00000000c1b00000, 0x00000000c1a00000| Untracked 
|  27|0x00000000c1b00000, 0x00000000c1bfff98, 0x00000000c1c00000| 99%| O|  |TAMS 0x00000000c1bfff98, 0x00000000c1b00000| Untracked 
|  28|0x00000000c1c00000, 0x00000000c1cfffe8, 0x00000000c1d00000| 99%| O|  |TAMS 0x00000000c1cfffe8, 0x00000000c1c00000| Untracked 
|  29|0x00000000c1d00000, 0x00000000c1dfffe8, 0x00000000c1e00000| 99%| O|  |TAMS 0x00000000c1dfffe8, 0x00000000c1d00000| Untracked 
|  30|0x00000000c1e00000, 0x00000000c1efffb8, 0x00000000c1f00000| 99%| O|  |TAMS 0x00000000c1efffb8, 0x00000000c1e00000| Untracked 
|  31|0x00000000c1f00000, 0x00000000c1ffffe0, 0x00000000c2000000| 99%| O|  |TAMS 0x00000000c1ffffe0, 0x00000000c1f00000| Untracked 
|  32|0x00000000c2000000, 0x00000000c20fffb8, 0x00000000c2100000| 99%| O|  |TAMS 0x00000000c20fffb8, 0x00000000c2000000| Untracked 
|  33|0x00000000c2100000, 0x00000000c21ffff8, 0x00000000c2200000| 99%| O|  |TAMS 0x00000000c21ffff8, 0x00000000c2100000| Untracked 
|  34|0x00000000c2200000, 0x00000000c22fe4a8, 0x00000000c2300000| 99%| O|  |TAMS 0x00000000c22fe4a8, 0x00000000c2200000| Untracked 
|  35|0x00000000c2300000, 0x00000000c2400000, 0x00000000c2400000|100%| O|  |TAMS 0x00000000c2400000, 0x00000000c2300000| Untracked 
|  36|0x00000000c2400000, 0x00000000c24ffff0, 0x00000000c2500000| 99%| O|  |TAMS 0x00000000c24ffff0, 0x00000000c2400000| Untracked 
|  37|0x00000000c2500000, 0x00000000c25fffe8, 0x00000000c2600000| 99%| O|  |TAMS 0x00000000c25fffe8, 0x00000000c2500000| Untracked 
|  38|0x00000000c2600000, 0x00000000c26fffa0, 0x00000000c2700000| 99%| O|  |TAMS 0x00000000c26fffa0, 0x00000000c2600000| Untracked 
|  39|0x00000000c2700000, 0x00000000c27ffff0, 0x00000000c2800000| 99%| O|  |TAMS 0x00000000c27ffff0, 0x00000000c2700000| Untracked 
|  40|0x00000000c2800000, 0x00000000c2900000, 0x00000000c2900000|100%| O|  |TAMS 0x00000000c2900000, 0x00000000c2800000| Untracked 
|  41|0x00000000c2900000, 0x00000000c29fff40, 0x00000000c2a00000| 99%| O|  |TAMS 0x00000000c29fff40, 0x00000000c2900000| Untracked 
|  42|0x00000000c2a00000, 0x00000000c2afffe8, 0x00000000c2b00000| 99%| O|  |TAMS 0x00000000c2afffe8, 0x00000000c2a00000| Untracked 
|  43|0x00000000c2b00000, 0x00000000c2bffff0, 0x00000000c2c00000| 99%| O|  |TAMS 0x00000000c2bffff0, 0x00000000c2b00000| Untracked 
|  44|0x00000000c2c00000, 0x00000000c2cffff8, 0x00000000c2d00000| 99%| O|  |TAMS 0x00000000c2cffff8, 0x00000000c2c00000| Untracked 
|  45|0x00000000c2d00000, 0x00000000c2dfffd8, 0x00000000c2e00000| 99%| O|  |TAMS 0x00000000c2dfffd8, 0x00000000c2d00000| Untracked 
|  46|0x00000000c2e00000, 0x00000000c2f00000, 0x00000000c2f00000|100%| O|  |TAMS 0x00000000c2f00000, 0x00000000c2e00000| Untracked 
|  47|0x00000000c2f00000, 0x00000000c2fffdd8, 0x00000000c3000000| 99%| O|  |TAMS 0x00000000c2fffdd8, 0x00000000c2f00000| Untracked 
|  48|0x00000000c3000000, 0x00000000c30ffbd0, 0x00000000c3100000| 99%| O|  |TAMS 0x00000000c30ffbd0, 0x00000000c3000000| Untracked 
|  49|0x00000000c3100000, 0x00000000c3200000, 0x00000000c3200000|100%| O|  |TAMS 0x00000000c3200000, 0x00000000c3100000| Untracked 
|  50|0x00000000c3200000, 0x00000000c32fffe8, 0x00000000c3300000| 99%| O|  |TAMS 0x00000000c32fffe8, 0x00000000c3200000| Untracked 
|  51|0x00000000c3300000, 0x00000000c33ffff8, 0x00000000c3400000| 99%| O|  |TAMS 0x00000000c33ffff8, 0x00000000c3300000| Untracked 
|  52|0x00000000c3400000, 0x00000000c34ffff8, 0x00000000c3500000| 99%| O|  |TAMS 0x00000000c34ffff8, 0x00000000c3400000| Untracked 
|  53|0x00000000c3500000, 0x00000000c3600000, 0x00000000c3600000|100%| O|  |TAMS 0x00000000c3600000, 0x00000000c3500000| Untracked 
|  54|0x00000000c3600000, 0x00000000c36fffc8, 0x00000000c3700000| 99%| O|  |TAMS 0x00000000c36fffc8, 0x00000000c3600000| Untracked 
|  55|0x00000000c3700000, 0x00000000c3800000, 0x00000000c3800000|100%| O|  |TAMS 0x00000000c3800000, 0x00000000c3700000| Untracked 
|  56|0x00000000c3800000, 0x00000000c3900000, 0x00000000c3900000|100%| O|  |TAMS 0x00000000c3900000, 0x00000000c3800000| Untracked 
|  57|0x00000000c3900000, 0x00000000c3a00000, 0x00000000c3a00000|100%|HS|  |TAMS 0x00000000c3a00000, 0x00000000c3900000| Untracked 
|  58|0x00000000c3a00000, 0x00000000c3b00000, 0x00000000c3b00000|100%|HC|  |TAMS 0x00000000c3b00000, 0x00000000c3a00000| Untracked 
|  59|0x00000000c3b00000, 0x00000000c3bffff8, 0x00000000c3c00000| 99%| O|  |TAMS 0x00000000c3bffff8, 0x00000000c3b00000| Untracked 
|  60|0x00000000c3c00000, 0x00000000c3d00000, 0x00000000c3d00000|100%| O|  |TAMS 0x00000000c3d00000, 0x00000000c3c00000| Untracked 
|  61|0x00000000c3d00000, 0x00000000c3dffff0, 0x00000000c3e00000| 99%| O|  |TAMS 0x00000000c3dffff0, 0x00000000c3d00000| Untracked 
|  62|0x00000000c3e00000, 0x00000000c3f00000, 0x00000000c3f00000|100%| O|  |TAMS 0x00000000c3f00000, 0x00000000c3e00000| Untracked 
|  63|0x00000000c3f00000, 0x00000000c3fffff0, 0x00000000c4000000| 99%| O|  |TAMS 0x00000000c3fffff0, 0x00000000c3f00000| Untracked 
|  64|0x00000000c4000000, 0x00000000c40fffe8, 0x00000000c4100000| 99%| O|  |TAMS 0x00000000c40fffe8, 0x00000000c4000000| Untracked 
|  65|0x00000000c4100000, 0x00000000c41fffd8, 0x00000000c4200000| 99%| O|  |TAMS 0x00000000c41fffd8, 0x00000000c4100000| Untracked 
|  66|0x00000000c4200000, 0x00000000c4300000, 0x00000000c4300000|100%| O|  |TAMS 0x00000000c4300000, 0x00000000c4200000| Untracked 
|  67|0x00000000c4300000, 0x00000000c43fffe0, 0x00000000c4400000| 99%| O|  |TAMS 0x00000000c43fffe0, 0x00000000c4300000| Untracked 
|  68|0x00000000c4400000, 0x00000000c44ffff0, 0x00000000c4500000| 99%| O|  |TAMS 0x00000000c44ffff0, 0x00000000c4400000| Untracked 
|  69|0x00000000c4500000, 0x00000000c4600000, 0x00000000c4600000|100%| O|  |TAMS 0x00000000c4600000, 0x00000000c4500000| Untracked 
|  70|0x00000000c4600000, 0x00000000c4700000, 0x00000000c4700000|100%| O|  |TAMS 0x00000000c4700000, 0x00000000c4600000| Untracked 
|  71|0x00000000c4700000, 0x00000000c47fffe8, 0x00000000c4800000| 99%| O|  |TAMS 0x00000000c47fffe8, 0x00000000c4700000| Untracked 
|  72|0x00000000c4800000, 0x00000000c4900000, 0x00000000c4900000|100%| O|  |TAMS 0x00000000c4900000, 0x00000000c4800000| Untracked 
|  73|0x00000000c4900000, 0x00000000c498fdf0, 0x00000000c4a00000| 56%| O|  |TAMS 0x00000000c4900000, 0x00000000c4900000| Untracked 
|  74|0x00000000c4a00000, 0x00000000c4afffe8, 0x00000000c4b00000| 99%| O|  |TAMS 0x00000000c4afffe8, 0x00000000c4a00000| Untracked 
|  75|0x00000000c4b00000, 0x00000000c4b00018, 0x00000000c4c00000|  0%| O|  |TAMS 0x00000000c4b00000, 0x00000000c4b00000| Untracked 
|  76|0x00000000c4c00000, 0x00000000c4c00000, 0x00000000c4d00000|  0%| F|  |TAMS 0x00000000c4c00000, 0x00000000c4c00000| Untracked 
|  77|0x00000000c4d00000, 0x00000000c4d00000, 0x00000000c4e00000|  0%| F|  |TAMS 0x00000000c4d00000, 0x00000000c4d00000| Untracked 
|  78|0x00000000c4e00000, 0x00000000c4effff8, 0x00000000c4f00000| 99%| O|  |TAMS 0x00000000c4effff8, 0x00000000c4e00000| Untracked 
|  79|0x00000000c4f00000, 0x00000000c4f00000, 0x00000000c5000000|  0%| F|  |TAMS 0x00000000c4f00000, 0x00000000c4f00000| Untracked 
|  80|0x00000000c5000000, 0x00000000c50ffff0, 0x00000000c5100000| 99%| O|  |TAMS 0x00000000c50ffff0, 0x00000000c5000000| Untracked 
|  81|0x00000000c5100000, 0x00000000c5100000, 0x00000000c5200000|  0%| F|  |TAMS 0x00000000c5100000, 0x00000000c5100000| Untracked 
|  82|0x00000000c5200000, 0x00000000c5200000, 0x00000000c5300000|  0%| F|  |TAMS 0x00000000c5200000, 0x00000000c5200000| Untracked 
|  83|0x00000000c5300000, 0x00000000c5300000, 0x00000000c5400000|  0%| F|  |TAMS 0x00000000c5300000, 0x00000000c5300000| Untracked 
|  84|0x00000000c5400000, 0x00000000c5400000, 0x00000000c5500000|  0%| F|  |TAMS 0x00000000c5400000, 0x00000000c5400000| Untracked 
|  85|0x00000000c5500000, 0x00000000c5500000, 0x00000000c5600000|  0%| F|  |TAMS 0x00000000c5500000, 0x00000000c5500000| Untracked 
|  86|0x00000000c5600000, 0x00000000c5600000, 0x00000000c5700000|  0%| F|  |TAMS 0x00000000c5600000, 0x00000000c5600000| Untracked 
|  87|0x00000000c5700000, 0x00000000c5700000, 0x00000000c5800000|  0%| F|  |TAMS 0x00000000c5700000, 0x00000000c5700000| Untracked 
|  88|0x00000000c5800000, 0x00000000c58fffe0, 0x00000000c5900000| 99%| O|  |TAMS 0x00000000c58fffe0, 0x00000000c5800000| Untracked 
|  89|0x00000000c5900000, 0x00000000c5900000, 0x00000000c5a00000|  0%| F|  |TAMS 0x00000000c5900000, 0x00000000c5900000| Untracked 
|  90|0x00000000c5a00000, 0x00000000c5a00000, 0x00000000c5b00000|  0%| F|  |TAMS 0x00000000c5a00000, 0x00000000c5a00000| Untracked 
|  91|0x00000000c5b00000, 0x00000000c5b00000, 0x00000000c5c00000|  0%| F|  |TAMS 0x00000000c5b00000, 0x00000000c5b00000| Untracked 
|  92|0x00000000c5c00000, 0x00000000c5c00000, 0x00000000c5d00000|  0%| F|  |TAMS 0x00000000c5c00000, 0x00000000c5c00000| Untracked 
|  93|0x00000000c5d00000, 0x00000000c5d00000, 0x00000000c5e00000|  0%| F|  |TAMS 0x00000000c5d00000, 0x00000000c5d00000| Untracked 
|  94|0x00000000c5e00000, 0x00000000c5effff8, 0x00000000c5f00000| 99%| O|  |TAMS 0x00000000c5effff8, 0x00000000c5e00000| Untracked 
|  95|0x00000000c5f00000, 0x00000000c5fffff0, 0x00000000c6000000| 99%| O|  |TAMS 0x00000000c5fffff0, 0x00000000c5f00000| Untracked 
|  96|0x00000000c6000000, 0x00000000c6000000, 0x00000000c6100000|  0%| F|  |TAMS 0x00000000c6000000, 0x00000000c6000000| Untracked 
|  97|0x00000000c6100000, 0x00000000c6100000, 0x00000000c6200000|  0%| F|  |TAMS 0x00000000c6100000, 0x00000000c6100000| Untracked 
|  98|0x00000000c6200000, 0x00000000c6200000, 0x00000000c6300000|  0%| F|  |TAMS 0x00000000c6200000, 0x00000000c6200000| Untracked 
|  99|0x00000000c6300000, 0x00000000c6300000, 0x00000000c6400000|  0%| F|  |TAMS 0x00000000c6300000, 0x00000000c6300000| Untracked 
| 100|0x00000000c6400000, 0x00000000c6400000, 0x00000000c6500000|  0%| F|  |TAMS 0x00000000c6400000, 0x00000000c6400000| Untracked 
| 101|0x00000000c6500000, 0x00000000c6500000, 0x00000000c6600000|  0%| F|  |TAMS 0x00000000c6500000, 0x00000000c6500000| Untracked 
| 102|0x00000000c6600000, 0x00000000c6600000, 0x00000000c6700000|  0%| F|  |TAMS 0x00000000c6600000, 0x00000000c6600000| Untracked 
| 103|0x00000000c6700000, 0x00000000c6700000, 0x00000000c6800000|  0%| F|  |TAMS 0x00000000c6700000, 0x00000000c6700000| Untracked 
| 104|0x00000000c6800000, 0x00000000c6800000, 0x00000000c6900000|  0%| F|  |TAMS 0x00000000c6800000, 0x00000000c6800000| Untracked 
| 105|0x00000000c6900000, 0x00000000c6900000, 0x00000000c6a00000|  0%| F|  |TAMS 0x00000000c6900000, 0x00000000c6900000| Untracked 
| 106|0x00000000c6a00000, 0x00000000c6affff8, 0x00000000c6b00000| 99%| O|  |TAMS 0x00000000c6affff8, 0x00000000c6a00000| Untracked 
| 107|0x00000000c6b00000, 0x00000000c6b00000, 0x00000000c6c00000|  0%| F|  |TAMS 0x00000000c6b00000, 0x00000000c6b00000| Untracked 
| 108|0x00000000c6c00000, 0x00000000c6c00088, 0x00000000c6d00000|  0%| O|  |TAMS 0x00000000c6c00000, 0x00000000c6c00000| Untracked 
| 109|0x00000000c6d00000, 0x00000000c6d00000, 0x00000000c6e00000|  0%| F|  |TAMS 0x00000000c6d00000, 0x00000000c6d00000| Untracked 
| 110|0x00000000c6e00000, 0x00000000c6effff8, 0x00000000c6f00000| 99%| O|  |TAMS 0x00000000c6effff8, 0x00000000c6e00000| Untracked 
| 111|0x00000000c6f00000, 0x00000000c6f00000, 0x00000000c7000000|  0%| F|  |TAMS 0x00000000c6f00000, 0x00000000c6f00000| Untracked 
| 112|0x00000000c7000000, 0x00000000c7000000, 0x00000000c7100000|  0%| F|  |TAMS 0x00000000c7000000, 0x00000000c7000000| Untracked 
| 113|0x00000000c7100000, 0x00000000c7100000, 0x00000000c7200000|  0%| F|  |TAMS 0x00000000c7100000, 0x00000000c7100000| Untracked 
| 114|0x00000000c7200000, 0x00000000c7200000, 0x00000000c7300000|  0%| F|  |TAMS 0x00000000c7200000, 0x00000000c7200000| Untracked 
| 115|0x00000000c7300000, 0x00000000c7300000, 0x00000000c7400000|  0%| F|  |TAMS 0x00000000c7300000, 0x00000000c7300000| Untracked 
| 116|0x00000000c7400000, 0x00000000c7400000, 0x00000000c7500000|  0%| F|  |TAMS 0x00000000c7400000, 0x00000000c7400000| Untracked 
| 117|0x00000000c7500000, 0x00000000c7500000, 0x00000000c7600000|  0%| F|  |TAMS 0x00000000c7500000, 0x00000000c7500000| Untracked 
| 118|0x00000000c7600000, 0x00000000c7600000, 0x00000000c7700000|  0%| F|  |TAMS 0x00000000c7600000, 0x00000000c7600000| Untracked 
| 119|0x00000000c7700000, 0x00000000c7700000, 0x00000000c7800000|  0%| F|  |TAMS 0x00000000c7700000, 0x00000000c7700000| Untracked 
| 120|0x00000000c7800000, 0x00000000c7800000, 0x00000000c7900000|  0%| F|  |TAMS 0x00000000c7800000, 0x00000000c7800000| Untracked 
| 121|0x00000000c7900000, 0x00000000c7900000, 0x00000000c7a00000|  0%| F|  |TAMS 0x00000000c7900000, 0x00000000c7900000| Untracked 
| 122|0x00000000c7a00000, 0x00000000c7a00000, 0x00000000c7b00000|  0%| F|  |TAMS 0x00000000c7a00000, 0x00000000c7a00000| Untracked 
| 123|0x00000000c7b00000, 0x00000000c7b00000, 0x00000000c7c00000|  0%| F|  |TAMS 0x00000000c7b00000, 0x00000000c7b00000| Untracked 
| 124|0x00000000c7c00000, 0x00000000c7c00000, 0x00000000c7d00000|  0%| F|  |TAMS 0x00000000c7c00000, 0x00000000c7c00000| Untracked 
| 125|0x00000000c7d00000, 0x00000000c7d00000, 0x00000000c7e00000|  0%| F|  |TAMS 0x00000000c7d00000, 0x00000000c7d00000| Untracked 
| 126|0x00000000c7e00000, 0x00000000c7e00000, 0x00000000c7f00000|  0%| F|  |TAMS 0x00000000c7e00000, 0x00000000c7e00000| Untracked 
| 127|0x00000000c7f00000, 0x00000000c7f00000, 0x00000000c8000000|  0%| F|  |TAMS 0x00000000c7f00000, 0x00000000c7f00000| Untracked 
| 128|0x00000000c8000000, 0x00000000c8000000, 0x00000000c8100000|  0%| F|  |TAMS 0x00000000c8000000, 0x00000000c8000000| Untracked 
| 129|0x00000000c8100000, 0x00000000c8100000, 0x00000000c8200000|  0%| F|  |TAMS 0x00000000c8100000, 0x00000000c8100000| Untracked 
| 130|0x00000000c8200000, 0x00000000c8200000, 0x00000000c8300000|  0%| F|  |TAMS 0x00000000c8200000, 0x00000000c8200000| Untracked 
| 131|0x00000000c8300000, 0x00000000c8300000, 0x00000000c8400000|  0%| F|  |TAMS 0x00000000c8300000, 0x00000000c8300000| Untracked 
| 132|0x00000000c8400000, 0x00000000c8400000, 0x00000000c8500000|  0%| F|  |TAMS 0x00000000c8400000, 0x00000000c8400000| Untracked 
| 133|0x00000000c8500000, 0x00000000c8500000, 0x00000000c8600000|  0%| F|  |TAMS 0x00000000c8500000, 0x00000000c8500000| Untracked 
| 134|0x00000000c8600000, 0x00000000c8600000, 0x00000000c8700000|  0%| F|  |TAMS 0x00000000c8600000, 0x00000000c8600000| Untracked 
| 135|0x00000000c8700000, 0x00000000c8700000, 0x00000000c8800000|  0%| F|  |TAMS 0x00000000c8700000, 0x00000000c8700000| Untracked 
| 136|0x00000000c8800000, 0x00000000c8800000, 0x00000000c8900000|  0%| F|  |TAMS 0x00000000c8800000, 0x00000000c8800000| Untracked 
| 137|0x00000000c8900000, 0x00000000c8900000, 0x00000000c8a00000|  0%| F|  |TAMS 0x00000000c8900000, 0x00000000c8900000| Untracked 
| 138|0x00000000c8a00000, 0x00000000c8a00000, 0x00000000c8b00000|  0%| F|  |TAMS 0x00000000c8a00000, 0x00000000c8a00000| Untracked 
| 139|0x00000000c8b00000, 0x00000000c8b00000, 0x00000000c8c00000|  0%| F|  |TAMS 0x00000000c8b00000, 0x00000000c8b00000| Untracked 
| 140|0x00000000c8c00000, 0x00000000c8c00000, 0x00000000c8d00000|  0%| F|  |TAMS 0x00000000c8c00000, 0x00000000c8c00000| Untracked 
| 141|0x00000000c8d00000, 0x00000000c8d00000, 0x00000000c8e00000|  0%| F|  |TAMS 0x00000000c8d00000, 0x00000000c8d00000| Untracked 
| 142|0x00000000c8e00000, 0x00000000c8e00000, 0x00000000c8f00000|  0%| F|  |TAMS 0x00000000c8e00000, 0x00000000c8e00000| Untracked 
| 143|0x00000000c8f00000, 0x00000000c8f00000, 0x00000000c9000000|  0%| F|  |TAMS 0x00000000c8f00000, 0x00000000c8f00000| Untracked 
| 144|0x00000000c9000000, 0x00000000c9000000, 0x00000000c9100000|  0%| F|  |TAMS 0x00000000c9000000, 0x00000000c9000000| Untracked 
| 145|0x00000000c9100000, 0x00000000c9100000, 0x00000000c9200000|  0%| F|  |TAMS 0x00000000c9100000, 0x00000000c9100000| Untracked 
| 146|0x00000000c9200000, 0x00000000c9200000, 0x00000000c9300000|  0%| F|  |TAMS 0x00000000c9200000, 0x00000000c9200000| Untracked 
| 147|0x00000000c9300000, 0x00000000c9300000, 0x00000000c9400000|  0%| F|  |TAMS 0x00000000c9300000, 0x00000000c9300000| Untracked 
| 148|0x00000000c9400000, 0x00000000c9400000, 0x00000000c9500000|  0%| F|  |TAMS 0x00000000c9400000, 0x00000000c9400000| Untracked 
| 149|0x00000000c9500000, 0x00000000c9500000, 0x00000000c9600000|  0%| F|  |TAMS 0x00000000c9500000, 0x00000000c9500000| Untracked 
| 150|0x00000000c9600000, 0x00000000c9600000, 0x00000000c9700000|  0%| F|  |TAMS 0x00000000c9600000, 0x00000000c9600000| Untracked 
| 151|0x00000000c9700000, 0x00000000c9700000, 0x00000000c9800000|  0%| F|  |TAMS 0x00000000c9700000, 0x00000000c9700000| Untracked 
| 152|0x00000000c9800000, 0x00000000c9800000, 0x00000000c9900000|  0%| F|  |TAMS 0x00000000c9800000, 0x00000000c9800000| Untracked 
| 153|0x00000000c9900000, 0x00000000c9900000, 0x00000000c9a00000|  0%| F|  |TAMS 0x00000000c9900000, 0x00000000c9900000| Untracked 
| 154|0x00000000c9a00000, 0x00000000c9a00000, 0x00000000c9b00000|  0%| F|  |TAMS 0x00000000c9a00000, 0x00000000c9a00000| Untracked 
| 155|0x00000000c9b00000, 0x00000000c9b00000, 0x00000000c9c00000|  0%| F|  |TAMS 0x00000000c9b00000, 0x00000000c9b00000| Untracked 
| 156|0x00000000c9c00000, 0x00000000c9c00000, 0x00000000c9d00000|  0%| F|  |TAMS 0x00000000c9c00000, 0x00000000c9c00000| Untracked 
| 157|0x00000000c9d00000, 0x00000000c9d00000, 0x00000000c9e00000|  0%| F|  |TAMS 0x00000000c9d00000, 0x00000000c9d00000| Untracked 
| 158|0x00000000c9e00000, 0x00000000c9e00000, 0x00000000c9f00000|  0%| F|  |TAMS 0x00000000c9e00000, 0x00000000c9e00000| Untracked 
| 159|0x00000000c9f00000, 0x00000000c9f00000, 0x00000000ca000000|  0%| F|  |TAMS 0x00000000c9f00000, 0x00000000c9f00000| Untracked 
| 160|0x00000000ca000000, 0x00000000ca000000, 0x00000000ca100000|  0%| F|  |TAMS 0x00000000ca000000, 0x00000000ca000000| Untracked 
| 161|0x00000000ca100000, 0x00000000ca100000, 0x00000000ca200000|  0%| F|  |TAMS 0x00000000ca100000, 0x00000000ca100000| Untracked 
| 162|0x00000000ca200000, 0x00000000ca200000, 0x00000000ca300000|  0%| F|  |TAMS 0x00000000ca200000, 0x00000000ca200000| Untracked 
| 163|0x00000000ca300000, 0x00000000ca300000, 0x00000000ca400000|  0%| F|  |TAMS 0x00000000ca300000, 0x00000000ca300000| Untracked 
| 164|0x00000000ca400000, 0x00000000ca400000, 0x00000000ca500000|  0%| F|  |TAMS 0x00000000ca400000, 0x00000000ca400000| Untracked 
| 165|0x00000000ca500000, 0x00000000ca500000, 0x00000000ca600000|  0%| F|  |TAMS 0x00000000ca500000, 0x00000000ca500000| Untracked 
| 166|0x00000000ca600000, 0x00000000ca600000, 0x00000000ca700000|  0%| F|  |TAMS 0x00000000ca600000, 0x00000000ca600000| Untracked 
| 167|0x00000000ca700000, 0x00000000ca700000, 0x00000000ca800000|  0%| F|  |TAMS 0x00000000ca700000, 0x00000000ca700000| Untracked 
| 168|0x00000000ca800000, 0x00000000ca800000, 0x00000000ca900000|  0%| F|  |TAMS 0x00000000ca800000, 0x00000000ca800000| Untracked 
| 169|0x00000000ca900000, 0x00000000ca900000, 0x00000000caa00000|  0%| F|  |TAMS 0x00000000ca900000, 0x00000000ca900000| Untracked 
| 170|0x00000000caa00000, 0x00000000caa00000, 0x00000000cab00000|  0%| F|  |TAMS 0x00000000caa00000, 0x00000000caa00000| Untracked 
| 171|0x00000000cab00000, 0x00000000cab00000, 0x00000000cac00000|  0%| F|  |TAMS 0x00000000cab00000, 0x00000000cab00000| Untracked 
| 172|0x00000000cac00000, 0x00000000cac00000, 0x00000000cad00000|  0%| F|  |TAMS 0x00000000cac00000, 0x00000000cac00000| Untracked 
| 173|0x00000000cad00000, 0x00000000cad00000, 0x00000000cae00000|  0%| F|  |TAMS 0x00000000cad00000, 0x00000000cad00000| Untracked 
| 174|0x00000000cae00000, 0x00000000cae00000, 0x00000000caf00000|  0%| F|  |TAMS 0x00000000cae00000, 0x00000000cae00000| Untracked 
| 175|0x00000000caf00000, 0x00000000caf00000, 0x00000000cb000000|  0%| F|  |TAMS 0x00000000caf00000, 0x00000000caf00000| Untracked 
| 176|0x00000000cb000000, 0x00000000cb000000, 0x00000000cb100000|  0%| F|  |TAMS 0x00000000cb000000, 0x00000000cb000000| Untracked 
| 177|0x00000000cb100000, 0x00000000cb100000, 0x00000000cb200000|  0%| F|  |TAMS 0x00000000cb100000, 0x00000000cb100000| Untracked 
| 178|0x00000000cb200000, 0x00000000cb200000, 0x00000000cb300000|  0%| F|  |TAMS 0x00000000cb200000, 0x00000000cb200000| Untracked 
| 179|0x00000000cb300000, 0x00000000cb300000, 0x00000000cb400000|  0%| F|  |TAMS 0x00000000cb300000, 0x00000000cb300000| Untracked 
| 180|0x00000000cb400000, 0x00000000cb400000, 0x00000000cb500000|  0%| F|  |TAMS 0x00000000cb400000, 0x00000000cb400000| Untracked 
| 181|0x00000000cb500000, 0x00000000cb500000, 0x00000000cb600000|  0%| F|  |TAMS 0x00000000cb500000, 0x00000000cb500000| Untracked 
| 182|0x00000000cb600000, 0x00000000cb600000, 0x00000000cb700000|  0%| F|  |TAMS 0x00000000cb600000, 0x00000000cb600000| Untracked 
| 183|0x00000000cb700000, 0x00000000cb700000, 0x00000000cb800000|  0%| F|  |TAMS 0x00000000cb700000, 0x00000000cb700000| Untracked 
| 184|0x00000000cb800000, 0x00000000cb800000, 0x00000000cb900000|  0%| F|  |TAMS 0x00000000cb800000, 0x00000000cb800000| Untracked 
| 185|0x00000000cb900000, 0x00000000cb900000, 0x00000000cba00000|  0%| F|  |TAMS 0x00000000cb900000, 0x00000000cb900000| Untracked 
| 186|0x00000000cba00000, 0x00000000cba00000, 0x00000000cbb00000|  0%| F|  |TAMS 0x00000000cba00000, 0x00000000cba00000| Untracked 
| 187|0x00000000cbb00000, 0x00000000cbb00000, 0x00000000cbc00000|  0%| F|  |TAMS 0x00000000cbb00000, 0x00000000cbb00000| Untracked 
| 188|0x00000000cbc00000, 0x00000000cbc00000, 0x00000000cbd00000|  0%| F|  |TAMS 0x00000000cbc00000, 0x00000000cbc00000| Untracked 
| 189|0x00000000cbd00000, 0x00000000cbd00000, 0x00000000cbe00000|  0%| F|  |TAMS 0x00000000cbd00000, 0x00000000cbd00000| Untracked 
| 190|0x00000000cbe00000, 0x00000000cbe00000, 0x00000000cbf00000|  0%| F|  |TAMS 0x00000000cbe00000, 0x00000000cbe00000| Untracked 
| 191|0x00000000cbf00000, 0x00000000cbf00000, 0x00000000cc000000|  0%| F|  |TAMS 0x00000000cbf00000, 0x00000000cbf00000| Untracked 
| 192|0x00000000cc000000, 0x00000000cc000000, 0x00000000cc100000|  0%| F|  |TAMS 0x00000000cc000000, 0x00000000cc000000| Untracked 
| 193|0x00000000cc100000, 0x00000000cc100000, 0x00000000cc200000|  0%| F|  |TAMS 0x00000000cc100000, 0x00000000cc100000| Untracked 
| 194|0x00000000cc200000, 0x00000000cc200000, 0x00000000cc300000|  0%| F|  |TAMS 0x00000000cc200000, 0x00000000cc200000| Untracked 
| 195|0x00000000cc300000, 0x00000000cc300000, 0x00000000cc400000|  0%| F|  |TAMS 0x00000000cc300000, 0x00000000cc300000| Untracked 
| 196|0x00000000cc400000, 0x00000000cc400000, 0x00000000cc500000|  0%| F|  |TAMS 0x00000000cc400000, 0x00000000cc400000| Untracked 
| 197|0x00000000cc500000, 0x00000000cc500000, 0x00000000cc600000|  0%| F|  |TAMS 0x00000000cc500000, 0x00000000cc500000| Untracked 
| 198|0x00000000cc600000, 0x00000000cc600000, 0x00000000cc700000|  0%| F|  |TAMS 0x00000000cc600000, 0x00000000cc600000| Untracked 
| 199|0x00000000cc700000, 0x00000000cc700000, 0x00000000cc800000|  0%| F|  |TAMS 0x00000000cc700000, 0x00000000cc700000| Untracked 
| 200|0x00000000cc800000, 0x00000000cc800000, 0x00000000cc900000|  0%| F|  |TAMS 0x00000000cc800000, 0x00000000cc800000| Untracked 
| 201|0x00000000cc900000, 0x00000000cc900000, 0x00000000cca00000|  0%| F|  |TAMS 0x00000000cc900000, 0x00000000cc900000| Untracked 
| 202|0x00000000cca00000, 0x00000000cca00000, 0x00000000ccb00000|  0%| F|  |TAMS 0x00000000cca00000, 0x00000000cca00000| Untracked 
| 203|0x00000000ccb00000, 0x00000000ccb00000, 0x00000000ccc00000|  0%| F|  |TAMS 0x00000000ccb00000, 0x00000000ccb00000| Untracked 
| 204|0x00000000ccc00000, 0x00000000ccc00000, 0x00000000ccd00000|  0%| F|  |TAMS 0x00000000ccc00000, 0x00000000ccc00000| Untracked 
| 205|0x00000000ccd00000, 0x00000000ccd00000, 0x00000000cce00000|  0%| F|  |TAMS 0x00000000ccd00000, 0x00000000ccd00000| Untracked 
| 206|0x00000000cce00000, 0x00000000cce00000, 0x00000000ccf00000|  0%| F|  |TAMS 0x00000000cce00000, 0x00000000cce00000| Untracked 
| 207|0x00000000ccf00000, 0x00000000ccf00000, 0x00000000cd000000|  0%| F|  |TAMS 0x00000000ccf00000, 0x00000000ccf00000| Untracked 
| 208|0x00000000cd000000, 0x00000000cd000000, 0x00000000cd100000|  0%| F|  |TAMS 0x00000000cd000000, 0x00000000cd000000| Untracked 
| 209|0x00000000cd100000, 0x00000000cd100000, 0x00000000cd200000|  0%| F|  |TAMS 0x00000000cd100000, 0x00000000cd100000| Untracked 
| 210|0x00000000cd200000, 0x00000000cd200000, 0x00000000cd300000|  0%| F|  |TAMS 0x00000000cd200000, 0x00000000cd200000| Untracked 
| 211|0x00000000cd300000, 0x00000000cd300000, 0x00000000cd400000|  0%| F|  |TAMS 0x00000000cd300000, 0x00000000cd300000| Untracked 
| 212|0x00000000cd400000, 0x00000000cd400000, 0x00000000cd500000|  0%| F|  |TAMS 0x00000000cd400000, 0x00000000cd400000| Untracked 
| 213|0x00000000cd500000, 0x00000000cd500000, 0x00000000cd600000|  0%| F|  |TAMS 0x00000000cd500000, 0x00000000cd500000| Untracked 
| 214|0x00000000cd600000, 0x00000000cd600000, 0x00000000cd700000|  0%| F|  |TAMS 0x00000000cd600000, 0x00000000cd600000| Untracked 
| 215|0x00000000cd700000, 0x00000000cd700000, 0x00000000cd800000|  0%| F|  |TAMS 0x00000000cd700000, 0x00000000cd700000| Untracked 
| 216|0x00000000cd800000, 0x00000000cd800000, 0x00000000cd900000|  0%| F|  |TAMS 0x00000000cd800000, 0x00000000cd800000| Untracked 
| 217|0x00000000cd900000, 0x00000000cd900000, 0x00000000cda00000|  0%| F|  |TAMS 0x00000000cd900000, 0x00000000cd900000| Untracked 
| 218|0x00000000cda00000, 0x00000000cda00000, 0x00000000cdb00000|  0%| F|  |TAMS 0x00000000cda00000, 0x00000000cda00000| Untracked 
| 219|0x00000000cdb00000, 0x00000000cdb00000, 0x00000000cdc00000|  0%| F|  |TAMS 0x00000000cdb00000, 0x00000000cdb00000| Untracked 
| 220|0x00000000cdc00000, 0x00000000cdc00000, 0x00000000cdd00000|  0%| F|  |TAMS 0x00000000cdc00000, 0x00000000cdc00000| Untracked 
| 221|0x00000000cdd00000, 0x00000000cdd00000, 0x00000000cde00000|  0%| F|  |TAMS 0x00000000cdd00000, 0x00000000cdd00000| Untracked 
| 222|0x00000000cde00000, 0x00000000cde00000, 0x00000000cdf00000|  0%| F|  |TAMS 0x00000000cde00000, 0x00000000cde00000| Untracked 
| 223|0x00000000cdf00000, 0x00000000cdf00000, 0x00000000ce000000|  0%| F|  |TAMS 0x00000000cdf00000, 0x00000000cdf00000| Untracked 
| 224|0x00000000ce000000, 0x00000000ce000000, 0x00000000ce100000|  0%| F|  |TAMS 0x00000000ce000000, 0x00000000ce000000| Untracked 
| 225|0x00000000ce100000, 0x00000000ce100000, 0x00000000ce200000|  0%| F|  |TAMS 0x00000000ce100000, 0x00000000ce100000| Untracked 
| 226|0x00000000ce200000, 0x00000000ce2fffe8, 0x00000000ce300000| 99%| O|  |TAMS 0x00000000ce2fffe8, 0x00000000ce200000| Untracked 
| 227|0x00000000ce300000, 0x00000000ce300000, 0x00000000ce400000|  0%| F|  |TAMS 0x00000000ce300000, 0x00000000ce300000| Untracked 
| 228|0x00000000ce400000, 0x00000000ce400000, 0x00000000ce500000|  0%| F|  |TAMS 0x00000000ce400000, 0x00000000ce400000| Untracked 
| 229|0x00000000ce500000, 0x00000000ce500000, 0x00000000ce600000|  0%| F|  |TAMS 0x00000000ce500000, 0x00000000ce500000| Untracked 
| 230|0x00000000ce600000, 0x00000000ce600000, 0x00000000ce700000|  0%| F|  |TAMS 0x00000000ce600000, 0x00000000ce600000| Untracked 
| 231|0x00000000ce700000, 0x00000000ce700000, 0x00000000ce800000|  0%| F|  |TAMS 0x00000000ce700000, 0x00000000ce700000| Untracked 
| 232|0x00000000ce800000, 0x00000000ce800000, 0x00000000ce900000|  0%| F|  |TAMS 0x00000000ce800000, 0x00000000ce800000| Untracked 
| 233|0x00000000ce900000, 0x00000000ce900000, 0x00000000cea00000|  0%| F|  |TAMS 0x00000000ce900000, 0x00000000ce900000| Untracked 
| 234|0x00000000cea00000, 0x00000000cea00000, 0x00000000ceb00000|  0%| F|  |TAMS 0x00000000cea00000, 0x00000000cea00000| Untracked 
| 235|0x00000000ceb00000, 0x00000000ceb00000, 0x00000000cec00000|  0%| F|  |TAMS 0x00000000ceb00000, 0x00000000ceb00000| Untracked 
| 236|0x00000000cec00000, 0x00000000cec00000, 0x00000000ced00000|  0%| F|  |TAMS 0x00000000cec00000, 0x00000000cec00000| Untracked 
| 237|0x00000000ced00000, 0x00000000ced00000, 0x00000000cee00000|  0%| F|  |TAMS 0x00000000ced00000, 0x00000000ced00000| Untracked 
| 238|0x00000000cee00000, 0x00000000cee00000, 0x00000000cef00000|  0%| F|  |TAMS 0x00000000cee00000, 0x00000000cee00000| Untracked 
| 239|0x00000000cef00000, 0x00000000cef00000, 0x00000000cf000000|  0%| F|  |TAMS 0x00000000cef00000, 0x00000000cef00000| Untracked 
| 240|0x00000000cf000000, 0x00000000cf000000, 0x00000000cf100000|  0%| F|  |TAMS 0x00000000cf000000, 0x00000000cf000000| Untracked 
| 241|0x00000000cf100000, 0x00000000cf100000, 0x00000000cf200000|  0%| F|  |TAMS 0x00000000cf100000, 0x00000000cf100000| Untracked 
| 242|0x00000000cf200000, 0x00000000cf200000, 0x00000000cf300000|  0%| F|  |TAMS 0x00000000cf200000, 0x00000000cf200000| Untracked 
| 243|0x00000000cf300000, 0x00000000cf300000, 0x00000000cf400000|  0%| F|  |TAMS 0x00000000cf300000, 0x00000000cf300000| Untracked 
| 244|0x00000000cf400000, 0x00000000cf400000, 0x00000000cf500000|  0%| F|  |TAMS 0x00000000cf400000, 0x00000000cf400000| Untracked 
| 245|0x00000000cf500000, 0x00000000cf5fffd0, 0x00000000cf600000| 99%| O|  |TAMS 0x00000000cf5fffd0, 0x00000000cf500000| Untracked 
| 246|0x00000000cf600000, 0x00000000cf600000, 0x00000000cf700000|  0%| F|  |TAMS 0x00000000cf600000, 0x00000000cf600000| Untracked 
| 247|0x00000000cf700000, 0x00000000cf700000, 0x00000000cf800000|  0%| F|  |TAMS 0x00000000cf700000, 0x00000000cf700000| Untracked 
| 248|0x00000000cf800000, 0x00000000cf800000, 0x00000000cf900000|  0%| F|  |TAMS 0x00000000cf800000, 0x00000000cf800000| Untracked 
| 249|0x00000000cf900000, 0x00000000cf900000, 0x00000000cfa00000|  0%| F|  |TAMS 0x00000000cf900000, 0x00000000cf900000| Untracked 
| 250|0x00000000cfa00000, 0x00000000cfa00000, 0x00000000cfb00000|  0%| F|  |TAMS 0x00000000cfa00000, 0x00000000cfa00000| Untracked 
| 251|0x00000000cfb00000, 0x00000000cfb00000, 0x00000000cfc00000|  0%| F|  |TAMS 0x00000000cfb00000, 0x00000000cfb00000| Untracked 
| 252|0x00000000cfc00000, 0x00000000cfc00000, 0x00000000cfd00000|  0%| F|  |TAMS 0x00000000cfc00000, 0x00000000cfc00000| Untracked 
| 253|0x00000000cfd00000, 0x00000000cfd00000, 0x00000000cfe00000|  0%| F|  |TAMS 0x00000000cfd00000, 0x00000000cfd00000| Untracked 
| 254|0x00000000cfe00000, 0x00000000cfe00000, 0x00000000cff00000|  0%| F|  |TAMS 0x00000000cfe00000, 0x00000000cfe00000| Untracked 
| 255|0x00000000cff00000, 0x00000000cff00000, 0x00000000d0000000|  0%| F|  |TAMS 0x00000000cff00000, 0x00000000cff00000| Untracked 
| 256|0x00000000d0000000, 0x00000000d0000000, 0x00000000d0100000|  0%| F|  |TAMS 0x00000000d0000000, 0x00000000d0000000| Untracked 
| 257|0x00000000d0100000, 0x00000000d0100000, 0x00000000d0200000|  0%| F|  |TAMS 0x00000000d0100000, 0x00000000d0100000| Untracked 
| 258|0x00000000d0200000, 0x00000000d0200000, 0x00000000d0300000|  0%| F|  |TAMS 0x00000000d0200000, 0x00000000d0200000| Untracked 
| 259|0x00000000d0300000, 0x00000000d0300000, 0x00000000d0400000|  0%| F|  |TAMS 0x00000000d0300000, 0x00000000d0300000| Untracked 
| 260|0x00000000d0400000, 0x00000000d0400000, 0x00000000d0500000|  0%| F|  |TAMS 0x00000000d0400000, 0x00000000d0400000| Untracked 
| 261|0x00000000d0500000, 0x00000000d0500000, 0x00000000d0600000|  0%| F|  |TAMS 0x00000000d0500000, 0x00000000d0500000| Untracked 
| 262|0x00000000d0600000, 0x00000000d0600000, 0x00000000d0700000|  0%| F|  |TAMS 0x00000000d0600000, 0x00000000d0600000| Untracked 
| 263|0x00000000d0700000, 0x00000000d0700000, 0x00000000d0800000|  0%| F|  |TAMS 0x00000000d0700000, 0x00000000d0700000| Untracked 
| 264|0x00000000d0800000, 0x00000000d0800000, 0x00000000d0900000|  0%| F|  |TAMS 0x00000000d0800000, 0x00000000d0800000| Untracked 
| 265|0x00000000d0900000, 0x00000000d0900000, 0x00000000d0a00000|  0%| F|  |TAMS 0x00000000d0900000, 0x00000000d0900000| Untracked 
| 266|0x00000000d0a00000, 0x00000000d0a00000, 0x00000000d0b00000|  0%| F|  |TAMS 0x00000000d0a00000, 0x00000000d0a00000| Untracked 
| 267|0x00000000d0b00000, 0x00000000d0b00000, 0x00000000d0c00000|  0%| F|  |TAMS 0x00000000d0b00000, 0x00000000d0b00000| Untracked 
| 268|0x00000000d0c00000, 0x00000000d0c00000, 0x00000000d0d00000|  0%| F|  |TAMS 0x00000000d0c00000, 0x00000000d0c00000| Untracked 
| 269|0x00000000d0d00000, 0x00000000d0d00000, 0x00000000d0e00000|  0%| F|  |TAMS 0x00000000d0d00000, 0x00000000d0d00000| Untracked 
| 270|0x00000000d0e00000, 0x00000000d0e00000, 0x00000000d0f00000|  0%| F|  |TAMS 0x00000000d0e00000, 0x00000000d0e00000| Untracked 
| 271|0x00000000d0f00000, 0x00000000d0f00000, 0x00000000d1000000|  0%| F|  |TAMS 0x00000000d0f00000, 0x00000000d0f00000| Untracked 
| 272|0x00000000d1000000, 0x00000000d1000000, 0x00000000d1100000|  0%| F|  |TAMS 0x00000000d1000000, 0x00000000d1000000| Untracked 
| 273|0x00000000d1100000, 0x00000000d1100000, 0x00000000d1200000|  0%| F|  |TAMS 0x00000000d1100000, 0x00000000d1100000| Untracked 
| 274|0x00000000d1200000, 0x00000000d1200000, 0x00000000d1300000|  0%| F|  |TAMS 0x00000000d1200000, 0x00000000d1200000| Untracked 
| 275|0x00000000d1300000, 0x00000000d1300000, 0x00000000d1400000|  0%| F|  |TAMS 0x00000000d1300000, 0x00000000d1300000| Untracked 
| 276|0x00000000d1400000, 0x00000000d1400000, 0x00000000d1500000|  0%| F|  |TAMS 0x00000000d1400000, 0x00000000d1400000| Untracked 
| 277|0x00000000d1500000, 0x00000000d1500000, 0x00000000d1600000|  0%| F|  |TAMS 0x00000000d1500000, 0x00000000d1500000| Untracked 
| 278|0x00000000d1600000, 0x00000000d1600000, 0x00000000d1700000|  0%| F|  |TAMS 0x00000000d1600000, 0x00000000d1600000| Untracked 
| 279|0x00000000d1700000, 0x00000000d17060d0, 0x00000000d1800000|  2%| E|  |TAMS 0x00000000d1700000, 0x00000000d1700000| Complete 

Card table byte_map: [0x0000025ba6770000,0x0000025ba6970000] _byte_map_base: 0x0000025ba6170000

Marking Bits (Prev, Next): (CMBitMap*) 0x0000025ba09271f0, (CMBitMap*) 0x0000025ba09271b0
 Prev Bits: [0x0000025ba7b70000, 0x0000025ba8b70000)
 Next Bits: [0x0000025ba6b70000, 0x0000025ba7b70000)

Polling page: 0x0000025ba00b0000

Metaspace:

Usage:
  Non-class:     63.54 MB used.
      Class:     10.07 MB used.
       Both:     73.60 MB used.

Virtual space:
  Non-class space:      128.00 MB reserved,      63.88 MB ( 50%) committed,  2 nodes.
      Class space:        1.00 GB reserved,      10.31 MB (  1%) committed,  1 nodes.
             Both:        1.12 GB reserved,      74.19 MB (  6%) committed. 

Chunk freelists:
   Non-Class:  15.71 MB
       Class:  5.66 MB
        Both:  21.38 MB

MaxMetaspaceSize: unlimited
CompressedClassSpaceSize: 1.00 GB
Initial GC threshold: 21.00 MB
Current GC threshold: 123.69 MB
CDS: off
MetaspaceReclaimPolicy: balanced
 - commit_granule_bytes: 65536.
 - commit_granule_words: 8192.
 - virtual_space_node_default_size: 8388608.
 - enlarge_chunks_in_place: 1.
 - new_chunks_are_fully_committed: 0.
 - uncommit_free_chunks: 1.
 - use_allocation_guard: 0.
 - handle_deallocations: 1.


Internal statistics:

num_allocs_failed_limit: 8.
num_arena_births: 1644.
num_arena_deaths: 992.
num_vsnodes_births: 3.
num_vsnodes_deaths: 0.
num_space_committed: 1190.
num_space_uncommitted: 3.
num_chunks_returned_to_freelist: 1331.
num_chunks_taken_from_freelist: 4562.
num_chunk_merges: 348.
num_chunk_splits: 2633.
num_chunks_enlarged: 1776.
num_inconsistent_stats: 0.

CodeCache: size=49152Kb used=36820Kb max_used=37783Kb free=12332Kb
 bounds [0x0000025ba3570000, 0x0000025ba5a60000, 0x0000025ba6570000]
 total_blobs=19502 nmethods=18804 adapters=622
 compilation: enabled
              stopped_count=0, restarted_count=0
 full_count=0

Compilation events (20 events):
Event: 25477.277 Thread 0x0000025bab4ba4d0 19131       1       com.sun.tools.javac.code.Types$MembersClosureCache$MembersScope::getSymbolsByName (15 bytes)
Event: 25477.278 Thread 0x0000025bab4ba4d0 nmethod 19131 0x0000025ba59af890 code [0x0000025ba59afa40, 0x0000025ba59afbf8]
Event: 25477.278 Thread 0x0000025bab4ba4d0 19132       1       com.sun.tools.javac.code.Types$MembersClosureCache$MembersScope::combine (7 bytes)
Event: 25477.278 Thread 0x0000025bab4ba4d0 nmethod 19132 0x0000025ba59af410 code [0x0000025ba59af5c0, 0x0000025ba59af728]
Event: 25477.278 Thread 0x0000025bab4ba4d0 19133       1       com.sun.tools.javac.code.Types$MembersClosureCache$MembersScope$$Lambda$1181/0x00000001009c6b40::<init> (10 bytes)
Event: 25477.278 Thread 0x0000025bab4ba4d0 nmethod 19133 0x0000025ba59af110 code [0x0000025ba59af2a0, 0x0000025ba59af3b8]
Event: 25477.278 Thread 0x0000025bab4ba4d0 19134       1       com.sun.tools.javac.code.Types$MembersClosureCache$MembersScope$$Lambda$1181/0x00000001009c6b40::test (12 bytes)
Event: 25477.278 Thread 0x0000025bab4ba4d0 nmethod 19134 0x0000025ba59aec10 code [0x0000025ba59aedc0, 0x0000025ba59aef98]
Event: 25477.278 Thread 0x0000025bab4ba4d0 19135       1       com.sun.tools.javac.code.Types$MembersClosureCache$MembersScope::lambda$combine$0 (30 bytes)
Event: 25477.278 Thread 0x0000025bab4ba4d0 nmethod 19135 0x0000025ba59ae790 code [0x0000025ba59ae940, 0x0000025ba59aead8]
Event: 25477.932 Thread 0x0000025bab4ba4d0 19136   !   1       org.eclipse.jdt.internal.compiler.lookup.ParameterizedTypeBinding::getMethods (314 bytes)
Event: 25477.932 Thread 0x0000025bab4ba4d0 nmethod 19136 0x0000025ba59ad110 code [0x0000025ba59ad3a0, 0x0000025ba59ae0b8]
Event: 25586.835 Thread 0x0000025bab4ba4d0 19137       1       java.util.concurrent.SynchronousQueue$TransferStack::clean (114 bytes)
Event: 25586.838 Thread 0x0000025bab4ba4d0 nmethod 19137 0x0000025ba59abb10 code [0x0000025ba59abdc0, 0x0000025ba59aca78]
Event: 25723.131 Thread 0x0000025bab4ba4d0 19138       1       com.sun.tools.javac.comp.Resolve$MethodResolutionContext$Candidate::isApplicable (13 bytes)
Event: 25723.131 Thread 0x0000025bab4ba4d0 nmethod 19138 0x0000025ba59ab810 code [0x0000025ba59ab9a0, 0x0000025ba59aba78]
Event: 25736.076 Thread 0x0000025bab4ba4d0 19139       1       org.springframework.ide.vscode.boot.app.BootJavaConfig::isSpringXMLSupportEnabled (44 bytes)
Event: 25736.077 Thread 0x0000025bab4ba4d0 nmethod 19139 0x0000025ba59aaf10 code [0x0000025ba59ab100, 0x0000025ba59ab608]
Event: 186903.657 Thread 0x0000025bab4ba4d0 19140 % !   1       java.util.concurrent.ThreadPoolExecutor::runWorker @ 21 (187 bytes)
Event: 186903.665 Thread 0x0000025bab4ba4d0 nmethod 19140% 0x0000025ba59a9b90 code [0x0000025ba59a9e00, 0x0000025ba59aa7e8]

GC Heap History (20 events):
Event: 279623.384 GC heap before
{Heap before GC invocations=30562 (full 26466):
 garbage-first heap   total 286720K, used 85551K [0x00000000c0000000, 0x0000000100000000)
  region size 1024K, 1 young (1024K), 0 survivors (0K)
 Metaspace       used 75370K, committed 75968K, reserved 1179648K
  class space    used 10308K, committed 10560K, reserved 1048576K
}
Event: 279623.426 GC heap after
{Heap after GC invocations=30563 (full 26467):
 garbage-first heap   total 286720K, used 85551K [0x00000000c0000000, 0x0000000100000000)
  region size 1024K, 0 young (0K), 0 survivors (0K)
 Metaspace       used 75370K, committed 75968K, reserved 1179648K
  class space    used 10308K, committed 10560K, reserved 1048576K
}
Event: 279633.599 GC heap before
{Heap before GC invocations=30563 (full 26467):
 garbage-first heap   total 286720K, used 85551K [0x00000000c0000000, 0x0000000100000000)
  region size 1024K, 1 young (1024K), 0 survivors (0K)
 Metaspace       used 75370K, committed 75968K, reserved 1179648K
  class space    used 10308K, committed 10560K, reserved 1048576K
}
Event: 279633.649 GC heap after
{Heap after GC invocations=30564 (full 26468):
 garbage-first heap   total 286720K, used 85551K [0x00000000c0000000, 0x0000000100000000)
  region size 1024K, 0 young (0K), 0 survivors (0K)
 Metaspace       used 75370K, committed 75968K, reserved 1179648K
  class space    used 10308K, committed 10560K, reserved 1048576K
}
Event: 279644.044 GC heap before
{Heap before GC invocations=30564 (full 26468):
 garbage-first heap   total 286720K, used 85551K [0x00000000c0000000, 0x0000000100000000)
  region size 1024K, 1 young (1024K), 0 survivors (0K)
 Metaspace       used 75370K, committed 75968K, reserved 1179648K
  class space    used 10308K, committed 10560K, reserved 1048576K
}
Event: 279644.087 GC heap after
{Heap after GC invocations=30565 (full 26469):
 garbage-first heap   total 286720K, used 85551K [0x00000000c0000000, 0x0000000100000000)
  region size 1024K, 0 young (0K), 0 survivors (0K)
 Metaspace       used 75370K, committed 75968K, reserved 1179648K
  class space    used 10308K, committed 10560K, reserved 1048576K
}
Event: 279654.513 GC heap before
{Heap before GC invocations=30565 (full 26469):
 garbage-first heap   total 286720K, used 85551K [0x00000000c0000000, 0x0000000100000000)
  region size 1024K, 1 young (1024K), 0 survivors (0K)
 Metaspace       used 75370K, committed 75968K, reserved 1179648K
  class space    used 10308K, committed 10560K, reserved 1048576K
}
Event: 279654.560 GC heap after
{Heap after GC invocations=30566 (full 26470):
 garbage-first heap   total 286720K, used 85551K [0x00000000c0000000, 0x0000000100000000)
  region size 1024K, 0 young (0K), 0 survivors (0K)
 Metaspace       used 75370K, committed 75968K, reserved 1179648K
  class space    used 10308K, committed 10560K, reserved 1048576K
}
Event: 279664.866 GC heap before
{Heap before GC invocations=30566 (full 26470):
 garbage-first heap   total 286720K, used 85551K [0x00000000c0000000, 0x0000000100000000)
  region size 1024K, 1 young (1024K), 0 survivors (0K)
 Metaspace       used 75370K, committed 75968K, reserved 1179648K
  class space    used 10308K, committed 10560K, reserved 1048576K
}
Event: 279664.918 GC heap after
{Heap after GC invocations=30567 (full 26471):
 garbage-first heap   total 286720K, used 85551K [0x00000000c0000000, 0x0000000100000000)
  region size 1024K, 0 young (0K), 0 survivors (0K)
 Metaspace       used 75370K, committed 75968K, reserved 1179648K
  class space    used 10308K, committed 10560K, reserved 1048576K
}
Event: 279675.110 GC heap before
{Heap before GC invocations=30567 (full 26471):
 garbage-first heap   total 286720K, used 85551K [0x00000000c0000000, 0x0000000100000000)
  region size 1024K, 1 young (1024K), 0 survivors (0K)
 Metaspace       used 75370K, committed 75968K, reserved 1179648K
  class space    used 10308K, committed 10560K, reserved 1048576K
}
Event: 279675.154 GC heap after
{Heap after GC invocations=30568 (full 26472):
 garbage-first heap   total 286720K, used 85551K [0x00000000c0000000, 0x0000000100000000)
  region size 1024K, 0 young (0K), 0 survivors (0K)
 Metaspace       used 75370K, committed 75968K, reserved 1179648K
  class space    used 10308K, committed 10560K, reserved 1048576K
}
Event: 279685.445 GC heap before
{Heap before GC invocations=30568 (full 26472):
 garbage-first heap   total 286720K, used 85551K [0x00000000c0000000, 0x0000000100000000)
  region size 1024K, 1 young (1024K), 0 survivors (0K)
 Metaspace       used 75370K, committed 75968K, reserved 1179648K
  class space    used 10308K, committed 10560K, reserved 1048576K
}
Event: 279685.485 GC heap after
{Heap after GC invocations=30569 (full 26473):
 garbage-first heap   total 286720K, used 85551K [0x00000000c0000000, 0x0000000100000000)
  region size 1024K, 0 young (0K), 0 survivors (0K)
 Metaspace       used 75370K, committed 75968K, reserved 1179648K
  class space    used 10308K, committed 10560K, reserved 1048576K
}
Event: 279696.197 GC heap before
{Heap before GC invocations=30569 (full 26473):
 garbage-first heap   total 286720K, used 85551K [0x00000000c0000000, 0x0000000100000000)
  region size 1024K, 1 young (1024K), 0 survivors (0K)
 Metaspace       used 75370K, committed 75968K, reserved 1179648K
  class space    used 10308K, committed 10560K, reserved 1048576K
}
Event: 279696.240 GC heap after
{Heap after GC invocations=30570 (full 26474):
 garbage-first heap   total 286720K, used 85551K [0x00000000c0000000, 0x0000000100000000)
  region size 1024K, 0 young (0K), 0 survivors (0K)
 Metaspace       used 75370K, committed 75968K, reserved 1179648K
  class space    used 10308K, committed 10560K, reserved 1048576K
}
Event: 279706.417 GC heap before
{Heap before GC invocations=30570 (full 26474):
 garbage-first heap   total 286720K, used 85551K [0x00000000c0000000, 0x0000000100000000)
  region size 1024K, 1 young (1024K), 0 survivors (0K)
 Metaspace       used 75370K, committed 75968K, reserved 1179648K
  class space    used 10308K, committed 10560K, reserved 1048576K
}
Event: 279706.461 GC heap after
{Heap after GC invocations=30571 (full 26475):
 garbage-first heap   total 286720K, used 85551K [0x00000000c0000000, 0x0000000100000000)
  region size 1024K, 0 young (0K), 0 survivors (0K)
 Metaspace       used 75370K, committed 75968K, reserved 1179648K
  class space    used 10308K, committed 10560K, reserved 1048576K
}
Event: 279716.643 GC heap before
{Heap before GC invocations=30571 (full 26475):
 garbage-first heap   total 286720K, used 85551K [0x00000000c0000000, 0x0000000100000000)
  region size 1024K, 1 young (1024K), 0 survivors (0K)
 Metaspace       used 75370K, committed 75968K, reserved 1179648K
  class space    used 10308K, committed 10560K, reserved 1048576K
}
Event: 279716.686 GC heap after
{Heap after GC invocations=30572 (full 26476):
 garbage-first heap   total 286720K, used 85551K [0x00000000c0000000, 0x0000000100000000)
  region size 1024K, 0 young (0K), 0 survivors (0K)
 Metaspace       used 75370K, committed 75968K, reserved 1179648K
  class space    used 10308K, committed 10560K, reserved 1048576K
}

Dll operation events (10 events):
Event: 0.012 Loaded shared library c:\Users\Administrator\.vscode\extensions\redhat.java-1.19.0-win32-x64\jre\17.0.7-win32-x86_64\bin\java.dll
Event: 0.443 Loaded shared library C:\Users\Administrator\.vscode\extensions\redhat.java-1.19.0-win32-x64\jre\17.0.7-win32-x86_64\bin\net.dll
Event: 0.447 Loaded shared library C:\Users\Administrator\.vscode\extensions\redhat.java-1.19.0-win32-x64\jre\17.0.7-win32-x86_64\bin\nio.dll
Event: 0.455 Loaded shared library C:\Users\Administrator\.vscode\extensions\redhat.java-1.19.0-win32-x64\jre\17.0.7-win32-x86_64\bin\zip.dll
Event: 0.767 Loaded shared library C:\Users\Administrator\.vscode\extensions\redhat.java-1.19.0-win32-x64\jre\17.0.7-win32-x86_64\bin\jimage.dll
Event: 3.678 Loaded shared library C:\Users\Administrator\.vscode\extensions\redhat.java-1.19.0-win32-x64\jre\17.0.7-win32-x86_64\bin\management.dll
Event: 3.680 Loaded shared library C:\Users\Administrator\.vscode\extensions\redhat.java-1.19.0-win32-x64\jre\17.0.7-win32-x86_64\bin\management_ext.dll
Event: 5.340 Loaded shared library C:\Users\Administrator\.vscode\extensions\redhat.java-1.19.0-win32-x64\jre\17.0.7-win32-x86_64\bin\sunmscapi.dll
Event: 17.599 Loaded shared library c:\Users\Administrator\.vscode\extensions\redhat.java-1.19.0-win32-x64\jre\17.0.7-win32-x86_64\bin\verify.dll
Event: 26.042 Loaded shared library C:\Users\Administrator\AppData\Local\Temp\snappy-1.1.8-8a376ff6-99d8-4c0b-a5d1-fe94d39939c6-snappyjava.dll

Deoptimization events (20 events):
Event: 3743.333 Thread 0x0000025bc544cfc0 DEOPT PACKING pc=0x0000025ba53cd7c7 sp=0x0000009d407fdde0
Event: 3743.333 Thread 0x0000025bc544cfc0 DEOPT UNPACKING pc=0x0000025ba35c7143 sp=0x0000009d407fd818 mode 3
Event: 9733.041 Thread 0x0000025bc520f160 DEOPT PACKING pc=0x0000025ba5119454 sp=0x0000009d442fdd90
Event: 9733.041 Thread 0x0000025bc520f160 DEOPT UNPACKING pc=0x0000025ba35c7143 sp=0x0000009d442fd2c8 mode 0
Event: 9733.041 Thread 0x0000025bc520f160 DEOPT PACKING pc=0x0000025ba511ba7c sp=0x0000009d442fded0
Event: 9733.041 Thread 0x0000025bc520f160 DEOPT UNPACKING pc=0x0000025ba35c7143 sp=0x0000009d442fd488 mode 0
Event: 9795.720 Thread 0x0000025bb23828a0 DEOPT PACKING pc=0x0000025ba578d2c4 sp=0x0000009d407fdef0
Event: 9795.720 Thread 0x0000025bb23828a0 DEOPT UNPACKING pc=0x0000025ba35c7143 sp=0x0000009d407fd418 mode 3
Event: 10008.613 Thread 0x0000025bb0f24650 DEOPT PACKING pc=0x0000025ba4c688fd sp=0x0000009d43dfb8a0
Event: 10008.613 Thread 0x0000025bb0f24650 DEOPT UNPACKING pc=0x0000025ba35c7143 sp=0x0000009d43dfaee8 mode 0
Event: 10008.613 Thread 0x0000025bb0f24650 DEOPT PACKING pc=0x0000025ba4cb662c sp=0x0000009d43dfbfb0
Event: 10008.613 Thread 0x0000025bb0f24650 DEOPT UNPACKING pc=0x0000025ba35c7143 sp=0x0000009d43dfb480 mode 0
Event: 17479.340 Thread 0x0000025bc4df9180 DEOPT PACKING pc=0x0000025ba4c9ae6a sp=0x0000009d428fe330
Event: 17479.340 Thread 0x0000025bc4df9180 DEOPT UNPACKING pc=0x0000025ba35c7143 sp=0x0000009d428fd878 mode 3
Event: 20702.965 Thread 0x0000025bc4cef4c0 DEOPT PACKING pc=0x0000025ba582d70f sp=0x0000009d42afc9b0
Event: 20702.965 Thread 0x0000025bc4cef4c0 DEOPT UNPACKING pc=0x0000025ba35c7143 sp=0x0000009d42afbeb8 mode 3
Event: 20917.875 Thread 0x0000025bb0f26cd0 DEOPT PACKING pc=0x0000025ba590e19d sp=0x0000009d431fd5e0
Event: 20917.875 Thread 0x0000025bb0f26cd0 DEOPT UNPACKING pc=0x0000025ba35c7143 sp=0x0000009d431fcb10 mode 3
Event: 20921.106 Thread 0x0000025bb0f4f250 DEOPT PACKING pc=0x0000025ba4b967bc sp=0x0000009d419fdd10
Event: 20921.106 Thread 0x0000025bb0f4f250 DEOPT UNPACKING pc=0x0000025ba35c7143 sp=0x0000009d419fd1f8 mode 0

Classes unloaded (20 events):
Event: 25697.955 Thread 0x0000025bab4735a0 Unloading class 0x0000000100a50000 'jdk/internal/reflect/GeneratedMethodAccessor188'
Event: 25697.955 Thread 0x0000025bab4735a0 Unloading class 0x0000000100a49c00 'jdk/internal/reflect/GeneratedConstructorAccessor269'
Event: 25697.955 Thread 0x0000025bab4735a0 Unloading class 0x0000000100a49800 'jdk/internal/reflect/GeneratedConstructorAccessor268'
Event: 25697.955 Thread 0x0000025bab4735a0 Unloading class 0x0000000100a20c00 'jdk/internal/reflect/GeneratedConstructorAccessor267'
Event: 25697.955 Thread 0x0000025bab4735a0 Unloading class 0x0000000100a20800 'jdk/internal/reflect/GeneratedMethodAccessor187'
Event: 25697.955 Thread 0x0000025bab4735a0 Unloading class 0x00000001009fcc00 'jdk/internal/reflect/GeneratedConstructorAccessor266'
Event: 25708.166 Thread 0x0000025bab4735a0 Unloading class 0x0000000100a5cc00 'jdk/internal/reflect/GeneratedMethodAccessor186'
Event: 25708.166 Thread 0x0000025bab4735a0 Unloading class 0x0000000100a48c00 'jdk/internal/reflect/GeneratedConstructorAccessor265'
Event: 25708.166 Thread 0x0000025bab4735a0 Unloading class 0x0000000100a4b800 'jdk/internal/reflect/GeneratedMethodAccessor185'
Event: 25708.166 Thread 0x0000025bab4735a0 Unloading class 0x0000000100a4b000 'jdk/internal/reflect/GeneratedConstructorAccessor264'
Event: 25708.166 Thread 0x0000025bab4735a0 Unloading class 0x0000000100a00000 'jdk/internal/reflect/GeneratedMethodAccessor184'
Event: 25708.166 Thread 0x0000025bab4735a0 Unloading class 0x0000000100a24800 'jdk/internal/reflect/GeneratedMethodAccessor183'
Event: 25708.166 Thread 0x0000025bab4735a0 Unloading class 0x0000000100a52400 'jdk/internal/reflect/GeneratedMethodAccessor182'
Event: 25717.833 Thread 0x0000025bab4735a0 Unloading class 0x0000000100a21800 'jdk/internal/reflect/GeneratedConstructorAccessor272'
Event: 25941.449 Thread 0x0000025bab4735a0 Unloading class 0x0000000100a24800 'jdk/internal/reflect/GeneratedMethodAccessor191'
Event: 25941.449 Thread 0x0000025bab4735a0 Unloading class 0x0000000100a00000 'jdk/internal/reflect/GeneratedConstructorAccessor276'
Event: 25941.449 Thread 0x0000025bab4735a0 Unloading class 0x0000000100a4b000 'jdk/internal/reflect/GeneratedConstructorAccessor275'
Event: 25941.449 Thread 0x0000025bab4735a0 Unloading class 0x0000000100a4b800 'jdk/internal/reflect/GeneratedConstructorAccessor274'
Event: 25941.449 Thread 0x0000025bab4735a0 Unloading class 0x0000000100a48c00 'jdk/internal/reflect/GeneratedMethodAccessor190'
Event: 25941.449 Thread 0x0000025bab4735a0 Unloading class 0x0000000100a5cc00 'jdk/internal/reflect/GeneratedConstructorAccessor273'

Classes redefined (0 events):
No events

Internal exceptions (20 events):
Event: 25723.745 Thread 0x0000025bb0f4e3e0 Exception <a 'sun/nio/fs/WindowsException'{0x00000000d5f390b8}> (0x00000000d5f390b8) 
thrown [s\src\hotspot\share\prims\jni.cpp, line 516]
Event: 25723.745 Thread 0x0000025bb0f4e3e0 Exception <a 'sun/nio/fs/WindowsException'{0x00000000d5f393b8}> (0x00000000d5f393b8) 
thrown [s\src\hotspot\share\prims\jni.cpp, line 516]
Event: 25723.745 Thread 0x0000025bb0f4e3e0 Exception <a 'sun/nio/fs/WindowsException'{0x00000000d5f3a2b0}> (0x00000000d5f3a2b0) 
thrown [s\src\hotspot\share\prims\jni.cpp, line 516]
Event: 25723.745 Thread 0x0000025bb0f4e3e0 Exception <a 'sun/nio/fs/WindowsException'{0x00000000d5f3a5d0}> (0x00000000d5f3a5d0) 
thrown [s\src\hotspot\share\prims\jni.cpp, line 516]
Event: 25723.746 Thread 0x0000025bb0f4e3e0 Exception <a 'sun/nio/fs/WindowsException'{0x00000000d5f687b8}> (0x00000000d5f687b8) 
thrown [s\src\hotspot\share\prims\jni.cpp, line 516]
Event: 25723.746 Thread 0x0000025bb0f4e3e0 Exception <a 'sun/nio/fs/WindowsException'{0x00000000d5f68aa0}> (0x00000000d5f68aa0) 
thrown [s\src\hotspot\share\prims\jni.cpp, line 516]
Event: 25723.746 Thread 0x0000025bb0f4e3e0 Exception <a 'sun/nio/fs/WindowsException'{0x00000000d5f69980}> (0x00000000d5f69980) 
thrown [s\src\hotspot\share\prims\jni.cpp, line 516]
Event: 25723.746 Thread 0x0000025bb0f4e3e0 Exception <a 'sun/nio/fs/WindowsException'{0x00000000d5f69c80}> (0x00000000d5f69c80) 
thrown [s\src\hotspot\share\prims\jni.cpp, line 516]
Event: 25723.746 Thread 0x0000025bb0f4e3e0 Exception <a 'sun/nio/fs/WindowsException'{0x00000000d5f89c18}> (0x00000000d5f89c18) 
thrown [s\src\hotspot\share\prims\jni.cpp, line 516]
Event: 25723.746 Thread 0x0000025bb0f4e3e0 Exception <a 'sun/nio/fs/WindowsException'{0x00000000d5f89ef8}> (0x00000000d5f89ef8) 
thrown [s\src\hotspot\share\prims\jni.cpp, line 516]
Event: 25723.746 Thread 0x0000025bb0f4e3e0 Exception <a 'sun/nio/fs/WindowsException'{0x00000000d5f8adc0}> (0x00000000d5f8adc0) 
thrown [s\src\hotspot\share\prims\jni.cpp, line 516]
Event: 25723.746 Thread 0x0000025bb0f4e3e0 Exception <a 'sun/nio/fs/WindowsException'{0x00000000d5f8b0c0}> (0x00000000d5f8b0c0) 
thrown [s\src\hotspot\share\prims\jni.cpp, line 516]
Event: 25723.747 Thread 0x0000025bb0f4e3e0 Exception <a 'sun/nio/fs/WindowsException'{0x00000000d5fbdd50}> (0x00000000d5fbdd50) 
thrown [s\src\hotspot\share\prims\jni.cpp, line 516]
Event: 25723.747 Thread 0x0000025bb0f4e3e0 Exception <a 'sun/nio/fs/WindowsException'{0x00000000d5fbe050}> (0x00000000d5fbe050) 
thrown [s\src\hotspot\share\prims\jni.cpp, line 516]
Event: 25723.747 Thread 0x0000025bb0f4e3e0 Exception <a 'sun/nio/fs/WindowsException'{0x00000000d5fbf498}> (0x00000000d5fbf498) 
thrown [s\src\hotspot\share\prims\jni.cpp, line 516]
Event: 25723.747 Thread 0x0000025bb0f4e3e0 Exception <a 'sun/nio/fs/WindowsException'{0x00000000d5fbf7b8}> (0x00000000d5fbf7b8) 
thrown [s\src\hotspot\share\prims\jni.cpp, line 516]
Event: 25723.748 Thread 0x0000025bb0f4e3e0 Exception <a 'sun/nio/fs/WindowsException'{0x00000000d5fe1920}> (0x00000000d5fe1920) 
thrown [s\src\hotspot\share\prims\jni.cpp, line 516]
Event: 25723.748 Thread 0x0000025bb0f4e3e0 Exception <a 'sun/nio/fs/WindowsException'{0x00000000d5fe1c18}> (0x00000000d5fe1c18) 
thrown [s\src\hotspot\share\prims\jni.cpp, line 516]
Event: 25723.748 Thread 0x0000025bb0f4e3e0 Exception <a 'sun/nio/fs/WindowsException'{0x00000000d5fe3050}> (0x00000000d5fe3050) 
thrown [s\src\hotspot\share\prims\jni.cpp, line 516]
Event: 25723.748 Thread 0x0000025bb0f4e3e0 Exception <a 'sun/nio/fs/WindowsException'{0x00000000d5fe3368}> (0x00000000d5fe3368) 
thrown [s\src\hotspot\share\prims\jni.cpp, line 516]

VM Operations (20 events):
Event: 279623.426 Executing VM operation: G1CollectFull done
Event: 279633.598 Executing VM operation: G1CollectFull
Event: 279633.649 Executing VM operation: G1CollectFull done
Event: 279644.043 Executing VM operation: G1CollectFull
Event: 279644.088 Executing VM operation: G1CollectFull done
Event: 279654.513 Executing VM operation: G1CollectFull
Event: 279654.561 Executing VM operation: G1CollectFull done
Event: 279664.866 Executing VM operation: G1CollectFull
Event: 279664.918 Executing VM operation: G1CollectFull done
Event: 279675.110 Executing VM operation: G1CollectFull
Event: 279675.155 Executing VM operation: G1CollectFull done
Event: 279685.445 Executing VM operation: G1CollectFull
Event: 279685.485 Executing VM operation: G1CollectFull done
Event: 279696.197 Executing VM operation: G1CollectFull
Event: 279696.240 Executing VM operation: G1CollectFull done
Event: 279706.417 Executing VM operation: G1CollectFull
Event: 279706.461 Executing VM operation: G1CollectFull done
Event: 279716.643 Executing VM operation: G1CollectFull
Event: 279716.686 Executing VM operation: G1CollectFull done
Event: 279726.864 Executing VM operation: G1CollectFull

Events (20 events):
Event: 25722.664 Thread 0x0000025bc4df9650 Thread exited: 0x0000025bc4df9650
Event: 25722.664 Thread 0x0000025bc4df9180 Thread exited: 0x0000025bc4df9180
Event: 25722.664 Thread 0x0000025bc4df8310 Thread exited: 0x0000025bc4df8310
Event: 25722.664 Thread 0x0000025bc4dfa4c0 Thread exited: 0x0000025bc4dfa4c0
Event: 25733.630 Thread 0x0000025bc4bdf9a0 Thread exited: 0x0000025bc4bdf9a0
Event: 25733.660 Thread 0x0000025bb0f4e3e0 Thread exited: 0x0000025bb0f4e3e0
Event: 25777.996 Thread 0x0000025bb0f4fbf0 Thread exited: 0x0000025bb0f4fbf0
Event: 25778.939 Thread 0x0000025bc56a5f00 Thread exited: 0x0000025bc56a5f00
Event: 25779.957 Thread 0x0000025bc56a6d70 Thread exited: 0x0000025bc56a6d70
Event: 25795.801 Thread 0x0000025bc4dfa990 Thread exited: 0x0000025bc4dfa990
Event: 25809.857 Thread 0x0000025bb0f4ed80 Thread exited: 0x0000025bb0f4ed80
Event: 25855.809 Thread 0x0000025bc56a68a0 Thread exited: 0x0000025bc56a68a0
Event: 26866.771 Thread 0x0000025bc5331060 Thread added: 0x0000025bc5331060
Event: 26926.773 Thread 0x0000025bc5331060 Thread exited: 0x0000025bc5331060
Event: 33836.453 Thread 0x0000025bb0f4fbf0 Thread added: 0x0000025bb0f4fbf0
Event: 33836.453 Thread 0x0000025bb0f4e8b0 Thread added: 0x0000025bb0f4e8b0
Event: 33896.467 Thread 0x0000025bb0f4e8b0 Thread exited: 0x0000025bb0f4e8b0
Event: 33896.467 Thread 0x0000025bb0f4fbf0 Thread exited: 0x0000025bb0f4fbf0
Event: 279385.444 Thread 0x0000025bc5331530 Thread added: 0x0000025bc5331530
Event: 279446.928 Thread 0x0000025bc5331530 Thread exited: 0x0000025bc5331530


Dynamic libraries:
0x00007ff61ef20000 - 0x00007ff61ef2e000 	c:\Users\Administrator\.vscode\extensions\redhat.java-1.19.0-win32-x64\jre\17.0.7-win32-x86_64\bin\java.exe
0x00007ffc4ae50000 - 0x00007ffc4b048000 	C:\WINDOWS\SYSTEM32\ntdll.dll
0x00007ffc49ce0000 - 0x00007ffc49d9f000 	C:\WINDOWS\System32\KERNEL32.DLL
0x00007ffc48560000 - 0x00007ffc48856000 	C:\WINDOWS\System32\KERNELBASE.dll
0x00007ffc48a30000 - 0x00007ffc48b30000 	C:\WINDOWS\System32\ucrtbase.dll
0x00007ffc08110000 - 0x00007ffc08127000 	c:\Users\Administrator\.vscode\extensions\redhat.java-1.19.0-win32-x64\jre\17.0.7-win32-x86_64\bin\jli.dll
0x00007ffc4a690000 - 0x00007ffc4a82d000 	C:\WINDOWS\System32\USER32.dll
0x00007ffc48b30000 - 0x00007ffc48b52000 	C:\WINDOWS\System32\win32u.dll
0x00007ffc4ade0000 - 0x00007ffc4ae0c000 	C:\WINDOWS\System32\GDI32.dll
0x00007ffc48ce0000 - 0x00007ffc48df5000 	C:\WINDOWS\System32\gdi32full.dll
0x00007ffc48bb0000 - 0x00007ffc48c4d000 	C:\WINDOWS\System32\msvcp_win.dll
0x00007ffbc2e10000 - 0x00007ffbc2e29000 	c:\Users\Administrator\.vscode\extensions\redhat.java-1.19.0-win32-x64\jre\17.0.7-win32-x86_64\bin\VCRUNTIME140.dll
0x00007ffc3b140000 - 0x00007ffc3b3da000 	C:\WINDOWS\WinSxS\amd64_microsoft.windows.common-controls_6595b64144ccf1df_6.0.19041.1110_none_60b5254171f9507e\COMCTL32.dll
0x00007ffc49820000 - 0x00007ffc498be000 	C:\WINDOWS\System32\msvcrt.dll
0x00007ffc4a900000 - 0x00007ffc4a930000 	C:\WINDOWS\System32\IMM32.DLL
0x00007ffc2ffe0000 - 0x00007ffc2ffec000 	c:\Users\Administrator\.vscode\extensions\redhat.java-1.19.0-win32-x64\jre\17.0.7-win32-x86_64\bin\vcruntime140_1.dll
0x00007ffbb6e80000 - 0x00007ffbb6f11000 	c:\Users\Administrator\.vscode\extensions\redhat.java-1.19.0-win32-x64\jre\17.0.7-win32-x86_64\bin\msvcp140.dll
0x00007ffbaf1d0000 - 0x00007ffbafe18000 	c:\Users\Administrator\.vscode\extensions\redhat.java-1.19.0-win32-x64\jre\17.0.7-win32-x86_64\bin\server\jvm.dll
0x00007ffc4ad30000 - 0x00007ffc4addf000 	C:\WINDOWS\System32\ADVAPI32.dll
0x00007ffc4a5d0000 - 0x00007ffc4a66c000 	C:\WINDOWS\System32\sechost.dll
0x00007ffc4ab50000 - 0x00007ffc4ac76000 	C:\WINDOWS\System32\RPCRT4.dll
0x00007ffc3de20000 - 0x00007ffc3de29000 	C:\WINDOWS\SYSTEM32\WSOCK32.dll
0x00007ffc4aae0000 - 0x00007ffc4ab4b000 	C:\WINDOWS\System32\WS2_32.dll
0x00007ffc3ca20000 - 0x00007ffc3ca47000 	C:\WINDOWS\SYSTEM32\WINMM.dll
0x00007ffc42380000 - 0x00007ffc4238a000 	C:\WINDOWS\SYSTEM32\VERSION.dll
0x00007ffc462e0000 - 0x00007ffc462f2000 	C:\WINDOWS\SYSTEM32\kernel.appcore.dll
0x00007ffc2f480000 - 0x00007ffc2f48a000 	c:\Users\Administrator\.vscode\extensions\redhat.java-1.19.0-win32-x64\jre\17.0.7-win32-x86_64\bin\jimage.dll
0x00007ffc412a0000 - 0x00007ffc41484000 	C:\WINDOWS\SYSTEM32\DBGHELP.DLL
0x00007ffc411d0000 - 0x00007ffc41204000 	C:\WINDOWS\SYSTEM32\dbgcore.DLL
0x00007ffc48c50000 - 0x00007ffc48cd2000 	C:\WINDOWS\System32\bcryptPrimitives.dll
0x00007ffbbee50000 - 0x00007ffbbee75000 	c:\Users\Administrator\.vscode\extensions\redhat.java-1.19.0-win32-x64\jre\17.0.7-win32-x86_64\bin\java.dll
0x00007ffbbee30000 - 0x00007ffbbee48000 	c:\Users\Administrator\.vscode\extensions\redhat.java-1.19.0-win32-x64\jre\17.0.7-win32-x86_64\bin\zip.dll
0x00007ffc48eb0000 - 0x00007ffc495f4000 	C:\WINDOWS\System32\SHELL32.dll
0x00007ffc465c0000 - 0x00007ffc46d53000 	C:\WINDOWS\SYSTEM32\windows.storage.dll
0x00007ffc49980000 - 0x00007ffc49cd4000 	C:\WINDOWS\System32\combase.dll
0x00007ffc47dc0000 - 0x00007ffc47dee000 	C:\WINDOWS\SYSTEM32\Wldp.dll
0x00007ffc498c0000 - 0x00007ffc4996d000 	C:\WINDOWS\System32\SHCORE.dll
0x00007ffc49e00000 - 0x00007ffc49e55000 	C:\WINDOWS\System32\shlwapi.dll
0x00007ffc48470000 - 0x00007ffc4848f000 	C:\WINDOWS\SYSTEM32\profapi.dll
0x00007ffbbcd30000 - 0x00007ffbbcd49000 	C:\Users\Administrator\.vscode\extensions\redhat.java-1.19.0-win32-x64\jre\17.0.7-win32-x86_64\bin\net.dll
0x00007ffc42f50000 - 0x00007ffc4305a000 	C:\WINDOWS\SYSTEM32\WINHTTP.dll
0x00007ffc47ba0000 - 0x00007ffc47c0a000 	C:\WINDOWS\system32\mswsock.dll
0x00007ffbb6e60000 - 0x00007ffbb6e75000 	C:\Users\Administrator\.vscode\extensions\redhat.java-1.19.0-win32-x64\jre\17.0.7-win32-x86_64\bin\nio.dll
0x00007ffc47ee0000 - 0x00007ffc47ef8000 	C:\WINDOWS\SYSTEM32\CRYPTSP.dll
0x00007ffc474e0000 - 0x00007ffc47514000 	C:\WINDOWS\system32\rsaenh.dll
0x00007ffc48530000 - 0x00007ffc48557000 	C:\WINDOWS\System32\bcrypt.dll
0x00007ffc483f0000 - 0x00007ffc4841e000 	C:\WINDOWS\SYSTEM32\USERENV.dll
0x00007ffc47d30000 - 0x00007ffc47d3c000 	C:\WINDOWS\SYSTEM32\CRYPTBASE.dll
0x00007ffc478b0000 - 0x00007ffc478ec000 	C:\WINDOWS\SYSTEM32\IPHLPAPI.DLL
0x00007ffc49970000 - 0x00007ffc49978000 	C:\WINDOWS\System32\NSI.dll
0x00007ffc43830000 - 0x00007ffc43847000 	C:\WINDOWS\SYSTEM32\dhcpcsvc6.DLL
0x00007ffc43800000 - 0x00007ffc4381d000 	C:\WINDOWS\SYSTEM32\dhcpcsvc.DLL
0x00007ffc478f0000 - 0x00007ffc479ba000 	C:\WINDOWS\SYSTEM32\DNSAPI.dll
0x00007ffc2e520000 - 0x00007ffc2e529000 	C:\Users\Administrator\.vscode\extensions\redhat.java-1.19.0-win32-x64\jre\17.0.7-win32-x86_64\bin\management.dll
0x00007ffc2e430000 - 0x00007ffc2e43b000 	C:\Users\Administrator\.vscode\extensions\redhat.java-1.19.0-win32-x64\jre\17.0.7-win32-x86_64\bin\management_ext.dll
0x00007ffc49600000 - 0x00007ffc49608000 	C:\WINDOWS\System32\PSAPI.DLL
0x00007ffc39060000 - 0x00007ffc3906e000 	C:\Users\Administrator\.vscode\extensions\redhat.java-1.19.0-win32-x64\jre\17.0.7-win32-x86_64\bin\sunmscapi.dll
0x00007ffc488d0000 - 0x00007ffc48a2e000 	C:\WINDOWS\System32\CRYPT32.dll
0x00007ffc47eb0000 - 0x00007ffc47ed8000 	C:\WINDOWS\SYSTEM32\ncrypt.dll
0x00007ffc47e60000 - 0x00007ffc47e9b000 	C:\WINDOWS\SYSTEM32\NTASN1.dll
0x00007ffc424c0000 - 0x00007ffc424ca000 	C:\Windows\System32\rasadhlp.dll
0x00007ffc429f0000 - 0x00007ffc42a72000 	C:\WINDOWS\System32\fwpuclnt.dll
0x00007ffc2ec60000 - 0x00007ffc2ec70000 	c:\Users\Administrator\.vscode\extensions\redhat.java-1.19.0-win32-x64\jre\17.0.7-win32-x86_64\bin\verify.dll
0x000000006c500000 - 0x000000006c5c7000 	C:\Users\Administrator\AppData\Local\Temp\snappy-1.1.8-8a376ff6-99d8-4c0b-a5d1-fe94d39939c6-snappyjava.dll

dbghelp: loaded successfully - version: 4.0.5 - missing functions: none
symbol engine: initialized successfully - sym options: 0x614 - pdb path: .;c:\Users\Administrator\.vscode\extensions\redhat.java-1.19.0-win32-x64\jre\17.0.7-win32-x86_64\bin;C:\WINDOWS\SYSTEM32;C:\WINDOWS\WinSxS\amd64_microsoft.windows.common-controls_6595b64144ccf1df_6.0.19041.1110_none_60b5254171f9507e;c:\Users\Administrator\.vscode\extensions\redhat.java-1.19.0-win32-x64\jre\17.0.7-win32-x86_64\bin\server;C:\Users\Administrator\AppData\Local\Temp

VM Arguments:
jvm_args: -XX:+HeapDumpOnOutOfMemoryError -Xmx1024m -Dsts.lsp.client=vscode -Dsts.log.file=/dev/null -XX:TieredStopAtLevel=1 -Xlog:jni+resolve=off -Dspring.config.location=file:c:\Users\Administrator\.vscode\extensions\vmware.vscode-spring-boot-1.47.0\language-server\BOOT-INF\classes\application.properties 
java_command: org.springframework.ide.vscode.boot.app.BootLanguageServerBootApp
java_class_path (initial): c:\Users\Administrator\.vscode\extensions\vmware.vscode-spring-boot-1.47.0\language-server\BOOT-INF\classes;c:\Users\Administrator\.vscode\extensions\vmware.vscode-spring-boot-1.47.0\language-server\BOOT-INF\lib\annotations-24.0.1.jar;c:\Users\Administrator\.vscode\extensions\vmware.vscode-spring-boot-1.47.0\language-server\BOOT-INF\lib\antlr-runtime-3.5.3.jar;c:\Users\Administrator\.vscode\extensions\vmware.vscode-spring-boot-1.47.0\language-server\BOOT-INF\lib\antlr4-4.11.1.jar;c:\Users\Administrator\.vscode\extensions\vmware.vscode-spring-boot-1.47.0\language-server\BOOT-INF\lib\antlr4-runtime-4.11.1.jar;c:\Users\Administrator\.vscode\extensions\vmware.vscode-spring-boot-1.47.0\language-server\BOOT-INF\lib\aopalliance-1.0.jar;c:\Users\Administrator\.vscode\extensions\vmware.vscode-spring-boot-1.47.0\language-server\BOOT-INF\lib\asm-9.5.jar;c:\Users\Administrator\.vscode\extensions\vmware.vscode-spring-boot-1.47.0\language-server\BOOT-INF\lib\asm-analysis-9.5.jar;c:\Users\Administrator\.vscode\extensions\vmware.vscode-spring-boot-1.47.0\language-server\BOOT-INF\lib\asm-tree-9.5.jar;c:\Users\Administrator\.vscode\extensions\vmware.vscode-spring-boot-1.47.0\language-server\BOOT-INF\lib\asm-util-9.5.jar;c:\Users\Administrator\.vscode\extensions\vmware.vscode-spring-boot-1.47.0\language-server\BOOT-INF\lib\auto-common-1.2.1.jar;c:\Users\Administrator\.vscode\extensions\vmware.vscode-spring-boot-1.47.0\language-server\BOOT-INF\lib\auto-value-annotations-1.9.jar;c:\Users\Administrator\.vscode\extensions\vmware.vscode-spring-boot-1.47.0\language-server\BOOT-INF\lib\caffeine-3.1.2.jar;c:\Users\Administrator\.vscode\extensions\vmware.vscode-spring-boot-1.47.0\language-server\BOOT-INF\lib\checker-qual-3.12.0.jar;c:\Users\Administrator\.vscode\extensions\vmware.vscode-spring-boot-1.47.0\language-server\BOOT-INF\lib\classgraph-4.8.149.jar;c:\Users\Administrator\.vscode\extensions\vmware.vscode-spring-boot-1.47.0\language-server\BOOT-INF\lib\common
Launcher Type: SUN_STANDARD

[Global flags]
     intx CICompilerCount                          = 3                                         {product} {ergonomic}
     uint ConcGCThreads                            = 2                                         {product} {ergonomic}
     uint G1ConcRefinementThreads                  = 6                                         {product} {ergonomic}
   size_t G1HeapRegionSize                         = 1048576                                   {product} {ergonomic}
    uintx GCDrainStackTargetSize                   = 64                                        {product} {ergonomic}
     bool HeapDumpOnOutOfMemoryError               = true                                   {manageable} {command line}
   size_t InitialHeapSize                          = 536870912                                 {product} {ergonomic}
   size_t MarkStackSize                            = 4194304                                   {product} {ergonomic}
   size_t MaxHeapSize                              = 1073741824                                {product} {command line}
   size_t MaxNewSize                               = 643825664                                 {product} {ergonomic}
   size_t MinHeapDeltaBytes                        = 1048576                                   {product} {ergonomic}
   size_t MinHeapSize                              = 8388608                                   {product} {ergonomic}
    uintx NonProfiledCodeHeapSize                  = 0                                      {pd product} {ergonomic}
     bool ProfileInterpreter                       = false                                  {pd product} {command line}
    uintx ProfiledCodeHeapSize                     = 0                                      {pd product} {ergonomic}
   size_t SoftMaxHeapSize                          = 1073741824                             {manageable} {ergonomic}
     intx TieredStopAtLevel                        = 1                                         {product} {command line}
     bool UseCompressedClassPointers               = true                           {product lp64_product} {ergonomic}
     bool UseCompressedOops                        = true                           {product lp64_product} {ergonomic}
     bool UseG1GC                                  = true                                      {product} {ergonomic}
     bool UseLargePagesIndividualAllocation        = false                                  {pd product} {ergonomic}

Logging:
Log output configuration:
 #0: stdout all=warning,jni+resolve=off uptime,level,tags
 #1: stderr all=off uptime,level,tags

Environment Variables:
JAVA_HOME=C:\Program Files\Amazon Corretto\jdk11.0.18_10
PATH=C:\Users\Administrator\AppData\Local\cloud-code\installer\google-cloud-sdk\bin;C:\Program Files\Amazon Corretto\jdk11.0.18_10\bin;D:\app\hankuk1_006\product\11.2.0\dbhome_1\bin;D:\app\1_006\product\11.2.0\dbhome_4\bin;D:;app\1_006\product\11.2.0\dbhome_3\bin;C:;Program Files (x86)\Common Files\Oracle\Java\javapath;C:\WINDOWS\system32;C:\WINDOWS;C:\WINDOWS\System32\Wbem;C:\WINDOWS\System32\WindowsPowerShell\v1.0\;C:\WINDOWS\System32\OpenSSH\;C:\Program Files\Bandizip\;C:\Program Files\Docker\Docker\resources\bin;C:\Program Files\Git\cmd;C:\Program Files\Git LFS;C:\Program Files\dotnet\;C:\Program Files\Oracle\instantclient-basic-windows.x64-11.2.0.4.0\instantclient_11_2;C:\jdk18\bin;C:\Users\Administrator\AppData\Local\Microsoft\WindowsApps;C:\Users\Administrator\AppData\Local\Programs\Microsoft VS Code\bin;C:\Program Files\Oracle\instantclient-basic-windows.x64-11.2.0.4.0\instantclient_11_2;C:\jdk18\bin;C:\Users\Administrator\AppData\Local\GitHubDesktop\bin;C:\Program Files\JetBrains\IntelliJ IDEA 2023.1.2\bin;;C:\Users\Administrator\AppData\Local\Google\Cloud SDK\google-cloud-sdk\bin;C:\Program Files (x86)\Google\Cloud SDK\google-cloud-sdk\bin;C:\Program Files\Google\Cloud SDK\google-cloud-sdk\bin
USERNAME=Administrator
OS=Windows_NT
PROCESSOR_IDENTIFIER=Intel64 Family 6 Model 158 Stepping 10, GenuineIntel
TMP=C:\Users\ADMINI~1\AppData\Local\Temp
TEMP=C:\Users\ADMINI~1\AppData\Local\Temp



---------------  S Y S T E M  ---------------

OS:
 Windows 10 , 64 bit Build 19041 (10.0.19041.3031)
OS uptime: 11 days 11:18 hours
Hyper-V role detected

CPU: total 6 (initial active 6) (6 cores per cpu, 1 threads per core) family 6 model 158 stepping 10 microcode 0xb4, cx8, cmov, fxsr, mmx, 3dnowpref, sse, sse2, sse3, ssse3, sse4.1, sse4.2, popcnt, lzcnt, tsc, tscinvbit, avx, avx2, aes, erms, clmul, bmi1, bmi2, adx, fma, vzeroupper, clflush, clflushopt, hv

Memory: 4k page, system-wide physical 32712M (9626M free)
TotalPageFile size 34760M (AvailPageFile size 10M)
current process WorkingSet (physical memory assigned to process): 219M, peak: 1332M
current process commit charge ("private bytes"): 529M, peak: 1303M

vm_info: OpenJDK 64-Bit Server VM (17.0.7+7) for windows-amd64 JRE (17.0.7+7), built on Apr 18 2023 22:10:42 by "temurin" with MS VC++ 16.7 (VS2019)

END.
