#
# There is insufficient memory for the Java Runtime Environment to continue.
# Native memory allocation (malloc) failed to allocate 32744 bytes for ChunkPool::allocate
# Possible reasons:
#   The system is out of physical RAM or swap space
#   The process is running with CompressedOops enabled, and the Java Heap may be blocking the growth of the native heap
# Possible solutions:
#   Reduce memory load on the system
#   Increase physical memory or swap space
#   Check if swap backing store is full
#   Decrease Java heap size (-Xmx/-Xms)
#   Decrease number of Java threads
#   Decrease Java thread stack sizes (-Xss)
#   Set larger code cache with -XX:ReservedCodeCacheSize=
#   JVM is running with Zero Based Compressed Oops mode in which the Java heap is
#     placed in the first 32GB address space. The Java Heap base address is the
#     maximum limit for the native heap growth. Please use -XX:HeapBaseMinAddress
#     to set the Java Heap base and to place the Java Heap above 32GB virtual address.
# This output file may be truncated or incomplete.
#
#  Out of Memory Error (allocation.cpp:272), pid=12940, tid=0x0000000000009e28
#
# JRE version: Java(TM) SE Runtime Environment (8.0_341-b10) (build 1.8.0_341-b10)
# Java VM: Java HotSpot(TM) 64-Bit Server VM (25.341-b10 mixed mode windows-amd64 compressed oops)
# Failed to write core dump. Minidumps are not enabled by default on client versions of Windows
#

---------------  T H R E A D  ---------------

Current thread (0x00000295fff23800):  JavaThread "C1 CompilerThread2" daemon [_thread_in_native, id=40488, stack(0x000000e76cb00000,0x000000e76cc00000)]

Stack: [0x000000e76cb00000,0x000000e76cc00000]
Native frames: (J=compiled Java code, j=interpreted, Vv=VM code, C=native code)
V  [jvm.dll+0x32fa99]


Current CompileTask:
C1:  11030 4202   !   1       com.sun.org.apache.xerces.internal.impl.XMLDocumentFragmentScannerImpl$FragmentContentDriver::next (2395 bytes)


---------------  P R O C E S S  ---------------

Java Threads: ( => current thread )
  0x00000295a4454000 JavaThread "RMI TCP Connection(7)-127.0.0.1" daemon [_thread_in_native, id=25100, stack(0x000000e76e800000,0x000000e76e900000)]
  0x00000295a4453000 JavaThread "RMI TCP Connection(6)-127.0.0.1" daemon [_thread_in_native, id=15612, stack(0x000000e76ea00000,0x000000e76eb00000)]
  0x00000295a445a000 JavaThread "RMI TCP Connection(5)-127.0.0.1" daemon [_thread_in_native, id=35728, stack(0x000000e76e900000,0x000000e76ea00000)]
  0x00000295a4452800 JavaThread "RMI TCP Connection(4)-127.0.0.1" daemon [_thread_in_native, id=42488, stack(0x000000e76e700000,0x000000e76e800000)]
  0x00000295a4459000 JavaThread "RMI TCP Connection(3)-127.0.0.1" daemon [_thread_in_native, id=33956, stack(0x000000e76d600000,0x000000e76d700000)]
  0x00000295a4458800 JavaThread "DestroyJavaVM" [_thread_blocked, id=30304, stack(0x000000e76bd00000,0x000000e76be00000)]
  0x00000295a4457800 JavaThread "http-nio-8041-Acceptor" daemon [_thread_in_native, id=17288, stack(0x000000e76e600000,0x000000e76e700000)]
  0x00000295a4451800 JavaThread "http-nio-8041-Poller" daemon [_thread_in_native, id=23436, stack(0x000000e76e500000,0x000000e76e600000)]
  0x00000295a4451000 JavaThread "http-nio-8041-exec-10" daemon [_thread_blocked, id=2700, stack(0x000000e76e400000,0x000000e76e500000)]
  0x00000295a4457000 JavaThread "http-nio-8041-exec-9" daemon [_thread_blocked, id=42596, stack(0x000000e76e300000,0x000000e76e400000)]
  0x00000295a4450000 JavaThread "http-nio-8041-exec-8" daemon [_thread_blocked, id=40792, stack(0x000000e76e200000,0x000000e76e300000)]
  0x00000295a444f800 JavaThread "http-nio-8041-exec-7" daemon [_thread_blocked, id=21188, stack(0x000000e76e100000,0x000000e76e200000)]
  0x00000295a41d7000 JavaThread "http-nio-8041-exec-6" daemon [_thread_blocked, id=7584, stack(0x000000e76e000000,0x000000e76e100000)]
  0x00000295a41dc800 JavaThread "http-nio-8041-exec-5" daemon [_thread_blocked, id=27012, stack(0x000000e76df00000,0x000000e76e000000)]
  0x00000295a41db000 JavaThread "http-nio-8041-exec-4" daemon [_thread_blocked, id=6068, stack(0x000000e76de00000,0x000000e76df00000)]
  0x00000295a41da000 JavaThread "http-nio-8041-exec-3" daemon [_thread_blocked, id=26724, stack(0x000000e76dd00000,0x000000e76de00000)]
  0x00000295a41dd000 JavaThread "http-nio-8041-exec-2" daemon [_thread_blocked, id=33348, stack(0x000000e76dc00000,0x000000e76dd00000)]
  0x00000295a41db800 JavaThread "http-nio-8041-exec-1" daemon [_thread_in_vm, id=26204, stack(0x000000e76db00000,0x000000e76dc00000)]
  0x00000295a41d9800 JavaThread "File Watcher" daemon [_thread_blocked, id=18168, stack(0x000000e76da00000,0x000000e76db00000)]
  0x00000295a41d8800 JavaThread "container-0" [_thread_blocked, id=40804, stack(0x000000e76d900000,0x000000e76da00000)]
  0x00000295a41d6800 JavaThread "Catalina-utility-2" [_thread_blocked, id=36060, stack(0x000000e76d800000,0x000000e76d900000)]
  0x00000295a41d8000 JavaThread "Catalina-utility-1" [_thread_blocked, id=41468, stack(0x000000e76d700000,0x000000e76d800000)]
  0x00000295a2803000 JavaThread "JMX server connection timeout 17" daemon [_thread_blocked, id=28040, stack(0x000000e76d400000,0x000000e76d500000)]
  0x00000295a27fe000 JavaThread "RMI TCP Connection(2)-127.0.0.1" daemon [_thread_in_native, id=24328, stack(0x000000e76d300000,0x000000e76d400000)]
  0x00000295a27bd800 JavaThread "RMI Scheduler(0)" daemon [_thread_blocked, id=9396, stack(0x000000e76d200000,0x000000e76d300000)]
  0x00000295a2794800 JavaThread "RMI TCP Connection(1)-127.0.0.1" daemon [_thread_in_native, id=41100, stack(0x000000e76d100000,0x000000e76d200000)]
  0x00000295a2773800 JavaThread "RMI TCP Accept-0" daemon [_thread_in_native, id=39344, stack(0x000000e76cf00000,0x000000e76d000000)]
  0x00000295a270a800 JavaThread "RMI TCP Accept-51905" daemon [_thread_in_native, id=35568, stack(0x000000e76ce00000,0x000000e76cf00000)]
  0x00000295a26f6800 JavaThread "RMI TCP Accept-0" daemon [_thread_in_native, id=36364, stack(0x000000e76cd00000,0x000000e76ce00000)]
  0x00000295fffde000 JavaThread "Service Thread" daemon [_thread_blocked, id=2240, stack(0x000000e76cc00000,0x000000e76cd00000)]
=>0x00000295fff23800 JavaThread "C1 CompilerThread2" daemon [_thread_in_native, id=40488, stack(0x000000e76cb00000,0x000000e76cc00000)]
  0x00000295fff23000 JavaThread "C2 CompilerThread1" daemon [_thread_blocked, id=25580, stack(0x000000e76ca00000,0x000000e76cb00000)]
  0x00000295fff21000 JavaThread "C2 CompilerThread0" daemon [_thread_blocked, id=41744, stack(0x000000e76c900000,0x000000e76ca00000)]
  0x00000295fff1d800 JavaThread "Attach Listener" daemon [_thread_blocked, id=31080, stack(0x000000e76c800000,0x000000e76c900000)]
  0x00000295fff1d000 JavaThread "Signal Dispatcher" daemon [_thread_blocked, id=13916, stack(0x000000e76c700000,0x000000e76c800000)]
  0x00000295ffef4000 JavaThread "Finalizer" daemon [_thread_blocked, id=15964, stack(0x000000e76c600000,0x000000e76c700000)]
  0x00000295ffeec800 JavaThread "Reference Handler" daemon [_thread_blocked, id=41892, stack(0x000000e76c500000,0x000000e76c600000)]

Other Threads:
  0x00000295ffec4800 VMThread [stack: 0x000000e76c400000,0x000000e76c500000] [id=37852]
  0x00000295a2774800 WatcherThread [stack: 0x000000e76d000000,0x000000e76d100000] [id=39896]

VM state:not at safepoint (normal execution)

VM Mutex/Monitor currently owned by a thread: None

heap address: 0x00000005c0c00000, size: 8180 MB, Compressed Oops mode: Zero based, Oop shift amount: 3
Narrow klass base: 0x0000000000000000, Narrow klass shift: 3
Compressed class space size: 1073741824 Address: 0x00000007c0000000

Heap:
 PSYoungGen      total 193536K, used 53004K [0x0000000715980000, 0x0000000723300000, 0x00000007c0000000)
  eden space 179712K, 29% used [0x0000000715980000,0x0000000718d43360,0x0000000720900000)
  from space 13824K, 0% used [0x0000000722580000,0x0000000722580000,0x0000000723300000)
  to   space 21504K, 0% used [0x0000000720900000,0x0000000720900000,0x0000000721e00000)
 ParOldGen       total 367616K, used 20241K [0x00000005c0c00000, 0x00000005d7300000, 0x0000000715980000)
  object space 367616K, 5% used [0x00000005c0c00000,0x00000005c1fc45f0,0x00000005d7300000)
 Metaspace       used 42205K, capacity 44752K, committed 44928K, reserved 1089536K
  class space    used 5687K, capacity 6175K, committed 6272K, reserved 1048576K

Card table byte_map: [0x00000295fe190000,0x00000295ff190000] byte_map_base: 0x00000295fb38a000

Marking Bits: (ParMarkBitMap*) 0x000000005d1c9030
 Begin Bits: [0x000002958f000000, 0x0000029596fd0000)
 End Bits:   [0x0000029596fd0000, 0x000002959efa0000)

Polling page: 0x00000295fdda0000

CodeCache: size=245760Kb used=8545Kb max_used=8545Kb free=237214Kb
 bounds [0x0000029580000000, 0x0000029580860000, 0x000002958f000000]
 total_blobs=4687 nmethods=4199 adapters=400
 compilation: enabled

Compilation events (10 events):
Event: 11.023 Thread 0x00000295fff23800 nmethod 4193 0x0000029580857250 code [0x00000295808573a0, 0x00000295808574b8]
Event: 11.023 Thread 0x00000295fff23800 4194       1       org.apache.jasper.compiler.Node$Root::isXmlSyntax (5 bytes)
Event: 11.023 Thread 0x00000295fff23800 nmethod 4194 0x0000029580857510 code [0x0000029580857660, 0x0000029580857778]
Event: 11.023 Thread 0x00000295fff23800 4195       1       org.apache.jasper.compiler.Node::getText (5 bytes)
Event: 11.023 Thread 0x00000295fff23800 nmethod 4195 0x00000295808577d0 code [0x0000029580857920, 0x0000029580857a38]
Event: 11.023 Thread 0x00000295fff23800 4198       1       org.apache.jasper.compiler.PageDataImpl$SecondPassVisitor::visit (24 bytes)
Event: 11.023 Thread 0x00000295fff23800 nmethod 4198 0x0000029580857a90 code [0x0000029580857c00, 0x0000029580857e20]
Event: 11.024 Thread 0x00000295fff23800 4199       1       com.sun.org.apache.xerces.internal.impl.XMLDocumentFragmentScannerImpl::getString (76 bytes)
Event: 11.024 Thread 0x00000295fff23800 nmethod 4199 0x0000029580857fd0 code [0x0000029580858160, 0x00000295808584b0]
Event: 11.024 Thread 0x00000295fff23800 4202   !   1       com.sun.org.apache.xerces.internal.impl.XMLDocumentFragmentScannerImpl$FragmentContentDriver::next (2395 bytes)

GC Heap History (10 events):
Event: 2.167 GC heap before
{Heap before GC invocations=3 (full 1):
 PSYoungGen      total 153088K, used 131584K [0x0000000715980000, 0x0000000720400000, 0x00000007c0000000)
  eden space 131584K, 100% used [0x0000000715980000,0x000000071da00000,0x000000071da00000)
  from space 21504K, 0% used [0x000000071da00000,0x000000071da00000,0x000000071ef00000)
  to   space 21504K, 0% used [0x000000071ef00000,0x000000071ef00000,0x0000000720400000)
 ParOldGen       total 233472K, used 14861K [0x00000005c0c00000, 0x00000005cf000000, 0x0000000715980000)
  object space 233472K, 6% used [0x00000005c0c00000,0x00000005c1a836f8,0x00000005cf000000)
 Metaspace       used 30568K, capacity 32440K, committed 32768K, reserved 1077248K
  class space    used 4128K, capacity 4526K, committed 4608K, reserved 1048576K
Event: 2.175 GC heap after
Heap after GC invocations=3 (full 1):
 PSYoungGen      total 153088K, used 16830K [0x0000000715980000, 0x0000000723080000, 0x00000007c0000000)
  eden space 131584K, 0% used [0x0000000715980000,0x0000000715980000,0x000000071da00000)
  from space 21504K, 78% used [0x000000071ef00000,0x000000071ff6fb40,0x0000000720400000)
  to   space 21504K, 0% used [0x000000071da00000,0x000000071da00000,0x000000071ef00000)
 ParOldGen       total 233472K, used 14869K [0x00000005c0c00000, 0x00000005cf000000, 0x0000000715980000)
  object space 233472K, 6% used [0x00000005c0c00000,0x00000005c1a856f8,0x00000005cf000000)
 Metaspace       used 30568K, capacity 32440K, committed 32768K, reserved 1077248K
  class space    used 4128K, capacity 4526K, committed 4608K, reserved 1048576K
}
Event: 2.399 GC heap before
{Heap before GC invocations=4 (full 1):
 PSYoungGen      total 153088K, used 46599K [0x0000000715980000, 0x0000000723080000, 0x00000007c0000000)
  eden space 131584K, 22% used [0x0000000715980000,0x0000000717692188,0x000000071da00000)
  from space 21504K, 78% used [0x000000071ef00000,0x000000071ff6fb40,0x0000000720400000)
  to   space 21504K, 0% used [0x000000071da00000,0x000000071da00000,0x000000071ef00000)
 ParOldGen       total 233472K, used 14869K [0x00000005c0c00000, 0x00000005cf000000, 0x0000000715980000)
  object space 233472K, 6% used [0x00000005c0c00000,0x00000005c1a856f8,0x00000005cf000000)
 Metaspace       used 33424K, capacity 35346K, committed 35456K, reserved 1079296K
  class space    used 4508K, capacity 4903K, committed 4992K, reserved 1048576K
Event: 2.403 GC heap after
Heap after GC invocations=4 (full 1):
 PSYoungGen      total 153088K, used 11052K [0x0000000715980000, 0x0000000723a80000, 0x00000007c0000000)
  eden space 131584K, 0% used [0x0000000715980000,0x0000000715980000,0x000000071da00000)
  from space 21504K, 51% used [0x000000071da00000,0x000000071e4cb120,0x000000071ef00000)
  to   space 21504K, 0% used [0x0000000722580000,0x0000000722580000,0x0000000723a80000)
 ParOldGen       total 233472K, used 14941K [0x00000005c0c00000, 0x00000005cf000000, 0x0000000715980000)
  object space 233472K, 6% used [0x00000005c0c00000,0x00000005c1a97708,0x00000005cf000000)
 Metaspace       used 33424K, capacity 35346K, committed 35456K, reserved 1079296K
  class space    used 4508K, capacity 4903K, committed 4992K, reserved 1048576K
}
Event: 2.403 GC heap before
{Heap before GC invocations=5 (full 2):
 PSYoungGen      total 153088K, used 11052K [0x0000000715980000, 0x0000000723a80000, 0x00000007c0000000)
  eden space 131584K, 0% used [0x0000000715980000,0x0000000715980000,0x000000071da00000)
  from space 21504K, 51% used [0x000000071da00000,0x000000071e4cb120,0x000000071ef00000)
  to   space 21504K, 0% used [0x0000000722580000,0x0000000722580000,0x0000000723a80000)
 ParOldGen       total 233472K, used 14941K [0x00000005c0c00000, 0x00000005cf000000, 0x0000000715980000)
  object space 233472K, 6% used [0x00000005c0c00000,0x00000005c1a97708,0x00000005cf000000)
 Metaspace       used 33424K, capacity 35346K, committed 35456K, reserved 1079296K
  class space    used 4508K, capacity 4903K, committed 4992K, reserved 1048576K
Event: 2.429 GC heap after
Heap after GC invocations=5 (full 2):
 PSYoungGen      total 153088K, used 0K [0x0000000715980000, 0x0000000723a80000, 0x00000007c0000000)
  eden space 131584K, 0% used [0x0000000715980000,0x0000000715980000,0x000000071da00000)
  from space 21504K, 0% used [0x000000071da00000,0x000000071da00000,0x000000071ef00000)
  to   space 21504K, 0% used [0x0000000722580000,0x0000000722580000,0x0000000723a80000)
 ParOldGen       total 367616K, used 15480K [0x00000005c0c00000, 0x00000005d7300000, 0x0000000715980000)
  object space 367616K, 4% used [0x00000005c0c00000,0x00000005c1b1e078,0x00000005d7300000)
 Metaspace       used 33424K, capacity 35346K, committed 35456K, reserved 1079296K
  class space    used 4508K, capacity 4903K, committed 4992K, reserved 1048576K
}
Event: 3.029 GC heap before
{Heap before GC invocations=6 (full 2):
 PSYoungGen      total 153088K, used 110408K [0x0000000715980000, 0x0000000723a80000, 0x00000007c0000000)
  eden space 131584K, 83% used [0x0000000715980000,0x000000071c552090,0x000000071da00000)
  from space 21504K, 0% used [0x000000071da00000,0x000000071da00000,0x000000071ef00000)
  to   space 21504K, 0% used [0x0000000722580000,0x0000000722580000,0x0000000723a80000)
 ParOldGen       total 367616K, used 15480K [0x00000005c0c00000, 0x00000005d7300000, 0x0000000715980000)
  object space 367616K, 4% used [0x00000005c0c00000,0x00000005c1b1e078,0x00000005d7300000)
 Metaspace       used 39253K, capacity 41684K, committed 41728K, reserved 1089536K
  class space    used 5329K, capacity 5844K, committed 5888K, reserved 1048576K
Event: 3.034 GC heap after
Heap after GC invocations=6 (full 2):
 PSYoungGen      total 193536K, used 7704K [0x0000000715980000, 0x0000000723300000, 0x00000007c0000000)
  eden space 179712K, 0% used [0x0000000715980000,0x0000000715980000,0x0000000720900000)
  from space 13824K, 55% used [0x0000000722580000,0x0000000722d060c0,0x0000000723300000)
  to   space 21504K, 0% used [0x0000000720900000,0x0000000720900000,0x0000000721e00000)
 ParOldGen       total 367616K, used 15488K [0x00000005c0c00000, 0x00000005d7300000, 0x0000000715980000)
  object space 367616K, 4% used [0x00000005c0c00000,0x00000005c1b20078,0x00000005d7300000)
 Metaspace       used 39253K, capacity 41684K, committed 41728K, reserved 1089536K
  class space    used 5329K, capacity 5844K, committed 5888K, reserved 1048576K
}
Event: 3.034 GC heap before
{Heap before GC invocations=7 (full 3):
 PSYoungGen      total 193536K, used 7704K [0x0000000715980000, 0x0000000723300000, 0x00000007c0000000)
  eden space 179712K, 0% used [0x0000000715980000,0x0000000715980000,0x0000000720900000)
  from space 13824K, 55% used [0x0000000722580000,0x0000000722d060c0,0x0000000723300000)
  to   space 21504K, 0% used [0x0000000720900000,0x0000000720900000,0x0000000721e00000)
 ParOldGen       total 367616K, used 15488K [0x00000005c0c00000, 0x00000005d7300000, 0x0000000715980000)
  object space 367616K, 4% used [0x00000005c0c00000,0x00000005c1b20078,0x00000005d7300000)
 Metaspace       used 39253K, capacity 41684K, committed 41728K, reserved 1089536K
  class space    used 5329K, capacity 5844K, committed 5888K, reserved 1048576K
Event: 3.120 GC heap after
Heap after GC invocations=7 (full 3):
 PSYoungGen      total 193536K, used 0K [0x0000000715980000, 0x0000000723300000, 0x00000007c0000000)
  eden space 179712K, 0% used [0x0000000715980000,0x0000000715980000,0x0000000720900000)
  from space 13824K, 0% used [0x0000000722580000,0x0000000722580000,0x0000000723300000)
  to   space 21504K, 0% used [0x0000000720900000,0x0000000720900000,0x0000000721e00000)
 ParOldGen       total 367616K, used 20241K [0x00000005c0c00000, 0x00000005d7300000, 0x0000000715980000)
  object space 367616K, 5% used [0x00000005c0c00000,0x00000005c1fc45f0,0x00000005d7300000)
 Metaspace       used 39253K, capacity 41684K, committed 41728K, reserved 1087488K
  class space    used 5329K, capacity 5844K, committed 5888K, reserved 1048576K
}

Deoptimization events (0 events):
No events

Classes redefined (0 events):
No events

Internal exceptions (10 events):
Event: 2.662 Thread 0x00000295a2a0c000 Exception <a 'java/lang/ClassNotFoundException': org/springframework/context/ApplicationContextAwareCustomizer> (0x000000071a157740) thrown at [C:\jenkins\workspace\8-2-build-windows-x64-cygwin\jdk8u341\2692\hotspot\src\share\vm\classfile\systemDictionary
Event: 2.662 Thread 0x00000295a2a0c000 Exception <a 'java/lang/ClassNotFoundException': org/springframework/beans/factory/AwareCustomizer> (0x000000071a167dc8) thrown at [C:\jenkins\workspace\8-2-build-windows-x64-cygwin\jdk8u341\2692\hotspot\src\share\vm\classfile\systemDictionary.cpp, line 2
Event: 2.662 Thread 0x00000295a2a0c000 Exception <a 'java/lang/ClassNotFoundException': org/springframework/web/context/ServletContextAwareCustomizer> (0x000000071a179480) thrown at [C:\jenkins\workspace\8-2-build-windows-x64-cygwin\jdk8u341\2692\hotspot\src\share\vm\classfile\systemDictionary
Event: 2.663 Thread 0x00000295a2a0c000 Exception <a 'java/lang/ClassNotFoundException': org/springframework/beans/factory/AwareCustomizer> (0x000000071a189578) thrown at [C:\jenkins\workspace\8-2-build-windows-x64-cygwin\jdk8u341\2692\hotspot\src\share\vm\classfile\systemDictionary.cpp, line 2
Event: 2.704 Thread 0x00000295a27fe000 Exception <a 'java/lang/reflect/InvocationTargetException'> (0x000000071a665120) thrown at [C:\jenkins\workspace\8-2-build-windows-x64-cygwin\jdk8u341\2692\hotspot\src\share\vm\runtime\reflection.cpp, line 1092]
Event: 2.794 Thread 0x00000295a2a0c000 Exception <a 'java/lang/NoSuchMethodError': java.lang.Object.lambda$thenComparing$36697e65$1(Ljava/util/Comparator;Ljava/lang/Object;Ljava/lang/Object;)I> (0x000000071b295630) thrown at [C:\jenkins\workspace\8-2-build-windows-x64-cygwin\jdk8u341\2692\hots
Event: 2.822 Thread 0x00000295a2a0c000 Exception <a 'java/lang/IncompatibleClassChangeError': Found class java.lang.Object, but interface was expected> (0x000000071b50da38) thrown at [C:\jenkins\workspace\8-2-build-windows-x64-cygwin\jdk8u341\2692\hotspot\src\share\vm\interpreter\linkResolver.
Event: 2.893 Thread 0x00000295a2a0c000 Exception <a 'java/io/FileNotFoundException'> (0x000000071bd90378) thrown at [C:\jenkins\workspace\8-2-build-windows-x64-cygwin\jdk8u341\2692\hotspot\src\share\vm\prims\jni.cpp, line 710]
Event: 2.893 Thread 0x00000295a2a0c000 Exception <a 'java/io/FileNotFoundException'> (0x000000071bd90d28) thrown at [C:\jenkins\workspace\8-2-build-windows-x64-cygwin\jdk8u341\2692\hotspot\src\share\vm\prims\jni.cpp, line 710]
Event: 2.993 Thread 0x00000295a2a0c000 Exception <a 'java/net/BindException': Address already in use: JVM_Bind> (0x000000071c074600) thrown at [C:\jenkins\workspace\8-2-build-windows-x64-cygwin\jdk8u341\2692\hotspot\src\share\vm\prims\jni.cpp, line 737]

Events (10 events):
Event: 11.019 loading class org/apache/el/parser/AstNotEqual
Event: 11.019 loading class org/apache/el/parser/AstNotEqual done
Event: 11.019 loading class org/apache/jasper/compiler/PageDataImpl$FirstPassVisitor
Event: 11.019 loading class org/apache/jasper/compiler/PageDataImpl$FirstPassVisitor done
Event: 11.020 loading class org/apache/jasper/compiler/PageDataImpl$SecondPassVisitor
Event: 11.020 loading class org/apache/jasper/compiler/PageDataImpl$SecondPassVisitor done
Event: 11.020 Executing VM operation: Deoptimize
Event: 11.020 Executing VM operation: Deoptimize done
Event: 11.021 loading class org/apache/tomcat/util/security/Escape
Event: 11.021 loading class org/apache/tomcat/util/security/Escape done


Dynamic libraries:
0x00007ff7ffca0000 - 0x00007ff7ffce7000 	C:\jdk18\bin\javaw.exe
0x00007ffdebb70000 - 0x00007ffdebd68000 	C:\WINDOWS\SYSTEM32\ntdll.dll
0x00007ffdea620000 - 0x00007ffdea6df000 	C:\WINDOWS\System32\KERNEL32.DLL
0x00007ffde9250000 - 0x00007ffde9546000 	C:\WINDOWS\System32\KERNELBASE.dll
0x00007ffdeba80000 - 0x00007ffdebb2f000 	C:\WINDOWS\System32\ADVAPI32.dll
0x00007ffdea6e0000 - 0x00007ffdea77e000 	C:\WINDOWS\System32\msvcrt.dll
0x00007ffdeb9e0000 - 0x00007ffdeba7c000 	C:\WINDOWS\System32\sechost.dll
0x00007ffde9d70000 - 0x00007ffde9e96000 	C:\WINDOWS\System32\RPCRT4.dll
0x00007ffde9bd0000 - 0x00007ffde9d6d000 	C:\WINDOWS\System32\USER32.dll
0x00007ffde9730000 - 0x00007ffde9752000 	C:\WINDOWS\System32\win32u.dll
0x00007ffdea8b0000 - 0x00007ffdea8dc000 	C:\WINDOWS\System32\GDI32.dll
0x00007ffde9550000 - 0x00007ffde9665000 	C:\WINDOWS\System32\gdi32full.dll
0x00007ffde9760000 - 0x00007ffde97fd000 	C:\WINDOWS\System32\msvcp_win.dll
0x00007ffde9ad0000 - 0x00007ffde9bd0000 	C:\WINDOWS\System32\ucrtbase.dll
0x00007ffdd4b50000 - 0x00007ffdd4dea000 	C:\WINDOWS\WinSxS\amd64_microsoft.windows.common-controls_6595b64144ccf1df_6.0.19041.1110_none_60b5254171f9507e\COMCTL32.dll
0x00007ffdeab20000 - 0x00007ffdeab50000 	C:\WINDOWS\System32\IMM32.DLL
0x00007ffdd90b0000 - 0x00007ffdd90c5000 	C:\jdk18\jre\bin\vcruntime140.dll
0x00007ffdb49b0000 - 0x00007ffdb4a4b000 	C:\jdk18\jre\bin\msvcp140.dll
0x000000005c9e0000 - 0x000000005d241000 	C:\jdk18\jre\bin\server\jvm.dll
0x00007ffdeac00000 - 0x00007ffdeac08000 	C:\WINDOWS\System32\PSAPI.DLL
0x00007ffdda640000 - 0x00007ffdda667000 	C:\WINDOWS\SYSTEM32\WINMM.dll
0x00007ffde1ed0000 - 0x00007ffde1eda000 	C:\WINDOWS\SYSTEM32\VERSION.dll
0x00007ffdd59d0000 - 0x00007ffdd59d9000 	C:\WINDOWS\SYSTEM32\WSOCK32.dll
0x00007ffdea980000 - 0x00007ffdea9eb000 	C:\WINDOWS\System32\WS2_32.dll
0x00007ffde7000000 - 0x00007ffde7012000 	C:\WINDOWS\SYSTEM32\kernel.appcore.dll
0x00007ffdda630000 - 0x00007ffdda640000 	C:\jdk18\jre\bin\verify.dll
0x00007ffdc5c80000 - 0x00007ffdc5cab000 	C:\jdk18\jre\bin\java.dll
0x00007ffdd3260000 - 0x00007ffdd3278000 	C:\jdk18\jre\bin\zip.dll
0x00007ffdeb230000 - 0x00007ffdeb974000 	C:\WINDOWS\System32\SHELL32.dll
0x00007ffde72e0000 - 0x00007ffde7a74000 	C:\WINDOWS\SYSTEM32\windows.storage.dll
0x00007ffdea0b0000 - 0x00007ffdea404000 	C:\WINDOWS\System32\combase.dll
0x00007ffde8b40000 - 0x00007ffde8b6e000 	C:\WINDOWS\SYSTEM32\Wldp.dll
0x00007ffde9fa0000 - 0x00007ffdea04d000 	C:\WINDOWS\System32\SHCORE.dll
0x00007ffdeb980000 - 0x00007ffdeb9d5000 	C:\WINDOWS\System32\shlwapi.dll
0x00007ffde9180000 - 0x00007ffde91a5000 	C:\WINDOWS\SYSTEM32\profapi.dll
0x00007ffdd91a0000 - 0x00007ffdd91ad000 	C:\jdk18\jre\bin\management.dll
0x00007ffdce180000 - 0x00007ffdce19c000 	C:\jdk18\jre\bin\net.dll
0x00007ffde88c0000 - 0x00007ffde892a000 	C:\WINDOWS\system32\mswsock.dll
0x00007ffdc8110000 - 0x00007ffdc8123000 	C:\jdk18\jre\bin\nio.dll
0x00007ffdd5930000 - 0x00007ffdd5947000 	C:\WINDOWS\system32\napinsp.dll
0x00007ffdd5840000 - 0x00007ffdd585b000 	C:\WINDOWS\system32\pnrpnsp.dll
0x00007ffde4d80000 - 0x00007ffde4d9d000 	C:\WINDOWS\system32\NLAapi.dll
0x00007ffde85d0000 - 0x00007ffde860c000 	C:\WINDOWS\SYSTEM32\IPHLPAPI.DLL
0x00007ffdd58c0000 - 0x00007ffdd58d5000 	C:\WINDOWS\system32\wshbth.dll
0x00007ffde8610000 - 0x00007ffde86da000 	C:\WINDOWS\SYSTEM32\DNSAPI.dll
0x00007ffdea970000 - 0x00007ffdea978000 	C:\WINDOWS\System32\NSI.dll
0x00007ffdd58a0000 - 0x00007ffdd58b2000 	C:\WINDOWS\System32\winrnr.dll
0x00007ffde27a0000 - 0x00007ffde27aa000 	C:\Windows\System32\rasadhlp.dll
0x00007ffde2600000 - 0x00007ffde2682000 	C:\WINDOWS\System32\fwpuclnt.dll
0x00007ffde9800000 - 0x00007ffde9827000 	C:\WINDOWS\System32\bcrypt.dll
0x00007ffde8bf0000 - 0x00007ffde8c08000 	C:\WINDOWS\SYSTEM32\CRYPTSP.dll
0x00007ffde8200000 - 0x00007ffde8234000 	C:\WINDOWS\system32\rsaenh.dll
0x00007ffde9140000 - 0x00007ffde916e000 	C:\WINDOWS\SYSTEM32\USERENV.dll
0x00007ffde9a40000 - 0x00007ffde9ac2000 	C:\WINDOWS\System32\bcryptprimitives.dll
0x00007ffde8a50000 - 0x00007ffde8a5c000 	C:\WINDOWS\SYSTEM32\CRYPTBASE.dll
0x00007ffde39c0000 - 0x00007ffde39d7000 	C:\WINDOWS\SYSTEM32\dhcpcsvc6.DLL
0x00007ffde39a0000 - 0x00007ffde39bd000 	C:\WINDOWS\SYSTEM32\dhcpcsvc.DLL
0x00007ffdc0fe0000 - 0x00007ffdc1004000 	C:\jdk18\jre\bin\sunec.dll
0x00007ffdd75a0000 - 0x00007ffdd75ad000 	C:\jdk18\jre\bin\sunmscapi.dll
0x00007ffde9830000 - 0x00007ffde998e000 	C:\WINDOWS\System32\CRYPT32.dll
0x00007ffde8bc0000 - 0x00007ffde8be8000 	C:\WINDOWS\SYSTEM32\ncrypt.dll
0x00007ffde8b70000 - 0x00007ffde8bab000 	C:\WINDOWS\SYSTEM32\NTASN1.dll

VM Arguments:
jvm_args: -Dcom.sun.management.jmxremote -Dcom.sun.management.jmxremote.port=51905 -Dcom.sun.management.jmxremote.authenticate=false -Dcom.sun.management.jmxremote.ssl=false -Djava.rmi.server.hostname=localhost -Dspring.jmx.enabled=true -Dmanagement.endpoints.jmx.exposure.include=* -Dspring.application.admin.enabled=true -XX:TieredStopAtLevel=1 -Dspring.boot.project.name=senicare_pjt -Dfile.encoding=UTF-8 
java_command: com.java.Spring0710SampleApplication --spring.output.ansi.enabled=always
java_class_path (initial): C:\workspace6\senicare_0726\target\classes;C:\Users\Administrator\.m2\repository\org\springframework\boot\spring-boot-starter-web\2.7.13\spring-boot-starter-web-2.7.13.jar;C:\Users\Administrator\.m2\repository\org\springframework\boot\spring-boot-starter\2.7.13\spring-boot-starter-2.7.13.jar;C:\Users\Administrator\.m2\repository\org\springframework\boot\spring-boot-starter-logging\2.7.13\spring-boot-starter-logging-2.7.13.jar;C:\Users\Administrator\.m2\repository\ch\qos\logback\logback-classic\1.2.12\logback-classic-1.2.12.jar;C:\Users\Administrator\.m2\repository\ch\qos\logback\logback-core\1.2.12\logback-core-1.2.12.jar;C:\Users\Administrator\.m2\repository\org\apache\logging\log4j\log4j-to-slf4j\2.17.2\log4j-to-slf4j-2.17.2.jar;C:\Users\Administrator\.m2\repository\org\apache\logging\log4j\log4j-api\2.17.2\log4j-api-2.17.2.jar;C:\Users\Administrator\.m2\repository\org\slf4j\jul-to-slf4j\1.7.36\jul-to-slf4j-1.7.36.jar;C:\Users\Administrator\.m2\repository\jakarta\annotation\jakarta.annotation-api\1.3.5\jakarta.annotation-api-1.3.5.jar;C:\Users\Administrator\.m2\repository\org\yaml\snakeyaml\1.30\snakeyaml-1.30.jar;C:\Users\Administrator\.m2\repository\org\springframework\boot\spring-boot-starter-json\2.7.13\spring-boot-starter-json-2.7.13.jar;C:\Users\Administrator\.m2\repository\com\fasterxml\jackson\core\jackson-databind\2.13.5\jackson-databind-2.13.5.jar;C:\Users\Administrator\.m2\repository\com\fasterxml\jackson\core\jackson-annotations\2.13.5\jackson-annotations-2.13.5.jar;C:\Users\Administrator\.m2\repository\com\fasterxml\jackson\core\jackson-core\2.13.5\jackson-core-2.13.5.jar;C:\Users\Administrator\.m2\repository\com\fasterxml\jackson\datatype\jackson-datatype-jdk8\2.13.5\jackson-datatype-jdk8-2.13.5.jar;C:\Users\Administrator\.m2\repository\com\fasterxml\jackson\datatype\jackson-datatype-jsr310\2.13.5\jackson-datatype-jsr310-2.13.5.jar;C:\Users\Administrator\.m2\repository\com\fasterxml\jackson\module\jackson-module-parameter
Launcher Type: SUN_STANDARD

Environment Variables:
JAVA_HOME=C:\Program Files\Amazon Corretto\jdk11.0.18_10
PATH=C:/spring//plugins/org.eclipse.justj.openjdk.hotspot.jre.full.win32.x86_64_17.0.7.v20230425-1502/jre/bin/server;C:/spring//plugins/org.eclipse.justj.openjdk.hotspot.jre.full.win32.x86_64_17.0.7.v20230425-1502/jre/bin;C:\Program Files\Amazon Corretto\jdk11.0.18_10\bin;D:\app\hankuk1_006\product\11.2.0\dbhome_1\bin;D:\app\1강의실_006\product\11.2.0\dbhome_4\bin;D:;app\1강의실_006\product\11.2.0\dbhome_3\bin;C:;Program Files (x86)\Common Files\Oracle\Java\javapath;C:\WINDOWS\system32;C:\WINDOWS;C:\WINDOWS\System32\Wbem;C:\WINDOWS\System32\WindowsPowerShell\v1.0\;C:\WINDOWS\System32\OpenSSH\;C:\Program Files\Bandizip\;C:\Program Files\Docker\Docker\resources\bin;C:\Program Files\Git\cmd;C:\Program Files\Git LFS;C:\Program Files\dotnet\;C:\Program Files\Oracle\instantclient-basic-windows.x64-11.2.0.4.0\instantclient_11_2;C:\jdk18\bin;C:\Users\Administrator\AppData\Local\Microsoft\WindowsApps;C:\Users\Administrator\AppData\Local\Programs\Microsoft VS Code\bin;C:\Program Files\Oracle\instantclient-basic-windows.x64-11.2.0.4.0\instantclient_11_2;C:\jdk18\bin;C:\Users\Administrator\AppData\Local\GitHubDesktop\bin;C:\Program Files\JetBrains\IntelliJ IDEA 2023.1.2\bin;;C:\Program Files (x86)\ESTsoft\ALSee\x64;C:\spring;
USERNAME=Administrator
OS=Windows_NT
PROCESSOR_IDENTIFIER=Intel64 Family 6 Model 158 Stepping 10, GenuineIntel



---------------  S Y S T E M  ---------------

OS: Windows 10 , 64 bit Build 19041 (10.0.19041.3155)

CPU:total 6 (initial active 6) (6 cores per cpu, 1 threads per core) family 6 model 158 stepping 10, cmov, cx8, fxsr, mmx, sse, sse2, sse3, ssse3, sse4.1, sse4.2, popcnt, avx, avx2, aes, clmul, erms, 3dnowpref, lzcnt, tsc, tscinvbit, bmi1, bmi2, adx

Memory: 4k page, physical 33497336k(12880496k free), swap 35594488k(5092k free)

vm_info: Java HotSpot(TM) 64-Bit Server VM (25.341-b10) for windows-amd64 JRE (1.8.0_341-b10), built on Jun 16 2022 15:51:07 by "java_re" with MS VC++ 15.9 (VS2017)

time: Mon Jul 31 18:08:50 2023
timezone: Intel64 Family 6 Model 158 Stepping 10, GenuineIntel
elapsed time: 11.039103 seconds (0d 0h 0m 11s)

