#
# There is insufficient memory for the Java Runtime Environment to continue.
# Native memory allocation (malloc) failed to allocate 993936 bytes for Chunk::new
# Possible reasons:
#   The system is out of physical RAM or swap space
#   The process is running with CompressedOops enabled, and the Java Heap may be blocking the growth of the native heap
# Possible solutions:
#   Reduce memory load on the system
#   Increase physical memory or swap space
#   Check if swap backing store is full
#   Decrease Java heap size (-Xmx/-Xms)
#   Decrease number of Java threads
#   Decrease Java thread stack sizes (-Xss)
#   Set larger code cache with -XX:ReservedCodeCacheSize=
#   JVM is running with Unscaled Compressed Oops mode in which the Java heap is
#     placed in the first 4GB address space. The Java Heap base address is the
#     maximum limit for the native heap growth. Please use -XX:HeapBaseMinAddress
#     to set the Java Heap base and to place the Java Heap above 4GB virtual address.
# This output file may be truncated or incomplete.
#
#  Out of Memory Error (arena.cpp:189), pid=40988, tid=40868
#
# JRE version: OpenJDK Runtime Environment Temurin-17.0.7+7 (17.0.7+7) (build 17.0.7+7)
# Java VM: OpenJDK 64-Bit Server VM Temurin-17.0.7+7 (17.0.7+7, mixed mode, tiered, compressed oops, compressed class ptrs, parallel gc, windows-amd64)
# No core dump will be written. Minidumps are not enabled by default on client versions of Windows
#

---------------  S U M M A R Y ------------

Command Line: --add-modules=ALL-SYSTEM --add-opens=java.base/java.util=ALL-UNNAMED --add-opens=java.base/java.lang=ALL-UNNAMED --add-opens=java.base/sun.nio.fs=ALL-UNNAMED -Declipse.application=org.eclipse.jdt.ls.core.id1 -Dosgi.bundles.defaultStartLevel=4 -Declipse.product=org.eclipse.jdt.ls.core.product -Djava.import.generatesMetadataFilesAtProjectRoot=false -Dfile.encoding=utf8 -XX:+UseParallelGC -XX:GCTimeRatio=4 -XX:AdaptiveSizePolicyWeight=90 -Dsun.zip.disableMemoryMapping=true -Xmx1G -Xms100m -Xlog:disable -javaagent:c:\Users\Administrator\.vscode\extensions\redhat.java-1.20.0-win32-x64\lombok\lombok-1.18.28.jar c:\Users\Administrator\.vscode\extensions\redhat.java-1.20.0-win32-x64\server\plugins\org.eclipse.equinox.launcher_1.6.500.v20230622-2056.jar -configuration c:\Users\Administrator\AppData\Roaming\Code\User\globalStorage\redhat.java\1.20.0\config_ss_win -data c:\Users\Administrator\AppData\Roaming\Code\User\workspaceStorage\097172af5ab28b27b9f1eb04946a37b6\redhat.java\ss_ws

Host: Intel(R) Core(TM) i5-9400F CPU @ 2.90GHz, 6 cores, 31G,  Windows 10 , 64 bit Build 19041 (10.0.19041.3031)
Time: Tue Jul 11 15:21:26 2023  Windows 10 , 64 bit Build 19041 (10.0.19041.3031) elapsed time: 1.720294 seconds (0d 0h 0m 1s)

---------------  T H R E A D  ---------------

Current thread (0x000001ab768c7950):  JavaThread "C2 CompilerThread1" daemon [_thread_in_native, id=40868, stack(0x0000000101500000,0x0000000101600000)]


Current CompileTask:
C2:   1720 2156       4       org.objectweb.asm.ClassReader::readMethod (1066 bytes)

Stack: [0x0000000101500000,0x0000000101600000]
Native frames: (J=compiled Java code, j=interpreted, Vv=VM code, C=native code)
V  [jvm.dll+0x67754a]
V  [jvm.dll+0x834304]
V  [jvm.dll+0x835aae]
V  [jvm.dll+0x836113]
V  [jvm.dll+0x24696f]
V  [jvm.dll+0xac0ac]
V  [jvm.dll+0xac67c]
V  [jvm.dll+0x2adbef]
V  [jvm.dll+0x580067]
V  [jvm.dll+0x221e72]
V  [jvm.dll+0x22224f]
V  [jvm.dll+0x21b4a5]
V  [jvm.dll+0x21895b]
V  [jvm.dll+0x1a4d8d]
V  [jvm.dll+0x2284da]
V  [jvm.dll+0x226615]
V  [jvm.dll+0x7ea90b]
V  [jvm.dll+0x7e4e7a]
V  [jvm.dll+0x676395]
C  [ucrtbase.dll+0x21bb2]
C  [KERNEL32.DLL+0x17614]
C  [ntdll.dll+0x526f1]


---------------  P R O C E S S  ---------------

Threads class SMR info:
_java_thread_list=0x000001ab77a42940, length=22, elements={
0x000001ab5af73b80, 0x000001ab70d1d1c0, 0x000001ab70d1e2b0, 0x000001ab70d45a70,
0x000001ab70d467f0, 0x000001ab70d47470, 0x000001ab76489030, 0x000001ab76489c20,
0x000001ab70d49860, 0x000001ab70d4cd00, 0x000001ab76553010, 0x000001ab7676dd30,
0x000001ab768c7950, 0x000001ab76f0a7e0, 0x000001ab76fc0cd0, 0x000001ab76f098b0,
0x000001ab76f77820, 0x000001ab76fe7a30, 0x000001ab77269b50, 0x000001ab774321e0,
0x000001ab7734b840, 0x000001ab77568c60
}

Java Threads: ( => current thread )
  0x000001ab5af73b80 JavaThread "main" [_thread_blocked, id=39960, stack(0x0000000100600000,0x0000000100700000)]
  0x000001ab70d1d1c0 JavaThread "Reference Handler" daemon [_thread_blocked, id=13568, stack(0x0000000100900000,0x0000000100a00000)]
  0x000001ab70d1e2b0 JavaThread "Finalizer" daemon [_thread_blocked, id=35820, stack(0x0000000100a00000,0x0000000100b00000)]
  0x000001ab70d45a70 JavaThread "Signal Dispatcher" daemon [_thread_blocked, id=40200, stack(0x0000000100b00000,0x0000000100c00000)]
  0x000001ab70d467f0 JavaThread "Attach Listener" daemon [_thread_blocked, id=38756, stack(0x0000000100c00000,0x0000000100d00000)]
  0x000001ab70d47470 JavaThread "Service Thread" daemon [_thread_blocked, id=41076, stack(0x0000000100d00000,0x0000000100e00000)]
  0x000001ab76489030 JavaThread "Monitor Deflation Thread" daemon [_thread_blocked, id=41596, stack(0x0000000100e00000,0x0000000100f00000)]
  0x000001ab76489c20 JavaThread "C2 CompilerThread0" daemon [_thread_blocked, id=40624, stack(0x0000000100f00000,0x0000000101000000)]
  0x000001ab70d49860 JavaThread "C1 CompilerThread0" daemon [_thread_blocked, id=38704, stack(0x0000000101000000,0x0000000101100000)]
  0x000001ab70d4cd00 JavaThread "Sweeper thread" daemon [_thread_blocked, id=40580, stack(0x0000000101100000,0x0000000101200000)]
  0x000001ab76553010 JavaThread "Common-Cleaner" daemon [_thread_blocked, id=41552, stack(0x0000000101200000,0x0000000101300000)]
  0x000001ab7676dd30 JavaThread "Notification Thread" daemon [_thread_blocked, id=41608, stack(0x0000000101300000,0x0000000101400000)]
=>0x000001ab768c7950 JavaThread "C2 CompilerThread1" daemon [_thread_in_native, id=40868, stack(0x0000000101500000,0x0000000101600000)]
  0x000001ab76f0a7e0 JavaThread "Active Thread: Equinox Container: ca8e5d4e-73f1-4512-8c0d-90eb4c4a9999" [_thread_blocked, id=40304, stack(0x0000000101b00000,0x0000000101c00000)]
  0x000001ab76fc0cd0 JavaThread "Framework Event Dispatcher: Equinox Container: ca8e5d4e-73f1-4512-8c0d-90eb4c4a9999" daemon [_thread_blocked, id=22848, stack(0x0000000101c00000,0x0000000101d00000)]
  0x000001ab76f098b0 JavaThread "Start Level: Equinox Container: ca8e5d4e-73f1-4512-8c0d-90eb4c4a9999" daemon [_thread_blocked, id=37264, stack(0x0000000101d00000,0x0000000101e00000)]
  0x000001ab76f77820 JavaThread "SCR Component Actor" daemon [_thread_blocked, id=41484, stack(0x0000000101e00000,0x0000000101f00000)]
  0x000001ab76fe7a30 JavaThread "SCR Component Registry" daemon [_thread_blocked, id=40300, stack(0x0000000101f00000,0x0000000102000000)]
  0x000001ab77269b50 JavaThread "Worker-JM" [_thread_blocked, id=40008, stack(0x0000000102000000,0x0000000102100000)]
  0x000001ab774321e0 JavaThread "Worker-0" [_thread_blocked, id=40612, stack(0x0000000102100000,0x0000000102200000)]
  0x000001ab7734b840 JavaThread "Worker-1" [_thread_blocked, id=31824, stack(0x0000000102200000,0x0000000102300000)]
  0x000001ab77568c60 JavaThread "Java indexing" daemon [_thread_blocked, id=41708, stack(0x0000000102300000,0x0000000102400000)]

Other Threads:
  0x000001ab70bf7e80 VMThread "VM Thread" [stack: 0x0000000100800000,0x0000000100900000] [id=38440]
  0x000001ab7676e200 WatcherThread [stack: 0x0000000101400000,0x0000000101500000] [id=41204]
  0x000001ab5af88620 GCTaskThread "GC Thread#0" [stack: 0x0000000100700000,0x0000000100800000] [id=11612]
  0x000001ab7701d1c0 GCTaskThread "GC Thread#1" [stack: 0x0000000101600000,0x0000000101700000] [id=40956]
  0x000001ab7701d470 GCTaskThread "GC Thread#2" [stack: 0x0000000101700000,0x0000000101800000] [id=40128]
  0x000001ab76e57430 GCTaskThread "GC Thread#3" [stack: 0x0000000101800000,0x0000000101900000] [id=22836]
  0x000001ab76e576e0 GCTaskThread "GC Thread#4" [stack: 0x0000000101900000,0x0000000101a00000] [id=39376]
  0x000001ab76e57990 GCTaskThread "GC Thread#5" [stack: 0x0000000101a00000,0x0000000101b00000] [id=40400]

Threads with active compile tasks:
C2 CompilerThread1     1745 2156       4       org.objectweb.asm.ClassReader::readMethod (1066 bytes)

VM state: not at safepoint (normal execution)

VM Mutex/Monitor currently owned by a thread: None

Heap address: 0x00000000c0000000, size: 1024 MB, Compressed Oops mode: 32-bit

CDS archive(s) not mapped
Compressed class space mapped at: 0x000001ab00000000-0x000001ab40000000, reserved size: 1073741824
Narrow klass base: 0x000001ab00000000, Narrow klass shift: 0, Narrow klass range: 0x40000000

GC Precious Log:
 CPUs: 6 total, 6 available
 Memory: 32712M
 Large Page Support: Disabled
 NUMA Support: Disabled
 Compressed Oops: Enabled (32-bit)
 Alignments: Space 512K, Generation 512K, Heap 2M
 Heap Min Capacity: 100M
 Heap Initial Capacity: 100M
 Heap Max Capacity: 1G
 Pre-touch: Disabled
 Parallel Workers: 6

Heap:
 PSYoungGen      total 25600K, used 21732K [0x00000000eab00000, 0x00000000ec880000, 0x0000000100000000)
  eden space 25088K, 85% used [0x00000000eab00000,0x00000000ebff9280,0x00000000ec380000)
  from space 512K, 50% used [0x00000000ec400000,0x00000000ec440000,0x00000000ec480000)
  to   space 2048K, 0% used [0x00000000ec680000,0x00000000ec680000,0x00000000ec880000)
 ParOldGen       total 68608K, used 6957K [0x00000000c0000000, 0x00000000c4300000, 0x00000000eab00000)
  object space 68608K, 10% used [0x00000000c0000000,0x00000000c06cb7b0,0x00000000c4300000)
 Metaspace       used 26720K, committed 27200K, reserved 1114112K
  class space    used 2596K, committed 2816K, reserved 1048576K

Card table byte_map: [0x000001ab6e5e0000,0x000001ab6e7f0000] _byte_map_base: 0x000001ab6dfe0000

Marking Bits: (ParMarkBitMap*) 0x00007ff9496752c0
 Begin Bits: [0x000001ab6e950000, 0x000001ab6f950000)
 End Bits:   [0x000001ab6f950000, 0x000001ab70950000)

Polling page: 0x000001ab5b040000

Metaspace:

Usage:
  Non-class:     23.56 MB used.
      Class:      2.54 MB used.
       Both:     26.10 MB used.

Virtual space:
  Non-class space:       64.00 MB reserved,      23.81 MB ( 37%) committed,  1 nodes.
      Class space:        1.00 GB reserved,       2.75 MB ( <1%) committed,  1 nodes.
             Both:        1.06 GB reserved,      26.56 MB (  2%) committed. 

Chunk freelists:
   Non-Class:  8.08 MB
       Class:  13.12 MB
        Both:  21.21 MB

MaxMetaspaceSize: unlimited
CompressedClassSpaceSize: 1.00 GB
Initial GC threshold: 21.00 MB
Current GC threshold: 35.00 MB
CDS: off
MetaspaceReclaimPolicy: balanced
 - commit_granule_bytes: 65536.
 - commit_granule_words: 8192.
 - virtual_space_node_default_size: 8388608.
 - enlarge_chunks_in_place: 1.
 - new_chunks_are_fully_committed: 0.
 - uncommit_free_chunks: 1.
 - use_allocation_guard: 0.
 - handle_deallocations: 1.


Internal statistics:

num_allocs_failed_limit: 3.
num_arena_births: 198.
num_arena_deaths: 14.
num_vsnodes_births: 2.
num_vsnodes_deaths: 0.
num_space_committed: 425.
num_space_uncommitted: 0.
num_chunks_returned_to_freelist: 17.
num_chunks_taken_from_freelist: 903.
num_chunk_merges: 7.
num_chunk_splits: 594.
num_chunks_enlarged: 410.
num_inconsistent_stats: 0.

CodeHeap 'non-profiled nmethods': size=120000Kb used=859Kb max_used=859Kb free=119140Kb
 bounds [0x000001ab66ed0000, 0x000001ab67140000, 0x000001ab6e400000]
CodeHeap 'profiled nmethods': size=120000Kb used=4450Kb max_used=4450Kb free=115549Kb
 bounds [0x000001ab5f400000, 0x000001ab5f860000, 0x000001ab66930000]
CodeHeap 'non-nmethods': size=5760Kb used=1230Kb max_used=1251Kb free=4529Kb
 bounds [0x000001ab66930000, 0x000001ab66ba0000, 0x000001ab66ed0000]
 total_blobs=2784 nmethods=2247 adapters=451
 compilation: enabled
              stopped_count=0, restarted_count=0
 full_count=0

Compilation events (20 events):
Event: 1.694 Thread 0x000001ab70d49860 nmethod 2239 0x000001ab5f855790 code [0x000001ab5f855940, 0x000001ab5f855b38]
Event: 1.694 Thread 0x000001ab70d49860 2238       3       java.lang.Character::toUpperCase (6 bytes)
Event: 1.694 Thread 0x000001ab70d49860 nmethod 2238 0x000001ab5f855c10 code [0x000001ab5f855dc0, 0x000001ab5f856018]
Event: 1.694 Thread 0x000001ab70d49860 2240       3       java.lang.ProcessEnvironment$NameComparator::compare (13 bytes)
Event: 1.694 Thread 0x000001ab70d49860 nmethod 2240 0x000001ab5f856110 code [0x000001ab5f8562c0, 0x000001ab5f8565e8]
Event: 1.695 Thread 0x000001ab70d49860 2241       3       java.lang.invoke.DirectMethodHandle::preparedLambdaForm (31 bytes)
Event: 1.696 Thread 0x000001ab70d49860 nmethod 2241 0x000001ab5f856710 code [0x000001ab5f856900, 0x000001ab5f856da8]
Event: 1.696 Thread 0x000001ab70d49860 2242       3       java.lang.invoke.MethodType$ConcurrentWeakInternSet::get (47 bytes)
Event: 1.696 Thread 0x000001ab70d49860 nmethod 2242 0x000001ab5f856f90 code [0x000001ab5f8571c0, 0x000001ab5f857b18]
Event: 1.698 Thread 0x000001ab70d49860 2243       1       sun.nio.fs.WindowsPath::getFileSystem (5 bytes)
Event: 1.698 Thread 0x000001ab70d49860 nmethod 2243 0x000001ab66fa3510 code [0x000001ab66fa36a0, 0x000001ab66fa3778]
Event: 1.705 Thread 0x000001ab70d49860 2244       3       sun.util.locale.LocaleUtils::isUpper (18 bytes)
Event: 1.705 Thread 0x000001ab70d49860 nmethod 2244 0x000001ab5f857e10 code [0x000001ab5f857fa0, 0x000001ab5f858118]
Event: 1.705 Thread 0x000001ab70d49860 2245       3       jdk.internal.reflect.ConstructorAccessorImpl::<init> (5 bytes)
Event: 1.705 Thread 0x000001ab70d49860 nmethod 2245 0x000001ab5f858190 code [0x000001ab5f858340, 0x000001ab5f8584f8]
Event: 1.705 Thread 0x000001ab70d49860 2246       1       jdk.internal.reflect.NativeConstructorAccessorImpl::setParent (6 bytes)
Event: 1.705 Thread 0x000001ab70d49860 nmethod 2246 0x000001ab66fa3810 code [0x000001ab66fa39a0, 0x000001ab66fa3a78]
Event: 1.707 Thread 0x000001ab76489c20 2247       4       java.util.StringTokenizer::scanToken (179 bytes)
Event: 1.712 Thread 0x000001ab76489c20 nmethod 2247 0x000001ab66fa3b10 code [0x000001ab66fa3d00, 0x000001ab66fa4380]
Event: 1.712 Thread 0x000001ab76489c20 2248       4       java.util.HashSet::add (20 bytes)

GC Heap History (12 events):
Event: 0.638 GC heap before
{Heap before GC invocations=1 (full 0):
 PSYoungGen      total 29696K, used 25600K [0x00000000eab00000, 0x00000000ecc00000, 0x0000000100000000)
  eden space 25600K, 100% used [0x00000000eab00000,0x00000000ec400000,0x00000000ec400000)
  from space 4096K, 0% used [0x00000000ec800000,0x00000000ec800000,0x00000000ecc00000)
  to   space 4096K, 0% used [0x00000000ec400000,0x00000000ec400000,0x00000000ec800000)
 ParOldGen       total 68608K, used 0K [0x00000000c0000000, 0x00000000c4300000, 0x00000000eab00000)
  object space 68608K, 0% used [0x00000000c0000000,0x00000000c0000000,0x00000000c4300000)
 Metaspace       used 11187K, committed 11328K, reserved 1114112K
  class space    used 1122K, committed 1216K, reserved 1048576K
}
Event: 0.642 GC heap after
{Heap after GC invocations=1 (full 0):
 PSYoungGen      total 29696K, used 3346K [0x00000000eab00000, 0x00000000ecc00000, 0x0000000100000000)
  eden space 25600K, 0% used [0x00000000eab00000,0x00000000eab00000,0x00000000ec400000)
  from space 4096K, 81% used [0x00000000ec400000,0x00000000ec7449b8,0x00000000ec800000)
  to   space 4096K, 0% used [0x00000000ec800000,0x00000000ec800000,0x00000000ecc00000)
 ParOldGen       total 68608K, used 16K [0x00000000c0000000, 0x00000000c4300000, 0x00000000eab00000)
  object space 68608K, 0% used [0x00000000c0000000,0x00000000c0004000,0x00000000c4300000)
 Metaspace       used 11187K, committed 11328K, reserved 1114112K
  class space    used 1122K, committed 1216K, reserved 1048576K
}
Event: 1.007 GC heap before
{Heap before GC invocations=2 (full 0):
 PSYoungGen      total 29696K, used 28946K [0x00000000eab00000, 0x00000000ecc00000, 0x0000000100000000)
  eden space 25600K, 100% used [0x00000000eab00000,0x00000000ec400000,0x00000000ec400000)
  from space 4096K, 81% used [0x00000000ec400000,0x00000000ec7449b8,0x00000000ec800000)
  to   space 4096K, 0% used [0x00000000ec800000,0x00000000ec800000,0x00000000ecc00000)
 ParOldGen       total 68608K, used 16K [0x00000000c0000000, 0x00000000c4300000, 0x00000000eab00000)
  object space 68608K, 0% used [0x00000000c0000000,0x00000000c0004000,0x00000000c4300000)
 Metaspace       used 15383K, committed 15680K, reserved 1114112K
  class space    used 1577K, committed 1728K, reserved 1048576K
}
Event: 1.011 GC heap after
{Heap after GC invocations=2 (full 0):
 PSYoungGen      total 29696K, used 4087K [0x00000000eab00000, 0x00000000ecc00000, 0x0000000100000000)
  eden space 25600K, 0% used [0x00000000eab00000,0x00000000eab00000,0x00000000ec400000)
  from space 4096K, 99% used [0x00000000ec800000,0x00000000ecbfded8,0x00000000ecc00000)
  to   space 4096K, 0% used [0x00000000ec400000,0x00000000ec400000,0x00000000ec800000)
 ParOldGen       total 68608K, used 958K [0x00000000c0000000, 0x00000000c4300000, 0x00000000eab00000)
  object space 68608K, 1% used [0x00000000c0000000,0x00000000c00efb80,0x00000000c4300000)
 Metaspace       used 15383K, committed 15680K, reserved 1114112K
  class space    used 1577K, committed 1728K, reserved 1048576K
}
Event: 1.373 GC heap before
{Heap before GC invocations=3 (full 0):
 PSYoungGen      total 29696K, used 29687K [0x00000000eab00000, 0x00000000ecc00000, 0x0000000100000000)
  eden space 25600K, 100% used [0x00000000eab00000,0x00000000ec400000,0x00000000ec400000)
  from space 4096K, 99% used [0x00000000ec800000,0x00000000ecbfded8,0x00000000ecc00000)
  to   space 4096K, 0% used [0x00000000ec400000,0x00000000ec400000,0x00000000ec800000)
 ParOldGen       total 68608K, used 958K [0x00000000c0000000, 0x00000000c4300000, 0x00000000eab00000)
  object space 68608K, 1% used [0x00000000c0000000,0x00000000c00efb80,0x00000000c4300000)
 Metaspace       used 20360K, committed 20800K, reserved 1114112K
  class space    used 2101K, committed 2304K, reserved 1048576K
}
Event: 1.376 GC heap after
{Heap after GC invocations=3 (full 0):
 PSYoungGen      total 29696K, used 4093K [0x00000000eab00000, 0x00000000ecc00000, 0x0000000100000000)
  eden space 25600K, 0% used [0x00000000eab00000,0x00000000eab00000,0x00000000ec400000)
  from space 4096K, 99% used [0x00000000ec400000,0x00000000ec7ff598,0x00000000ec800000)
  to   space 4096K, 0% used [0x00000000ec800000,0x00000000ec800000,0x00000000ecc00000)
 ParOldGen       total 68608K, used 2595K [0x00000000c0000000, 0x00000000c4300000, 0x00000000eab00000)
  object space 68608K, 3% used [0x00000000c0000000,0x00000000c0288cb8,0x00000000c4300000)
 Metaspace       used 20360K, committed 20800K, reserved 1114112K
  class space    used 2101K, committed 2304K, reserved 1048576K
}
Event: 1.408 GC heap before
{Heap before GC invocations=4 (full 0):
 PSYoungGen      total 29696K, used 8656K [0x00000000eab00000, 0x00000000ecc00000, 0x0000000100000000)
  eden space 25600K, 17% used [0x00000000eab00000,0x00000000eaf74de8,0x00000000ec400000)
  from space 4096K, 99% used [0x00000000ec400000,0x00000000ec7ff598,0x00000000ec800000)
  to   space 4096K, 0% used [0x00000000ec800000,0x00000000ec800000,0x00000000ecc00000)
 ParOldGen       total 68608K, used 2595K [0x00000000c0000000, 0x00000000c4300000, 0x00000000eab00000)
  object space 68608K, 3% used [0x00000000c0000000,0x00000000c0288cb8,0x00000000c4300000)
 Metaspace       used 21068K, committed 21504K, reserved 1114112K
  class space    used 2153K, committed 2304K, reserved 1048576K
}
Event: 1.410 GC heap after
{Heap after GC invocations=4 (full 0):
 PSYoungGen      total 29696K, used 4084K [0x00000000eab00000, 0x00000000ecc00000, 0x0000000100000000)
  eden space 25600K, 0% used [0x00000000eab00000,0x00000000eab00000,0x00000000ec400000)
  from space 4096K, 99% used [0x00000000ec800000,0x00000000ecbfd1b8,0x00000000ecc00000)
  to   space 4096K, 0% used [0x00000000ec400000,0x00000000ec400000,0x00000000ec800000)
 ParOldGen       total 68608K, used 3023K [0x00000000c0000000, 0x00000000c4300000, 0x00000000eab00000)
  object space 68608K, 4% used [0x00000000c0000000,0x00000000c02f3ec0,0x00000000c4300000)
 Metaspace       used 21068K, committed 21504K, reserved 1114112K
  class space    used 2153K, committed 2304K, reserved 1048576K
}
Event: 1.410 GC heap before
{Heap before GC invocations=5 (full 1):
 PSYoungGen      total 29696K, used 4084K [0x00000000eab00000, 0x00000000ecc00000, 0x0000000100000000)
  eden space 25600K, 0% used [0x00000000eab00000,0x00000000eab00000,0x00000000ec400000)
  from space 4096K, 99% used [0x00000000ec800000,0x00000000ecbfd1b8,0x00000000ecc00000)
  to   space 4096K, 0% used [0x00000000ec400000,0x00000000ec400000,0x00000000ec800000)
 ParOldGen       total 68608K, used 3023K [0x00000000c0000000, 0x00000000c4300000, 0x00000000eab00000)
  object space 68608K, 4% used [0x00000000c0000000,0x00000000c02f3ec0,0x00000000c4300000)
 Metaspace       used 21068K, committed 21504K, reserved 1114112K
  class space    used 2153K, committed 2304K, reserved 1048576K
}
Event: 1.423 GC heap after
{Heap after GC invocations=5 (full 1):
 PSYoungGen      total 29696K, used 0K [0x00000000eab00000, 0x00000000ecc00000, 0x0000000100000000)
  eden space 25600K, 0% used [0x00000000eab00000,0x00000000eab00000,0x00000000ec400000)
  from space 4096K, 0% used [0x00000000ec800000,0x00000000ec800000,0x00000000ecc00000)
  to   space 4096K, 0% used [0x00000000ec400000,0x00000000ec400000,0x00000000ec800000)
 ParOldGen       total 68608K, used 6957K [0x00000000c0000000, 0x00000000c4300000, 0x00000000eab00000)
  object space 68608K, 10% used [0x00000000c0000000,0x00000000c06cb7b0,0x00000000c4300000)
 Metaspace       used 21055K, committed 21504K, reserved 1114112K
  class space    used 2149K, committed 2304K, reserved 1048576K
}
Event: 1.601 GC heap before
{Heap before GC invocations=6 (full 1):
 PSYoungGen      total 29696K, used 25600K [0x00000000eab00000, 0x00000000ecc00000, 0x0000000100000000)
  eden space 25600K, 100% used [0x00000000eab00000,0x00000000ec400000,0x00000000ec400000)
  from space 4096K, 0% used [0x00000000ec800000,0x00000000ec800000,0x00000000ecc00000)
  to   space 4096K, 0% used [0x00000000ec400000,0x00000000ec400000,0x00000000ec800000)
 ParOldGen       total 68608K, used 6957K [0x00000000c0000000, 0x00000000c4300000, 0x00000000eab00000)
  object space 68608K, 10% used [0x00000000c0000000,0x00000000c06cb7b0,0x00000000c4300000)
 Metaspace       used 24653K, committed 25088K, reserved 1114112K
  class space    used 2422K, committed 2624K, reserved 1048576K
}
Event: 1.602 GC heap after
{Heap after GC invocations=6 (full 1):
 PSYoungGen      total 25600K, used 256K [0x00000000eab00000, 0x00000000ec880000, 0x0000000100000000)
  eden space 25088K, 0% used [0x00000000eab00000,0x00000000eab00000,0x00000000ec380000)
  from space 512K, 50% used [0x00000000ec400000,0x00000000ec440000,0x00000000ec480000)
  to   space 2048K, 0% used [0x00000000ec680000,0x00000000ec680000,0x00000000ec880000)
 ParOldGen       total 68608K, used 6957K [0x00000000c0000000, 0x00000000c4300000, 0x00000000eab00000)
  object space 68608K, 10% used [0x00000000c0000000,0x00000000c06cb7b0,0x00000000c4300000)
 Metaspace       used 24653K, committed 25088K, reserved 1114112K
  class space    used 2422K, committed 2624K, reserved 1048576K
}

Dll operation events (11 events):
Event: 0.013 Loaded shared library c:\Users\Administrator\.vscode\extensions\redhat.java-1.20.0-win32-x64\jre\17.0.7-win32-x86_64\bin\java.dll
Event: 0.142 Loaded shared library c:\Users\Administrator\.vscode\extensions\redhat.java-1.20.0-win32-x64\jre\17.0.7-win32-x86_64\bin\zip.dll
Event: 0.150 Loaded shared library C:\Users\Administrator\.vscode\extensions\redhat.java-1.20.0-win32-x64\jre\17.0.7-win32-x86_64\bin\instrument.dll
Event: 0.160 Loaded shared library C:\Users\Administrator\.vscode\extensions\redhat.java-1.20.0-win32-x64\jre\17.0.7-win32-x86_64\bin\net.dll
Event: 0.166 Loaded shared library C:\Users\Administrator\.vscode\extensions\redhat.java-1.20.0-win32-x64\jre\17.0.7-win32-x86_64\bin\nio.dll
Event: 0.172 Loaded shared library C:\Users\Administrator\.vscode\extensions\redhat.java-1.20.0-win32-x64\jre\17.0.7-win32-x86_64\bin\zip.dll
Event: 0.186 Loaded shared library C:\Users\Administrator\.vscode\extensions\redhat.java-1.20.0-win32-x64\jre\17.0.7-win32-x86_64\bin\jimage.dll
Event: 0.242 Loaded shared library c:\Users\Administrator\.vscode\extensions\redhat.java-1.20.0-win32-x64\jre\17.0.7-win32-x86_64\bin\verify.dll
Event: 0.924 Loaded shared library C:\Users\Administrator\AppData\Roaming\Code\User\globalStorage\redhat.java\1.20.0\config_ss_win\org.eclipse.equinox.launcher\org.eclipse.equinox.launcher.win32.win32.x86_64_1.2.700.v20221108-1024\eclipse_11801.dll
Event: 1.294 Loaded shared library C:\Users\Administrator\.vscode\extensions\redhat.java-1.20.0-win32-x64\jre\17.0.7-win32-x86_64\bin\management.dll
Event: 1.297 Loaded shared library C:\Users\Administrator\.vscode\extensions\redhat.java-1.20.0-win32-x64\jre\17.0.7-win32-x86_64\bin\management_ext.dll

Deoptimization events (20 events):
Event: 1.301 Thread 0x000001ab76f098b0 Uncommon trap: trap_request=0xffffff45 fr.pc=0x000001ab66f49b8c relative=0x000000000000096c
Event: 1.302 Thread 0x000001ab76f098b0 Uncommon trap: reason=unstable_if action=reinterpret pc=0x000001ab66f49b8c method=java.util.HashMap.putVal(ILjava/lang/Object;Ljava/lang/Object;ZZ)Ljava/lang/Object; @ 236 c2
Event: 1.302 Thread 0x000001ab76f098b0 DEOPT PACKING pc=0x000001ab66f49b8c sp=0x0000000101df8dc0
Event: 1.302 Thread 0x000001ab76f098b0 DEOPT UNPACKING pc=0x000001ab669866a3 sp=0x0000000101df8d48 mode 2
Event: 1.544 Thread 0x000001ab76f098b0 DEOPT PACKING pc=0x000001ab5f4d124b sp=0x0000000101df0030
Event: 1.544 Thread 0x000001ab76f098b0 DEOPT UNPACKING pc=0x000001ab66986e43 sp=0x0000000101def550 mode 0
Event: 1.677 Thread 0x000001ab76f098b0 DEOPT PACKING pc=0x000001ab5f4d755e sp=0x0000000101df7e00
Event: 1.677 Thread 0x000001ab76f098b0 DEOPT UNPACKING pc=0x000001ab66986e43 sp=0x0000000101df72f8 mode 0
Event: 1.677 Thread 0x000001ab76f098b0 Uncommon trap: trap_request=0xffffff45 fr.pc=0x000001ab66f868e8 relative=0x0000000000000f48
Event: 1.677 Thread 0x000001ab76f098b0 Uncommon trap: reason=unstable_if action=reinterpret pc=0x000001ab66f868e8 method=java.util.Properties.loadConvert([CIILjava/lang/StringBuilder;)Ljava/lang/String; @ 491 c2
Event: 1.677 Thread 0x000001ab76f098b0 DEOPT PACKING pc=0x000001ab66f868e8 sp=0x0000000101df7e30
Event: 1.677 Thread 0x000001ab76f098b0 DEOPT UNPACKING pc=0x000001ab669866a3 sp=0x0000000101df7e10 mode 2
Event: 1.677 Thread 0x000001ab76f098b0 DEOPT PACKING pc=0x000001ab5f4d755e sp=0x0000000101df7e00
Event: 1.677 Thread 0x000001ab76f098b0 DEOPT UNPACKING pc=0x000001ab66986e43 sp=0x0000000101df72f8 mode 0
Event: 1.678 Thread 0x000001ab76f098b0 DEOPT PACKING pc=0x000001ab5f4d755e sp=0x0000000101df7e00
Event: 1.678 Thread 0x000001ab76f098b0 DEOPT UNPACKING pc=0x000001ab66986e43 sp=0x0000000101df72f8 mode 0
Event: 1.706 Thread 0x000001ab76f098b0 Uncommon trap: trap_request=0xffffff45 fr.pc=0x000001ab66f09df4 relative=0x0000000000000074
Event: 1.706 Thread 0x000001ab76f098b0 Uncommon trap: reason=unstable_if action=reinterpret pc=0x000001ab66f09df4 method=jdk.internal.misc.Unsafe.convEndian(ZJ)J @ 4 c2
Event: 1.706 Thread 0x000001ab76f098b0 DEOPT PACKING pc=0x000001ab66f09df4 sp=0x0000000101dfc8f0
Event: 1.706 Thread 0x000001ab76f098b0 DEOPT UNPACKING pc=0x000001ab669866a3 sp=0x0000000101dfc818 mode 2

Classes unloaded (7 events):
Event: 1.413 Thread 0x000001ab70bf7e80 Unloading class 0x000001ab00214400 'java/lang/invoke/LambdaForm$MH+0x000001ab00214400'
Event: 1.413 Thread 0x000001ab70bf7e80 Unloading class 0x000001ab00214000 'java/lang/invoke/LambdaForm$MH+0x000001ab00214000'
Event: 1.413 Thread 0x000001ab70bf7e80 Unloading class 0x000001ab00213c00 'java/lang/invoke/LambdaForm$MH+0x000001ab00213c00'
Event: 1.413 Thread 0x000001ab70bf7e80 Unloading class 0x000001ab00213800 'java/lang/invoke/LambdaForm$MH+0x000001ab00213800'
Event: 1.413 Thread 0x000001ab70bf7e80 Unloading class 0x000001ab00213000 'java/lang/invoke/LambdaForm$BMH+0x000001ab00213000'
Event: 1.413 Thread 0x000001ab70bf7e80 Unloading class 0x000001ab00212c00 'java/lang/invoke/LambdaForm$DMH+0x000001ab00212c00'
Event: 1.413 Thread 0x000001ab70bf7e80 Unloading class 0x000001ab00210000 'java/lang/invoke/LambdaForm$DMH+0x000001ab00210000'

Classes redefined (0 events):
No events

Internal exceptions (20 events):
Event: 1.365 Thread 0x000001ab76f098b0 Exception <a 'java/lang/NoSuchMethodError'{0x00000000ec31e000}: 'java.lang.Object java.lang.invoke.DirectMethodHandle$Holder.invokeSpecial(java.lang.Object, java.lang.Object, java.lang.Object, int, java.lang.Object, java.lang.Object)'> (0x00000000ec31e000) 
thrown [s\src\hotspot\share\interpreter\linkResolver.cpp, line 759]
Event: 1.365 Thread 0x000001ab76f098b0 Exception <a 'java/lang/NoSuchMethodError'{0x00000000ec326788}: 'java.lang.Object java.lang.invoke.DirectMethodHandle$Holder.newInvokeSpecial(java.lang.Object, java.lang.Object, java.lang.Object, int, java.lang.Object)'> (0x00000000ec326788) 
thrown [s\src\hotspot\share\interpreter\linkResolver.cpp, line 759]
Event: 1.365 Thread 0x000001ab76f098b0 Exception <a 'java/lang/NoSuchMethodError'{0x00000000ec32abe0}: 'java.lang.Object java.lang.invoke.DirectMethodHandle$Holder.invokeSpecial(java.lang.Object, java.lang.Object, java.lang.Object, java.lang.Object, int, java.lang.Object)'> (0x00000000ec32abe0) 
thrown [s\src\hotspot\share\interpreter\linkResolver.cpp, line 759]
Event: 1.367 Thread 0x000001ab774321e0 Exception <a 'java/lang/NoSuchMethodError'{0x00000000ec2d6940}: 'java.lang.Object java.lang.invoke.DirectMethodHandle$Holder.invokeSpecial(java.lang.Object, java.lang.Object, int, java.lang.Object, java.lang.Object)'> (0x00000000ec2d6940) 
thrown [s\src\hotspot\share\interpreter\linkResolver.cpp, line 759]
Event: 1.367 Thread 0x000001ab774321e0 Exception <a 'java/lang/NoSuchMethodError'{0x00000000ec2de010}: 'java.lang.Object java.lang.invoke.DirectMethodHandle$Holder.newInvokeSpecial(java.lang.Object, java.lang.Object, int, java.lang.Object)'> (0x00000000ec2de010) 
thrown [s\src\hotspot\share\interpreter\linkResolver.cpp, line 759]
Event: 1.368 Thread 0x000001ab774321e0 Exception <a 'java/lang/NoSuchMethodError'{0x00000000ec2e1b20}: 'java.lang.Object java.lang.invoke.DirectMethodHandle$Holder.invokeSpecial(java.lang.Object, java.lang.Object, java.lang.Object, int, java.lang.Object)'> (0x00000000ec2e1b20) 
thrown [s\src\hotspot\share\interpreter\linkResolver.cpp, line 759]
Event: 1.486 Thread 0x000001ab76f098b0 Exception <a 'java/io/FileNotFoundException'{0x00000000eb770240}> (0x00000000eb770240) 
thrown [s\src\hotspot\share\prims\jni.cpp, line 516]
Event: 1.486 Thread 0x000001ab76f098b0 Exception <a 'java/io/FileNotFoundException'{0x00000000eb7715d8}> (0x00000000eb7715d8) 
thrown [s\src\hotspot\share\prims\jni.cpp, line 516]
Event: 1.486 Thread 0x000001ab76f098b0 Exception <a 'java/io/FileNotFoundException'{0x00000000eb772968}> (0x00000000eb772968) 
thrown [s\src\hotspot\share\prims\jni.cpp, line 516]
Event: 1.565 Thread 0x000001ab76f098b0 Exception <a 'java/lang/NoSuchMethodError'{0x00000000ec02ee28}: 'int java.lang.invoke.DirectMethodHandle$Holder.invokeStaticInit(java.lang.Object, java.lang.Object, java.lang.Object)'> (0x00000000ec02ee28) 
thrown [s\src\hotspot\share\interpreter\linkResolver.cpp, line 759]
Event: 1.650 Thread 0x000001ab76f098b0 Exception <a 'java/io/FileNotFoundException'{0x00000000eb1e0a40}> (0x00000000eb1e0a40) 
thrown [s\src\hotspot\share\prims\jni.cpp, line 516]
Event: 1.673 Thread 0x000001ab76f098b0 Exception <a 'java/io/FileNotFoundException'{0x00000000ebbc9688}> (0x00000000ebbc9688) 
thrown [s\src\hotspot\share\prims\jni.cpp, line 516]
Event: 1.681 Thread 0x000001ab76f098b0 Exception <a 'java/lang/NoSuchMethodError'{0x00000000ebc72840}: 'void java.lang.invoke.DirectMethodHandle$Holder.invokeVirtual(java.lang.Object, java.lang.Object)'> (0x00000000ebc72840) 
thrown [s\src\hotspot\share\interpreter\linkResolver.cpp, line 759]
Event: 1.691 Thread 0x000001ab76f098b0 Exception <a 'java/io/FileNotFoundException'{0x00000000ebdc3948}> (0x00000000ebdc3948) 
thrown [s\src\hotspot\share\prims\jni.cpp, line 516]
Event: 1.697 Thread 0x000001ab76f098b0 Exception <a 'sun/nio/fs/WindowsException'{0x00000000ebe159b0}> (0x00000000ebe159b0) 
thrown [s\src\hotspot\share\prims\jni.cpp, line 516]
Event: 1.697 Thread 0x000001ab76f098b0 Exception <a 'sun/nio/fs/WindowsException'{0x00000000ebe1fa68}> (0x00000000ebe1fa68) 
thrown [s\src\hotspot\share\prims\jni.cpp, line 516]
Event: 1.697 Thread 0x000001ab76f098b0 Exception <a 'sun/nio/fs/WindowsException'{0x00000000ebe26bc0}> (0x00000000ebe26bc0) 
thrown [s\src\hotspot\share\prims\jni.cpp, line 516]
Event: 1.698 Thread 0x000001ab76f098b0 Exception <a 'sun/nio/fs/WindowsException'{0x00000000ebe27918}> (0x00000000ebe27918) 
thrown [s\src\hotspot\share\prims\jni.cpp, line 516]
Event: 1.716 Thread 0x000001ab76f098b0 Exception <a 'sun/nio/fs/WindowsException'{0x00000000ebfd0bc0}> (0x00000000ebfd0bc0) 
thrown [s\src\hotspot\share\prims\jni.cpp, line 516]
Event: 1.716 Thread 0x000001ab76f098b0 Exception <a 'sun/nio/fs/WindowsException'{0x00000000ebfd11b8}> (0x00000000ebfd11b8) 
thrown [s\src\hotspot\share\prims\jni.cpp, line 516]

VM Operations (20 events):
Event: 0.963 Executing VM operation: HandshakeAllThreads
Event: 0.963 Executing VM operation: HandshakeAllThreads done
Event: 1.007 Executing VM operation: ParallelGCFailedAllocation
Event: 1.011 Executing VM operation: ParallelGCFailedAllocation done
Event: 1.174 Executing VM operation: HandshakeAllThreads
Event: 1.174 Executing VM operation: HandshakeAllThreads done
Event: 1.256 Executing VM operation: HandshakeAllThreads
Event: 1.256 Executing VM operation: HandshakeAllThreads done
Event: 1.373 Executing VM operation: ParallelGCFailedAllocation
Event: 1.376 Executing VM operation: ParallelGCFailedAllocation done
Event: 1.380 Executing VM operation: HandshakeAllThreads
Event: 1.380 Executing VM operation: HandshakeAllThreads done
Event: 1.408 Executing VM operation: CollectForMetadataAllocation
Event: 1.424 Executing VM operation: CollectForMetadataAllocation done
Event: 1.557 Executing VM operation: HandshakeAllThreads
Event: 1.557 Executing VM operation: HandshakeAllThreads done
Event: 1.601 Executing VM operation: ParallelGCFailedAllocation
Event: 1.602 Executing VM operation: ParallelGCFailedAllocation done
Event: 1.692 Executing VM operation: HandshakeAllThreads
Event: 1.692 Executing VM operation: HandshakeAllThreads done

Events (20 events):
Event: 1.714 loading class sun/util/resources/TimeZoneNames_en
Event: 1.714 loading class sun/util/resources/TimeZoneNames_en done
Event: 1.716 loading class sun/nio/fs/WindowsChannelFactory$2
Event: 1.716 loading class sun/nio/fs/WindowsChannelFactory$2 done
Event: 1.717 loading class java/nio/channels/Channels
Event: 1.717 loading class java/nio/channels/Channels done
Event: 1.717 loading class java/nio/channels/Channels$1
Event: 1.717 loading class java/nio/channels/Channels$1 done
Event: 1.717 loading class java/nio/channels/SelectableChannel
Event: 1.717 loading class java/nio/channels/SelectableChannel done
Event: 1.717 loading class sun/nio/ch/Util
Event: 1.717 loading class sun/nio/ch/Util done
Event: 1.717 loading class sun/nio/ch/Util$1
Event: 1.717 loading class sun/nio/ch/Util$1 done
Event: 1.717 loading class sun/nio/ch/Util$BufferCache
Event: 1.717 loading class sun/nio/ch/Util$BufferCache done
Event: 1.717 loading class java/nio/DirectByteBuffer$Deallocator
Event: 1.717 loading class java/nio/DirectByteBuffer$Deallocator done
Event: 1.718 loading class sun/nio/ch/IOStatus
Event: 1.718 loading class sun/nio/ch/IOStatus done


Dynamic libraries:
0x00007ff6204a0000 - 0x00007ff6204ae000 	c:\Users\Administrator\.vscode\extensions\redhat.java-1.20.0-win32-x64\jre\17.0.7-win32-x86_64\bin\java.exe
0x00007ff9c7d70000 - 0x00007ff9c7f68000 	C:\WINDOWS\SYSTEM32\ntdll.dll
0x00007ff9c74f0000 - 0x00007ff9c75af000 	C:\WINDOWS\System32\KERNEL32.DLL
0x00007ff9c54e0000 - 0x00007ff9c57d6000 	C:\WINDOWS\System32\KERNELBASE.dll
0x00007ff9c5a10000 - 0x00007ff9c5b10000 	C:\WINDOWS\System32\ucrtbase.dll
0x00007ff992db0000 - 0x00007ff992dc7000 	c:\Users\Administrator\.vscode\extensions\redhat.java-1.20.0-win32-x64\jre\17.0.7-win32-x86_64\bin\jli.dll
0x00007ff9c7a20000 - 0x00007ff9c7bbd000 	C:\WINDOWS\System32\USER32.dll
0x00007ff9c57e0000 - 0x00007ff9c5802000 	C:\WINDOWS\System32\win32u.dll
0x00007ff9c67e0000 - 0x00007ff9c680c000 	C:\WINDOWS\System32\GDI32.dll
0x00007ff9c58f0000 - 0x00007ff9c5a05000 	C:\WINDOWS\System32\gdi32full.dll
0x00007ff9c5b60000 - 0x00007ff9c5bfd000 	C:\WINDOWS\System32\msvcp_win.dll
0x00007ff98f7e0000 - 0x00007ff98f7f9000 	c:\Users\Administrator\.vscode\extensions\redhat.java-1.20.0-win32-x64\jre\17.0.7-win32-x86_64\bin\VCRUNTIME140.dll
0x00007ff9b36b0000 - 0x00007ff9b394a000 	C:\WINDOWS\WinSxS\amd64_microsoft.windows.common-controls_6595b64144ccf1df_6.0.19041.1110_none_60b5254171f9507e\COMCTL32.dll
0x00007ff9c6600000 - 0x00007ff9c669e000 	C:\WINDOWS\System32\msvcrt.dll
0x00007ff9c5dd0000 - 0x00007ff9c5e00000 	C:\WINDOWS\System32\IMM32.DLL
0x00007ff9a46c0000 - 0x00007ff9a46cc000 	c:\Users\Administrator\.vscode\extensions\redhat.java-1.20.0-win32-x64\jre\17.0.7-win32-x86_64\bin\vcruntime140_1.dll
0x00007ff982ac0000 - 0x00007ff982b51000 	c:\Users\Administrator\.vscode\extensions\redhat.java-1.20.0-win32-x64\jre\17.0.7-win32-x86_64\bin\msvcp140.dll
0x00007ff948af0000 - 0x00007ff949738000 	c:\Users\Administrator\.vscode\extensions\redhat.java-1.20.0-win32-x64\jre\17.0.7-win32-x86_64\bin\server\jvm.dll
0x00007ff9c6810000 - 0x00007ff9c68bf000 	C:\WINDOWS\System32\ADVAPI32.dll
0x00007ff9c6560000 - 0x00007ff9c65fc000 	C:\WINDOWS\System32\sechost.dll
0x00007ff9c5e60000 - 0x00007ff9c5f86000 	C:\WINDOWS\System32\RPCRT4.dll
0x00007ff9b1540000 - 0x00007ff9b1549000 	C:\WINDOWS\SYSTEM32\WSOCK32.dll
0x00007ff9bdc10000 - 0x00007ff9bdc37000 	C:\WINDOWS\SYSTEM32\WINMM.dll
0x00007ff9c71d0000 - 0x00007ff9c723b000 	C:\WINDOWS\System32\WS2_32.dll
0x00007ff9be5a0000 - 0x00007ff9be5aa000 	C:\WINDOWS\SYSTEM32\VERSION.dll
0x00007ff9c32e0000 - 0x00007ff9c32f2000 	C:\WINDOWS\SYSTEM32\kernel.appcore.dll
0x00007ff9a4610000 - 0x00007ff9a461a000 	c:\Users\Administrator\.vscode\extensions\redhat.java-1.20.0-win32-x64\jre\17.0.7-win32-x86_64\bin\jimage.dll
0x00007ff9b0a40000 - 0x00007ff9b0c24000 	C:\WINDOWS\SYSTEM32\DBGHELP.DLL
0x00007ff9b0830000 - 0x00007ff9b0864000 	C:\WINDOWS\SYSTEM32\dbgcore.DLL
0x00007ff9c5450000 - 0x00007ff9c54d2000 	C:\WINDOWS\System32\bcryptPrimitives.dll
0x00007ff9a45a0000 - 0x00007ff9a45ae000 	c:\Users\Administrator\.vscode\extensions\redhat.java-1.20.0-win32-x64\jre\17.0.7-win32-x86_64\bin\instrument.dll
0x00007ff984ab0000 - 0x00007ff984ad5000 	c:\Users\Administrator\.vscode\extensions\redhat.java-1.20.0-win32-x64\jre\17.0.7-win32-x86_64\bin\java.dll
0x00007ff98f620000 - 0x00007ff98f638000 	c:\Users\Administrator\.vscode\extensions\redhat.java-1.20.0-win32-x64\jre\17.0.7-win32-x86_64\bin\zip.dll
0x00007ff9c69c0000 - 0x00007ff9c7104000 	C:\WINDOWS\System32\SHELL32.dll
0x00007ff9c34e0000 - 0x00007ff9c3c73000 	C:\WINDOWS\SYSTEM32\windows.storage.dll
0x00007ff9c6200000 - 0x00007ff9c6554000 	C:\WINDOWS\System32\combase.dll
0x00007ff9c4d50000 - 0x00007ff9c4d7e000 	C:\WINDOWS\SYSTEM32\Wldp.dll
0x00007ff9c7120000 - 0x00007ff9c71cd000 	C:\WINDOWS\System32\SHCORE.dll
0x00007ff9c6140000 - 0x00007ff9c6195000 	C:\WINDOWS\System32\shlwapi.dll
0x00007ff9c5390000 - 0x00007ff9c53af000 	C:\WINDOWS\SYSTEM32\profapi.dll
0x00007ff98e1f0000 - 0x00007ff98e209000 	C:\Users\Administrator\.vscode\extensions\redhat.java-1.20.0-win32-x64\jre\17.0.7-win32-x86_64\bin\net.dll
0x00007ff9bf270000 - 0x00007ff9bf37a000 	C:\WINDOWS\SYSTEM32\WINHTTP.dll
0x00007ff9c4ac0000 - 0x00007ff9c4b2a000 	C:\WINDOWS\system32\mswsock.dll
0x00007ff98dfb0000 - 0x00007ff98dfc5000 	C:\Users\Administrator\.vscode\extensions\redhat.java-1.20.0-win32-x64\jre\17.0.7-win32-x86_64\bin\nio.dll
0x00007ff9a3d50000 - 0x00007ff9a3d60000 	c:\Users\Administrator\.vscode\extensions\redhat.java-1.20.0-win32-x64\jre\17.0.7-win32-x86_64\bin\verify.dll
0x00007ff96a060000 - 0x00007ff96a09e000 	C:\Users\Administrator\AppData\Roaming\Code\User\globalStorage\redhat.java\1.20.0\config_ss_win\org.eclipse.equinox.launcher\org.eclipse.equinox.launcher.win32.win32.x86_64_1.2.700.v20221108-1024\eclipse_11801.dll
0x00007ff9c66a0000 - 0x00007ff9c67ca000 	C:\WINDOWS\System32\ole32.dll
0x00007ff9bba20000 - 0x00007ff9bba29000 	C:\Users\Administrator\.vscode\extensions\redhat.java-1.20.0-win32-x64\jre\17.0.7-win32-x86_64\bin\management.dll
0x00007ff9bba10000 - 0x00007ff9bba1b000 	C:\Users\Administrator\.vscode\extensions\redhat.java-1.20.0-win32-x64\jre\17.0.7-win32-x86_64\bin\management_ext.dll
0x00007ff9c68e0000 - 0x00007ff9c68e8000 	C:\WINDOWS\System32\PSAPI.DLL

dbghelp: loaded successfully - version: 4.0.5 - missing functions: none
symbol engine: initialized successfully - sym options: 0x614 - pdb path: .;c:\Users\Administrator\.vscode\extensions\redhat.java-1.20.0-win32-x64\jre\17.0.7-win32-x86_64\bin;C:\WINDOWS\SYSTEM32;C:\WINDOWS\WinSxS\amd64_microsoft.windows.common-controls_6595b64144ccf1df_6.0.19041.1110_none_60b5254171f9507e;c:\Users\Administrator\.vscode\extensions\redhat.java-1.20.0-win32-x64\jre\17.0.7-win32-x86_64\bin\server;C:\Users\Administrator\AppData\Roaming\Code\User\globalStorage\redhat.java\1.20.0\config_ss_win\org.eclipse.equinox.launcher\org.eclipse.equinox.launcher.win32.win32.x86_64_1.2.700.v20221108-1024

VM Arguments:
jvm_args: --add-modules=ALL-SYSTEM --add-opens=java.base/java.util=ALL-UNNAMED --add-opens=java.base/java.lang=ALL-UNNAMED --add-opens=java.base/sun.nio.fs=ALL-UNNAMED -Declipse.application=org.eclipse.jdt.ls.core.id1 -Dosgi.bundles.defaultStartLevel=4 -Declipse.product=org.eclipse.jdt.ls.core.product -Djava.import.generatesMetadataFilesAtProjectRoot=false -Dfile.encoding=utf8 -XX:+UseParallelGC -XX:GCTimeRatio=4 -XX:AdaptiveSizePolicyWeight=90 -Dsun.zip.disableMemoryMapping=true -Xmx1G -Xms100m -Xlog:disable -javaagent:c:\Users\Administrator\.vscode\extensions\redhat.java-1.20.0-win32-x64\lombok\lombok-1.18.28.jar 
java_command: c:\Users\Administrator\.vscode\extensions\redhat.java-1.20.0-win32-x64\server\plugins\org.eclipse.equinox.launcher_1.6.500.v20230622-2056.jar -configuration c:\Users\Administrator\AppData\Roaming\Code\User\globalStorage\redhat.java\1.20.0\config_ss_win -data c:\Users\Administrator\AppData\Roaming\Code\User\workspaceStorage\097172af5ab28b27b9f1eb04946a37b6\redhat.java\ss_ws
java_class_path (initial): c:\Users\Administrator\.vscode\extensions\redhat.java-1.20.0-win32-x64\server\plugins\org.eclipse.equinox.launcher_1.6.500.v20230622-2056.jar
Launcher Type: SUN_STANDARD

[Global flags]
    uintx AdaptiveSizePolicyWeight                 = 90                                        {product} {command line}
     intx CICompilerCount                          = 3                                         {product} {ergonomic}
    uintx GCTimeRatio                              = 4                                         {product} {command line}
   size_t InitialHeapSize                          = 104857600                                 {product} {command line}
   size_t MaxHeapSize                              = 1073741824                                {product} {command line}
   size_t MaxNewSize                               = 357564416                                 {product} {ergonomic}
   size_t MinHeapDeltaBytes                        = 524288                                    {product} {ergonomic}
   size_t MinHeapSize                              = 104857600                                 {product} {command line}
   size_t NewSize                                  = 34603008                                  {product} {ergonomic}
    uintx NonNMethodCodeHeapSize                   = 5832780                                {pd product} {ergonomic}
    uintx NonProfiledCodeHeapSize                  = 122912730                              {pd product} {ergonomic}
   size_t OldSize                                  = 70254592                                  {product} {ergonomic}
    uintx ProfiledCodeHeapSize                     = 122912730                              {pd product} {ergonomic}
    uintx ReservedCodeCacheSize                    = 251658240                              {pd product} {ergonomic}
     bool SegmentedCodeCache                       = true                                      {product} {ergonomic}
   size_t SoftMaxHeapSize                          = 1073741824                             {manageable} {ergonomic}
     bool UseCompressedClassPointers               = true                           {product lp64_product} {ergonomic}
     bool UseCompressedOops                        = true                           {product lp64_product} {ergonomic}
     bool UseLargePagesIndividualAllocation        = false                                  {pd product} {ergonomic}
     bool UseParallelGC                            = true                                      {product} {command line}

Logging:
Log output configuration:
 #0: stdout all=off uptime,level,tags
 #1: stderr all=off uptime,level,tags

Environment Variables:
JAVA_HOME=C:\Program Files\Amazon Corretto\jdk11.0.18_10
PATH=C:\Users\Administrator\AppData\Local\cloud-code\installer\google-cloud-sdk\bin;C:\Program Files\Amazon Corretto\jdk11.0.18_10\bin;D:\app\hankuk1_006\product\11.2.0\dbhome_1\bin;D:\app\1강의실_006\product\11.2.0\dbhome_4\bin;D:;app\1강의실_006\product\11.2.0\dbhome_3\bin;C:;Program Files (x86)\Common Files\Oracle\Java\javapath;C:\WINDOWS\system32;C:\WINDOWS;C:\WINDOWS\System32\Wbem;C:\WINDOWS\System32\WindowsPowerShell\v1.0\;C:\WINDOWS\System32\OpenSSH\;C:\Program Files\Bandizip\;C:\Program Files\Docker\Docker\resources\bin;C:\Program Files\Git\cmd;C:\Program Files\Git LFS;C:\Program Files\dotnet\;C:\Program Files\Oracle\instantclient-basic-windows.x64-11.2.0.4.0\instantclient_11_2;C:\jdk18\bin;C:\Users\Administrator\AppData\Local\Microsoft\WindowsApps;C:\Users\Administrator\AppData\Local\Programs\Microsoft VS Code\bin;C:\Program Files\Oracle\instantclient-basic-windows.x64-11.2.0.4.0\instantclient_11_2;C:\jdk18\bin;C:\Users\Administrator\AppData\Local\GitHubDesktop\bin;C:\Program Files\JetBrains\IntelliJ IDEA 2023.1.2\bin;;C:\Users\Administrator\AppData\Local\Google\Cloud SDK\google-cloud-sdk\bin;C:\Program Files (x86)\Google\Cloud SDK\google-cloud-sdk\bin;C:\Program Files\Google\Cloud SDK\google-cloud-sdk\bin
USERNAME=Administrator
OS=Windows_NT
PROCESSOR_IDENTIFIER=Intel64 Family 6 Model 158 Stepping 10, GenuineIntel
TMP=C:\Users\ADMINI~1\AppData\Local\Temp
TEMP=C:\Users\ADMINI~1\AppData\Local\Temp



---------------  S Y S T E M  ---------------

OS:
 Windows 10 , 64 bit Build 19041 (10.0.19041.3031)
OS uptime: 5 days 19:53 hours
Hyper-V role detected

CPU: total 6 (initial active 6) (6 cores per cpu, 1 threads per core) family 6 model 158 stepping 10 microcode 0xb4, cx8, cmov, fxsr, mmx, 3dnowpref, sse, sse2, sse3, ssse3, sse4.1, sse4.2, popcnt, lzcnt, tsc, tscinvbit, avx, avx2, aes, erms, clmul, bmi1, bmi2, adx, fma, vzeroupper, clflush, clflushopt, hv

Memory: 4k page, system-wide physical 32712M (11326M free)
TotalPageFile size 34760M (AvailPageFile size 3M)
current process WorkingSet (physical memory assigned to process): 122M, peak: 122M
current process commit charge ("private bytes"): 224M, peak: 224M

vm_info: OpenJDK 64-Bit Server VM (17.0.7+7) for windows-amd64 JRE (17.0.7+7), built on Apr 18 2023 22:10:42 by "temurin" with MS VC++ 16.7 (VS2019)

END.
